2020-07-31 15:37:25 [INFO] pandownload version: 2.2.2
2020-07-31 15:37:30 [WARN] rpc error (0): connecting
2020-07-31 15:37:31 [INFO] aria2 websocket connection opened (127.0.0.1:36916)
2020-07-31 15:37:31 [INFO] aria2 version: 1.35.1
2020-07-31 15:37:31 [INFO] aria2 json-rpc path: http://token:pandownload@127.0.0.1:36916/jsonrpc
2020-07-31 15:37:32 [INFO] create main window
2020-07-31 15:37:32 [INFO] verify cookie (634)
2020-07-31 15:38:34 [WARN] ID#1 - 未登录网盘账号(-1) FILE="E:/程序安装包/Matlab 2015b Win64 Crack.rar" SIZE="34499516"
2020-07-31 15:38:34 [WARN] ID#1 - 未登录网盘账号(-1) FILE="E:/程序安装包/Matlab 2015b Win64 Crack.rar" SIZE="34499516"
2020-07-31 15:38:34 [WARN] ID#1 - 未登录网盘账号(-1) FILE="E:/程序安装包/Matlab 2015b Win64 Crack.rar" SIZE="34499516"
2020-07-31 15:38:39 [WARN] ID#1 - 未登录网盘账号(-1) FILE="E:/程序安装包/Matlab 2015b Win64 Crack.rar" SIZE="34499516"
2020-07-31 15:38:40 [WARN] ID#1 - 未登录网盘账号(-1) FILE="E:/程序安装包/Matlab 2015b Win64 Crack.rar" SIZE="34499516"
2020-07-31 15:38:40 [WARN] ID#1 - 未登录网盘账号(-1) FILE="E:/程序安装包/Matlab 2015b Win64 Crack.rar" SIZE="34499516"
2020-07-31 15:40:04 [INFO] verify cookie (738)
2020-07-31 15:40:07 [WARN] ID#1 - 未登录网盘账号(-1) FILE="E:/程序安装包/Matlab 2015b Win64 Crack.rar" SIZE="34499516"
2020-07-31 15:40:08 [WARN] ID#1 - 未登录网盘账号(-1) FILE="E:/程序安装包/Matlab 2015b Win64 Crack.rar" SIZE="34499516"
2020-07-31 15:40:08 [WARN] ID#1 - 未登录网盘账号(-1) FILE="E:/程序安装包/Matlab 2015b Win64 Crack.rar" SIZE="34499516"
2020-07-31 15:40:58 [INFO] verify cookie (632)
2020-07-31 15:47:32 [INFO] verify cookie (271)
2020-07-31 15:48:06 [INFO] verify cookie (271)
2020-07-31 15:51:29 [INFO] close main window
2020-07-31 15:51:29 [WARN] aria2 websocket connection closed (127.0.0.1:36916), code: 1000 (Normal close), reason: aria2 shutdown
2020-07-31 15:51:30 [INFO] websocket client stop
2020-07-31 15:51:30 [INFO] exit
