2017-12-28 03:32:07 视频 线扫相机初始化成功。
2017-12-28 03:32:07 采集卡 采集卡0初始化成功。
2017-12-28 03:32:07 采集卡 采集卡1初始化成功。
2017-12-28 03:32:07 采集卡 采集卡2初始化成功。
2017-12-28 03:32:07 采集卡 采集卡3初始化成功。
2017-12-28 03:32:07 高压电源 192.168.127.251:高压电源初始化成功
2017-12-28 03:32:07 高压电源 192.168.127.253:高压电源初始化成功
2017-12-28 03:32:07 高压电源 192.168.127.252:高压电源初始化成功
2017-12-28 03:32:07 PLC 手动运行应答成功(AC01)
2017-12-28 03:32:08 PLC PLC始化成功
2017-12-28 03:32:08 上位机 车牌初始化成功
2017-12-28 03:32:11 采集卡 开始采集图片
2017-12-28 03:32:11 采集卡 启动采集
2017-12-28 03:32:40 采集卡 停止采集
2017-12-28 03:32:41 采集卡 采集完成
2017-12-28 03:32:46 采集卡 容积99
2017-12-28 03:32:47 采集卡 生成图片数组
2017-12-28 03:35:48 采集卡 图片长度6476
2017-12-28 03:36:37 PLC 关道闸1应答成功(AC05)
2017-12-28 03:36:37 PLC 关道闸2应答成功(AC16)
2017-12-28 03:36:38 高压电源 192.168.127.252打开高压
2017-12-28 03:36:38 高压电源 192.168.127.251打开高压
2017-12-28 03:36:38 高压电源 192.168.127.253打开高压
2017-12-28 03:36:38 高压电源 训机结束
2017-12-28 03:36:38 PLC 手动运行应答成功(AC01)
2017-12-28 03:36:39 采集卡 开始采集本底
2017-12-28 03:36:39 采集卡 启动采集
2017-12-28 03:36:39 采集卡 采集完成
2017-12-28 03:36:39 PLC 快门开应答成功(AC02)
2017-12-28 03:36:39 PLC 快门3打开(S13)
2017-12-28 03:36:41 采集卡 开始采集满度
2017-12-28 03:36:41 采集卡 启动采集
2017-12-28 03:36:41 采集卡 采集完成
2017-12-28 03:36:41 采集卡 开始采集图片
2017-12-28 03:36:41 采集卡 启动采集
2017-12-28 03:36:43 采集卡 停止采集
2017-12-28 03:36:43 采集卡 采集完成
2017-12-28 03:36:44 采集卡 容积99
2017-12-28 03:36:44 采集卡 生成图片数组
2017-12-28 03:36:48 PLC 快门关应答成功(AC03)
2017-12-28 03:36:51 PLC 快门2关闭(S09)
2017-12-28 03:36:51 PLC 快门关闭(S06)
2017-12-28 03:36:51 PLC 快门3打开(S13)
2017-12-28 03:36:51 PLC 快门2打开(S08)
2017-12-28 03:36:51 PLC 快门3关闭(S14)
2017-12-28 03:36:51 PLC 快门2关闭(S09)
2017-12-28 03:36:51 PLC 自动运行应答成功(AC00)
2017-12-28 03:36:51 采集卡 图片长度16451
2017-12-28 03:37:09 高压电源 192.168.127.251关闭高压
2017-12-28 03:37:09 高压电源 192.168.127.252关闭高压
2017-12-28 03:37:10 高压电源 192.168.127.253关闭高压
