2017-12-28 03:14:58 视频 线扫相机初始化成功。
2017-12-28 03:14:58 采集卡 采集卡0初始化成功。
2017-12-28 03:14:58 采集卡 采集卡1初始化成功。
2017-12-28 03:14:58 采集卡 采集卡2初始化成功。
2017-12-28 03:14:58 采集卡 采集卡3初始化成功。
2017-12-28 03:14:58 高压电源 192.168.127.251:高压电源初始化成功
2017-12-28 03:14:58 高压电源 192.168.127.252:高压电源初始化成功
2017-12-28 03:14:58 高压电源 192.168.127.253:高压电源初始化成功
2017-12-28 03:14:58 PLC 手动运行应答成功(AC01)
2017-12-28 03:14:59 PLC PLC始化成功
2017-12-28 03:14:59 上位机 车牌初始化成功
2017-12-28 03:15:04 采集卡 开始采集图片
2017-12-28 03:15:04 采集卡 启动采集
2017-12-28 03:15:06 采集卡 停止采集
2017-12-28 03:15:07 采集卡 采集完成
2017-12-28 03:15:07 采集卡 容积99
2017-12-28 03:15:07 采集卡 生成图片数组
2017-12-28 03:15:33 采集卡 开始采集图片
2017-12-28 03:15:33 采集卡 启动采集
2017-12-28 03:15:34 采集卡 停止采集
2017-12-28 03:15:34 采集卡 采集完成
2017-12-28 03:15:34 采集卡 容积99
2017-12-28 03:15:34 采集卡 生成图片数组
