2017-12-28 01:42:10 视频 线扫相机初始化成功。
2017-12-28 01:42:10 采集卡 采集卡0初始化成功。
2017-12-28 01:42:10 采集卡 采集卡1初始化成功。
2017-12-28 01:42:10 采集卡 采集卡2初始化成功。
2017-12-28 01:42:10 采集卡 采集卡3初始化成功。
2017-12-28 01:42:10 高压电源 192.168.127.252:高压电源初始化成功
2017-12-28 01:42:10 高压电源 192.168.127.253:高压电源初始化成功
2017-12-28 01:42:10 高压电源 192.168.127.251:高压电源初始化成功
2017-12-28 01:42:10 PLC 手动运行应答成功(AC01)
2017-12-28 01:42:11 PLC PLC始化成功
2017-12-28 01:42:11 上位机 车牌初始化成功
2017-12-28 01:42:14 PLC 关道闸1应答成功(AC05)
2017-12-28 01:42:15 PLC 关道闸2应答成功(AC16)
2017-12-28 01:42:16 高压电源 192.168.127.252打开高压
2017-12-28 01:42:16 高压电源 192.168.127.251打开高压
2017-12-28 01:42:16 高压电源 192.168.127.253打开高压
2017-12-28 01:42:16 高压电源 训机结束
2017-12-28 01:42:16 PLC 手动运行应答成功(AC01)
2017-12-28 01:42:17 采集卡 开始采集本底
2017-12-28 01:42:17 采集卡 启动采集
2017-12-28 01:42:17 采集卡 采集完成
2017-12-28 01:42:17 PLC 快门开应答成功(AC02)
2017-12-28 01:42:17 PLC 快门3打开(S13)
2017-12-28 01:42:19 采集卡 开始采集满度
2017-12-28 01:42:19 采集卡 启动采集
2017-12-28 01:42:19 采集卡 采集完成
2017-12-28 01:42:19 采集卡 开始采集图片
2017-12-28 01:42:19 采集卡 启动采集
2017-12-28 01:42:21 采集卡 停止采集
2017-12-28 01:42:21 采集卡 采集完成
2017-12-28 01:42:22 采集卡 容积99
2017-12-28 01:42:22 采集卡 生成图片数组
2017-12-28 01:42:22 PLC 快门2打开(S08)
2017-12-28 01:42:22 采集卡 图片长度71350
2017-12-28 01:42:22 PLC 快门关应答成功(AC03)
2017-12-28 01:42:22 PLC 快门2关闭(S09)
2017-12-28 01:42:22 PLC 快门关闭(S06)
2017-12-28 01:42:22 PLC 快门3打开(S13)
2017-12-28 01:42:22 PLC 快门2打开(S08)
2017-12-28 01:42:22 PLC 快门3关闭(S14)
2017-12-28 01:42:22 PLC 快门2关闭(S09)
2017-12-28 01:42:22 PLC 自动运行应答成功(AC00)
2017-12-28 01:42:25 高压电源 192.168.127.251关闭高压
2017-12-28 01:42:26 高压电源 192.168.127.252关闭高压
2017-12-28 01:42:26 高压电源 192.168.127.253关闭高压
2017-12-28 01:45:40 PLC 触发线圈1(S01)
2017-12-28 01:45:44 PLC 触发线圈2(S02)
2017-12-28 01:45:44 视频 开始线扫
2017-12-28 01:45:49 PLC 触发线圈3(S03)
2017-12-28 01:45:49 PLC 开始采集(S00)
2017-12-28 01:45:49 PLC 快门3打开(S13)
2017-12-28 01:45:50 采集卡 开始采集图片
2017-12-28 01:45:50 采集卡 启动采集
2017-12-28 01:45:53 PLC 采集结束(S16)
2017-12-28 01:45:53 采集卡 停止采集
2017-12-28 01:45:53 采集卡 采集完成
2017-12-28 01:45:53 PLC 快门2关闭(S09)
2017-12-28 01:45:53 视频 结束线扫
2017-12-28 01:45:53 PLC 快门关闭(S06)
2017-12-28 01:45:53 PLC 快门3打开(S13)
2017-12-28 01:45:53 PLC 快门2打开(S08)
2017-12-28 01:45:53 PLC 快门3关闭(S14)
2017-12-28 01:45:53 PLC 快门2关闭(S09)
2017-12-28 01:45:54 PLC 触发线圈4下降沿(S04)
2017-12-28 01:45:54 采集卡 容积99
2017-12-28 01:45:54 采集卡 生成图片数组
2017-12-28 01:45:54 采集卡 图片长度66916
2017-12-28 01:47:14 PLC 触发线圈1(S01)
2017-12-28 01:47:18 PLC 触发线圈2(S02)
2017-12-28 01:47:18 视频 开始线扫
2017-12-28 01:47:23 PLC 触发线圈3(S03)
2017-12-28 01:47:23 PLC 开始采集(S00)
2017-12-28 01:47:24 PLC 快门3打开(S13)
2017-12-28 01:47:24 采集卡 开始采集图片
2017-12-28 01:47:24 采集卡 启动采集
2017-12-28 01:47:25 PLC 采集结束(S16)
2017-12-28 01:47:25 采集卡 停止采集
2017-12-28 01:47:25 采集卡 采集完成
2017-12-28 01:47:25 PLC 快门2关闭(S09)
2017-12-28 01:47:25 视频 结束线扫
2017-12-28 01:47:25 PLC 快门关闭(S06)
2017-12-28 01:47:25 PLC 快门3打开(S13)
2017-12-28 01:47:26 PLC 快门2打开(S08)
2017-12-28 01:47:26 PLC 快门3关闭(S14)
2017-12-28 01:47:26 PLC 快门2关闭(S09)
2017-12-28 01:47:26 采集卡 容积99
2017-12-28 01:47:26 采集卡 生成图片数组
2017-12-28 01:47:26 采集卡 图片长度25369
2017-12-28 01:47:26 PLC 触发线圈4下降沿(S04)
