2017-12-28 01:55:37 视频 线扫相机初始化成功。
2017-12-28 01:55:38 采集卡 采集卡0初始化成功。
2017-12-28 01:55:38 采集卡 采集卡1初始化成功。
2017-12-28 01:55:38 采集卡 采集卡2初始化成功。
2017-12-28 01:55:38 采集卡 采集卡3初始化成功。
2017-12-28 01:55:38 高压电源 192.168.127.252:高压电源初始化成功
2017-12-28 01:55:38 高压电源 192.168.127.251:高压电源初始化成功
2017-12-28 01:55:38 高压电源 192.168.127.253:高压电源初始化成功
2017-12-28 01:55:38 PLC 手动运行应答成功(AC01)
2017-12-28 01:55:38 PLC PLC始化成功
2017-12-28 01:55:38 上位机 车牌初始化成功
2017-12-28 01:57:35 PLC 关道闸1应答成功(AC05)
2017-12-28 01:57:36 PLC 关道闸2应答成功(AC16)
2017-12-28 01:57:37 高压电源 192.168.127.252打开高压
2017-12-28 01:57:37 高压电源 192.168.127.251打开高压
2017-12-28 01:57:37 高压电源 192.168.127.253打开高压
2017-12-28 01:57:37 高压电源 训机结束
2017-12-28 01:57:37 PLC 手动运行应答成功(AC01)
2017-12-28 01:57:37 采集卡 开始采集本底
2017-12-28 01:57:37 采集卡 启动采集
2017-12-28 01:57:38 采集卡 采集完成
2017-12-28 01:57:38 PLC 快门开应答成功(AC02)
2017-12-28 01:57:38 PLC 快门3打开(S13)
2017-12-28 01:57:40 采集卡 开始采集满度
2017-12-28 01:57:40 采集卡 启动采集
2017-12-28 01:57:40 采集卡 采集完成
2017-12-28 01:57:40 采集卡 开始采集图片
2017-12-28 01:57:40 采集卡 启动采集
2017-12-28 01:57:42 采集卡 停止采集
2017-12-28 01:57:42 采集卡 采集完成
2017-12-28 01:57:43 采集卡 容积99
2017-12-28 01:57:43 采集卡 生成图片数组
2017-12-28 01:57:43 采集卡 图片长度67432
2017-12-28 01:57:43 PLC 快门关应答成功(AC03)
2017-12-28 01:57:43 PLC 快门2关闭(S09)
2017-12-28 01:57:43 PLC 快门关闭(S06)
2017-12-28 01:57:43 PLC 快门3打开(S13)
2017-12-28 01:57:43 PLC 快门2打开(S08)
2017-12-28 01:57:43 PLC 快门3关闭(S14)
2017-12-28 01:57:43 PLC 快门2关闭(S09)
2017-12-28 01:57:43 PLC 自动运行应答成功(AC00)
2017-12-28 01:58:16 高压电源 192.168.127.251关闭高压
2017-12-28 01:58:17 高压电源 192.168.127.252关闭高压
2017-12-28 01:58:17 高压电源 192.168.127.253关闭高压
2017-12-28 02:00:42 PLC 触发线圈1(S01)
2017-12-28 02:00:43 PLC 触发线圈1(S01)
2017-12-28 02:00:52 PLC 触发线圈2(S02)
2017-12-28 02:00:52 视频 开始线扫
2017-12-28 02:00:57 PLC 触发线圈3(S03)
2017-12-28 02:00:57 PLC 开始采集(S00)
2017-12-28 02:00:57 PLC 快门3打开(S13)
2017-12-28 02:00:58 采集卡 开始采集图片
2017-12-28 02:00:58 采集卡 启动采集
2017-12-28 02:00:59 PLC 采集结束(S16)
2017-12-28 02:00:59 采集卡 停止采集
2017-12-28 02:00:59 采集卡 采集完成
2017-12-28 02:00:59 PLC 快门2关闭(S09)
2017-12-28 02:00:59 视频 结束线扫
2017-12-28 02:00:59 PLC 快门关闭(S06)
2017-12-28 02:01:00 PLC 快门3打开(S13)
2017-12-28 02:01:00 PLC 快门2打开(S08)
2017-12-28 02:01:00 PLC 快门3关闭(S14)
2017-12-28 02:01:00 PLC 快门2关闭(S09)
2017-12-28 02:01:00 采集卡 容积99
2017-12-28 02:01:00 采集卡 生成图片数组
2017-12-28 02:01:00 采集卡 图片长度31005
2017-12-28 02:01:00 PLC 触发线圈4下降沿(S04)
2017-12-28 02:02:36 PLC 触发线圈1(S01)
2017-12-28 02:02:37 PLC 触发线圈1(S01)
2017-12-28 02:02:40 PLC 触发线圈2(S02)
2017-12-28 02:02:40 视频 开始线扫
2017-12-28 02:02:44 PLC 触发线圈3(S03)
2017-12-28 02:02:44 PLC 开始采集(S00)
2017-12-28 02:02:44 PLC 快门3打开(S13)
2017-12-28 02:02:45 采集卡 开始采集图片
2017-12-28 02:02:45 采集卡 启动采集
2017-12-28 02:02:46 PLC 采集结束(S16)
2017-12-28 02:02:46 采集卡 停止采集
2017-12-28 02:02:46 采集卡 采集完成
2017-12-28 02:02:46 PLC 快门2关闭(S09)
2017-12-28 02:02:46 视频 结束线扫
2017-12-28 02:02:46 PLC 快门关闭(S06)
2017-12-28 02:02:46 PLC 快门3打开(S13)
2017-12-28 02:02:46 PLC 快门2打开(S08)
2017-12-28 02:02:46 采集卡 容积99
2017-12-28 02:02:46 采集卡 生成图片数组
2017-12-28 02:02:46 PLC 快门3关闭(S14)
2017-12-28 02:02:46 采集卡 图片长度22395
2017-12-28 02:02:46 PLC 快门2关闭(S09)
2017-12-28 02:02:47 PLC 触发线圈4下降沿(S04)
2017-12-28 02:04:27 高压电源 192.168.127.251关闭高压
2017-12-28 02:04:27 高压电源 192.168.127.252关闭高压
2017-12-28 02:04:27 高压电源 192.168.127.253关闭高压
