2017-12-28 12:38:56 视频 线扫相机初始化成功。
2017-12-28 12:38:57 采集卡 采集卡0初始化成功。
2017-12-28 12:38:57 采集卡 采集卡1初始化成功。
2017-12-28 12:38:57 采集卡 采集卡2初始化成功。
2017-12-28 12:38:57 采集卡 采集卡3初始化成功。
2017-12-28 12:38:57 高压电源 192.168.127.251:高压电源初始化成功
2017-12-28 12:38:57 高压电源 192.168.127.253:高压电源初始化成功
2017-12-28 12:38:57 高压电源 192.168.127.252:高压电源初始化成功
2017-12-28 12:38:57 PLC 手动运行应答成功(AC01)
2017-12-28 12:38:57 PLC PLC始化成功
2017-12-28 12:38:57 上位机 车牌初始化成功
2017-12-28 12:39:20 PLC 关道闸1应答成功(AC05)
2017-12-28 12:39:21 PLC 关道闸2应答成功(AC16)
2017-12-28 12:39:22 高压电源 192.168.127.251打开高压
2017-12-28 12:39:22 高压电源 192.168.127.253打开高压
2017-12-28 12:39:22 高压电源 192.168.127.252打开高压
2017-12-28 12:39:22 高压电源 训机结束
2017-12-28 12:39:22 PLC 手动运行应答成功(AC01)
2017-12-28 12:39:23 采集卡 开始采集本底
2017-12-28 12:39:23 采集卡 启动采集
2017-12-28 12:39:23 采集卡 采集完成
2017-12-28 12:39:23 PLC 快门开应答成功(AC02)
2017-12-28 12:39:23 PLC 快门3打开(S13)
2017-12-28 12:39:25 采集卡 开始采集满度
2017-12-28 12:39:25 采集卡 启动采集
2017-12-28 12:39:25 采集卡 采集完成
2017-12-28 12:39:25 采集卡 开始采集图片
2017-12-28 12:39:25 采集卡 启动采集
2017-12-28 12:39:27 采集卡 停止采集
2017-12-28 12:39:27 采集卡 采集完成
2017-12-28 12:39:28 采集卡 容积99
2017-12-28 12:39:28 采集卡 生成图片数组
2017-12-28 12:39:28 采集卡 图片长度75995
2017-12-28 12:39:28 PLC 快门关应答成功(AC03)
2017-12-28 12:39:28 PLC 快门2关闭(S09)
2017-12-28 12:39:28 PLC 快门关闭(S06)
2017-12-28 12:39:28 PLC 快门3打开(S13)
2017-12-28 12:39:28 PLC 快门2打开(S08)
2017-12-28 12:39:28 PLC 快门3关闭(S14)
2017-12-28 12:39:28 PLC 快门2关闭(S09)
2017-12-28 12:39:28 PLC 自动运行应答成功(AC00)
2017-12-28 12:42:27 PLC 触发线圈1(S01)
2017-12-28 12:42:39 PLC 触发线圈2(S02)
2017-12-28 12:42:39 视频 开始线扫
2017-12-28 12:42:44 PLC 触发线圈3(S03)
2017-12-28 12:42:44 PLC 开始采集(S00)
2017-12-28 12:42:44 PLC 快门3打开(S13)
2017-12-28 12:42:44 采集卡 开始采集图片
2017-12-28 12:42:44 采集卡 启动采集
2017-12-28 12:42:50 PLC 采集结束(S16)
2017-12-28 12:42:50 采集卡 停止采集
2017-12-28 12:42:50 PLC 快门2关闭(S09)
2017-12-28 12:42:50 视频 结束线扫
2017-12-28 12:42:50 PLC 快门关闭(S06)
2017-12-28 12:42:50 采集卡 采集完成
2017-12-28 12:42:50 PLC 快门3打开(S13)
2017-12-28 12:42:50 PLC 快门2打开(S08)
2017-12-28 12:42:50 PLC 快门3关闭(S14)
2017-12-28 12:42:50 PLC 快门2关闭(S09)
2017-12-28 12:42:51 PLC 触发线圈4下降沿(S04)
2017-12-28 12:42:51 采集卡 容积79
2017-12-28 12:42:52 采集卡 生成图片数组
2017-12-28 12:42:52 采集卡 图片长度731648
2017-12-28 12:44:22 PLC 触发线圈1(S01)
2017-12-28 12:44:29 PLC 触发线圈2(S02)
2017-12-28 12:44:29 视频 开始线扫
2017-12-28 12:44:32 PLC 触发线圈3(S03)
2017-12-28 12:44:32 PLC 开始采集(S00)
2017-12-28 12:44:32 PLC 快门3打开(S13)
2017-12-28 12:44:33 采集卡 开始采集图片
2017-12-28 12:44:33 采集卡 启动采集
2017-12-28 12:44:40 PLC 采集结束(S16)
2017-12-28 12:44:40 采集卡 停止采集
2017-12-28 12:44:40 PLC 快门2关闭(S09)
2017-12-28 12:44:40 视频 结束线扫
2017-12-28 12:44:40 PLC 快门关闭(S06)
2017-12-28 12:44:40 PLC 快门3打开(S13)
2017-12-28 12:44:40 PLC 快门2打开(S08)
2017-12-28 12:44:40 PLC 快门3关闭(S14)
2017-12-28 12:44:40 PLC 快门2关闭(S09)
2017-12-28 12:44:40 采集卡 采集完成
2017-12-28 12:44:41 PLC 触发线圈4下降沿(S04)
2017-12-28 12:44:42 采集卡 容积88
2017-12-28 12:44:42 采集卡 生成图片数组
2017-12-28 12:44:42 采集卡 图片长度790500
2017-12-28 12:45:42 PLC 触发线圈1(S01)
2017-12-28 12:45:45 PLC 触发线圈2(S02)
2017-12-28 12:45:45 视频 开始线扫
2017-12-28 12:45:50 PLC 触发线圈3(S03)
2017-12-28 12:45:50 PLC 开始采集(S00)
2017-12-28 12:45:50 PLC 快门3打开(S13)
2017-12-28 12:45:51 采集卡 开始采集图片
2017-12-28 12:45:51 采集卡 启动采集
2017-12-28 12:45:56 PLC 采集结束(S16)
2017-12-28 12:45:56 采集卡 停止采集
2017-12-28 12:45:57 PLC 快门2关闭(S09)
2017-12-28 12:45:57 视频 结束线扫
2017-12-28 12:45:57 PLC 快门关闭(S06)
2017-12-28 12:45:57 采集卡 采集完成
2017-12-28 12:45:57 PLC 快门3打开(S13)
2017-12-28 12:45:57 PLC 快门2打开(S08)
2017-12-28 12:45:57 PLC 快门3关闭(S14)
2017-12-28 12:45:57 PLC 快门2关闭(S09)
2017-12-28 12:45:57 PLC 触发线圈4下降沿(S04)
2017-12-28 12:45:58 采集卡 容积91
2017-12-28 12:45:59 采集卡 生成图片数组
2017-12-28 12:45:59 采集卡 图片长度582067
2017-12-28 01:05:51 高压电源 192.168.127.251关闭高压
2017-12-28 01:05:51 高压电源 192.168.127.252关闭高压
2017-12-28 01:05:52 高压电源 192.168.127.253关闭高压
2017-12-28 01:38:22 高压电源 192.168.127.251关闭高压
2017-12-28 01:38:22 高压电源 192.168.127.252关闭高压
2017-12-28 01:38:23 高压电源 192.168.127.253关闭高压
