2017-12-28 04:12:03 视频 线扫相机初始化成功。
2017-12-28 04:12:03 采集卡 采集卡0初始化成功。
2017-12-28 04:12:03 采集卡 采集卡1初始化成功。
2017-12-28 04:12:03 采集卡 采集卡2初始化成功。
2017-12-28 04:12:03 采集卡 采集卡3初始化成功。
2017-12-28 04:12:03 高压电源 192.168.127.251:高压电源初始化成功
2017-12-28 04:12:03 高压电源 192.168.127.253:高压电源初始化成功
2017-12-28 04:12:03 高压电源 192.168.127.252:高压电源初始化成功
2017-12-28 04:12:03 PLC 手动运行应答成功(AC01)
2017-12-28 04:12:03 PLC PLC始化成功
2017-12-28 04:12:04 上位机 车牌初始化成功
2017-12-28 04:12:07 采集卡 开始采集图片
2017-12-28 04:12:07 采集卡 启动采集
2017-12-28 04:12:57 采集卡 采集完成
2017-12-28 04:12:58 采集卡 转换数据
2017-12-28 04:13:01 采集卡 转换AD
2017-12-28 04:13:01 采集卡 修改点
2017-12-28 04:13:03 采集卡 GAMMA
2017-12-28 04:13:03 采集卡 容积99
2017-12-28 04:13:04 采集卡 反转图像
2017-12-28 04:13:04 采集卡 生成图片数组
2017-12-28 04:13:05 采集卡 图片长度6476
2017-12-28 04:14:29 采集卡 开始采集图片
2017-12-28 04:14:29 采集卡 启动采集
2017-12-28 04:15:19 采集卡 采集完成
2017-12-28 04:15:20 采集卡 转换数据
2017-12-28 04:15:23 采集卡 转换AD
2017-12-28 04:15:23 采集卡 修改点
2017-12-28 04:15:25 采集卡 GAMMA
2017-12-28 04:15:25 采集卡 容积99
2017-12-28 04:15:25 采集卡 反转图像
2017-12-28 04:15:26 采集卡 生成图片数组
2017-12-28 04:15:27 采集卡 图片长度6476
2017-12-28 04:17:01 高压电源 192.168.127.251关闭高压
2017-12-28 04:17:01 高压电源 192.168.127.252关闭高压
2017-12-28 04:17:01 高压电源 192.168.127.253关闭高压
