2017-12-29 02:40:10 视频 线扫相机初始化成功。
2017-12-29 02:40:10 采集卡 采集卡0初始化成功。
2017-12-29 02:40:10 采集卡 采集卡1初始化成功。
2017-12-29 02:40:10 采集卡 采集卡2初始化成功。
2017-12-29 02:40:10 采集卡 采集卡3初始化成功。
2017-12-29 02:40:11 高压电源 192.168.127.251:高压电源初始化成功
2017-12-29 02:40:11 PLC 手动运行应答成功(AC01)
2017-12-29 02:40:11 PLC PLC始化成功
2017-12-29 02:40:14 上位机 车牌初始化成功
2017-12-29 02:41:00 采集卡 开始采集图片
2017-12-29 02:41:00 采集卡 启动采集
2017-12-29 02:41:01 采集卡 停止采集
2017-12-29 02:41:01 采集卡 采集完成
2017-12-29 02:41:01 采集卡 转换数据
2017-12-29 02:41:01 采集卡 转换AD
2017-12-29 02:41:01 采集卡 修改点
2017-12-29 02:41:01 采集卡 GAMMA
2017-12-29 02:41:01 采集卡 容积98
2017-12-29 02:41:01 采集卡 反转图像
2017-12-29 02:41:01 采集卡 生成图片数组
2017-12-29 02:41:01 采集卡 图片长度83804
2017-12-29 02:41:08 PLC 关道闸1应答成功(AC05)
2017-12-29 02:41:09 PLC 关道闸2应答成功(AC16)
2017-12-29 02:41:10 高压电源 192.168.127.251打开高压
2017-12-29 02:41:10 高压电源 训机结束
2017-12-29 02:41:10 PLC 手动运行应答成功(AC01)
2017-12-29 02:41:11 采集卡 开始采集本底
2017-12-29 02:41:11 采集卡 启动采集
2017-12-29 02:41:11 采集卡 采集完成
2017-12-29 02:41:11 采集卡 转换数据
2017-12-29 02:41:11 PLC 快门开应答成功(AC02)
2017-12-29 02:41:11 PLC 快门3打开(S13)
2017-12-29 02:41:13 采集卡 开始采集满度
2017-12-29 02:41:13 采集卡 启动采集
2017-12-29 02:41:13 采集卡 采集完成
2017-12-29 02:41:13 采集卡 转换数据
2017-12-29 02:41:13 采集卡 开始采集图片
2017-12-29 02:41:13 采集卡 启动采集
2017-12-29 02:41:15 采集卡 停止采集
2017-12-29 02:41:15 采集卡 采集完成
2017-12-29 02:41:15 采集卡 转换数据
2017-12-29 02:41:15 采集卡 转换AD
2017-12-29 02:41:15 采集卡 修改点
2017-12-29 02:41:15 采集卡 GAMMA
2017-12-29 02:41:16 采集卡 容积92
2017-12-29 02:41:16 采集卡 反转图像
2017-12-29 02:41:16 采集卡 生成图片数组
2017-12-29 02:41:16 采集卡 图片长度74059
2017-12-29 02:41:16 PLC 快门2打开(S08)
2017-12-29 02:41:16 PLC 快门关应答成功(AC03)
2017-12-29 02:41:16 PLC 快门2关闭(S09)
2017-12-29 02:41:16 PLC 快门关闭(S06)
2017-12-29 02:41:16 PLC 快门3打开(S13)
2017-12-29 02:41:16 PLC 快门2打开(S08)
2017-12-29 02:41:16 PLC 快门3关闭(S14)
2017-12-29 02:41:16 PLC 快门2关闭(S09)
2017-12-29 02:41:16 PLC 自动运行应答成功(AC00)
2017-12-29 02:41:21 高压电源 192.168.127.251关闭高压
