2017-12-28 11:30:59 视频 线扫相机初始化成功。
2017-12-28 11:30:59 采集卡 采集卡0初始化成功。
2017-12-28 11:30:59 采集卡 采集卡1初始化成功。
2017-12-28 11:30:59 采集卡 采集卡2初始化成功。
2017-12-28 11:30:59 采集卡 采集卡3初始化成功。
2017-12-28 11:30:59 高压电源 192.168.127.253:高压电源初始化成功
2017-12-28 11:30:59 高压电源 192.168.127.251:高压电源初始化成功
2017-12-28 11:30:59 PLC 手动运行应答成功(AC01)
2017-12-28 11:30:59 PLC PLC始化成功
2017-12-28 11:30:59 上位机 车牌初始化成功
2017-12-28 11:31:18 高压电源 更新训机时间1
2017-12-28 11:31:20 高压电源 更新训机时间1
2017-12-28 11:31:24 高压电源 更新训机时间1
2017-12-28 11:31:37 PLC 关道闸1应答成功(AC05)
2017-12-28 11:31:38 PLC 关道闸2应答成功(AC16)
2017-12-28 11:31:39 高压电源 192.168.127.251打开高压
2017-12-28 11:31:39 高压电源 192.168.127.253打开高压
2017-12-28 11:31:39 高压电源 192.168.127.252打开高压
2017-12-28 11:31:39 高压电源 训机结束
2017-12-28 11:31:39 PLC 手动运行应答成功(AC01)
2017-12-28 11:31:39 采集卡 开始采集本底
2017-12-28 11:31:39 采集卡 启动采集
2017-12-28 11:31:39 采集卡 采集完成
2017-12-28 11:31:39 PLC 快门开应答成功(AC02)
2017-12-28 11:31:40 PLC 快门3打开(S13)
2017-12-28 11:31:42 采集卡 开始采集满度
2017-12-28 11:31:42 采集卡 启动采集
2017-12-28 11:31:42 采集卡 采集完成
2017-12-28 11:31:42 采集卡 开始采集图片
2017-12-28 11:31:42 采集卡 启动采集
2017-12-28 11:31:44 采集卡 停止采集
2017-12-28 11:31:44 采集卡 采集完成
2017-12-28 11:31:45 PLC 快门2打开(S08)
2017-12-28 11:31:45 PLC 快门关应答成功(AC03)
2017-12-28 11:31:45 PLC 快门2关闭(S09)
2017-12-28 11:31:45 PLC 快门关闭(S06)
2017-12-28 11:31:45 PLC 快门2打开(S08)
2017-12-28 11:31:45 PLC 快门3关闭(S14)
2017-12-28 11:31:45 PLC 快门2关闭(S09)
2017-12-28 11:31:45 PLC 自动运行应答成功(AC00)
2017-12-28 11:32:06 采集卡 开始采集图片
2017-12-28 11:32:06 采集卡 启动采集
2017-12-28 11:32:07 采集卡 停止采集
2017-12-28 11:32:07 采集卡 采集完成
2017-12-28 11:33:26 采集卡 开始采集图片
2017-12-28 11:33:26 采集卡 启动采集
2017-12-28 11:33:28 采集卡 停止采集
2017-12-28 11:33:28 采集卡 采集完成
2017-12-28 11:34:26 采集卡 开始采集图片
2017-12-28 11:34:26 采集卡 启动采集
2017-12-28 11:34:27 采集卡 停止采集
2017-12-28 11:34:27 采集卡 采集完成
2017-12-28 11:34:55 采集卡 开始采集图片
2017-12-28 11:34:55 采集卡 启动采集
2017-12-28 11:34:56 采集卡 停止采集
2017-12-28 11:34:56 采集卡 采集完成
