2017-12-28 03:23:53 视频 线扫相机初始化成功。
2017-12-28 03:23:54 采集卡 采集卡0初始化成功。
2017-12-28 03:23:54 采集卡 采集卡1初始化成功。
2017-12-28 03:23:54 采集卡 采集卡2初始化成功。
2017-12-28 03:23:54 采集卡 采集卡3初始化成功。
2017-12-28 03:23:54 高压电源 192.168.127.253:高压电源初始化成功
2017-12-28 03:23:54 高压电源 192.168.127.251:高压电源初始化成功
2017-12-28 03:23:54 高压电源 192.168.127.252:高压电源初始化成功
2017-12-28 03:23:54 PLC 手动运行应答成功(AC01)
2017-12-28 03:23:54 PLC PLC始化成功
2017-12-28 03:23:54 上位机 车牌初始化成功
2017-12-28 03:24:01 采集卡 开始采集图片
2017-12-28 03:24:01 采集卡 启动采集
2017-12-28 03:24:52 采集卡 采集完成
2017-12-28 03:24:56 采集卡 容积99
2017-12-28 03:24:56 采集卡 生成图片数组
2017-12-28 03:24:57 采集卡 图片长度3404
2017-12-28 03:25:15 采集卡 开始采集图片
2017-12-28 03:25:15 采集卡 启动采集
2017-12-28 03:25:43 采集卡 停止采集
2017-12-28 03:25:44 采集卡 采集完成
2017-12-28 03:25:48 采集卡 容积99
2017-12-28 03:25:48 采集卡 生成图片数组
