2018-01-27 03:50:36 视频 线扫相机初始化成功。
2018-01-27 03:50:36 采集卡 采集卡0初始化成功。
2018-01-27 03:50:36 采集卡 采集卡1初始化成功。
2018-01-27 03:50:36 采集卡 采集卡2初始化成功。
2018-01-27 03:50:36 采集卡 采集卡3初始化成功。
2018-01-27 03:50:36 高压电源 192.168.127.253:高压电源初始化成功
2018-01-27 03:50:36 高压电源 192.168.127.252:高压电源初始化成功
2018-01-27 03:50:36 高压电源 192.168.127.251:高压电源初始化成功
2018-01-27 03:50:36 PLC 手动运行应答成功(AC01)
2018-01-27 03:50:36 PLC PLC始化成功
2018-01-27 03:50:37 上位机 车牌初始化成功
2018-01-27 03:51:02 PLC 关道闸1应答成功(AC05)
2018-01-27 03:51:03 PLC 关道闸2应答成功(AC16)
2018-01-27 03:51:04 高压电源 192.168.127.253打开高压
2018-01-27 03:51:04 高压电源 192.168.127.252打开高压
2018-01-27 03:51:04 高压电源 192.168.127.251打开高压
2018-01-27 03:51:04 高压电源 训机结束
2018-01-27 03:51:04 PLC 手动运行应答成功(AC01)
2018-01-27 03:51:05 采集卡 开始采集本底
2018-01-27 03:51:05 采集卡 启动采集
2018-01-27 03:51:05 采集卡 采集完成
2018-01-27 03:51:05 采集卡 转换数据
2018-01-27 03:51:05 PLC 快门开应答成功(AC02)
2018-01-27 03:51:05 PLC 快门3打开(S13)
2018-01-27 03:51:07 采集卡 开始采集满度
2018-01-27 03:51:07 采集卡 启动采集
2018-01-27 03:51:07 采集卡 采集完成
2018-01-27 03:51:07 采集卡 转换数据
2018-01-27 03:51:07 采集卡 开始采集图片
2018-01-27 03:51:07 采集卡 启动采集
2018-01-27 03:51:09 采集卡 停止采集
2018-01-27 03:51:09 采集卡 采集完成
2018-01-27 03:51:09 采集卡 转换数据
2018-01-27 03:51:09 采集卡 转换AD
2018-01-27 03:51:09 采集卡 修改点
2018-01-27 03:51:09 采集卡 GAMMA
2018-01-27 03:51:09 采集卡 模糊处理
2018-01-27 03:51:09 采集卡 容积0
2018-01-27 03:51:09 采集卡 反转图像
2018-01-27 03:51:09 采集卡 生成图片数组
2018-01-27 03:51:10 采集卡 图片长度18330
2018-01-27 03:51:10 PLC 快门打开(S05)
2018-01-27 03:51:10 PLC 快门关应答成功(AC03)
2018-01-27 03:51:10 PLC 快门2关闭(S09)
2018-01-27 03:51:10 PLC 快门关闭(S06)
2018-01-27 03:51:10 PLC 快门3打开(S13)
2018-01-27 03:51:10 PLC 快门2打开(S08)
2018-01-27 03:51:10 PLC 快门3关闭(S14)
2018-01-27 03:51:10 PLC 快门2关闭(S09)
2018-01-27 03:51:10 PLC 自动运行应答成功(AC00)
2018-01-27 03:51:13 高压电源 192.168.127.251关闭高压
2018-01-27 03:51:13 高压电源 192.168.127.252关闭高压
2018-01-27 03:51:14 高压电源 192.168.127.253关闭高压
2018-01-27 03:54:43 PLC 触发线圈1(S01)
2018-01-27 03:54:48 PLC 触发线圈2(S02)
2018-01-27 03:54:52 PLC 触发线圈3(S03)
2018-01-27 03:54:52 视频 开始线扫
2018-01-27 03:54:52 PLC 开始采集(S00)
2018-01-27 03:54:53 PLC 快门3打开(S13)
2018-01-27 03:54:53 采集卡 开始采集图片
2018-01-27 03:54:53 采集卡 启动采集
2018-01-27 03:54:55 PLC 采集结束(S16)
2018-01-27 03:54:55 采集卡 停止采集
2018-01-27 03:54:55 采集卡 采集完成
2018-01-27 03:54:55 采集卡 转换数据
2018-01-27 03:54:56 采集卡 转换AD
2018-01-27 03:54:56 采集卡 修改点
2018-01-27 03:54:56 采集卡 GAMMA
2018-01-27 03:54:56 采集卡 模糊处理
2018-01-27 03:54:56 PLC 快门2关闭(S09)
2018-01-27 03:54:56 采集卡 容积99
2018-01-27 03:54:56 采集卡 反转图像
2018-01-27 03:54:56 采集卡 生成图片数组
2018-01-27 03:54:56 视频 结束线扫
2018-01-27 03:54:56 PLC 快门关闭(S06)
2018-01-27 03:54:56 采集卡 图片长度3558
2018-01-27 03:54:56 PLC 快门3打开(S13)
2018-01-27 03:54:56 PLC 快门3关闭(S14)
2018-01-27 03:54:56 PLC 快门2关闭(S09)
2018-01-27 03:55:01 PLC 触发线圈4下降沿(S04)
2018-01-27 03:56:09 PLC 触发线圈1(S01)
2018-01-27 03:56:12 PLC 触发线圈2(S02)
2018-01-27 03:56:16 PLC 触发线圈3(S03)
2018-01-27 03:56:16 视频 开始线扫
2018-01-27 03:56:16 PLC 开始采集(S00)
2018-01-27 03:56:16 PLC 快门3打开(S13)
2018-01-27 03:56:17 采集卡 开始采集图片
2018-01-27 03:56:17 采集卡 启动采集
2018-01-27 03:56:18 PLC 采集结束(S16)
2018-01-27 03:56:18 采集卡 停止采集
2018-01-27 03:56:18 采集卡 采集完成
2018-01-27 03:56:18 采集卡 转换数据
2018-01-27 03:56:18 采集卡 转换AD
2018-01-27 03:56:18 采集卡 修改点
2018-01-27 03:56:18 采集卡 GAMMA
2018-01-27 03:56:18 采集卡 模糊处理
2018-01-27 03:56:18 采集卡 容积99
2018-01-27 03:56:18 采集卡 反转图像
2018-01-27 03:56:18 采集卡 生成图片数组
2018-01-27 03:56:18 PLC 快门2关闭(S09)
2018-01-27 03:56:18 采集卡 图片长度3700
2018-01-27 03:56:18 视频 结束线扫
2018-01-27 03:56:18 PLC 快门关闭(S06)
2018-01-27 03:56:18 PLC 快门3打开(S13)
2018-01-27 03:56:18 PLC 快门3关闭(S14)
2018-01-27 03:56:18 PLC 快门2关闭(S09)
2018-01-27 03:56:23 PLC 触发线圈4下降沿(S04)
2018-01-27 04:00:21 高压电源 192.168.127.251关闭高压
2018-01-27 04:00:21 高压电源 192.168.127.252关闭高压
2018-01-27 04:00:21 高压电源 192.168.127.253关闭高压
