2018-12-10 11:24:30 采集卡 127.0.0.1初始化成功。
2018-12-10 11:24:34 采集卡 开始采集本底
2018-12-10 11:24:34 采集卡 启动采集
2018-12-10 11:24:34 采集卡 采集完成
2018-12-10 11:24:34 采集卡 转换数据
2018-12-10 11:24:36 采集卡 开始采集满度
2018-12-10 11:24:36 采集卡 启动采集
2018-12-10 11:24:36 采集卡 采集完成
2018-12-10 11:24:36 采集卡 转换数据
2018-12-10 11:24:46 采集卡 开始采集图片
2018-12-10 11:24:46 采集卡 启动采集
2018-12-10 11:24:49 采集卡 停止采集
2018-12-10 11:24:49 采集卡 采集完成
2018-12-10 11:24:49 采集卡 转换数据
2018-12-10 11:24:50 采集卡 转换AD
2018-12-10 11:24:50 采集卡 修改点
2018-12-10 11:24:51 采集卡 GAMMA
2018-12-10 11:24:52 采集卡 容积99
2018-12-10 11:24:52 采集卡 反转图像
2018-12-10 11:24:52 采集卡 生成图片数组
2018-12-10 11:24:52 采集卡 图片长度716
2018-12-10 11:25:02 采集卡 开始采集本底
2018-12-10 11:25:02 采集卡 启动采集
2018-12-10 11:25:02 采集卡 采集完成
2018-12-10 11:25:02 采集卡 转换数据
2018-12-10 11:25:11 采集卡 开始采集本底
2018-12-10 11:25:11 采集卡 启动采集
2018-12-10 11:25:17 采集卡 开始采集本底
2018-12-10 11:25:17 采集卡 启动采集
2018-12-10 11:25:18 采集卡 开始采集满度
2018-12-10 11:25:18 采集卡 启动采集
2018-12-10 11:25:26 采集卡 开始采集图片
2018-12-10 11:25:26 采集卡 启动采集
2018-12-10 11:25:32 采集卡 停止采集
2018-12-10 11:25:38 采集卡 开始采集图片
2018-12-10 11:25:38 采集卡 启动采集
2018-12-10 11:25:41 采集卡 停止采集
2018-12-10 11:25:46 高压电源 192.168.127.251关闭高压
2018-12-10 11:25:46 高压电源 192.168.127.252关闭高压
2018-12-10 11:25:46 高压电源 192.168.127.253关闭高压
