2018-01-11 10:51:52 视频 线扫相机初始化成功。
2018-01-11 10:51:52 采集卡 采集卡0初始化成功。
2018-01-11 10:51:52 采集卡 采集卡1初始化成功。
2018-01-11 10:51:52 采集卡 采集卡2初始化成功。
2018-01-11 10:51:52 采集卡 采集卡3初始化成功。
2018-01-11 10:51:52 高压电源 192.168.127.251:高压电源初始化成功
2018-01-11 10:51:52 高压电源 192.168.127.252:高压电源初始化成功
2018-01-11 10:51:52 高压电源 192.168.127.253:高压电源初始化成功
2018-01-11 10:51:52 PLC 手动运行应答成功(AC01)
2018-01-11 10:51:52 PLC PLC始化成功
2018-01-11 10:51:52 上位机 车牌初始化成功
2018-01-11 10:52:00 PLC 关道闸1应答成功(AC05)
2018-01-11 10:52:01 PLC 关道闸2应答成功(AC16)
2018-01-11 10:52:02 高压电源 192.168.127.251打开高压
2018-01-11 10:52:02 高压电源 192.168.127.253打开高压
2018-01-11 10:52:02 高压电源 192.168.127.252打开高压
2018-01-11 10:52:02 高压电源 训机结束
2018-01-11 10:52:02 PLC 手动运行应答成功(AC01)
2018-01-11 10:52:03 采集卡 开始采集本底
2018-01-11 10:52:03 采集卡 启动采集
2018-01-11 10:52:03 采集卡 采集完成
2018-01-11 10:52:03 采集卡 转换数据
2018-01-11 10:52:03 PLC 快门开应答成功(AC02)
2018-01-11 10:52:03 PLC 快门3打开(S13)
2018-01-11 10:52:05 采集卡 开始采集满度
2018-01-11 10:52:05 采集卡 启动采集
2018-01-11 10:52:05 采集卡 采集完成
2018-01-11 10:52:05 采集卡 转换数据
2018-01-11 10:52:05 采集卡 开始采集图片
2018-01-11 10:52:05 采集卡 启动采集
2018-01-11 10:52:07 采集卡 停止采集
2018-01-11 10:52:07 采集卡 采集完成
2018-01-11 10:52:07 采集卡 转换数据
2018-01-11 10:52:07 采集卡 转换AD
2018-01-11 10:52:07 采集卡 修改点
2018-01-11 10:52:07 采集卡 GAMMA
2018-01-11 10:52:07 采集卡 容积0
2018-01-11 10:52:07 采集卡 反转图像
2018-01-11 10:52:08 采集卡 生成图片数组
2018-01-11 10:52:08 采集卡 图片长度14957
2018-01-11 10:52:08 PLC 快门打开(S05)
2018-01-11 10:52:08 PLC 快门关应答成功(AC03)
2018-01-11 10:52:08 PLC 快门2关闭(S09)
2018-01-11 10:52:08 PLC 快门关闭(S06)
2018-01-11 10:52:08 PLC 快门3打开(S13)
2018-01-11 10:52:08 PLC 快门2打开(S08)
2018-01-11 10:52:08 PLC 快门3关闭(S14)
2018-01-11 10:52:08 PLC 快门2关闭(S09)
2018-01-11 10:52:08 PLC 自动运行应答成功(AC00)
2018-01-11 10:54:29 PLC 触发线圈1(S01)
2018-01-11 10:54:36 PLC 触发线圈2(S02)
2018-01-11 10:54:40 PLC 触发线圈3(S03)
2018-01-11 10:54:40 视频 开始线扫
2018-01-11 10:54:40 PLC 开始采集(S00)
2018-01-11 10:54:40 PLC 快门3打开(S13)
2018-01-11 10:54:41 采集卡 开始采集图片
2018-01-11 10:54:41 采集卡 启动采集
2018-01-11 10:54:41 PLC 快门打开(S05)
2018-01-11 10:54:51 PLC 采集结束(S16)
2018-01-11 10:54:51 采集卡 停止采集
2018-01-11 10:54:51 采集卡 采集完成
2018-01-11 10:54:51 PLC 快门2关闭(S09)
2018-01-11 10:54:52 视频 结束线扫
2018-01-11 10:54:52 PLC 快门关闭(S06)
2018-01-11 10:54:52 采集卡 转换数据
2018-01-11 10:54:52 PLC 快门2打开(S08)
2018-01-11 10:54:52 PLC 快门3关闭(S14)
2018-01-11 10:54:52 PLC 快门2关闭(S09)
2018-01-11 10:54:52 采集卡 转换AD
2018-01-11 10:54:52 采集卡 修改点
2018-01-11 10:54:53 采集卡 GAMMA
2018-01-11 10:54:53 采集卡 容积90
2018-01-11 10:54:53 采集卡 反转图像
2018-01-11 10:54:53 采集卡 生成图片数组
2018-01-11 10:54:53 采集卡 图片长度53080
2018-01-11 10:55:01 PLC 触发线圈4下降沿(S04)
2018-01-11 11:08:38 PLC 触发线圈1(S01)
2018-01-11 11:08:44 PLC 触发线圈2(S02)
2018-01-11 11:08:50 PLC 触发线圈3(S03)
2018-01-11 11:08:50 视频 开始线扫
2018-01-11 11:08:50 PLC 开始采集(S00)
2018-01-11 11:08:50 PLC 快门3打开(S13)
2018-01-11 11:08:51 采集卡 开始采集图片
2018-01-11 11:08:51 采集卡 启动采集
2018-01-11 11:08:51 PLC 快门打开(S05)
2018-01-11 11:09:05 PLC 采集结束(S16)
2018-01-11 11:09:05 采集卡 停止采集
2018-01-11 11:09:05 采集卡 采集完成
2018-01-11 11:09:05 PLC 快门2关闭(S09)
2018-01-11 11:09:05 视频 结束线扫
2018-01-11 11:09:05 PLC 快门关闭(S06)
2018-01-11 11:09:05 采集卡 转换数据
2018-01-11 11:09:06 PLC 快门3打开(S13)
2018-01-11 11:09:06 采集卡 转换AD
2018-01-11 11:09:06 采集卡 修改点
2018-01-11 11:09:06 PLC 快门2打开(S08)
2018-01-11 11:09:06 PLC 快门3关闭(S14)
2018-01-11 11:09:06 PLC 快门2关闭(S09)
2018-01-11 11:09:07 采集卡 GAMMA
2018-01-11 11:09:07 采集卡 容积85
2018-01-11 11:09:07 采集卡 反转图像
2018-01-11 11:09:07 采集卡 生成图片数组
2018-01-11 11:09:08 采集卡 图片长度48825
2018-01-11 11:09:15 PLC 触发线圈4下降沿(S04)
2018-01-11 11:09:30 PLC 触发线圈1(S01)
2018-01-11 11:09:38 PLC 触发线圈2(S02)
2018-01-11 11:09:47 PLC 触发线圈3(S03)
2018-01-11 11:09:47 视频 开始线扫
2018-01-11 11:09:47 PLC 开始采集(S00)
2018-01-11 11:09:47 PLC 快门3打开(S13)
2018-01-11 11:09:48 采集卡 开始采集图片
2018-01-11 11:09:48 采集卡 启动采集
2018-01-11 11:09:48 PLC 快门打开(S05)
2018-01-11 11:10:01 PLC 采集结束(S16)
2018-01-11 11:10:01 采集卡 停止采集
2018-01-11 11:10:01 采集卡 采集完成
2018-01-11 11:10:02 PLC 快门2关闭(S09)
2018-01-11 11:10:02 视频 结束线扫
2018-01-11 11:10:02 PLC 快门关闭(S06)
2018-01-11 11:10:02 采集卡 转换数据
2018-01-11 11:10:02 PLC 快门3打开(S13)
2018-01-11 11:10:02 采集卡 转换AD
2018-01-11 11:10:02 采集卡 修改点
2018-01-11 11:10:03 PLC 快门2打开(S08)
2018-01-11 11:10:03 PLC 快门3关闭(S14)
2018-01-11 11:10:03 采集卡 GAMMA
2018-01-11 11:10:03 PLC 快门2关闭(S09)
2018-01-11 11:10:03 采集卡 容积63
2018-01-11 11:10:04 采集卡 反转图像
2018-01-11 11:10:04 采集卡 生成图片数组
2018-01-11 11:10:04 采集卡 图片长度52772
2018-01-11 11:10:11 PLC 触发线圈4下降沿(S04)
2018-01-11 11:12:09 PLC 触发线圈1(S01)
2018-01-11 11:12:12 PLC 触发线圈2(S02)
2018-01-11 11:12:17 PLC 触发线圈3(S03)
2018-01-11 11:12:17 视频 开始线扫
2018-01-11 11:12:17 PLC 开始采集(S00)
2018-01-11 11:12:17 PLC 快门3打开(S13)
2018-01-11 11:12:17 采集卡 开始采集图片
2018-01-11 11:12:17 采集卡 启动采集
2018-01-11 11:12:17 PLC 快门打开(S05)
2018-01-11 11:12:23 PLC 采集结束(S16)
2018-01-11 11:12:23 采集卡 停止采集
2018-01-11 11:12:23 采集卡 采集完成
2018-01-11 11:12:24 PLC 快门2关闭(S09)
2018-01-11 11:12:24 采集卡 转换数据
2018-01-11 11:12:24 视频 结束线扫
2018-01-11 11:12:24 采集卡 转换AD
2018-01-11 11:12:24 采集卡 修改点
2018-01-11 11:12:24 PLC 快门关闭(S06)
2018-01-11 11:12:24 采集卡 GAMMA
2018-01-11 11:12:24 采集卡 容积76
2018-01-11 11:12:24 PLC 快门3打开(S13)
2018-01-11 11:12:24 PLC 快门2打开(S08)
2018-01-11 11:12:24 采集卡 反转图像
2018-01-11 11:12:24 PLC 快门3关闭(S14)
2018-01-11 11:12:24 PLC 快门2关闭(S09)
2018-01-11 11:12:24 采集卡 生成图片数组
2018-01-11 11:12:25 采集卡 图片长度26709
2018-01-11 11:12:33 PLC 触发线圈4下降沿(S04)
2018-01-11 11:20:22 PLC 触发线圈1(S01)
2018-01-11 11:20:27 PLC 触发线圈2(S02)
2018-01-11 11:20:33 PLC 触发线圈3(S03)
2018-01-11 11:20:33 视频 开始线扫
2018-01-11 11:20:33 PLC 开始采集(S00)
2018-01-11 11:20:33 PLC 快门3打开(S13)
2018-01-11 11:20:34 采集卡 开始采集图片
2018-01-11 11:20:34 PLC 快门打开(S05)
2018-01-11 11:20:34 采集卡 启动采集
2018-01-11 11:20:38 PLC 采集结束(S16)
2018-01-11 11:20:38 采集卡 停止采集
2018-01-11 11:20:38 采集卡 采集完成
2018-01-11 11:20:39 PLC 快门2关闭(S09)
2018-01-11 11:20:39 采集卡 转换数据
2018-01-11 11:20:39 视频 结束线扫
2018-01-11 11:20:39 PLC 快门关闭(S06)
2018-01-11 11:20:39 采集卡 转换AD
2018-01-11 11:20:39 采集卡 修改点
2018-01-11 11:20:39 采集卡 GAMMA
2018-01-11 11:20:39 采集卡 容积85
2018-01-11 11:20:39 PLC 快门3打开(S13)
2018-01-11 11:20:39 采集卡 反转图像
2018-01-11 11:20:39 PLC 快门2打开(S08)
2018-01-11 11:20:39 采集卡 生成图片数组
2018-01-11 11:20:39 PLC 快门3关闭(S14)
2018-01-11 11:20:39 PLC 快门2关闭(S09)
2018-01-11 11:20:39 采集卡 图片长度24291
2018-01-11 11:20:48 PLC 触发线圈4下降沿(S04)
2018-01-11 11:23:30 PLC 触发线圈1(S01)
2018-01-11 11:23:34 PLC 触发线圈2(S02)
2018-01-11 11:23:41 PLC 触发线圈3(S03)
2018-01-11 11:23:41 视频 开始线扫
2018-01-11 11:23:41 PLC 开始采集(S00)
2018-01-11 11:23:41 PLC 快门3打开(S13)
2018-01-11 11:23:41 采集卡 开始采集图片
2018-01-11 11:23:41 PLC 快门打开(S05)
2018-01-11 11:23:41 采集卡 启动采集
2018-01-11 11:23:58 采集卡 采集完成
2018-01-11 11:23:59 采集卡 转换数据
2018-01-11 11:23:59 采集卡 转换AD
2018-01-11 11:23:59 采集卡 修改点
2018-01-11 11:24:00 采集卡 GAMMA
2018-01-11 11:24:00 采集卡 容积89
2018-01-11 11:24:00 PLC 采集结束(S16)
2018-01-11 11:24:00 采集卡 停止采集
2018-01-11 11:24:00 采集卡 反转图像
2018-01-11 11:24:00 PLC 快门2关闭(S09)
2018-01-11 11:24:00 视频 结束线扫
2018-01-11 11:24:00 采集卡 生成图片数组
2018-01-11 11:24:01 PLC 快门关闭(S06)
2018-01-11 11:24:01 PLC 快门3打开(S13)
2018-01-11 11:24:01 PLC 快门2打开(S08)
2018-01-11 11:24:01 PLC 快门3关闭(S14)
2018-01-11 11:24:01 PLC 快门2关闭(S09)
2018-01-11 11:24:01 采集卡 图片长度47614
2018-01-11 11:24:10 PLC 触发线圈4下降沿(S04)
2018-01-11 11:29:45 高压电源 192.168.127.251关闭高压
2018-01-11 11:29:45 高压电源 192.168.127.252关闭高压
2018-01-11 11:29:46 高压电源 192.168.127.253关闭高压
