2018-03-07 05:23:55 视频 线扫相机初始化成功。
2018-03-07 05:23:55 采集卡 采集卡0初始化成功。
2018-03-07 05:23:55 采集卡 采集卡1初始化成功。
2018-03-07 05:23:55 采集卡 采集卡2初始化成功。
2018-03-07 05:23:55 采集卡 采集卡3初始化成功。
2018-03-07 05:23:55 高压电源 192.168.127.251:高压电源初始化成功
2018-03-07 05:23:55 高压电源 192.168.127.253:高压电源初始化成功
2018-03-07 05:23:55 高压电源 192.168.127.252:高压电源初始化成功
2018-03-07 05:23:56 PLC 手动运行应答成功(AC01)
2018-03-07 05:23:56 PLC PLC始化成功
2018-03-07 05:23:56 上位机 车牌初始化成功
2018-03-07 05:24:52 PLC 自动运行应答成功(AC00)
2018-03-07 05:33:00 PLC 触发线圈1(S01)
2018-03-07 05:33:48 PLC 触发线圈2(S02)
2018-03-07 05:34:21 PLC 采集结束(S16)
2018-03-07 05:34:21 采集卡 停止采集
2018-03-07 05:35:18 PLC 触发线圈1(S01)
2018-03-07 05:35:21 PLC 触发线圈2(S02)
2018-03-07 05:35:49 PLC 触发线圈3(S03)
2018-03-07 05:35:49 视频 开始线扫
2018-03-07 05:35:49 PLC 开始采集(S00)
2018-03-07 05:35:50 PLC 快门3打开(S13)
2018-03-07 05:35:50 采集卡 开始采集图片
2018-03-07 05:35:50 PLC 快门2打开(S08)
2018-03-07 05:35:50 采集卡 启动采集
2018-03-07 05:36:40 采集卡 采集完成
2018-03-07 05:36:41 采集卡 转换数据
2018-03-07 05:36:42 采集卡 转换AD
2018-03-07 05:36:42 采集卡 修改点
2018-03-07 05:36:43 采集卡 GAMMA
2018-03-07 05:36:43 采集卡 R233,C194999,S195000
2018-03-07 05:36:44 采集卡 T45434767,C45434767
2018-03-07 05:36:44 采集卡 容积100
2018-03-07 05:36:44 采集卡 反转图像
2018-03-07 05:36:45 采集卡 生成图片数组
2018-03-07 05:36:46 采集卡 图片长度8972
2018-03-07 05:36:51 PLC 快门关闭(S06)
2018-03-07 05:36:51 视频 结束线扫
2018-03-07 05:36:51 PLC 快门3打开(S13)
2018-03-07 05:36:51 PLC 快门2打开(S08)
2018-03-07 05:36:51 PLC 快门3关闭(S14)
2018-03-07 05:36:51 PLC 快门2关闭(S09)
2018-03-07 05:39:58 PLC 采集结束(S16)
2018-03-07 05:39:58 采集卡 停止采集
2018-03-07 05:40:07 PLC 放行应答成功(AC14)
2018-03-07 05:40:25 PLC 触发线圈3(S03)
2018-03-07 05:40:25 视频 开始线扫
2018-03-07 05:40:25 PLC 开始采集(S00)
2018-03-07 05:40:25 PLC 快门3打开(S13)
2018-03-07 05:40:26 采集卡 开始采集图片
2018-03-07 05:40:26 采集卡 启动采集
2018-03-07 05:40:26 PLC 快门2打开(S08)
2018-03-07 05:40:26 PLC 采集结束(S16)
2018-03-07 05:40:26 采集卡 停止采集
2018-03-07 05:40:26 采集卡 采集完成
2018-03-07 05:40:26 采集卡 转换数据
2018-03-07 05:40:27 采集卡 转换AD
2018-03-07 05:40:27 采集卡 修改点
2018-03-07 05:40:27 采集卡 GAMMA
2018-03-07 05:40:27 采集卡 R233,C3071,S3072
2018-03-07 05:40:27 采集卡 T715543,C708774
2018-03-07 05:40:27 采集卡 容积99
2018-03-07 05:40:27 采集卡 反转图像
2018-03-07 05:40:27 采集卡 生成图片数组
2018-03-07 05:40:27 采集卡 图片长度17541
2018-03-07 05:40:27 PLC 快门关闭(S06)
2018-03-07 05:40:27 视频 结束线扫
2018-03-07 05:40:27 PLC 快门3打开(S13)
2018-03-07 05:40:27 PLC 快门2打开(S08)
2018-03-07 05:40:27 PLC 快门3关闭(S14)
2018-03-07 05:40:27 PLC 触发线圈3(S03)
2018-03-07 05:40:27 视频 开始线扫
2018-03-07 05:40:27 PLC 开始采集(S00)
2018-03-07 05:40:27 PLC 快门3关闭(S14)
2018-03-07 05:40:27 视频 结束线扫
2018-03-07 05:40:27 PLC 快门3打开(S13)
2018-03-07 05:40:28 采集卡 开始采集图片
2018-03-07 05:40:28 采集卡 启动采集
2018-03-07 05:40:28 PLC 快门2打开(S08)
2018-03-07 05:40:28 PLC 采集结束(S16)
2018-03-07 05:40:28 采集卡 停止采集
2018-03-07 05:40:28 PLC 快门关闭(S06)
2018-03-07 05:40:28 采集卡 采集完成
2018-03-07 05:40:28 采集卡 转换数据
2018-03-07 05:40:28 采集卡 转换AD
2018-03-07 05:40:28 采集卡 修改点
2018-03-07 05:40:28 采集卡 GAMMA
2018-03-07 05:40:28 采集卡 R233,C191,S192
2018-03-07 05:40:28 采集卡 T44503,C44503
2018-03-07 05:40:28 采集卡 容积100
2018-03-07 05:40:28 采集卡 反转图像
2018-03-07 05:40:28 采集卡 生成图片数组
2018-03-07 05:40:28 PLC 快门2打开(S08)
2018-03-07 05:40:28 采集卡 图片长度3212
2018-03-07 05:40:28 PLC 快门3打开(S13)
2018-03-07 05:40:28 PLC 快门2关闭(S09)
2018-03-07 05:40:28 PLC 快门3关闭(S14)
2018-03-07 05:40:38 PLC 触发线圈1(S01)
2018-03-07 05:41:19 PLC 手动运行应答成功(AC01)
2018-03-07 05:41:21 PLC 自动运行应答成功(AC00)
2018-03-07 05:41:35 PLC 触发线圈1(S01)
2018-03-07 05:41:48 PLC 触发线圈2(S02)
2018-03-07 05:42:06 PLC 触发线圈3(S03)
2018-03-07 05:42:06 视频 开始线扫
2018-03-07 05:42:06 PLC 开始采集(S00)
2018-03-07 05:42:06 PLC 快门3打开(S13)
2018-03-07 05:42:07 采集卡 开始采集图片
2018-03-07 05:42:07 PLC 快门2打开(S08)
2018-03-07 05:42:07 采集卡 启动采集
2018-03-07 05:42:57 采集卡 采集完成
2018-03-07 05:42:58 采集卡 转换数据
2018-03-07 05:42:59 采集卡 转换AD
2018-03-07 05:42:59 采集卡 修改点
2018-03-07 05:43:00 采集卡 GAMMA
2018-03-07 05:43:00 采集卡 R233,C194999,S195000
2018-03-07 05:43:00 采集卡 T45434767,C45094524
2018-03-07 05:43:00 采集卡 容积99
2018-03-07 05:43:01 采集卡 反转图像
2018-03-07 05:43:01 采集卡 生成图片数组
2018-03-07 05:43:03 采集卡 图片长度33724
2018-03-07 05:43:06 PLC 采集结束(S16)
2018-03-07 05:43:06 采集卡 停止采集
2018-03-07 05:43:06 PLC 快门关闭(S06)
2018-03-07 05:43:06 视频 结束线扫
2018-03-07 05:43:06 PLC 快门3打开(S13)
2018-03-07 05:43:06 PLC 快门2打开(S08)
2018-03-07 05:43:06 PLC 快门3关闭(S14)
2018-03-07 05:43:06 PLC 快门2关闭(S09)
2018-03-07 05:43:45 PLC 触发线圈4下降沿(S04)
2018-03-07 05:44:25 PLC 触发线圈3(S03)
2018-03-07 05:44:25 视频 开始线扫
2018-03-07 05:44:48 PLC 手动运行应答成功(AC01)
2018-03-07 05:44:52 高压电源 192.168.127.251关闭高压
2018-03-07 05:44:52 高压电源 192.168.127.252关闭高压
2018-03-07 05:44:52 高压电源 192.168.127.253关闭高压
