2018-01-11 09:53:21 视频 线扫相机初始化成功。
2018-01-11 09:53:21 采集卡 采集卡0初始化成功。
2018-01-11 09:53:21 采集卡 采集卡1初始化成功。
2018-01-11 09:53:21 采集卡 采集卡2初始化成功。
2018-01-11 09:53:21 采集卡 采集卡3初始化成功。
2018-01-11 09:53:21 高压电源 192.168.127.251:高压电源初始化成功
2018-01-11 09:53:21 高压电源 192.168.127.252:高压电源初始化成功
2018-01-11 09:53:21 高压电源 192.168.127.253:高压电源初始化成功
2018-01-11 09:53:21 PLC 手动运行应答成功(AC01)
2018-01-11 09:53:22 PLC PLC始化成功
2018-01-11 09:53:22 上位机 车牌初始化成功
2018-01-11 09:53:29 PLC 关道闸1应答成功(AC05)
2018-01-11 09:53:30 PLC 关道闸2应答成功(AC16)
2018-01-11 09:53:31 高压电源 192.168.127.251打开高压
2018-01-11 09:53:31 高压电源 192.168.127.252打开高压
2018-01-11 09:53:31 高压电源 192.168.127.253打开高压
2018-01-11 09:53:31 高压电源 训机结束
2018-01-11 09:53:31 PLC 手动运行应答成功(AC01)
2018-01-11 09:53:31 采集卡 开始采集本底
2018-01-11 09:53:31 采集卡 启动采集
2018-01-11 09:53:32 采集卡 采集完成
2018-01-11 09:53:32 采集卡 转换数据
2018-01-11 09:53:32 PLC 快门开应答成功(AC02)
2018-01-11 09:53:32 PLC 快门3打开(S13)
2018-01-11 09:53:34 采集卡 开始采集满度
2018-01-11 09:53:34 采集卡 启动采集
2018-01-11 09:53:34 采集卡 采集完成
2018-01-11 09:53:34 采集卡 转换数据
2018-01-11 09:53:34 采集卡 开始采集图片
2018-01-11 09:53:34 采集卡 启动采集
2018-01-11 09:53:36 采集卡 停止采集
2018-01-11 09:53:36 采集卡 采集完成
2018-01-11 09:53:36 采集卡 转换数据
2018-01-11 09:53:36 采集卡 转换AD
2018-01-11 09:53:36 采集卡 修改点
2018-01-11 09:53:36 采集卡 GAMMA
2018-01-11 09:53:36 采集卡 容积0
2018-01-11 09:53:36 采集卡 反转图像
2018-01-11 09:53:36 采集卡 生成图片数组
2018-01-11 09:53:37 采集卡 图片长度17461
2018-01-11 09:53:37 PLC 快门打开(S05)
2018-01-11 09:53:37 PLC 快门关应答成功(AC03)
2018-01-11 09:53:37 PLC 快门2关闭(S09)
2018-01-11 09:53:37 PLC 快门关闭(S06)
2018-01-11 09:53:37 PLC 快门3打开(S13)
2018-01-11 09:53:37 PLC 快门3关闭(S14)
2018-01-11 09:53:37 PLC 快门2关闭(S09)
2018-01-11 09:53:37 PLC 自动运行应答成功(AC00)
2018-01-11 09:53:47 高压电源 192.168.127.251关闭高压
2018-01-11 09:53:47 高压电源 192.168.127.252关闭高压
2018-01-11 09:53:47 高压电源 192.168.127.253关闭高压
2018-01-11 09:53:57 PLC 关道闸1应答成功(AC05)
2018-01-11 09:53:58 PLC 关道闸2应答成功(AC16)
2018-01-11 09:53:59 高压电源 192.168.127.253打开高压
2018-01-11 09:53:59 高压电源 192.168.127.252打开高压
2018-01-11 09:53:59 高压电源 192.168.127.251打开高压
2018-01-11 09:53:59 高压电源 训机结束
2018-01-11 09:53:59 PLC 手动运行应答成功(AC01)
2018-01-11 09:53:59 采集卡 开始采集本底
2018-01-11 09:53:59 采集卡 启动采集
2018-01-11 09:54:00 采集卡 采集完成
2018-01-11 09:54:00 采集卡 转换数据
2018-01-11 09:54:00 PLC 快门开应答成功(AC02)
2018-01-11 09:54:00 PLC 快门3打开(S13)
2018-01-11 09:54:02 采集卡 开始采集满度
2018-01-11 09:54:02 采集卡 启动采集
2018-01-11 09:54:02 采集卡 采集完成
2018-01-11 09:54:02 采集卡 转换数据
2018-01-11 09:54:02 采集卡 开始采集图片
2018-01-11 09:54:02 采集卡 启动采集
2018-01-11 09:54:04 采集卡 停止采集
2018-01-11 09:54:04 采集卡 采集完成
2018-01-11 09:54:04 采集卡 转换数据
2018-01-11 09:54:04 采集卡 转换AD
2018-01-11 09:54:04 采集卡 修改点
2018-01-11 09:54:04 采集卡 GAMMA
2018-01-11 09:54:04 采集卡 容积0
2018-01-11 09:54:04 采集卡 反转图像
2018-01-11 09:54:04 采集卡 生成图片数组
2018-01-11 09:54:05 采集卡 图片长度17365
2018-01-11 09:54:05 PLC 快门2打开(S08)
2018-01-11 09:54:05 PLC 快门打开(S05)
2018-01-11 09:54:05 PLC 快门关应答成功(AC03)
2018-01-11 09:54:05 PLC 快门2关闭(S09)
2018-01-11 09:54:05 PLC 快门关闭(S06)
2018-01-11 09:54:05 PLC 快门3打开(S13)
2018-01-11 09:54:05 PLC 快门2打开(S08)
2018-01-11 09:54:05 PLC 快门3关闭(S14)
2018-01-11 09:54:05 PLC 快门2关闭(S09)
2018-01-11 09:54:05 PLC 自动运行应答成功(AC00)
2018-01-11 09:55:01 高压电源 192.168.127.251关闭高压
2018-01-11 09:55:01 高压电源 192.168.127.252关闭高压
2018-01-11 09:55:02 高压电源 192.168.127.253关闭高压
2018-01-11 09:55:02 PLC 手动运行应答成功(AC01)
2018-01-11 09:55:03 PLC 开道闸1应答成功(AC04)
2018-01-11 09:55:03 PLC 开道闸2应答成功(AC15)
2018-01-11 09:55:28 PLC 手动运行应答成功(AC01)
2018-01-11 09:55:30 PLC 开道闸1应答成功(AC04)
2018-01-11 09:55:30 PLC 开道闸2应答成功(AC15)
2018-01-11 09:55:36 PLC 关道闸1应答成功(AC05)
2018-01-11 09:55:36 PLC 关道闸2应答成功(AC16)
2018-01-11 09:55:40 PLC 手动运行应答成功(AC01)
2018-01-11 09:55:41 PLC 开道闸1应答成功(AC04)
2018-01-11 09:55:41 PLC 开道闸2应答成功(AC15)
2018-01-11 09:55:44 PLC 关道闸1应答成功(AC05)
2018-01-11 09:55:45 PLC 关道闸2应答成功(AC16)
2018-01-11 09:55:50 高压电源 192.168.127.251关闭高压
2018-01-11 09:55:50 高压电源 192.168.127.252关闭高压
2018-01-11 09:55:50 高压电源 192.168.127.253关闭高压
2018-01-11 09:55:50 PLC 手动运行应答成功(AC01)
2018-01-11 09:55:51 PLC 开道闸1应答成功(AC04)
2018-01-11 09:55:51 PLC 开道闸2应答成功(AC15)
2018-01-11 09:55:54 PLC 关道闸1应答成功(AC05)
2018-01-11 09:55:55 PLC 关道闸2应答成功(AC16)
2018-01-11 09:55:56 高压电源 192.168.127.252打开高压
2018-01-11 09:55:56 高压电源 192.168.127.253打开高压
2018-01-11 09:55:56 高压电源 192.168.127.251打开高压
2018-01-11 09:55:56 高压电源 训机结束
2018-01-11 09:55:56 PLC 手动运行应答成功(AC01)
2018-01-11 09:55:57 采集卡 开始采集本底
2018-01-11 09:55:57 采集卡 启动采集
2018-01-11 09:55:57 采集卡 采集完成
2018-01-11 09:55:57 采集卡 转换数据
2018-01-11 09:55:57 PLC 快门开应答成功(AC02)
2018-01-11 09:55:57 PLC 快门3打开(S13)
2018-01-11 09:55:59 采集卡 开始采集满度
2018-01-11 09:55:59 采集卡 启动采集
2018-01-11 09:55:59 采集卡 采集完成
2018-01-11 09:55:59 采集卡 转换数据
2018-01-11 09:55:59 采集卡 开始采集图片
2018-01-11 09:55:59 采集卡 启动采集
2018-01-11 09:56:01 采集卡 停止采集
2018-01-11 09:56:01 采集卡 采集完成
2018-01-11 09:56:01 采集卡 转换数据
2018-01-11 09:56:01 采集卡 转换AD
2018-01-11 09:56:01 采集卡 修改点
2018-01-11 09:56:02 采集卡 GAMMA
2018-01-11 09:56:02 采集卡 容积0
2018-01-11 09:56:02 采集卡 反转图像
2018-01-11 09:56:02 采集卡 生成图片数组
2018-01-11 09:56:02 采集卡 图片长度16506
2018-01-11 09:56:02 PLC 快门打开(S05)
2018-01-11 09:56:02 PLC 快门关应答成功(AC03)
2018-01-11 09:56:02 PLC 快门2关闭(S09)
2018-01-11 09:56:02 PLC 快门关闭(S06)
2018-01-11 09:56:02 PLC 快门3打开(S13)
2018-01-11 09:56:02 PLC 快门2打开(S08)
2018-01-11 09:56:02 PLC 快门3关闭(S14)
2018-01-11 09:56:02 PLC 快门2关闭(S09)
2018-01-11 09:56:02 PLC 自动运行应答成功(AC00)
2018-01-11 09:56:16 PLC 手动运行应答成功(AC01)
2018-01-11 09:56:17 PLC 开道闸1应答成功(AC04)
2018-01-11 09:56:17 PLC 开道闸2应答成功(AC15)
2018-01-11 09:56:23 PLC 自动运行应答成功(AC00)
2018-01-11 09:56:26 PLC 手动运行应答成功(AC01)
2018-01-11 09:56:27 PLC 开道闸1应答成功(AC04)
2018-01-11 09:56:27 PLC 开道闸2应答成功(AC15)
2018-01-11 09:56:30 PLC 自动运行应答成功(AC00)
2018-01-11 09:56:35 PLC 自动运行应答成功(AC00)
2018-01-11 10:25:34 PLC 触发线圈1(S01)
2018-01-11 10:25:40 PLC 触发线圈2(S02)
2018-01-11 10:25:45 PLC 触发线圈3(S03)
2018-01-11 10:25:45 视频 开始线扫
2018-01-11 10:25:45 PLC 开始采集(S00)
2018-01-11 10:25:45 PLC 快门3打开(S13)
2018-01-11 10:25:46 采集卡 开始采集图片
2018-01-11 10:25:46 采集卡 启动采集
2018-01-11 10:25:46 PLC 快门打开(S05)
2018-01-11 10:26:01 PLC 采集结束(S16)
2018-01-11 10:26:01 采集卡 停止采集
2018-01-11 10:26:01 采集卡 采集完成
2018-01-11 10:26:02 PLC 快门2关闭(S09)
2018-01-11 10:26:02 视频 结束线扫
2018-01-11 10:26:02 PLC 快门关闭(S06)
2018-01-11 10:26:02 采集卡 转换数据
2018-01-11 10:26:02 PLC 快门3打开(S13)
2018-01-11 10:26:02 PLC 快门2打开(S08)
2018-01-11 10:26:02 采集卡 转换AD
2018-01-11 10:26:02 采集卡 修改点
2018-01-11 10:26:03 PLC 快门3关闭(S14)
2018-01-11 10:26:03 PLC 快门2关闭(S09)
2018-01-11 10:26:03 采集卡 GAMMA
2018-01-11 10:26:03 PLC 触发线圈4下降沿(S04)
2018-01-11 10:26:03 采集卡 容积89
2018-01-11 10:26:04 采集卡 反转图像
2018-01-11 10:26:04 采集卡 生成图片数组
2018-01-11 10:26:04 采集卡 图片长度57995
2018-01-11 10:31:36 PLC 触发线圈1(S01)
2018-01-11 10:31:40 PLC 触发线圈2(S02)
2018-01-11 10:31:45 PLC 触发线圈3(S03)
2018-01-11 10:31:45 视频 开始线扫
2018-01-11 10:31:45 PLC 开始采集(S00)
2018-01-11 10:31:46 PLC 快门3打开(S13)
2018-01-11 10:31:46 采集卡 开始采集图片
2018-01-11 10:31:46 PLC 快门打开(S05)
2018-01-11 10:31:46 采集卡 启动采集
2018-01-11 10:32:01 PLC 采集结束(S16)
2018-01-11 10:32:01 采集卡 停止采集
2018-01-11 10:32:01 采集卡 采集完成
2018-01-11 10:32:01 PLC 快门2关闭(S09)
2018-01-11 10:32:01 视频 结束线扫
2018-01-11 10:32:01 PLC 快门关闭(S06)
2018-01-11 10:32:01 采集卡 转换数据
2018-01-11 10:32:01 PLC 快门3打开(S13)
2018-01-11 10:32:02 PLC 快门2打开(S08)
2018-01-11 10:32:02 采集卡 转换AD
2018-01-11 10:32:02 采集卡 修改点
2018-01-11 10:32:02 PLC 快门3关闭(S14)
2018-01-11 10:32:02 PLC 快门2关闭(S09)
2018-01-11 10:32:02 PLC 触发线圈4下降沿(S04)
2018-01-11 10:32:02 采集卡 GAMMA
2018-01-11 10:32:03 采集卡 容积85
2018-01-11 10:32:03 采集卡 反转图像
2018-01-11 10:32:03 采集卡 生成图片数组
2018-01-11 10:32:03 采集卡 图片长度56915
2018-01-11 10:33:19 PLC 触发线圈1(S01)
2018-01-11 10:33:23 PLC 触发线圈2(S02)
2018-01-11 10:33:27 PLC 触发线圈3(S03)
2018-01-11 10:33:27 视频 开始线扫
2018-01-11 10:33:27 PLC 开始采集(S00)
2018-01-11 10:33:27 PLC 快门3打开(S13)
2018-01-11 10:33:28 采集卡 开始采集图片
2018-01-11 10:33:28 PLC 快门打开(S05)
2018-01-11 10:33:28 采集卡 启动采集
2018-01-11 10:33:35 PLC 采集结束(S16)
2018-01-11 10:33:35 采集卡 停止采集
2018-01-11 10:33:35 采集卡 采集完成
2018-01-11 10:33:36 PLC 快门2关闭(S09)
2018-01-11 10:33:36 采集卡 转换数据
2018-01-11 10:33:36 视频 结束线扫
2018-01-11 10:33:36 PLC 快门关闭(S06)
2018-01-11 10:33:36 采集卡 转换AD
2018-01-11 10:33:36 采集卡 修改点
2018-01-11 10:33:37 采集卡 GAMMA
2018-01-11 10:33:37 PLC 快门3打开(S13)
2018-01-11 10:33:37 PLC 快门2打开(S08)
2018-01-11 10:33:37 PLC 快门3关闭(S14)
2018-01-11 10:33:37 采集卡 容积88
2018-01-11 10:33:37 PLC 快门2关闭(S09)
2018-01-11 10:33:37 PLC 触发线圈4下降沿(S04)
2018-01-11 10:33:37 采集卡 反转图像
2018-01-11 10:33:37 采集卡 生成图片数组
2018-01-11 10:33:37 采集卡 图片长度34637
2018-01-11 10:37:20 高压电源 192.168.127.251关闭高压
2018-01-11 10:37:21 高压电源 192.168.127.252关闭高压
2018-01-11 10:37:21 高压电源 192.168.127.253关闭高压
