2018-12-10 11:29:10 采集卡 127.0.0.1初始化成功。
2018-12-10 11:29:14 采集卡 开始采集本底
2018-12-10 11:29:14 采集卡 启动采集
2018-12-10 11:29:14 采集卡 采集完成
2018-12-10 11:29:14 采集卡 转换数据
2018-12-10 11:29:15 采集卡 开始采集满度
2018-12-10 11:29:15 采集卡 启动采集
2018-12-10 11:29:15 采集卡 采集完成
2018-12-10 11:29:15 采集卡 转换数据
2018-12-10 11:29:17 采集卡 开始采集图片
2018-12-10 11:29:17 采集卡 启动采集
2018-12-10 11:29:18 采集卡 停止采集
2018-12-10 11:29:18 采集卡 采集完成
2018-12-10 11:29:18 采集卡 转换数据
2018-12-10 11:29:18 采集卡 转换AD
2018-12-10 11:29:18 采集卡 修改点
2018-12-10 11:29:19 采集卡 GAMMA
2018-12-10 11:29:19 采集卡 容积99
2018-12-10 11:29:19 采集卡 反转图像
2018-12-10 11:29:19 采集卡 生成图片数组
2018-12-10 11:29:19 采集卡 图片长度716
2018-12-10 11:29:20 采集卡 开始采集图片
2018-12-10 11:29:20 采集卡 启动采集
2018-12-10 11:29:21 采集卡 停止采集
2018-12-10 11:29:21 采集卡 采集完成
2018-12-10 11:29:21 采集卡 转换数据
2018-12-10 11:29:21 采集卡 转换AD
2018-12-10 11:29:21 采集卡 修改点
2018-12-10 11:29:22 采集卡 GAMMA
2018-12-10 11:29:22 采集卡 容积99
2018-12-10 11:29:22 采集卡 反转图像
2018-12-10 11:29:22 采集卡 生成图片数组
2018-12-10 11:29:22 采集卡 图片长度716
2018-12-10 11:29:23 采集卡 开始采集图片
2018-12-10 11:29:23 采集卡 启动采集
2018-12-10 11:29:24 采集卡 停止采集
2018-12-10 11:29:24 采集卡 采集完成
2018-12-10 11:29:24 采集卡 转换数据
2018-12-10 11:29:25 采集卡 转换AD
2018-12-10 11:29:25 采集卡 修改点
2018-12-10 11:29:25 采集卡 GAMMA
2018-12-10 11:29:25 采集卡 容积99
2018-12-10 11:29:25 采集卡 反转图像
2018-12-10 11:29:25 采集卡 生成图片数组
2018-12-10 11:29:25 采集卡 图片长度716
2018-12-10 11:29:27 采集卡 开始采集图片
2018-12-10 11:29:27 采集卡 启动采集
2018-12-10 11:29:27 采集卡 停止采集
2018-12-10 11:29:27 采集卡 采集完成
2018-12-10 11:29:28 采集卡 转换数据
2018-12-10 11:29:29 采集卡 转换AD
2018-12-10 11:29:29 采集卡 修改点
2018-12-10 11:29:29 采集卡 GAMMA
2018-12-10 11:29:29 采集卡 容积99
2018-12-10 11:29:29 采集卡 反转图像
2018-12-10 11:29:29 采集卡 生成图片数组
2018-12-10 11:29:29 采集卡 图片长度716
2018-12-10 11:29:34 采集卡 开始采集图片
2018-12-10 11:29:34 采集卡 启动采集
2018-12-10 11:29:35 采集卡 停止采集
2018-12-10 11:29:38 采集卡 开始采集图片
2018-12-10 11:29:38 采集卡 启动采集
2018-12-10 11:29:45 采集卡 127.0.0.1初始化成功。
2018-12-10 11:29:47 采集卡 开始采集图片
2018-12-10 11:29:47 采集卡 启动采集
2018-12-10 11:29:49 采集卡 停止采集
2018-12-10 11:29:49 采集卡 转换数据
2018-12-10 11:29:51 采集卡 转换AD
2018-12-10 11:29:51 采集卡 修改点
2018-12-10 11:29:53 采集卡 GAMMA
2018-12-10 11:29:53 采集卡 容积99
2018-12-10 11:29:53 采集卡 反转图像
2018-12-10 11:29:53 采集卡 生成图片数组
2018-12-10 11:29:53 采集卡 图片长度716
2018-12-10 11:29:59 采集卡 开始采集图片
2018-12-10 11:29:59 采集卡 启动采集
2018-12-10 11:30:01 采集卡 停止采集
2018-12-10 11:30:01 采集卡 采集完成
2018-12-10 11:30:01 采集卡 转换数据
2018-12-10 11:30:02 采集卡 转换AD
2018-12-10 11:30:02 采集卡 修改点
2018-12-10 11:30:03 采集卡 GAMMA
2018-12-10 11:30:03 采集卡 容积99
2018-12-10 11:30:03 采集卡 反转图像
2018-12-10 11:30:03 采集卡 生成图片数组
2018-12-10 11:30:03 采集卡 图片长度716
2018-12-10 11:30:10 采集卡 开始采集图片
2018-12-10 11:30:10 采集卡 启动采集
2018-12-10 11:30:14 采集卡 停止采集
2018-12-10 11:30:14 采集卡 采集完成
2018-12-10 11:30:14 采集卡 转换数据
2018-12-10 11:30:17 采集卡 转换AD
2018-12-10 11:30:17 采集卡 修改点
2018-12-10 11:30:21 采集卡 GAMMA
2018-12-10 11:30:22 采集卡 容积99
2018-12-10 11:30:22 采集卡 反转图像
2018-12-10 11:30:22 采集卡 生成图片数组
2018-12-10 11:30:22 采集卡 图片长度716
2018-12-10 11:30:34 高压电源 192.168.127.251关闭高压
2018-12-10 11:30:34 高压电源 192.168.127.252关闭高压
2018-12-10 11:30:34 高压电源 192.168.127.253关闭高压
