2018-03-06 02:40:59 视频 线扫相机初始化成功。
2018-03-06 02:40:59 采集卡 采集卡0初始化成功。
2018-03-06 02:40:59 采集卡 采集卡1初始化成功。
2018-03-06 02:40:59 采集卡 采集卡2初始化成功。
2018-03-06 02:40:59 采集卡 采集卡3初始化成功。
2018-03-06 02:40:59 高压电源 192.168.127.251:高压电源初始化成功
2018-03-06 02:40:59 高压电源 192.168.127.252:高压电源初始化成功
2018-03-06 02:40:59 高压电源 192.168.127.253:高压电源初始化成功
2018-03-06 02:40:59 PLC 手动运行应答成功(AC01)
2018-03-06 02:41:00 PLC PLC始化成功
2018-03-06 02:41:00 上位机 车牌初始化成功
2018-03-06 02:41:02 PLC 关道闸1应答成功(AC05)
2018-03-06 02:41:03 PLC 关道闸2应答成功(AC16)
2018-03-06 02:41:04 高压电源 192.168.127.251打开高压
2018-03-06 02:41:04 高压电源 192.168.127.252打开高压
2018-03-06 02:41:04 高压电源 192.168.127.253打开高压
2018-03-06 02:41:04 高压电源 训机结束
2018-03-06 02:41:04 PLC 手动运行应答成功(AC01)
2018-03-06 02:41:04 采集卡 开始采集本底
2018-03-06 02:41:04 采集卡 启动采集
2018-03-06 02:41:05 采集卡 采集完成
2018-03-06 02:41:05 采集卡 转换数据
2018-03-06 02:41:05 PLC 快门开应答成功(AC02)
2018-03-06 02:41:05 PLC 快门3打开(S13)
2018-03-06 02:41:07 采集卡 开始采集满度
2018-03-06 02:41:07 采集卡 启动采集
2018-03-06 02:41:07 采集卡 采集完成
2018-03-06 02:41:07 采集卡 转换数据
2018-03-06 02:41:07 采集卡 开始采集图片
2018-03-06 02:41:07 采集卡 启动采集
2018-03-06 02:41:09 采集卡 停止采集
2018-03-06 02:41:09 采集卡 采集完成
2018-03-06 02:41:09 采集卡 转换数据
2018-03-06 02:41:09 采集卡 转换AD
2018-03-06 02:41:09 采集卡 修改点
2018-03-06 02:41:09 采集卡 GAMMA
2018-03-06 02:41:09 采集卡 模糊处理
2018-03-06 02:41:09 采集卡 R0,C0,S7680
2018-03-06 02:41:09 采集卡 容积0
2018-03-06 02:41:09 采集卡 反转图像
2018-03-06 02:41:09 采集卡 生成图片数组
2018-03-06 02:41:09 采集卡 图片长度3212
2018-03-06 02:41:11 PLC 快门关应答成功(AC03)
2018-03-06 02:41:11 PLC 快门关闭(S06)
2018-03-06 02:41:11 PLC 快门3打开(S13)
2018-03-06 02:41:11 PLC 快门2打开(S08)
2018-03-06 02:41:11 PLC 快门2关闭(S09)
2018-03-06 02:41:11 PLC 快门3关闭(S14)
2018-03-06 02:41:11 PLC 快门2关闭(S09)
2018-03-06 02:41:11 PLC 自动运行应答成功(AC00)
2018-03-06 02:42:12 PLC 触发线圈1(S01)
2018-03-06 02:42:16 PLC 触发线圈2(S02)
2018-03-06 02:42:20 PLC 触发线圈3(S03)
2018-03-06 02:42:20 视频 开始线扫
2018-03-06 02:42:20 PLC 开始采集(S00)
2018-03-06 02:42:20 PLC 快门3打开(S13)
2018-03-06 02:42:20 采集卡 开始采集图片
2018-03-06 02:42:20 采集卡 启动采集
2018-03-06 02:42:28 PLC 采集结束(S16)
2018-03-06 02:42:28 采集卡 停止采集
2018-03-06 02:42:28 采集卡 采集完成
2018-03-06 02:42:28 采集卡 转换数据
2018-03-06 02:42:28 PLC 快门关闭(S06)
2018-03-06 02:42:28 视频 结束线扫
2018-03-06 02:42:28 PLC 快门3打开(S13)
2018-03-06 02:42:28 采集卡 转换AD
2018-03-06 02:42:28 采集卡 修改点
2018-03-06 02:42:28 PLC 快门2打开(S08)
2018-03-06 02:42:28 PLC 快门2关闭(S09)
2018-03-06 02:42:28 PLC 快门3关闭(S14)
2018-03-06 02:42:28 采集卡 GAMMA
2018-03-06 02:42:28 采集卡 模糊处理
2018-03-06 02:42:28 PLC 快门2关闭(S09)
2018-03-06 02:42:28 采集卡 R149,C21302,S29056
2018-03-06 02:42:28 采集卡 T3173998,C1505963
2018-03-06 02:42:28 采集卡 容积47
2018-03-06 02:42:28 采集卡 反转图像
2018-03-06 02:42:29 采集卡 生成图片数组
2018-03-06 02:42:29 采集卡 图片长度25690
2018-03-06 02:42:31 PLC 触发线圈4下降沿(S04)
2018-03-06 02:42:51 PLC 触发线圈1(S01)
2018-03-06 02:42:54 PLC 触发线圈2(S02)
2018-03-06 02:42:59 PLC 触发线圈3(S03)
2018-03-06 02:42:59 视频 开始线扫
2018-03-06 02:42:59 PLC 开始采集(S00)
2018-03-06 02:42:59 PLC 快门3打开(S13)
2018-03-06 02:43:00 采集卡 开始采集图片
2018-03-06 02:43:00 采集卡 启动采集
2018-03-06 02:43:07 PLC 采集结束(S16)
2018-03-06 02:43:07 采集卡 停止采集
2018-03-06 02:43:07 采集卡 采集完成
2018-03-06 02:43:07 采集卡 转换数据
2018-03-06 02:43:07 PLC 快门关闭(S06)
2018-03-06 02:43:07 视频 结束线扫
2018-03-06 02:43:07 PLC 快门3打开(S13)
2018-03-06 02:43:07 采集卡 转换AD
2018-03-06 02:43:07 采集卡 修改点
2018-03-06 02:43:07 PLC 快门2打开(S08)
2018-03-06 02:43:07 采集卡 GAMMA
2018-03-06 02:43:07 PLC 快门2关闭(S09)
2018-03-06 02:43:07 采集卡 模糊处理
2018-03-06 02:43:07 PLC 快门3关闭(S14)
2018-03-06 02:43:07 PLC 快门2关闭(S09)
2018-03-06 02:43:07 采集卡 R166,C20724,S26240
2018-03-06 02:43:07 采集卡 T3440184,C2357854
2018-03-06 02:43:07 采集卡 容积68
2018-03-06 02:43:07 采集卡 反转图像
2018-03-06 02:43:07 采集卡 生成图片数组
2018-03-06 02:43:08 采集卡 图片长度30540
2018-03-06 02:43:10 PLC 触发线圈4下降沿(S04)
2018-03-06 02:44:12 PLC 触发线圈1(S01)
2018-03-06 02:44:14 PLC 触发线圈2(S02)
2018-03-06 02:44:17 PLC 触发线圈3(S03)
2018-03-06 02:44:17 视频 开始线扫
2018-03-06 02:44:17 PLC 开始采集(S00)
2018-03-06 02:44:17 PLC 快门3打开(S13)
2018-03-06 02:44:18 采集卡 开始采集图片
2018-03-06 02:44:18 采集卡 启动采集
2018-03-06 02:44:20 PLC 采集结束(S16)
2018-03-06 02:44:20 采集卡 停止采集
2018-03-06 02:44:20 采集卡 采集完成
2018-03-06 02:44:21 采集卡 转换数据
2018-03-06 02:44:21 采集卡 转换AD
2018-03-06 02:44:21 采集卡 修改点
2018-03-06 02:44:21 采集卡 GAMMA
2018-03-06 02:44:21 采集卡 模糊处理
2018-03-06 02:44:21 PLC 快门关闭(S06)
2018-03-06 02:44:21 采集卡 R104,C4561,S9728
2018-03-06 02:44:21 采集卡 T474344,C410885
2018-03-06 02:44:21 采集卡 容积86
2018-03-06 02:44:21 视频 结束线扫
2018-03-06 02:44:21 PLC 快门3打开(S13)
2018-03-06 02:44:21 采集卡 反转图像
2018-03-06 02:44:21 采集卡 生成图片数组
2018-03-06 02:44:21 PLC 快门2打开(S08)
2018-03-06 02:44:21 PLC 快门2关闭(S09)
2018-03-06 02:44:21 采集卡 图片长度17256
2018-03-06 02:44:21 PLC 快门3关闭(S14)
2018-03-06 02:44:21 PLC 快门2关闭(S09)
2018-03-06 02:44:23 PLC 触发线圈4下降沿(S04)
2018-03-06 02:44:38 高压电源 192.168.127.251关闭高压
2018-03-06 02:44:39 高压电源 192.168.127.252关闭高压
2018-03-06 02:44:39 高压电源 192.168.127.253关闭高压
