2018-03-06 12:59:04 视频 线扫相机初始化成功。
2018-03-06 12:59:04 采集卡 采集卡0初始化成功。
2018-03-06 12:59:04 采集卡 采集卡1初始化成功。
2018-03-06 12:59:04 采集卡 采集卡2初始化成功。
2018-03-06 12:59:04 采集卡 采集卡3初始化成功。
2018-03-06 12:59:04 高压电源 192.168.127.251:高压电源初始化成功
2018-03-06 12:59:04 高压电源 192.168.127.253:高压电源初始化成功
2018-03-06 12:59:04 PLC 手动运行应答成功(AC01)
2018-03-06 12:59:04 PLC PLC始化成功
2018-03-06 12:59:04 上位机 车牌初始化成功
2018-03-06 12:59:07 PLC 关道闸1应答成功(AC05)
2018-03-06 12:59:08 PLC 关道闸2应答成功(AC16)
2018-03-06 12:59:09 高压电源 192.168.127.253打开高压
2018-03-06 12:59:09 高压电源 192.168.127.251打开高压
2018-03-06 12:59:09 高压电源 192.168.127.252打开高压
2018-03-06 12:59:09 高压电源 训机结束
2018-03-06 12:59:09 PLC 手动运行应答成功(AC01)
2018-03-06 12:59:09 采集卡 开始采集本底
2018-03-06 12:59:09 采集卡 启动采集
2018-03-06 12:59:09 采集卡 采集完成
2018-03-06 12:59:09 采集卡 转换数据
2018-03-06 12:59:09 PLC 快门开应答成功(AC02)
2018-03-06 12:59:09 PLC 快门3打开(S13)
2018-03-06 12:59:11 采集卡 开始采集满度
2018-03-06 12:59:11 采集卡 启动采集
2018-03-06 12:59:12 采集卡 采集完成
2018-03-06 12:59:12 采集卡 转换数据
2018-03-06 12:59:12 采集卡 开始采集图片
2018-03-06 12:59:12 采集卡 启动采集
2018-03-06 12:59:14 采集卡 停止采集
2018-03-06 12:59:14 采集卡 采集完成
2018-03-06 12:59:14 采集卡 转换数据
2018-03-06 12:59:14 采集卡 转换AD
2018-03-06 12:59:14 采集卡 修改点
2018-03-06 12:59:14 采集卡 GAMMA
2018-03-06 12:59:14 采集卡 模糊处理
2018-03-06 12:59:14 采集卡 R0,C0,S7680
2018-03-06 12:59:14 采集卡 容积0
2018-03-06 12:59:14 采集卡 反转图像
2018-03-06 12:59:14 采集卡 生成图片数组
2018-03-06 12:59:14 采集卡 图片长度3212
2018-03-06 12:59:15 PLC 快门关应答成功(AC03)
2018-03-06 12:59:15 PLC 快门关闭(S06)
2018-03-06 12:59:15 PLC 快门3打开(S13)
2018-03-06 12:59:15 PLC 快门2打开(S08)
2018-03-06 12:59:15 PLC 快门2关闭(S09)
2018-03-06 12:59:15 PLC 快门3关闭(S14)
2018-03-06 12:59:15 PLC 快门2关闭(S09)
2018-03-06 12:59:15 PLC 自动运行应答成功(AC00)
2018-03-06 01:00:19 PLC 触发线圈1(S01)
2018-03-06 01:00:23 PLC 触发线圈2(S02)
2018-03-06 01:00:29 PLC 触发线圈3(S03)
2018-03-06 01:00:29 视频 开始线扫
2018-03-06 01:00:29 PLC 开始采集(S00)
2018-03-06 01:00:29 PLC 快门打开(S05)
2018-03-06 01:00:29 采集卡 开始采集图片
2018-03-06 01:00:29 采集卡 启动采集
2018-03-06 01:00:29 PLC 快门3打开(S13)
2018-03-06 01:00:45 PLC 采集结束(S16)
2018-03-06 01:00:45 采集卡 停止采集
2018-03-06 01:00:45 采集卡 采集完成
2018-03-06 01:00:45 PLC 快门关闭(S06)
2018-03-06 01:00:45 采集卡 转换数据
2018-03-06 01:00:45 视频 结束线扫
2018-03-06 01:00:45 PLC 快门3打开(S13)
2018-03-06 01:00:45 PLC 快门2打开(S08)
2018-03-06 01:00:45 PLC 快门3关闭(S14)
2018-03-06 01:00:45 PLC 快门2关闭(S09)
2018-03-06 01:00:45 PLC 快门3关闭(S14)
2018-03-06 01:00:45 PLC 快门2关闭(S09)
2018-03-06 01:00:45 采集卡 转换AD
2018-03-06 01:00:45 采集卡 修改点
2018-03-06 01:00:46 采集卡 GAMMA
2018-03-06 01:00:46 采集卡 模糊处理
2018-03-06 01:00:46 采集卡 R141,C59519,S59520
2018-03-06 01:00:46 采集卡 T8392179,C4499279
2018-03-06 01:00:46 采集卡 容积53
2018-03-06 01:00:46 采集卡 反转图像
2018-03-06 01:00:46 采集卡 生成图片数组
2018-03-06 01:00:47 采集卡 图片长度34195
2018-03-06 01:00:48 PLC 触发线圈4下降沿(S04)
2018-03-06 01:00:58 PLC 触发线圈1(S01)
2018-03-06 01:01:02 PLC 触发线圈2(S02)
2018-03-06 01:01:08 PLC 触发线圈3(S03)
2018-03-06 01:01:08 视频 开始线扫
2018-03-06 01:01:08 PLC 开始采集(S00)
2018-03-06 01:01:08 PLC 快门打开(S05)
2018-03-06 01:01:08 采集卡 开始采集图片
2018-03-06 01:01:08 采集卡 启动采集
2018-03-06 01:01:21 PLC 采集结束(S16)
2018-03-06 01:01:21 采集卡 停止采集
2018-03-06 01:01:21 采集卡 采集完成
2018-03-06 01:01:22 PLC 快门关闭(S06)
2018-03-06 01:01:22 采集卡 转换数据
2018-03-06 01:01:22 视频 结束线扫
2018-03-06 01:01:22 PLC 快门3打开(S13)
2018-03-06 01:01:22 PLC 快门2打开(S08)
2018-03-06 01:01:22 采集卡 修改点
2018-03-06 01:01:22 PLC 快门2关闭(S09)
2018-03-06 01:01:22 PLC 快门3关闭(S14)
2018-03-06 01:01:22 PLC 快门2关闭(S09)
2018-03-06 01:01:22 采集卡 GAMMA
2018-03-06 01:01:22 采集卡 模糊处理
2018-03-06 01:01:23 采集卡 R136,C43481,S50944
2018-03-06 01:01:23 采集卡 T5913416,C3733493
2018-03-06 01:01:23 采集卡 容积63
2018-03-06 01:01:23 采集卡 反转图像
2018-03-06 01:01:23 采集卡 生成图片数组
2018-03-06 01:01:23 采集卡 图片长度35631
2018-03-06 01:01:25 PLC 触发线圈4下降沿(S04)
2018-03-06 01:06:56 高压电源 192.168.127.251关闭高压
2018-03-06 01:06:56 高压电源 192.168.127.252关闭高压
2018-03-06 01:06:57 高压电源 192.168.127.253关闭高压
2018-03-06 01:10:01 PLC 关道闸1应答成功(AC05)
2018-03-06 01:10:02 PLC 关道闸2应答成功(AC16)
2018-03-06 01:10:03 高压电源 192.168.127.251打开高压
2018-03-06 01:10:03 高压电源 192.168.127.253打开高压
2018-03-06 01:10:03 高压电源 192.168.127.252打开高压
2018-03-06 01:10:03 高压电源 训机结束
2018-03-06 01:10:03 PLC 手动运行应答成功(AC01)
2018-03-06 01:10:03 采集卡 开始采集本底
2018-03-06 01:10:03 采集卡 启动采集
2018-03-06 01:10:04 采集卡 采集完成
2018-03-06 01:10:04 采集卡 转换数据
2018-03-06 01:10:04 PLC 快门开应答成功(AC02)
2018-03-06 01:10:04 PLC 快门3打开(S13)
2018-03-06 01:10:06 采集卡 开始采集满度
2018-03-06 01:10:06 采集卡 启动采集
2018-03-06 01:10:06 采集卡 采集完成
2018-03-06 01:10:06 采集卡 转换数据
2018-03-06 01:10:06 采集卡 开始采集图片
2018-03-06 01:10:06 采集卡 启动采集
2018-03-06 01:10:08 采集卡 停止采集
2018-03-06 01:10:08 采集卡 采集完成
2018-03-06 01:10:08 采集卡 转换数据
2018-03-06 01:10:08 采集卡 转换AD
2018-03-06 01:10:08 采集卡 修改点
2018-03-06 01:10:08 采集卡 GAMMA
2018-03-06 01:10:08 采集卡 模糊处理
2018-03-06 01:10:08 采集卡 R0,C0,S7680
2018-03-06 01:10:08 采集卡 容积0
2018-03-06 01:10:08 采集卡 反转图像
2018-03-06 01:10:08 采集卡 生成图片数组
2018-03-06 01:10:08 采集卡 图片长度3212
2018-03-06 01:10:10 PLC 快门2打开(S08)
2018-03-06 01:10:10 PLC 快门关应答成功(AC03)
2018-03-06 01:10:10 PLC 快门关闭(S06)
2018-03-06 01:10:10 PLC 快门3打开(S13)
2018-03-06 01:10:10 PLC 快门2打开(S08)
2018-03-06 01:10:10 PLC 快门3关闭(S14)
2018-03-06 01:10:10 PLC 快门2关闭(S09)
2018-03-06 01:10:10 PLC 快门3关闭(S14)
2018-03-06 01:10:10 PLC 快门2关闭(S09)
2018-03-06 01:10:10 PLC 自动运行应答成功(AC00)
2018-03-06 01:10:35 PLC 触发线圈1(S01)
2018-03-06 01:10:39 PLC 触发线圈2(S02)
2018-03-06 01:10:43 PLC 触发线圈3(S03)
2018-03-06 01:10:43 视频 开始线扫
2018-03-06 01:10:43 PLC 开始采集(S00)
2018-03-06 01:10:43 PLC 快门3打开(S13)
2018-03-06 01:10:44 采集卡 开始采集图片
2018-03-06 01:10:44 采集卡 启动采集
2018-03-06 01:10:52 PLC 采集结束(S16)
2018-03-06 01:10:52 采集卡 停止采集
2018-03-06 01:10:52 采集卡 采集完成
2018-03-06 01:10:52 采集卡 转换数据
2018-03-06 01:10:52 PLC 快门关闭(S06)
2018-03-06 01:10:52 视频 结束线扫
2018-03-06 01:10:52 PLC 快门3打开(S13)
2018-03-06 01:10:52 采集卡 转换AD
2018-03-06 01:10:52 采集卡 修改点
2018-03-06 01:10:52 PLC 快门2打开(S08)
2018-03-06 01:10:52 PLC 快门3关闭(S14)
2018-03-06 01:10:52 PLC 快门2关闭(S09)
2018-03-06 01:10:52 PLC 快门3关闭(S14)
2018-03-06 01:10:52 采集卡 GAMMA
2018-03-06 01:10:52 采集卡 模糊处理
2018-03-06 01:10:52 PLC 快门2关闭(S09)
2018-03-06 01:10:53 采集卡 R138,C23185,S31488
2018-03-06 01:10:53 采集卡 T3199530,C2012931
2018-03-06 01:10:53 采集卡 容积62
2018-03-06 01:10:53 采集卡 反转图像
2018-03-06 01:10:53 采集卡 生成图片数组
2018-03-06 01:10:53 采集卡 图片长度29037
2018-03-06 01:10:55 PLC 触发线圈4下降沿(S04)
2018-03-06 01:11:23 PLC 触发线圈1(S01)
2018-03-06 01:11:27 PLC 触发线圈2(S02)
2018-03-06 01:11:32 PLC 触发线圈3(S03)
2018-03-06 01:11:32 视频 开始线扫
2018-03-06 01:11:32 PLC 开始采集(S00)
2018-03-06 01:11:32 PLC 快门3打开(S13)
2018-03-06 01:11:32 采集卡 开始采集图片
2018-03-06 01:11:32 采集卡 启动采集
2018-03-06 01:11:43 PLC 采集结束(S16)
2018-03-06 01:11:43 采集卡 停止采集
2018-03-06 01:11:43 采集卡 采集完成
2018-03-06 01:11:44 PLC 快门关闭(S06)
2018-03-06 01:11:44 采集卡 转换数据
2018-03-06 01:11:44 采集卡 转换AD
2018-03-06 01:11:44 采集卡 修改点
2018-03-06 01:11:44 视频 结束线扫
2018-03-06 01:11:44 PLC 快门3打开(S13)
2018-03-06 01:11:44 采集卡 GAMMA
2018-03-06 01:11:44 采集卡 模糊处理
2018-03-06 01:11:44 采集卡 R164,C33841,S42624
2018-03-06 01:11:44 PLC 快门3关闭(S14)
2018-03-06 01:11:44 PLC 快门2关闭(S09)
2018-03-06 01:11:44 PLC 快门3关闭(S14)
2018-03-06 01:11:44 PLC 快门2关闭(S09)
2018-03-06 01:11:44 采集卡 T5549924,C3618477
2018-03-06 01:11:44 采集卡 容积65
2018-03-06 01:11:44 采集卡 反转图像
2018-03-06 01:11:44 采集卡 生成图片数组
2018-03-06 01:11:45 采集卡 图片长度30802
2018-03-06 01:11:47 PLC 触发线圈4下降沿(S04)
2018-03-06 01:12:07 PLC 触发线圈1(S01)
2018-03-06 01:12:11 PLC 触发线圈2(S02)
2018-03-06 01:12:15 PLC 触发线圈3(S03)
2018-03-06 01:12:15 视频 开始线扫
2018-03-06 01:12:15 PLC 开始采集(S00)
2018-03-06 01:12:16 PLC 快门3打开(S13)
2018-03-06 01:12:16 采集卡 开始采集图片
2018-03-06 01:12:16 采集卡 启动采集
2018-03-06 01:12:32 PLC 采集结束(S16)
2018-03-06 01:12:32 采集卡 停止采集
2018-03-06 01:12:32 采集卡 采集完成
2018-03-06 01:12:32 PLC 快门关闭(S06)
2018-03-06 01:12:32 采集卡 转换数据
2018-03-06 01:12:33 视频 结束线扫
2018-03-06 01:12:33 PLC 快门3打开(S13)
2018-03-06 01:12:33 采集卡 转换AD
2018-03-06 01:12:33 采集卡 修改点
2018-03-06 01:12:33 PLC 快门2打开(S08)
2018-03-06 01:12:33 采集卡 GAMMA
2018-03-06 01:12:33 采集卡 模糊处理
2018-03-06 01:12:33 PLC 快门3关闭(S14)
2018-03-06 01:12:33 PLC 快门2关闭(S09)
2018-03-06 01:12:33 PLC 快门3关闭(S14)
2018-03-06 01:12:33 PLC 快门2关闭(S09)
2018-03-06 01:12:33 采集卡 R138,C56423,S62336
2018-03-06 01:12:33 采集卡 T7786374,C5320958
2018-03-06 01:12:33 采集卡 容积68
2018-03-06 01:12:34 采集卡 反转图像
2018-03-06 01:12:34 采集卡 生成图片数组
2018-03-06 01:12:34 采集卡 图片长度35645
2018-03-06 01:12:35 PLC 触发线圈4下降沿(S04)
2018-03-06 01:12:38 PLC 触发线圈1(S01)
2018-03-06 01:12:40 PLC 触发线圈2(S02)
2018-03-06 01:12:43 PLC 触发线圈3(S03)
2018-03-06 01:12:43 视频 开始线扫
2018-03-06 01:12:43 PLC 开始采集(S00)
2018-03-06 01:12:44 PLC 快门3打开(S13)
2018-03-06 01:12:44 采集卡 开始采集图片
2018-03-06 01:12:44 采集卡 启动采集
2018-03-06 01:12:51 PLC 采集结束(S16)
2018-03-06 01:12:51 采集卡 停止采集
2018-03-06 01:12:51 采集卡 采集完成
2018-03-06 01:12:51 采集卡 转换数据
2018-03-06 01:12:51 PLC 快门关闭(S06)
2018-03-06 01:12:51 采集卡 转换AD
2018-03-06 01:12:51 视频 结束线扫
2018-03-06 01:12:51 PLC 快门3打开(S13)
2018-03-06 01:12:51 采集卡 修改点
2018-03-06 01:12:51 采集卡 GAMMA
2018-03-06 01:12:51 采集卡 模糊处理
2018-03-06 01:12:51 PLC 快门2打开(S08)
2018-03-06 01:12:51 采集卡 R173,C21096,S25856
2018-03-06 01:12:51 采集卡 T3649608,C1629918
2018-03-06 01:12:51 采集卡 容积44
2018-03-06 01:12:51 PLC 快门3关闭(S14)
2018-03-06 01:12:51 PLC 快门2关闭(S09)
2018-03-06 01:12:51 PLC 快门3关闭(S14)
2018-03-06 01:12:51 PLC 快门2关闭(S09)
2018-03-06 01:12:52 采集卡 反转图像
2018-03-06 01:12:52 采集卡 生成图片数组
2018-03-06 01:12:52 采集卡 图片长度38267
2018-03-06 01:12:54 PLC 触发线圈4下降沿(S04)
2018-03-06 01:14:04 高压电源 192.168.127.251关闭高压
2018-03-06 01:14:04 高压电源 192.168.127.252关闭高压
2018-03-06 01:14:04 高压电源 192.168.127.253关闭高压
