2018-03-07 05:10:49 视频 线扫相机初始化成功。
2018-03-07 05:10:50 采集卡 采集卡0初始化成功。
2018-03-07 05:10:50 采集卡 采集卡1初始化成功。
2018-03-07 05:10:50 采集卡 采集卡2初始化成功。
2018-03-07 05:10:50 采集卡 采集卡3初始化成功。
2018-03-07 05:10:50 高压电源 192.168.127.252:高压电源初始化成功
2018-03-07 05:10:50 高压电源 192.168.127.253:高压电源初始化成功
2018-03-07 05:10:50 高压电源 192.168.127.251:高压电源初始化成功
2018-03-07 05:10:50 PLC 手动运行应答成功(AC01)
2018-03-07 05:10:50 PLC PLC始化成功
2018-03-07 05:10:50 上位机 车牌初始化成功
2018-03-07 05:10:54 PLC 自动运行应答成功(AC00)
2018-03-07 05:11:04 PLC 触发线圈1(S01)
2018-03-07 05:11:04 PLC 触发线圈1(S01)
2018-03-07 05:11:08 PLC 触发线圈2(S02)
2018-03-07 05:11:11 PLC 采集结束(S16)
2018-03-07 05:11:11 采集卡 停止采集
2018-03-07 05:11:14 PLC 触发线圈3(S03)
2018-03-07 05:11:14 视频 开始线扫
2018-03-07 05:11:14 PLC 开始采集(S00)
2018-03-07 05:11:14 PLC 快门打开(S05)
2018-03-07 05:11:14 采集卡 开始采集图片
2018-03-07 05:11:14 PLC 快门3打开(S13)
2018-03-07 05:11:14 采集卡 启动采集
2018-03-07 05:11:17 PLC 采集结束(S16)
2018-03-07 05:11:17 采集卡 停止采集
2018-03-07 05:11:17 采集卡 采集完成
2018-03-07 05:11:17 采集卡 转换数据
2018-03-07 05:11:17 采集卡 转换AD
2018-03-07 05:11:17 采集卡 修改点
2018-03-07 05:11:17 PLC 快门关闭(S06)
2018-03-07 05:11:17 采集卡 R233,C9983,S9984
2018-03-07 05:11:17 视频 结束线扫
2018-03-07 05:11:17 PLC 快门3打开(S13)
2018-03-07 05:11:17 PLC 快门2打开(S08)
2018-03-07 05:11:17 采集卡 T2326039,C2326039
2018-03-07 05:11:17 采集卡 容积100
2018-03-07 05:11:17 采集卡 反转图像
2018-03-07 05:11:17 采集卡 生成图片数组
2018-03-07 05:11:17 PLC 快门3关闭(S14)
2018-03-07 05:11:17 PLC 快门2关闭(S09)
2018-03-07 05:11:17 采集卡 图片长度3212
2018-03-07 05:11:17 PLC 快门3关闭(S14)
2018-03-07 05:11:18 PLC 快门2关闭(S09)
2018-03-07 05:11:23 PLC 触发线圈4下降沿(S04)
