2018-01-22 02:15:43 视频 线扫相机初始化成功。
2018-01-22 02:15:43 采集卡 采集卡0初始化成功。
2018-01-22 02:15:43 采集卡 采集卡1初始化成功。
2018-01-22 02:15:43 采集卡 采集卡2初始化成功。
2018-01-22 02:15:43 采集卡 采集卡3初始化成功。
2018-01-22 02:15:43 高压电源 192.168.127.252:高压电源初始化成功
2018-01-22 02:15:43 高压电源 192.168.127.251:高压电源初始化成功
2018-01-22 02:15:44 高压电源 192.168.127.253:高压电源初始化成功
2018-01-22 02:15:44 PLC 手动运行应答成功(AC01)
2018-01-22 02:15:44 PLC PLC始化成功
2018-01-22 02:15:44 上位机 车牌初始化成功
2018-01-22 02:15:47 PLC 关道闸1应答成功(AC05)
2018-01-22 02:15:48 PLC 关道闸2应答成功(AC16)
2018-01-22 02:15:49 高压电源 192.168.127.253打开高压
2018-01-22 02:15:49 高压电源 192.168.127.251打开高压
2018-01-22 02:15:49 高压电源 192.168.127.252打开高压
2018-01-22 02:15:49 高压电源 训机结束
2018-01-22 02:15:49 PLC 手动运行应答成功(AC01)
2018-01-22 02:15:49 采集卡 开始采集本底
2018-01-22 02:15:49 采集卡 启动采集
2018-01-22 02:15:50 采集卡 采集完成
2018-01-22 02:15:50 采集卡 转换数据
2018-01-22 02:15:50 PLC 快门开应答成功(AC02)
2018-01-22 02:15:50 PLC 快门3打开(S13)
2018-01-22 02:15:52 采集卡 开始采集满度
2018-01-22 02:15:52 采集卡 启动采集
2018-01-22 02:15:52 采集卡 采集完成
2018-01-22 02:15:52 采集卡 转换数据
2018-01-22 02:15:52 采集卡 开始采集图片
2018-01-22 02:15:52 采集卡 启动采集
2018-01-22 02:15:54 采集卡 停止采集
2018-01-22 02:15:54 采集卡 采集完成
2018-01-22 02:15:54 采集卡 转换数据
2018-01-22 02:15:54 采集卡 转换AD
2018-01-22 02:15:54 采集卡 修改点
2018-01-22 02:15:54 采集卡 GAMMA
2018-01-22 02:15:54 采集卡 模糊处理
2018-01-22 02:15:54 采集卡 R0，C0
2018-01-22 02:15:54 采集卡 容积0
2018-01-22 02:15:54 采集卡 反转图像
2018-01-22 02:15:54 采集卡 生成图片数组
2018-01-22 02:15:54 采集卡 图片长度13824
2018-01-22 02:15:55 PLC 快门2打开(S08)
2018-01-22 02:15:55 PLC 快门关应答成功(AC03)
2018-01-22 02:15:55 PLC 快门2关闭(S09)
2018-01-22 02:15:55 PLC 快门关闭(S06)
2018-01-22 02:15:55 PLC 快门3打开(S13)
2018-01-22 02:15:55 PLC 快门2打开(S08)
2018-01-22 02:15:55 PLC 快门3关闭(S14)
2018-01-22 02:15:55 PLC 快门2关闭(S09)
2018-01-22 02:15:55 PLC 自动运行应答成功(AC00)
2018-01-22 02:16:11 PLC 自动运行应答成功(AC00)
2018-01-22 02:16:34 PLC 自动运行应答成功(AC00)
2018-01-22 02:16:39 PLC 手动运行应答成功(AC01)
2018-01-22 02:16:40 PLC 开道闸1应答成功(AC04)
2018-01-22 02:16:40 PLC 开道闸2应答成功(AC15)
2018-01-22 02:16:41 PLC 自动运行应答成功(AC00)
2018-01-22 02:16:45 PLC 自动运行应答成功(AC00)
2018-01-22 02:16:48 PLC 触发线圈1(S01)
2018-01-22 02:16:52 PLC 触发线圈2(S02)
2018-01-22 02:16:59 PLC 触发线圈3(S03)
2018-01-22 02:16:59 视频 开始线扫
2018-01-22 02:16:59 PLC 开始采集(S00)
2018-01-22 02:16:59 PLC 快门3打开(S13)
2018-01-22 02:17:00 采集卡 开始采集图片
2018-01-22 02:17:00 采集卡 启动采集
2018-01-22 02:17:07 PLC 采集结束(S16)
2018-01-22 02:17:07 采集卡 停止采集
2018-01-22 02:17:07 采集卡 采集完成
2018-01-22 02:17:07 采集卡 转换数据
2018-01-22 02:17:07 PLC 快门2关闭(S09)
2018-01-22 02:17:07 视频 结束线扫
2018-01-22 02:17:07 PLC 快门关闭(S06)
2018-01-22 02:17:07 采集卡 转换AD
2018-01-22 02:17:07 采集卡 修改点
2018-01-22 02:17:07 PLC 快门3打开(S13)
2018-01-22 02:17:07 采集卡 GAMMA
2018-01-22 02:17:07 采集卡 模糊处理
2018-01-22 02:17:07 PLC 快门3关闭(S14)
2018-01-22 02:17:07 采集卡 R123，C13841
2018-01-22 02:17:07 采集卡 T1702443,C0
2018-01-22 02:17:07 采集卡 容积0
2018-01-22 02:17:07 采集卡 容积0
2018-01-22 02:17:07 PLC 快门2关闭(S09)
2018-01-22 02:17:07 采集卡 反转图像
2018-01-22 02:17:08 采集卡 生成图片数组
2018-01-22 02:17:08 采集卡 图片长度31546
2018-01-22 02:17:10 PLC 触发线圈4下降沿(S04)
