2018-03-07 04:42:51 视频 线扫相机初始化成功。
2018-03-07 04:42:52 采集卡 采集卡0初始化成功。
2018-03-07 04:42:52 采集卡 采集卡1初始化成功。
2018-03-07 04:42:52 采集卡 采集卡2初始化成功。
2018-03-07 04:42:52 采集卡 采集卡3初始化成功。
2018-03-07 04:42:52 高压电源 192.168.127.252:高压电源初始化成功
2018-03-07 04:42:52 高压电源 192.168.127.251:高压电源初始化成功
2018-03-07 04:42:52 高压电源 192.168.127.253:高压电源初始化成功
2018-03-07 04:42:52 PLC 手动运行应答成功(AC01)
2018-03-07 04:42:52 PLC PLC始化成功
2018-03-07 04:42:52 上位机 车牌初始化成功
2018-03-07 04:43:01 PLC 自动运行应答成功(AC00)
2018-03-07 04:46:43 PLC 触发线圈1(S01)
2018-03-07 04:46:49 PLC 触发线圈2(S02)
2018-03-07 04:46:51 PLC 采集结束(S16)
2018-03-07 04:46:51 采集卡 停止采集
2018-03-07 04:46:53 PLC 触发线圈3(S03)
2018-03-07 04:46:53 视频 开始线扫
2018-03-07 04:46:53 PLC 开始采集(S00)
2018-03-07 04:46:53 PLC 快门打开(S05)
2018-03-07 04:46:53 采集卡 开始采集图片
2018-03-07 04:46:53 PLC 快门3打开(S13)
2018-03-07 04:46:53 采集卡 启动采集
2018-03-07 04:46:55 PLC 采集结束(S16)
2018-03-07 04:46:55 采集卡 停止采集
2018-03-07 04:46:55 采集卡 采集完成
2018-03-07 04:46:55 采集卡 转换数据
2018-03-07 04:46:55 采集卡 转换AD
2018-03-07 04:46:55 采集卡 修改点
2018-03-07 04:46:55 采集卡 GAMMA
2018-03-07 04:46:55 采集卡 R233,C5631,S5632
2018-03-07 04:46:55 采集卡 T1312023,C1312023
2018-03-07 04:46:55 采集卡 容积100
2018-03-07 04:46:55 采集卡 反转图像
2018-03-07 04:46:55 采集卡 生成图片数组
2018-03-07 04:46:55 PLC 快门关闭(S06)
2018-03-07 04:46:55 视频 结束线扫
2018-03-07 04:46:55 采集卡 图片长度3212
2018-03-07 04:46:55 PLC 快门3打开(S13)
2018-03-07 04:46:55 PLC 快门2打开(S08)
2018-03-07 04:46:55 PLC 快门3关闭(S14)
2018-03-07 04:46:55 PLC 快门2关闭(S09)
2018-03-07 04:46:55 PLC 快门3关闭(S14)
2018-03-07 04:46:55 PLC 快门2关闭(S09)
2018-03-07 04:47:00 PLC 触发线圈4下降沿(S04)
2018-03-07 04:49:05 PLC 触发线圈1(S01)
2018-03-07 04:49:06 PLC 触发线圈1(S01)
2018-03-07 04:49:10 PLC 触发线圈2(S02)
2018-03-07 04:49:14 PLC 采集结束(S16)
2018-03-07 04:49:14 采集卡 停止采集
2018-03-07 04:49:17 PLC 触发线圈3(S03)
2018-03-07 04:49:17 视频 开始线扫
2018-03-07 04:49:17 PLC 开始采集(S00)
2018-03-07 04:49:17 PLC 快门打开(S05)
2018-03-07 04:49:18 采集卡 开始采集图片
2018-03-07 04:49:18 采集卡 启动采集
2018-03-07 04:49:18 PLC 快门3打开(S13)
2018-03-07 04:49:24 PLC 采集结束(S16)
2018-03-07 04:49:24 采集卡 停止采集
2018-03-07 04:49:24 采集卡 采集完成
2018-03-07 04:49:25 采集卡 转换数据
2018-03-07 04:49:25 PLC 快门2关闭(S09)
2018-03-07 04:49:25 采集卡 转换AD
2018-03-07 04:49:25 采集卡 修改点
2018-03-07 04:49:25 视频 结束线扫
2018-03-07 04:49:25 PLC 快门关闭(S06)
2018-03-07 04:49:25 采集卡 GAMMA
2018-03-07 04:49:25 PLC 快门3打开(S13)
2018-03-07 04:49:25 采集卡 R233,C26047,S26048
2018-03-07 04:49:25 PLC 快门2打开(S08)
2018-03-07 04:49:25 PLC 快门3关闭(S14)
2018-03-07 04:49:25 采集卡 T6068951,C6068951
2018-03-07 04:49:25 采集卡 容积100
2018-03-07 04:49:25 PLC 快门2关闭(S09)
2018-03-07 04:49:25 PLC 快门3关闭(S14)
2018-03-07 04:49:25 PLC 快门2关闭(S09)
2018-03-07 04:49:25 采集卡 反转图像
2018-03-07 04:49:25 采集卡 生成图片数组
2018-03-07 04:49:25 采集卡 图片长度3212
2018-03-07 04:49:29 PLC 触发线圈4下降沿(S04)
2018-03-07 04:51:04 PLC 触发线圈3(S03)
2018-03-07 04:51:04 视频 开始线扫
2018-03-07 04:51:19 PLC 触发线圈1(S01)
2018-03-07 04:51:22 PLC 触发线圈2(S02)
2018-03-07 04:51:36 PLC 采集结束(S16)
2018-03-07 04:51:36 采集卡 停止采集
2018-03-07 04:51:39 PLC 触发线圈3(S03)
2018-03-07 04:51:39 视频 开始线扫
2018-03-07 04:51:39 PLC 开始采集(S00)
2018-03-07 04:51:39 PLC 快门打开(S05)
2018-03-07 04:51:40 采集卡 开始采集图片
2018-03-07 04:51:40 PLC 快门3打开(S13)
2018-03-07 04:51:44 PLC 采集结束(S16)
2018-03-07 04:51:44 采集卡 停止采集
2018-03-07 04:51:44 采集卡 采集完成
2018-03-07 04:51:44 采集卡 转换数据
2018-03-07 04:51:44 采集卡 转换AD
2018-03-07 04:51:44 采集卡 修改点
2018-03-07 04:51:44 PLC 快门关闭(S06)
2018-03-07 04:51:44 视频 结束线扫
2018-03-07 04:51:45 采集卡 GAMMA
2018-03-07 04:51:45 采集卡 R233,C15871,S15872
2018-03-07 04:51:45 PLC 快门3打开(S13)
2018-03-07 04:51:45 采集卡 T3697943,C3697943
2018-03-07 04:51:45 采集卡 容积100
2018-03-07 04:51:45 PLC 快门2打开(S08)
2018-03-07 04:51:45 采集卡 反转图像
2018-03-07 04:51:45 采集卡 生成图片数组
2018-03-07 04:51:45 PLC 快门3关闭(S14)
2018-03-07 04:51:45 PLC 快门2关闭(S09)
2018-03-07 04:51:45 PLC 快门3关闭(S14)
2018-03-07 04:51:45 PLC 快门2关闭(S09)
2018-03-07 04:51:45 采集卡 图片长度3212
2018-03-07 04:51:50 PLC 触发线圈4下降沿(S04)
