2018-03-07 06:47:27 视频 线扫相机初始化成功。
2018-03-07 06:47:27 采集卡 采集卡0初始化成功。
2018-03-07 06:47:27 采集卡 采集卡1初始化成功。
2018-03-07 06:47:27 采集卡 采集卡2初始化成功。
2018-03-07 06:47:27 采集卡 采集卡3初始化成功。
2018-03-07 06:47:27 高压电源 192.168.127.251:高压电源初始化成功
2018-03-07 06:47:27 高压电源 192.168.127.252:高压电源初始化成功
2018-03-07 06:47:27 高压电源 192.168.127.253:高压电源初始化成功
2018-03-07 06:47:27 PLC 手动运行应答成功(AC01)
2018-03-07 06:47:27 PLC PLC始化成功
2018-03-07 06:47:27 上位机 车牌初始化成功
2018-03-07 06:47:30 PLC 关道闸1应答成功(AC05)
2018-03-07 06:47:31 PLC 关道闸2应答成功(AC16)
2018-03-07 06:47:32 高压电源 192.168.127.253打开高压
2018-03-07 06:47:32 高压电源 192.168.127.251打开高压
2018-03-07 06:47:32 高压电源 192.168.127.252打开高压
2018-03-07 06:47:32 高压电源 训机结束
2018-03-07 06:47:32 PLC 手动运行应答成功(AC01)
2018-03-07 06:47:32 PLC 开接收器(AC17)
2018-03-07 06:47:33 采集卡 开始采集本底
2018-03-07 06:47:33 采集卡 启动采集
2018-03-07 06:47:33 采集卡 采集完成
2018-03-07 06:47:33 采集卡 转换数据
2018-03-07 06:47:33 PLC 快门开应答成功(AC02)
2018-03-07 06:47:33 PLC 快门3打开(S13)
2018-03-07 06:47:35 采集卡 开始采集满度
2018-03-07 06:47:35 采集卡 启动采集
2018-03-07 06:47:35 采集卡 采集完成
2018-03-07 06:47:35 采集卡 转换数据
2018-03-07 06:47:35 采集卡 开始采集图片
2018-03-07 06:47:35 采集卡 启动采集
2018-03-07 06:47:37 采集卡 停止采集
2018-03-07 06:47:37 采集卡 采集完成
2018-03-07 06:47:37 采集卡 转换数据
2018-03-07 06:47:37 采集卡 转换AD
2018-03-07 06:47:37 采集卡 修改点
2018-03-07 06:47:40 采集卡 GAMMA
2018-03-07 06:47:40 采集卡 R0,C0,S7680
2018-03-07 06:47:40 采集卡 容积0
2018-03-07 06:47:40 采集卡 反转图像
2018-03-07 06:47:40 采集卡 生成图片数组
2018-03-07 06:47:40 采集卡 图片长度3212
2018-03-07 06:47:42 高压电源 192.168.127.251关闭高压
2018-03-07 06:47:42 高压电源 192.168.127.252关闭高压
2018-03-07 06:47:43 高压电源 192.168.127.253关闭高压
2018-03-07 06:47:43 PLC 快门关应答成功(AC03)
2018-03-07 06:47:43 PLC 快门关闭(S06)
2018-03-07 06:47:43 PLC 快门3打开(S13)
2018-03-07 06:47:43 PLC 快门2打开(S08)
2018-03-07 06:47:43 PLC 快门3关闭(S14)
2018-03-07 06:47:43 PLC 快门2关闭(S09)
2018-03-07 06:47:43 PLC 快门3关闭(S14)
2018-03-07 06:47:43 PLC 快门2关闭(S09)
2018-03-07 06:47:43 PLC 自动运行应答成功(AC00)
2018-03-07 06:47:43 下位机 启动定时采集
2018-03-07 06:52:38 PLC 触发线圈1(S01)
2018-03-07 06:52:38 下位机 打开高压
2018-03-07 06:52:39 高压电源 192.168.127.251打开高压
2018-03-07 06:52:40 高压电源 192.168.127.252打开高压
2018-03-07 06:52:41 高压电源 192.168.127.253打开高压
2018-03-07 06:52:46 高压电源 192.168.127.251关闭高压
2018-03-07 06:52:49 高压电源 192.168.127.252关闭高压
2018-03-07 06:52:52 高压电源 192.168.127.253关闭高压
2018-03-07 06:53:19 PLC 触发线圈2(S02)
2018-03-07 06:53:42 PLC 触发线圈3(S03)
2018-03-07 06:53:42 视频 开始线扫
2018-03-07 06:53:42 PLC 开始采集(S00)
2018-03-07 06:53:42 PLC 快门3打开(S13)
2018-03-07 06:53:43 采集卡 开始采集图片
2018-03-07 06:53:43 采集卡 启动采集
2018-03-07 06:53:43 PLC 触发线圈4下降沿(S04)
2018-03-07 06:54:33 采集卡 采集完成
2018-03-07 06:54:34 采集卡 转换数据
2018-03-07 06:54:35 采集卡 转换AD
2018-03-07 06:54:35 采集卡 修改点
2018-03-07 06:54:36 采集卡 GAMMA
2018-03-07 06:54:36 采集卡 R233,C194999,S195000
2018-03-07 06:54:36 采集卡 T45434767,C45434766
2018-03-07 06:54:36 采集卡 容积100
2018-03-07 06:54:37 采集卡 反转图像
2018-03-07 06:54:37 采集卡 生成图片数组
2018-03-07 06:54:38 PLC 触发线圈2(S02)
2018-03-07 06:54:38 采集卡 图片长度8974
2018-03-07 06:54:43 PLC 快门2关闭(S09)
2018-03-07 06:54:43 视频 结束线扫
2018-03-07 06:54:43 PLC 快门关闭(S06)
2018-03-07 06:54:43 PLC 快门3打开(S13)
2018-03-07 06:54:43 PLC 快门2打开(S08)
2018-03-07 06:54:43 PLC 快门3关闭(S14)
2018-03-07 06:54:43 PLC 快门2关闭(S09)
2018-03-07 06:54:43 PLC 快门关应答成功(AC03)
2018-03-07 06:54:44 PLC 快门3关闭(S14)
2018-03-07 06:54:44 PLC 快门2关闭(S09)
2018-03-07 06:54:53 PLC 放行应答成功(AC14)
2018-03-07 06:55:05 PLC 触发线圈1(S01)
2018-03-07 06:55:05 下位机 打开高压
2018-03-07 06:55:06 高压电源 192.168.127.251打开高压
2018-03-07 06:55:07 高压电源 192.168.127.252打开高压
2018-03-07 06:55:08 高压电源 192.168.127.253打开高压
2018-03-07 06:55:13 高压电源 192.168.127.253关闭高压
2018-03-07 06:55:15 高压电源 192.168.127.252关闭高压
2018-03-07 06:55:18 高压电源 192.168.127.251关闭高压
2018-03-07 06:55:31 PLC 触发线圈2(S02)
2018-03-07 06:55:38 PLC 触发线圈3(S03)
2018-03-07 06:55:38 视频 开始线扫
2018-03-07 06:55:38 PLC 开始采集(S00)
2018-03-07 06:55:38 PLC 快门3打开(S13)
2018-03-07 06:55:39 采集卡 开始采集图片
2018-03-07 06:55:39 采集卡 启动采集
2018-03-07 06:56:18 PLC 采集结束(S16)
2018-03-07 06:56:18 采集卡 停止采集
2018-03-07 06:56:18 采集卡 采集完成
2018-03-07 06:56:18 高压电源 192.168.127.251关闭高压
2018-03-07 06:56:19 高压电源 192.168.127.252关闭高压
2018-03-07 06:56:19 高压电源 192.168.127.253关闭高压
2018-03-07 06:56:19 PLC 快门2关闭(S09)
2018-03-07 06:56:19 采集卡 转换数据
2018-03-07 06:56:19 视频 结束线扫
2018-03-07 06:56:19 PLC 快门关闭(S06)
2018-03-07 06:56:19 PLC 快门3打开(S13)
2018-03-07 06:56:19 PLC 快门2打开(S08)
2018-03-07 06:56:19 PLC 快门3关闭(S14)
2018-03-07 06:56:19 PLC 快门2关闭(S09)
2018-03-07 06:56:19 PLC 快门3关闭(S14)
2018-03-07 06:56:19 PLC 快门2关闭(S09)
2018-03-07 06:56:20 采集卡 转换AD
2018-03-07 06:56:20 采集卡 修改点
2018-03-07 06:56:21 采集卡 GAMMA
2018-03-07 06:56:21 采集卡 R233,C153279,S153280
2018-03-07 06:56:21 采集卡 T35714007,C35714007
2018-03-07 06:56:21 采集卡 容积100
2018-03-07 06:56:21 采集卡 反转图像
2018-03-07 06:56:21 采集卡 生成图片数组
2018-03-07 06:56:23 采集卡 图片长度8991
2018-03-07 06:56:46 高压电源 192.168.127.251关闭高压
2018-03-07 06:56:46 高压电源 192.168.127.252关闭高压
2018-03-07 06:56:46 高压电源 192.168.127.253关闭高压
