2018-03-06 01:14:11 视频 线扫相机初始化成功。
2018-03-06 01:14:12 采集卡 采集卡0初始化成功。
2018-03-06 01:14:12 采集卡 采集卡1初始化成功。
2018-03-06 01:14:12 采集卡 采集卡2初始化成功。
2018-03-06 01:14:12 采集卡 采集卡3初始化成功。
2018-03-06 01:14:12 高压电源 192.168.127.251:高压电源初始化成功
2018-03-06 01:14:12 高压电源 192.168.127.252:高压电源初始化成功
2018-03-06 01:14:12 高压电源 192.168.127.253:高压电源初始化成功
2018-03-06 01:14:12 PLC 手动运行应答成功(AC01)
2018-03-06 01:14:12 PLC PLC始化成功
2018-03-06 01:14:12 上位机 车牌初始化成功
2018-03-06 01:14:15 PLC 关道闸1应答成功(AC05)
2018-03-06 01:14:16 PLC 关道闸2应答成功(AC16)
2018-03-06 01:14:17 高压电源 192.168.127.253打开高压
2018-03-06 01:14:17 高压电源 192.168.127.252打开高压
2018-03-06 01:14:17 高压电源 192.168.127.251打开高压
2018-03-06 01:14:17 高压电源 训机结束
2018-03-06 01:14:17 PLC 手动运行应答成功(AC01)
2018-03-06 01:14:17 采集卡 开始采集本底
2018-03-06 01:14:17 采集卡 启动采集
2018-03-06 01:14:17 采集卡 采集完成
2018-03-06 01:14:17 采集卡 转换数据
2018-03-06 01:14:17 PLC 快门开应答成功(AC02)
2018-03-06 01:14:17 PLC 快门3打开(S13)
2018-03-06 01:14:19 采集卡 开始采集满度
2018-03-06 01:14:19 采集卡 启动采集
2018-03-06 01:14:20 采集卡 采集完成
2018-03-06 01:14:20 采集卡 转换数据
2018-03-06 01:14:20 采集卡 开始采集图片
2018-03-06 01:14:20 采集卡 启动采集
2018-03-06 01:14:22 采集卡 停止采集
2018-03-06 01:14:22 采集卡 采集完成
2018-03-06 01:14:22 采集卡 转换数据
2018-03-06 01:14:22 采集卡 转换AD
2018-03-06 01:14:22 采集卡 修改点
2018-03-06 01:14:22 采集卡 GAMMA
2018-03-06 01:14:22 采集卡 模糊处理
2018-03-06 01:14:22 采集卡 R0,C0,S7680
2018-03-06 01:14:22 采集卡 容积0
2018-03-06 01:14:22 采集卡 反转图像
2018-03-06 01:14:22 采集卡 生成图片数组
2018-03-06 01:14:22 采集卡 图片长度3212
2018-03-06 01:14:23 PLC 快门关应答成功(AC03)
2018-03-06 01:14:23 PLC 快门关闭(S06)
2018-03-06 01:14:23 PLC 快门3打开(S13)
2018-03-06 01:14:23 PLC 快门2打开(S08)
2018-03-06 01:14:23 PLC 快门3关闭(S14)
2018-03-06 01:14:23 PLC 快门2关闭(S09)
2018-03-06 01:14:23 PLC 快门3关闭(S14)
2018-03-06 01:14:23 PLC 快门2关闭(S09)
2018-03-06 01:14:23 PLC 自动运行应答成功(AC00)
2018-03-06 01:19:58 PLC 触发线圈1(S01)
2018-03-06 01:20:02 PLC 触发线圈2(S02)
2018-03-06 01:20:05 PLC 触发线圈3(S03)
2018-03-06 01:20:05 视频 开始线扫
2018-03-06 01:20:05 PLC 开始采集(S00)
2018-03-06 01:20:05 PLC 快门打开(S05)
2018-03-06 01:20:06 采集卡 开始采集图片
2018-03-06 01:20:06 采集卡 启动采集
2018-03-06 01:20:06 PLC 快门3打开(S13)
2018-03-06 01:20:14 PLC 采集结束(S16)
2018-03-06 01:20:14 采集卡 停止采集
2018-03-06 01:20:14 采集卡 采集完成
2018-03-06 01:20:14 采集卡 转换数据
2018-03-06 01:20:14 PLC 快门关闭(S06)
2018-03-06 01:20:14 视频 结束线扫
2018-03-06 01:20:14 PLC 快门3打开(S13)
2018-03-06 01:20:14 采集卡 转换AD
2018-03-06 01:20:14 采集卡 修改点
2018-03-06 01:20:14 PLC 快门2打开(S08)
2018-03-06 01:20:15 采集卡 GAMMA
2018-03-06 01:20:15 采集卡 模糊处理
2018-03-06 01:20:15 PLC 快门3关闭(S14)
2018-03-06 01:20:15 PLC 快门2关闭(S09)
2018-03-06 01:20:15 采集卡 R148,C24771,S31104
2018-03-06 01:20:15 PLC 快门3关闭(S14)
2018-03-06 01:20:15 PLC 快门2关闭(S09)
2018-03-06 01:20:15 采集卡 T3666108,C2020107
2018-03-06 01:20:15 采集卡 容积55
2018-03-06 01:20:15 采集卡 反转图像
2018-03-06 01:20:15 采集卡 生成图片数组
2018-03-06 01:20:15 采集卡 图片长度29136
2018-03-06 01:20:16 PLC 触发线圈1(S01)
2018-03-06 01:20:17 PLC 触发线圈4下降沿(S04)
2018-03-06 01:20:22 PLC 触发线圈2(S02)
2018-03-06 01:20:25 PLC 触发线圈3(S03)
2018-03-06 01:20:25 视频 开始线扫
2018-03-06 01:20:25 PLC 开始采集(S00)
2018-03-06 01:20:26 PLC 快门打开(S05)
2018-03-06 01:20:26 采集卡 开始采集图片
2018-03-06 01:20:26 采集卡 启动采集
2018-03-06 01:20:26 PLC 快门3打开(S13)
2018-03-06 01:20:34 PLC 采集结束(S16)
2018-03-06 01:20:34 采集卡 停止采集
2018-03-06 01:20:34 采集卡 采集完成
2018-03-06 01:20:34 采集卡 转换数据
2018-03-06 01:20:34 PLC 快门关闭(S06)
2018-03-06 01:20:34 视频 结束线扫
2018-03-06 01:20:34 采集卡 转换AD
2018-03-06 01:20:34 PLC 快门3打开(S13)
2018-03-06 01:20:34 采集卡 修改点
2018-03-06 01:20:35 采集卡 GAMMA
2018-03-06 01:20:35 采集卡 模糊处理
2018-03-06 01:20:35 PLC 快门2打开(S08)
2018-03-06 01:20:35 PLC 快门3关闭(S14)
2018-03-06 01:20:35 采集卡 R139,C25020,S30208
2018-03-06 01:20:35 PLC 快门2关闭(S09)
2018-03-06 01:20:35 采集卡 T3477780,C2557659
2018-03-06 01:20:35 采集卡 容积73
2018-03-06 01:20:35 PLC 快门3关闭(S14)
2018-03-06 01:20:35 PLC 快门2关闭(S09)
2018-03-06 01:20:35 采集卡 反转图像
2018-03-06 01:20:35 采集卡 生成图片数组
2018-03-06 01:20:35 采集卡 图片长度34510
2018-03-06 01:20:37 PLC 触发线圈4下降沿(S04)
2018-03-06 01:21:28 PLC 触发线圈1(S01)
2018-03-06 01:21:31 PLC 触发线圈2(S02)
2018-03-06 01:21:33 PLC 触发线圈3(S03)
2018-03-06 01:21:33 视频 开始线扫
2018-03-06 01:21:33 PLC 开始采集(S00)
2018-03-06 01:21:34 PLC 快门打开(S05)
2018-03-06 01:21:34 采集卡 开始采集图片
2018-03-06 01:21:34 采集卡 启动采集
2018-03-06 01:21:34 PLC 快门3打开(S13)
2018-03-06 01:21:37 PLC 采集结束(S16)
2018-03-06 01:21:37 采集卡 停止采集
2018-03-06 01:21:37 采集卡 采集完成
2018-03-06 01:21:37 采集卡 转换数据
2018-03-06 01:21:37 PLC 快门关闭(S06)
2018-03-06 01:21:37 采集卡 转换AD
2018-03-06 01:21:37 采集卡 修改点
2018-03-06 01:21:37 采集卡 GAMMA
2018-03-06 01:21:37 采集卡 模糊处理
2018-03-06 01:21:37 视频 结束线扫
2018-03-06 01:21:37 PLC 快门3打开(S13)
2018-03-06 01:21:37 采集卡 R133,C6750,S11072
2018-03-06 01:21:37 采集卡 T897750,C707625
2018-03-06 01:21:37 采集卡 容积78
2018-03-06 01:21:37 采集卡 反转图像
2018-03-06 01:21:37 采集卡 生成图片数组
2018-03-06 01:21:37 PLC 快门2打开(S08)
2018-03-06 01:21:37 PLC 快门3关闭(S14)
2018-03-06 01:21:37 PLC 快门2关闭(S09)
2018-03-06 01:21:38 采集卡 图片长度28232
2018-03-06 01:21:38 PLC 快门3关闭(S14)
2018-03-06 01:21:38 PLC 快门2关闭(S09)
2018-03-06 01:21:40 PLC 触发线圈4下降沿(S04)
2018-03-06 01:21:55 PLC 触发线圈1(S01)
2018-03-06 01:21:59 PLC 触发线圈2(S02)
2018-03-06 01:22:03 PLC 触发线圈3(S03)
2018-03-06 01:22:03 视频 开始线扫
2018-03-06 01:22:03 PLC 开始采集(S00)
2018-03-06 01:22:03 PLC 快门打开(S05)
2018-03-06 01:22:04 采集卡 开始采集图片
2018-03-06 01:22:04 PLC 快门3打开(S13)
2018-03-06 01:22:04 采集卡 启动采集
2018-03-06 01:22:16 PLC 采集结束(S16)
2018-03-06 01:22:16 采集卡 停止采集
2018-03-06 01:22:16 采集卡 采集完成
2018-03-06 01:22:16 PLC 快门关闭(S06)
2018-03-06 01:22:16 采集卡 转换数据
2018-03-06 01:22:16 视频 结束线扫
2018-03-06 01:22:16 PLC 快门3打开(S13)
2018-03-06 01:22:17 PLC 快门2打开(S08)
2018-03-06 01:22:17 采集卡 转换AD
2018-03-06 01:22:17 采集卡 修改点
2018-03-06 01:22:17 采集卡 GAMMA
2018-03-06 01:22:17 PLC 快门3关闭(S14)
2018-03-06 01:22:17 采集卡 模糊处理
2018-03-06 01:22:17 PLC 快门2关闭(S09)
2018-03-06 01:22:17 PLC 快门3关闭(S14)
2018-03-06 01:22:17 PLC 快门2关闭(S09)
2018-03-06 01:22:17 采集卡 R179,C39211,S46976
2018-03-06 01:22:17 采集卡 T7018769,C5243980
2018-03-06 01:22:17 采集卡 容积74
2018-03-06 01:22:17 采集卡 反转图像
2018-03-06 01:22:17 采集卡 生成图片数组
2018-03-06 01:22:18 采集卡 图片长度40867
2018-03-06 01:22:20 PLC 触发线圈4下降沿(S04)
2018-03-06 01:27:11 PLC 触发线圈1(S01)
2018-03-06 01:27:17 PLC 触发线圈2(S02)
2018-03-06 01:27:20 PLC 触发线圈3(S03)
2018-03-06 01:27:20 视频 开始线扫
2018-03-06 01:27:20 PLC 开始采集(S00)
2018-03-06 01:27:20 PLC 快门打开(S05)
2018-03-06 01:27:21 采集卡 开始采集图片
2018-03-06 01:27:21 采集卡 启动采集
2018-03-06 01:27:21 PLC 快门3打开(S13)
2018-03-06 01:27:26 PLC 采集结束(S16)
2018-03-06 01:27:26 采集卡 停止采集
2018-03-06 01:27:26 采集卡 采集完成
2018-03-06 01:27:26 采集卡 转换数据
2018-03-06 01:27:26 PLC 快门关闭(S06)
2018-03-06 01:27:26 采集卡 转换AD
2018-03-06 01:27:26 采集卡 修改点
2018-03-06 01:27:27 视频 结束线扫
2018-03-06 01:27:27 PLC 快门3打开(S13)
2018-03-06 01:27:27 采集卡 GAMMA
2018-03-06 01:27:27 采集卡 模糊处理
2018-03-06 01:27:27 PLC 快门2打开(S08)
2018-03-06 01:27:27 PLC 快门3关闭(S14)
2018-03-06 01:27:27 采集卡 R143,C14902,S20288
2018-03-06 01:27:27 PLC 快门2关闭(S09)
2018-03-06 01:27:27 采集卡 T2130986,C1317611
2018-03-06 01:27:27 采集卡 容积61
2018-03-06 01:27:27 PLC 快门3关闭(S14)
2018-03-06 01:27:27 采集卡 反转图像
2018-03-06 01:27:27 PLC 快门2关闭(S09)
2018-03-06 01:27:27 采集卡 生成图片数组
2018-03-06 01:27:27 采集卡 图片长度30548
2018-03-06 01:27:29 PLC 触发线圈4下降沿(S04)
2018-03-06 01:29:16 PLC 触发线圈1(S01)
2018-03-06 01:29:20 PLC 触发线圈2(S02)
2018-03-06 01:29:23 PLC 触发线圈3(S03)
2018-03-06 01:29:23 视频 开始线扫
2018-03-06 01:29:23 PLC 开始采集(S00)
2018-03-06 01:29:23 PLC 快门打开(S05)
2018-03-06 01:29:24 采集卡 开始采集图片
2018-03-06 01:29:24 PLC 快门3打开(S13)
2018-03-06 01:29:24 采集卡 启动采集
2018-03-06 01:29:32 PLC 采集结束(S16)
2018-03-06 01:29:32 采集卡 停止采集
2018-03-06 01:29:32 采集卡 采集完成
2018-03-06 01:29:32 采集卡 转换数据
2018-03-06 01:29:32 PLC 快门关闭(S06)
2018-03-06 01:29:32 采集卡 转换AD
2018-03-06 01:29:32 视频 结束线扫
2018-03-06 01:29:32 PLC 快门3打开(S13)
2018-03-06 01:29:32 采集卡 修改点
2018-03-06 01:29:33 PLC 快门2打开(S08)
2018-03-06 01:29:33 采集卡 GAMMA
2018-03-06 01:29:33 采集卡 模糊处理
2018-03-06 01:29:33 PLC 快门3关闭(S14)
2018-03-06 01:29:33 PLC 快门2关闭(S09)
2018-03-06 01:29:33 采集卡 R180,C26442,S31488
2018-03-06 01:29:33 PLC 快门3关闭(S14)
2018-03-06 01:29:33 PLC 快门2关闭(S09)
2018-03-06 01:29:33 采集卡 T4759560,C2439380
2018-03-06 01:29:33 采集卡 容积51
2018-03-06 01:29:33 采集卡 反转图像
2018-03-06 01:29:33 采集卡 生成图片数组
2018-03-06 01:29:33 采集卡 图片长度34589
2018-03-06 01:29:35 PLC 触发线圈4下降沿(S04)
2018-03-06 01:31:33 PLC 触发线圈1(S01)
2018-03-06 01:31:37 PLC 触发线圈2(S02)
2018-03-06 01:31:42 PLC 触发线圈3(S03)
2018-03-06 01:31:42 视频 开始线扫
2018-03-06 01:31:42 PLC 开始采集(S00)
2018-03-06 01:31:42 PLC 快门打开(S05)
2018-03-06 01:31:43 采集卡 开始采集图片
2018-03-06 01:31:43 采集卡 启动采集
2018-03-06 01:31:43 PLC 快门3打开(S13)
2018-03-06 01:31:52 PLC 采集结束(S16)
2018-03-06 01:31:52 采集卡 停止采集
2018-03-06 01:31:52 采集卡 采集完成
2018-03-06 01:31:52 采集卡 转换数据
2018-03-06 01:31:52 PLC 快门关闭(S06)
2018-03-06 01:31:52 视频 结束线扫
2018-03-06 01:31:52 PLC 快门3打开(S13)
2018-03-06 01:31:52 采集卡 修改点
2018-03-06 01:31:52 PLC 快门2打开(S08)
2018-03-06 01:31:52 采集卡 GAMMA
2018-03-06 01:31:52 PLC 快门3关闭(S14)
2018-03-06 01:31:52 采集卡 模糊处理
2018-03-06 01:31:52 PLC 快门2关闭(S09)
2018-03-06 01:31:52 PLC 快门3关闭(S14)
2018-03-06 01:31:52 PLC 快门2关闭(S09)
2018-03-06 01:31:52 采集卡 R182,C30190,S35456
2018-03-06 01:31:53 采集卡 T5494580,C4136529
2018-03-06 01:31:53 采集卡 容积75
2018-03-06 01:31:53 采集卡 反转图像
2018-03-06 01:31:53 采集卡 生成图片数组
2018-03-06 01:31:53 采集卡 图片长度36753
2018-03-06 01:31:55 PLC 触发线圈4下降沿(S04)
2018-03-06 01:32:14 PLC 触发线圈1(S01)
2018-03-06 01:32:18 PLC 触发线圈2(S02)
2018-03-06 01:32:21 PLC 触发线圈3(S03)
2018-03-06 01:32:21 视频 开始线扫
2018-03-06 01:32:21 PLC 开始采集(S00)
2018-03-06 01:32:21 PLC 快门打开(S05)
2018-03-06 01:32:22 采集卡 开始采集图片
2018-03-06 01:32:22 PLC 快门3打开(S13)
2018-03-06 01:32:22 采集卡 启动采集
2018-03-06 01:32:28 PLC 采集结束(S16)
2018-03-06 01:32:28 采集卡 停止采集
2018-03-06 01:32:28 采集卡 采集完成
2018-03-06 01:32:28 采集卡 转换数据
2018-03-06 01:32:28 PLC 快门关闭(S06)
2018-03-06 01:32:28 视频 结束线扫
2018-03-06 01:32:28 PLC 快门3打开(S13)
2018-03-06 01:32:28 采集卡 转换AD
2018-03-06 01:32:28 采集卡 修改点
2018-03-06 01:32:28 PLC 快门2打开(S08)
2018-03-06 01:32:28 采集卡 GAMMA
2018-03-06 01:32:28 采集卡 模糊处理
2018-03-06 01:32:29 采集卡 R162,C16479,S23616
2018-03-06 01:32:29 采集卡 T2669598,C1891986
2018-03-06 01:32:29 采集卡 容积70
2018-03-06 01:32:29 PLC 快门3关闭(S14)
2018-03-06 01:32:29 采集卡 反转图像
2018-03-06 01:32:29 PLC 快门2关闭(S09)
2018-03-06 01:32:29 采集卡 生成图片数组
2018-03-06 01:32:29 PLC 快门3关闭(S14)
2018-03-06 01:32:29 PLC 快门2关闭(S09)
2018-03-06 01:32:29 采集卡 图片长度40547
2018-03-06 01:32:31 PLC 触发线圈4下降沿(S04)
2018-03-06 01:32:48 PLC 触发线圈1(S01)
2018-03-06 01:32:52 PLC 触发线圈2(S02)
2018-03-06 01:32:58 PLC 触发线圈3(S03)
2018-03-06 01:32:58 视频 开始线扫
2018-03-06 01:32:58 PLC 开始采集(S00)
2018-03-06 01:32:58 PLC 快门打开(S05)
2018-03-06 01:32:59 采集卡 开始采集图片
2018-03-06 01:32:59 采集卡 启动采集
2018-03-06 01:32:59 PLC 快门3打开(S13)
2018-03-06 01:33:11 PLC 采集结束(S16)
2018-03-06 01:33:11 采集卡 停止采集
2018-03-06 01:33:11 采集卡 采集完成
2018-03-06 01:33:11 PLC 快门关闭(S06)
2018-03-06 01:33:11 采集卡 转换数据
2018-03-06 01:33:11 视频 结束线扫
2018-03-06 01:33:12 PLC 快门3打开(S13)
2018-03-06 01:33:12 PLC 快门2打开(S08)
2018-03-06 01:33:12 PLC 快门3关闭(S14)
2018-03-06 01:33:12 PLC 快门2关闭(S09)
2018-03-06 01:33:12 PLC 快门3关闭(S14)
2018-03-06 01:33:12 采集卡 转换AD
2018-03-06 01:33:12 采集卡 修改点
2018-03-06 01:33:12 PLC 快门2关闭(S09)
2018-03-06 01:33:12 采集卡 GAMMA
2018-03-06 01:33:12 采集卡 模糊处理
2018-03-06 01:33:12 采集卡 R118,C41903,S47424
2018-03-06 01:33:12 采集卡 T4944554,C3575190
2018-03-06 01:33:12 采集卡 容积72
2018-03-06 01:33:12 采集卡 反转图像
2018-03-06 01:33:12 采集卡 生成图片数组
2018-03-06 01:33:13 采集卡 图片长度31180
2018-03-06 01:33:14 PLC 触发线圈4下降沿(S04)
2018-03-06 01:36:46 PLC 触发线圈1(S01)
2018-03-06 01:36:51 PLC 触发线圈2(S02)
2018-03-06 01:36:57 PLC 触发线圈3(S03)
2018-03-06 01:36:57 视频 开始线扫
2018-03-06 01:36:57 PLC 开始采集(S00)
2018-03-06 01:36:57 PLC 快门打开(S05)
2018-03-06 01:36:58 采集卡 开始采集图片
2018-03-06 01:36:58 采集卡 启动采集
2018-03-06 01:36:58 PLC 快门3打开(S13)
2018-03-06 01:37:13 PLC 采集结束(S16)
2018-03-06 01:37:13 采集卡 停止采集
2018-03-06 01:37:13 采集卡 采集完成
2018-03-06 01:37:13 PLC 快门关闭(S06)
2018-03-06 01:37:13 视频 结束线扫
2018-03-06 01:37:13 PLC 快门3打开(S13)
2018-03-06 01:37:13 采集卡 转换数据
2018-03-06 01:37:13 PLC 快门2打开(S08)
2018-03-06 01:37:13 采集卡 转换AD
2018-03-06 01:37:13 采集卡 修改点
2018-03-06 01:37:13 PLC 快门3关闭(S14)
2018-03-06 01:37:14 PLC 快门2关闭(S09)
2018-03-06 01:37:14 PLC 快门3关闭(S14)
2018-03-06 01:37:14 PLC 快门2关闭(S09)
2018-03-06 01:37:14 采集卡 GAMMA
2018-03-06 01:37:14 采集卡 模糊处理
2018-03-06 01:37:14 采集卡 R174,C49340,S57088
2018-03-06 01:37:14 采集卡 T8585160,C6179869
2018-03-06 01:37:14 采集卡 容积71
2018-03-06 01:37:14 采集卡 反转图像
2018-03-06 01:37:14 采集卡 生成图片数组
2018-03-06 01:37:15 采集卡 图片长度47819
2018-03-06 01:37:16 PLC 触发线圈4下降沿(S04)
2018-03-06 01:38:23 PLC 触发线圈1(S01)
2018-03-06 01:38:29 PLC 触发线圈2(S02)
2018-03-06 01:38:33 PLC 触发线圈3(S03)
2018-03-06 01:38:33 视频 开始线扫
2018-03-06 01:38:33 PLC 开始采集(S00)
2018-03-06 01:38:33 PLC 快门打开(S05)
2018-03-06 01:38:34 采集卡 开始采集图片
2018-03-06 01:38:34 采集卡 启动采集
2018-03-06 01:38:43 PLC 采集结束(S16)
2018-03-06 01:38:43 采集卡 停止采集
2018-03-06 01:38:43 采集卡 采集完成
2018-03-06 01:38:43 采集卡 转换数据
2018-03-06 01:38:43 PLC 快门关闭(S06)
2018-03-06 01:38:44 视频 结束线扫
2018-03-06 01:38:44 PLC 快门3打开(S13)
2018-03-06 01:38:44 采集卡 转换AD
2018-03-06 01:38:44 采集卡 修改点
2018-03-06 01:38:44 PLC 快门2打开(S08)
2018-03-06 01:38:44 采集卡 GAMMA
2018-03-06 01:38:44 采集卡 模糊处理
2018-03-06 01:38:44 PLC 快门3关闭(S14)
2018-03-06 01:38:44 采集卡 R185,C30218,S35584
2018-03-06 01:38:44 PLC 快门2关闭(S09)
2018-03-06 01:38:44 PLC 快门3关闭(S14)
2018-03-06 01:38:44 采集卡 T5590330,C3957365
2018-03-06 01:38:44 采集卡 容积70
2018-03-06 01:38:44 PLC 快门2关闭(S09)
2018-03-06 01:38:44 采集卡 反转图像
2018-03-06 01:38:44 采集卡 生成图片数组
2018-03-06 01:38:45 采集卡 图片长度39292
2018-03-06 01:38:46 PLC 触发线圈4下降沿(S04)
2018-03-06 01:39:41 PLC 触发线圈1(S01)
2018-03-06 01:39:44 PLC 触发线圈2(S02)
2018-03-06 01:39:49 PLC 触发线圈3(S03)
2018-03-06 01:39:49 视频 开始线扫
2018-03-06 01:39:49 PLC 开始采集(S00)
2018-03-06 01:39:49 PLC 快门打开(S05)
2018-03-06 01:39:49 采集卡 开始采集图片
2018-03-06 01:39:49 采集卡 启动采集
2018-03-06 01:39:56 PLC 采集结束(S16)
2018-03-06 01:39:56 采集卡 停止采集
2018-03-06 01:39:56 采集卡 采集完成
2018-03-06 01:39:56 采集卡 转换数据
2018-03-06 01:39:56 PLC 快门关闭(S06)
2018-03-06 01:39:56 视频 结束线扫
2018-03-06 01:39:56 PLC 快门3打开(S13)
2018-03-06 01:39:56 采集卡 转换AD
2018-03-06 01:39:56 采集卡 修改点
2018-03-06 01:39:56 PLC 快门2打开(S08)
2018-03-06 01:39:56 采集卡 模糊处理
2018-03-06 01:39:56 采集卡 R146,C19671,S24704
2018-03-06 01:39:56 采集卡 T2871966,C1716322
2018-03-06 01:39:56 采集卡 容积59
2018-03-06 01:39:56 PLC 快门3关闭(S14)
2018-03-06 01:39:56 采集卡 反转图像
2018-03-06 01:39:57 PLC 快门2关闭(S09)
2018-03-06 01:39:57 采集卡 生成图片数组
2018-03-06 01:39:57 PLC 快门3关闭(S14)
2018-03-06 01:39:57 PLC 快门2关闭(S09)
2018-03-06 01:39:57 采集卡 图片长度30335
2018-03-06 01:39:59 PLC 触发线圈4下降沿(S04)
2018-03-06 01:40:46 PLC 触发线圈1(S01)
2018-03-06 01:40:49 PLC 触发线圈2(S02)
2018-03-06 01:40:54 PLC 触发线圈3(S03)
2018-03-06 01:40:54 视频 开始线扫
2018-03-06 01:40:54 PLC 开始采集(S00)
2018-03-06 01:40:54 PLC 快门打开(S05)
2018-03-06 01:40:55 采集卡 开始采集图片
2018-03-06 01:40:55 采集卡 启动采集
2018-03-06 01:40:55 PLC 快门3打开(S13)
2018-03-06 01:41:02 PLC 采集结束(S16)
2018-03-06 01:41:02 采集卡 停止采集
2018-03-06 01:41:02 采集卡 采集完成
2018-03-06 01:41:02 采集卡 转换数据
2018-03-06 01:41:02 PLC 快门关闭(S06)
2018-03-06 01:41:02 采集卡 转换AD
2018-03-06 01:41:02 采集卡 修改点
2018-03-06 01:41:02 PLC 快门3打开(S13)
2018-03-06 01:41:02 采集卡 GAMMA
2018-03-06 01:41:02 采集卡 模糊处理
2018-03-06 01:41:02 采集卡 R145,C20894,S27200
2018-03-06 01:41:02 PLC 快门2打开(S08)
2018-03-06 01:41:02 采集卡 T3029630,C1043158
2018-03-06 01:41:02 采集卡 容积34
2018-03-06 01:41:02 PLC 快门3关闭(S14)
2018-03-06 01:41:03 PLC 快门2关闭(S09)
2018-03-06 01:41:03 采集卡 反转图像
2018-03-06 01:41:03 PLC 快门3关闭(S14)
2018-03-06 01:41:03 PLC 快门2关闭(S09)
2018-03-06 01:41:03 采集卡 生成图片数组
2018-03-06 01:41:03 采集卡 图片长度27266
2018-03-06 01:41:05 PLC 触发线圈4下降沿(S04)
2018-03-06 01:44:55 PLC 触发线圈1(S01)
2018-03-06 01:44:59 PLC 触发线圈2(S02)
2018-03-06 01:45:02 PLC 触发线圈3(S03)
2018-03-06 01:45:02 视频 开始线扫
2018-03-06 01:45:02 PLC 开始采集(S00)
2018-03-06 01:45:03 PLC 快门打开(S05)
2018-03-06 01:45:03 采集卡 开始采集图片
2018-03-06 01:45:03 采集卡 启动采集
2018-03-06 01:45:03 PLC 快门3打开(S13)
2018-03-06 01:45:13 PLC 采集结束(S16)
2018-03-06 01:45:13 采集卡 停止采集
2018-03-06 01:45:13 采集卡 采集完成
2018-03-06 01:45:13 采集卡 转换数据
2018-03-06 01:45:13 PLC 快门关闭(S06)
2018-03-06 01:45:14 采集卡 转换AD
2018-03-06 01:45:14 采集卡 修改点
2018-03-06 01:45:14 视频 结束线扫
2018-03-06 01:45:14 采集卡 GAMMA
2018-03-06 01:45:14 采集卡 模糊处理
2018-03-06 01:45:14 PLC 快门3打开(S13)
2018-03-06 01:45:14 采集卡 R139,C32979,S38464
2018-03-06 01:45:14 PLC 快门2打开(S08)
2018-03-06 01:45:14 采集卡 T4584081,C2764970
2018-03-06 01:45:14 采集卡 容积60
2018-03-06 01:45:14 PLC 快门3关闭(S14)
2018-03-06 01:45:14 PLC 快门2关闭(S09)
2018-03-06 01:45:14 PLC 快门3关闭(S14)
2018-03-06 01:45:14 PLC 快门2关闭(S09)
2018-03-06 01:45:14 采集卡 反转图像
2018-03-06 01:45:14 采集卡 生成图片数组
2018-03-06 01:45:14 采集卡 图片长度32504
2018-03-06 01:45:16 PLC 触发线圈4下降沿(S04)
2018-03-06 01:45:50 PLC 触发线圈1(S01)
2018-03-06 01:45:58 PLC 触发线圈2(S02)
2018-03-06 01:46:04 PLC 触发线圈3(S03)
2018-03-06 01:46:04 视频 开始线扫
2018-03-06 01:46:04 PLC 开始采集(S00)
2018-03-06 01:46:05 PLC 快门打开(S05)
2018-03-06 01:46:05 采集卡 开始采集图片
2018-03-06 01:46:05 PLC 快门3打开(S13)
2018-03-06 01:46:05 采集卡 启动采集
2018-03-06 01:46:27 PLC 采集结束(S16)
2018-03-06 01:46:27 采集卡 停止采集
2018-03-06 01:46:27 采集卡 采集完成
2018-03-06 01:46:28 PLC 快门关闭(S06)
2018-03-06 01:46:28 视频 结束线扫
2018-03-06 01:46:28 PLC 快门3打开(S13)
2018-03-06 01:46:28 采集卡 转换数据
2018-03-06 01:46:28 PLC 快门2打开(S08)
2018-03-06 01:46:28 PLC 快门3关闭(S14)
2018-03-06 01:46:28 PLC 快门2关闭(S09)
2018-03-06 01:46:28 PLC 快门3关闭(S14)
2018-03-06 01:46:28 PLC 快门2关闭(S09)
2018-03-06 01:46:28 采集卡 转换AD
2018-03-06 01:46:28 采集卡 修改点
2018-03-06 01:46:29 采集卡 GAMMA
2018-03-06 01:46:29 采集卡 模糊处理
2018-03-06 01:46:29 采集卡 R149,C79119,S86656
2018-03-06 01:46:29 采集卡 T11788731,C6281052
2018-03-06 01:46:29 采集卡 容积53
2018-03-06 01:46:29 采集卡 反转图像
2018-03-06 01:46:30 采集卡 生成图片数组
2018-03-06 01:46:30 采集卡 图片长度61308
2018-03-06 01:46:31 PLC 触发线圈4下降沿(S04)
2018-03-06 01:46:41 PLC 触发线圈1(S01)
2018-03-06 01:46:46 PLC 触发线圈2(S02)
2018-03-06 01:46:49 PLC 触发线圈3(S03)
2018-03-06 01:46:49 视频 开始线扫
2018-03-06 01:46:49 PLC 开始采集(S00)
2018-03-06 01:46:50 PLC 快门3打开(S13)
2018-03-06 01:46:50 采集卡 开始采集图片
2018-03-06 01:46:50 采集卡 启动采集
2018-03-06 01:46:56 PLC 采集结束(S16)
2018-03-06 01:46:56 采集卡 停止采集
2018-03-06 01:46:56 采集卡 采集完成
2018-03-06 01:46:56 采集卡 转换数据
2018-03-06 01:46:56 PLC 快门关闭(S06)
2018-03-06 01:46:56 视频 结束线扫
2018-03-06 01:46:56 采集卡 转换AD
2018-03-06 01:46:56 PLC 快门3打开(S13)
2018-03-06 01:46:56 采集卡 修改点
2018-03-06 01:46:56 PLC 快门2打开(S08)
2018-03-06 01:46:56 PLC 快门3关闭(S14)
2018-03-06 01:46:56 PLC 快门2关闭(S09)
2018-03-06 01:46:57 采集卡 GAMMA
2018-03-06 01:46:57 采集卡 模糊处理
2018-03-06 01:46:57 PLC 快门3关闭(S14)
2018-03-06 01:46:57 采集卡 R158,C18003,S23168
2018-03-06 01:46:57 PLC 快门2关闭(S09)
2018-03-06 01:46:57 采集卡 T2844474,C1398005
2018-03-06 01:46:57 采集卡 容积49
2018-03-06 01:46:57 采集卡 反转图像
2018-03-06 01:46:57 采集卡 生成图片数组
2018-03-06 01:46:57 采集卡 图片长度30811
2018-03-06 01:46:59 PLC 触发线圈4下降沿(S04)
2018-03-06 01:48:14 PLC 触发线圈1(S01)
2018-03-06 01:48:18 PLC 触发线圈2(S02)
2018-03-06 01:48:21 PLC 触发线圈3(S03)
2018-03-06 01:48:21 视频 开始线扫
2018-03-06 01:48:21 PLC 开始采集(S00)
2018-03-06 01:48:22 PLC 快门3打开(S13)
2018-03-06 01:48:22 采集卡 开始采集图片
2018-03-06 01:48:22 采集卡 启动采集
2018-03-06 01:48:28 PLC 采集结束(S16)
2018-03-06 01:48:28 采集卡 停止采集
2018-03-06 01:48:28 采集卡 采集完成
2018-03-06 01:48:28 采集卡 转换数据
2018-03-06 01:48:28 PLC 快门关闭(S06)
2018-03-06 01:48:28 采集卡 转换AD
2018-03-06 01:48:28 采集卡 修改点
2018-03-06 01:48:28 视频 结束线扫
2018-03-06 01:48:28 PLC 快门3打开(S13)
2018-03-06 01:48:28 采集卡 GAMMA
2018-03-06 01:48:28 采集卡 模糊处理
2018-03-06 01:48:28 PLC 快门2打开(S08)
2018-03-06 01:48:28 采集卡 R145,C14446,S22784
2018-03-06 01:48:28 采集卡 T2094670,C976216
2018-03-06 01:48:28 采集卡 容积46
2018-03-06 01:48:28 PLC 快门3关闭(S14)
2018-03-06 01:48:29 采集卡 反转图像
2018-03-06 01:48:29 PLC 快门2关闭(S09)
2018-03-06 01:48:29 采集卡 生成图片数组
2018-03-06 01:48:29 PLC 快门3关闭(S14)
2018-03-06 01:48:29 PLC 快门2关闭(S09)
2018-03-06 01:48:29 采集卡 图片长度21507
2018-03-06 01:48:32 PLC 触发线圈4下降沿(S04)
2018-03-06 01:48:34 PLC 触发线圈1(S01)
2018-03-06 01:48:40 PLC 触发线圈2(S02)
2018-03-06 01:48:44 PLC 触发线圈3(S03)
2018-03-06 01:48:44 视频 开始线扫
2018-03-06 01:48:44 PLC 开始采集(S00)
2018-03-06 01:48:44 PLC 快门3打开(S13)
2018-03-06 01:48:45 采集卡 开始采集图片
2018-03-06 01:48:45 采集卡 启动采集
2018-03-06 01:48:53 PLC 采集结束(S16)
2018-03-06 01:48:53 采集卡 停止采集
2018-03-06 01:48:53 采集卡 采集完成
2018-03-06 01:48:53 采集卡 转换数据
2018-03-06 01:48:54 PLC 快门关闭(S06)
2018-03-06 01:48:54 采集卡 转换AD
2018-03-06 01:48:54 采集卡 修改点
2018-03-06 01:48:54 视频 结束线扫
2018-03-06 01:48:54 PLC 快门3打开(S13)
2018-03-06 01:48:54 采集卡 GAMMA
2018-03-06 01:48:54 采集卡 模糊处理
2018-03-06 01:48:54 PLC 快门2打开(S08)
2018-03-06 01:48:54 PLC 快门3关闭(S14)
2018-03-06 01:48:54 PLC 快门2关闭(S09)
2018-03-06 01:48:54 采集卡 R152,C26240,S32768
2018-03-06 01:48:54 PLC 快门3关闭(S14)
2018-03-06 01:48:54 PLC 快门2关闭(S09)
2018-03-06 01:48:54 采集卡 T3988480,C2173991
2018-03-06 01:48:54 采集卡 容积54
2018-03-06 01:48:54 采集卡 反转图像
2018-03-06 01:48:54 采集卡 生成图片数组
2018-03-06 01:48:55 采集卡 图片长度29936
2018-03-06 01:48:57 PLC 触发线圈4下降沿(S04)
2018-03-06 01:51:38 PLC 触发线圈1(S01)
2018-03-06 01:51:41 PLC 触发线圈2(S02)
2018-03-06 01:51:46 PLC 触发线圈3(S03)
2018-03-06 01:51:46 视频 开始线扫
2018-03-06 01:51:46 PLC 开始采集(S00)
2018-03-06 01:51:46 PLC 快门3打开(S13)
2018-03-06 01:51:47 采集卡 开始采集图片
2018-03-06 01:51:47 采集卡 启动采集
2018-03-06 01:51:56 PLC 采集结束(S16)
2018-03-06 01:51:56 采集卡 停止采集
2018-03-06 01:51:56 采集卡 采集完成
2018-03-06 01:51:56 采集卡 转换数据
2018-03-06 01:51:56 PLC 快门关闭(S06)
2018-03-06 01:51:56 采集卡 转换AD
2018-03-06 01:51:56 视频 结束线扫
2018-03-06 01:51:56 PLC 快门3打开(S13)
2018-03-06 01:51:56 采集卡 修改点
2018-03-06 01:51:56 采集卡 GAMMA
2018-03-06 01:51:56 采集卡 模糊处理
2018-03-06 01:51:56 PLC 快门2打开(S08)
2018-03-06 01:51:56 PLC 快门3关闭(S14)
2018-03-06 01:51:56 采集卡 R180,C25832,S34816
2018-03-06 01:51:56 PLC 快门2关闭(S09)
2018-03-06 01:51:56 PLC 快门3关闭(S14)
2018-03-06 01:51:56 PLC 快门2关闭(S09)
2018-03-06 01:51:56 采集卡 T4649760,C3698232
2018-03-06 01:51:56 采集卡 容积79
2018-03-06 01:51:57 采集卡 反转图像
2018-03-06 01:51:57 采集卡 生成图片数组
2018-03-06 01:51:57 采集卡 图片长度31392
2018-03-06 01:52:00 PLC 触发线圈4下降沿(S04)
2018-03-06 01:52:27 PLC 触发线圈1(S01)
2018-03-06 01:52:30 PLC 触发线圈2(S02)
2018-03-06 01:52:34 PLC 触发线圈3(S03)
2018-03-06 01:52:34 视频 开始线扫
2018-03-06 01:52:34 PLC 开始采集(S00)
2018-03-06 01:52:34 PLC 快门打开(S05)
2018-03-06 01:52:35 采集卡 开始采集图片
2018-03-06 01:52:35 采集卡 启动采集
2018-03-06 01:52:35 PLC 快门3打开(S13)
2018-03-06 01:52:39 PLC 采集结束(S16)
2018-03-06 01:52:39 采集卡 停止采集
2018-03-06 01:52:39 采集卡 采集完成
2018-03-06 01:52:39 采集卡 转换数据
2018-03-06 01:52:39 PLC 快门关闭(S06)
2018-03-06 01:52:39 采集卡 转换AD
2018-03-06 01:52:39 采集卡 修改点
2018-03-06 01:52:39 视频 结束线扫
2018-03-06 01:52:39 采集卡 GAMMA
2018-03-06 01:52:39 采集卡 模糊处理
2018-03-06 01:52:39 PLC 快门3打开(S13)
2018-03-06 01:52:39 采集卡 R42,C8751,S16064
2018-03-06 01:52:39 采集卡 T367542,C42379
2018-03-06 01:52:39 采集卡 容积11
2018-03-06 01:52:39 PLC 快门2打开(S08)
2018-03-06 01:52:39 采集卡 反转图像
2018-03-06 01:52:39 采集卡 生成图片数组
2018-03-06 01:52:39 PLC 快门3关闭(S14)
2018-03-06 01:52:39 PLC 快门2关闭(S09)
2018-03-06 01:52:39 PLC 快门3关闭(S14)
2018-03-06 01:52:39 PLC 快门2关闭(S09)
2018-03-06 01:52:39 采集卡 图片长度12739
2018-03-06 01:52:42 PLC 触发线圈4下降沿(S04)
2018-03-06 01:54:05 PLC 触发线圈1(S01)
2018-03-06 01:54:09 PLC 触发线圈2(S02)
2018-03-06 01:54:11 PLC 触发线圈3(S03)
2018-03-06 01:54:11 视频 开始线扫
2018-03-06 01:54:11 PLC 开始采集(S00)
2018-03-06 01:54:12 PLC 快门打开(S05)
2018-03-06 01:54:12 采集卡 开始采集图片
2018-03-06 01:54:12 采集卡 启动采集
2018-03-06 01:54:12 PLC 快门3打开(S13)
2018-03-06 01:54:18 PLC 采集结束(S16)
2018-03-06 01:54:18 采集卡 停止采集
2018-03-06 01:54:18 采集卡 采集完成
2018-03-06 01:54:18 采集卡 转换数据
2018-03-06 01:54:18 采集卡 转换AD
2018-03-06 01:54:18 PLC 快门关闭(S06)
2018-03-06 01:54:18 采集卡 修改点
2018-03-06 01:54:18 采集卡 GAMMA
2018-03-06 01:54:18 采集卡 模糊处理
2018-03-06 01:54:18 视频 结束线扫
2018-03-06 01:54:18 PLC 快门3打开(S13)
2018-03-06 01:54:18 采集卡 R155,C16378,S22400
2018-03-06 01:54:18 采集卡 T2538590,C1538039
2018-03-06 01:54:18 采集卡 容积60
2018-03-06 01:54:18 PLC 快门2打开(S08)
2018-03-06 01:54:18 采集卡 反转图像
2018-03-06 01:54:18 PLC 快门3关闭(S14)
2018-03-06 01:54:18 PLC 快门2关闭(S09)
2018-03-06 01:54:18 采集卡 生成图片数组
2018-03-06 01:54:19 PLC 快门3关闭(S14)
2018-03-06 01:54:19 PLC 快门2关闭(S09)
2018-03-06 01:54:19 采集卡 图片长度30936
2018-03-06 01:54:21 PLC 触发线圈4下降沿(S04)
2018-03-06 01:54:39 PLC 触发线圈1(S01)
2018-03-06 01:54:43 PLC 触发线圈2(S02)
2018-03-06 01:54:47 PLC 触发线圈3(S03)
2018-03-06 01:54:47 视频 开始线扫
2018-03-06 01:54:47 PLC 开始采集(S00)
2018-03-06 01:54:47 PLC 快门打开(S05)
2018-03-06 01:54:48 采集卡 开始采集图片
2018-03-06 01:54:48 采集卡 启动采集
2018-03-06 01:54:48 PLC 快门3打开(S13)
2018-03-06 01:54:57 PLC 采集结束(S16)
2018-03-06 01:54:57 采集卡 停止采集
2018-03-06 01:54:57 采集卡 采集完成
2018-03-06 01:54:58 采集卡 转换数据
2018-03-06 01:54:58 PLC 快门关闭(S06)
2018-03-06 01:54:58 视频 结束线扫
2018-03-06 01:54:58 PLC 快门3打开(S13)
2018-03-06 01:54:58 采集卡 转换AD
2018-03-06 01:54:58 采集卡 修改点
2018-03-06 01:54:58 PLC 快门2打开(S08)
2018-03-06 01:54:58 PLC 快门3关闭(S14)
2018-03-06 01:54:58 PLC 快门2关闭(S09)
2018-03-06 01:54:58 PLC 快门3关闭(S14)
2018-03-06 01:54:58 PLC 快门2关闭(S09)
2018-03-06 01:54:58 采集卡 GAMMA
2018-03-06 01:54:58 采集卡 模糊处理
2018-03-06 01:54:58 采集卡 R157,C28841,S37248
2018-03-06 01:54:58 采集卡 T4528037,C3224108
2018-03-06 01:54:58 采集卡 容积71
2018-03-06 01:54:58 采集卡 反转图像
2018-03-06 01:54:58 采集卡 生成图片数组
2018-03-06 01:54:59 采集卡 图片长度35590
2018-03-06 01:55:01 PLC 触发线圈4下降沿(S04)
2018-03-06 01:55:53 PLC 触发线圈1(S01)
2018-03-06 01:55:58 PLC 触发线圈2(S02)
2018-03-06 01:56:01 PLC 触发线圈3(S03)
2018-03-06 01:56:01 视频 开始线扫
2018-03-06 01:56:01 PLC 开始采集(S00)
2018-03-06 01:56:01 PLC 快门打开(S05)
2018-03-06 01:56:02 采集卡 开始采集图片
2018-03-06 01:56:02 PLC 快门3打开(S13)
2018-03-06 01:56:02 采集卡 启动采集
2018-03-06 01:56:05 PLC 采集结束(S16)
2018-03-06 01:56:05 采集卡 停止采集
2018-03-06 01:56:05 采集卡 采集完成
2018-03-06 01:56:05 采集卡 转换数据
2018-03-06 01:56:05 采集卡 转换AD
2018-03-06 01:56:05 采集卡 修改点
2018-03-06 01:56:05 PLC 快门关闭(S06)
2018-03-06 01:56:05 采集卡 GAMMA
2018-03-06 01:56:05 采集卡 模糊处理
2018-03-06 01:56:05 视频 结束线扫
2018-03-06 01:56:05 PLC 快门3打开(S13)
2018-03-06 01:56:05 采集卡 R69,C6681,S12736
2018-03-06 01:56:05 采集卡 T460989,C123209
2018-03-06 01:56:05 采集卡 容积26
2018-03-06 01:56:05 PLC 快门2打开(S08)
2018-03-06 01:56:05 采集卡 反转图像
2018-03-06 01:56:05 采集卡 生成图片数组
2018-03-06 01:56:05 PLC 快门3关闭(S14)
2018-03-06 01:56:05 PLC 快门2关闭(S09)
2018-03-06 01:56:05 采集卡 图片长度12456
2018-03-06 01:56:05 PLC 快门3关闭(S14)
2018-03-06 01:56:05 PLC 快门2关闭(S09)
2018-03-06 01:56:08 PLC 触发线圈4下降沿(S04)
2018-03-06 01:56:24 PLC 触发线圈1(S01)
2018-03-06 01:56:28 PLC 触发线圈2(S02)
2018-03-06 01:56:32 PLC 触发线圈3(S03)
2018-03-06 01:56:32 视频 开始线扫
2018-03-06 01:56:32 PLC 开始采集(S00)
2018-03-06 01:56:32 PLC 快门打开(S05)
2018-03-06 01:56:33 采集卡 开始采集图片
2018-03-06 01:56:33 采集卡 启动采集
2018-03-06 01:56:33 PLC 快门3打开(S13)
2018-03-06 01:56:45 PLC 采集结束(S16)
2018-03-06 01:56:45 采集卡 停止采集
2018-03-06 01:56:45 采集卡 采集完成
2018-03-06 01:56:45 PLC 快门关闭(S06)
2018-03-06 01:56:45 视频 结束线扫
2018-03-06 01:56:45 PLC 快门3打开(S13)
2018-03-06 01:56:45 采集卡 转换数据
2018-03-06 01:56:45 PLC 快门2打开(S08)
2018-03-06 01:56:45 采集卡 转换AD
2018-03-06 01:56:45 采集卡 修改点
2018-03-06 01:56:45 PLC 快门3关闭(S14)
2018-03-06 01:56:45 PLC 快门2关闭(S09)
2018-03-06 01:56:45 PLC 快门3关闭(S14)
2018-03-06 01:56:45 PLC 快门2关闭(S09)
2018-03-06 01:56:45 采集卡 GAMMA
2018-03-06 01:56:45 采集卡 模糊处理
2018-03-06 01:56:46 采集卡 R170,C40633,S46336
2018-03-06 01:56:46 采集卡 T6907610,C4677718
2018-03-06 01:56:46 采集卡 容积67
2018-03-06 01:56:46 采集卡 反转图像
2018-03-06 01:56:46 采集卡 生成图片数组
2018-03-06 01:56:46 采集卡 图片长度46939
2018-03-06 01:56:47 PLC 触发线圈4下降沿(S04)
2018-03-06 01:58:30 PLC 触发线圈1(S01)
2018-03-06 01:58:34 PLC 触发线圈2(S02)
2018-03-06 01:58:38 PLC 触发线圈3(S03)
2018-03-06 01:58:38 视频 开始线扫
2018-03-06 01:58:38 PLC 开始采集(S00)
2018-03-06 01:58:38 PLC 快门3打开(S13)
2018-03-06 01:58:39 采集卡 开始采集图片
2018-03-06 01:58:39 采集卡 启动采集
2018-03-06 01:58:48 PLC 采集结束(S16)
2018-03-06 01:58:48 采集卡 停止采集
2018-03-06 01:58:48 采集卡 采集完成
2018-03-06 01:58:48 采集卡 转换数据
2018-03-06 01:58:48 PLC 快门关闭(S06)
2018-03-06 01:58:48 采集卡 转换AD
2018-03-06 01:58:48 采集卡 修改点
2018-03-06 01:58:48 视频 结束线扫
2018-03-06 01:58:48 PLC 快门3打开(S13)
2018-03-06 01:58:48 PLC 快门2打开(S08)
2018-03-06 01:58:48 PLC 快门3关闭(S14)
2018-03-06 01:58:48 PLC 快门2关闭(S09)
2018-03-06 01:58:48 PLC 快门3关闭(S14)
2018-03-06 01:58:49 PLC 快门2关闭(S09)
2018-03-06 01:58:49 采集卡 GAMMA
2018-03-06 01:58:49 采集卡 模糊处理
2018-03-06 01:58:49 采集卡 R179,C28297,S35776
2018-03-06 01:58:49 采集卡 T5065163,C4379804
2018-03-06 01:58:49 采集卡 容积86
2018-03-06 01:58:49 采集卡 反转图像
2018-03-06 01:58:49 采集卡 生成图片数组
2018-03-06 01:58:49 采集卡 图片长度35566
2018-03-06 01:58:51 PLC 触发线圈4下降沿(S04)
2018-03-06 02:02:19 PLC 触发线圈1(S01)
2018-03-06 02:02:24 PLC 触发线圈2(S02)
2018-03-06 02:02:28 PLC 触发线圈3(S03)
2018-03-06 02:02:28 视频 开始线扫
2018-03-06 02:02:28 PLC 开始采集(S00)
2018-03-06 02:02:28 PLC 快门打开(S05)
2018-03-06 02:02:28 采集卡 开始采集图片
2018-03-06 02:02:28 采集卡 启动采集
2018-03-06 02:02:28 PLC 快门3打开(S13)
2018-03-06 02:02:34 PLC 采集结束(S16)
2018-03-06 02:02:34 采集卡 停止采集
2018-03-06 02:02:34 采集卡 采集完成
2018-03-06 02:02:34 采集卡 转换数据
2018-03-06 02:02:35 PLC 快门关闭(S06)
2018-03-06 02:02:35 采集卡 转换AD
2018-03-06 02:02:35 视频 结束线扫
2018-03-06 02:02:35 PLC 快门3打开(S13)
2018-03-06 02:02:35 采集卡 修改点
2018-03-06 02:02:35 PLC 快门2打开(S08)
2018-03-06 02:02:35 PLC 快门3关闭(S14)
2018-03-06 02:02:35 采集卡 GAMMA
2018-03-06 02:02:35 采集卡 模糊处理
2018-03-06 02:02:35 PLC 快门2关闭(S09)
2018-03-06 02:02:35 采集卡 R160,C17784,S23488
2018-03-06 02:02:35 PLC 快门3关闭(S14)
2018-03-06 02:02:35 采集卡 T2845440,C1712643
2018-03-06 02:02:35 采集卡 容积60
2018-03-06 02:02:35 PLC 快门2关闭(S09)
2018-03-06 02:02:35 采集卡 反转图像
2018-03-06 02:02:35 采集卡 生成图片数组
2018-03-06 02:02:35 采集卡 图片长度46249
2018-03-06 02:02:37 PLC 触发线圈4下降沿(S04)
2018-03-06 02:04:36 PLC 触发线圈1(S01)
2018-03-06 02:04:41 PLC 触发线圈2(S02)
2018-03-06 02:04:45 PLC 触发线圈3(S03)
2018-03-06 02:04:45 视频 开始线扫
2018-03-06 02:04:45 PLC 开始采集(S00)
2018-03-06 02:04:45 PLC 快门3打开(S13)
2018-03-06 02:04:46 采集卡 开始采集图片
2018-03-06 02:04:46 采集卡 启动采集
2018-03-06 02:04:58 PLC 采集结束(S16)
2018-03-06 02:04:58 采集卡 停止采集
2018-03-06 02:04:58 采集卡 采集完成
2018-03-06 02:04:58 PLC 快门关闭(S06)
2018-03-06 02:04:58 采集卡 转换数据
2018-03-06 02:04:58 视频 结束线扫
2018-03-06 02:04:58 PLC 快门3打开(S13)
2018-03-06 02:04:59 采集卡 转换AD
2018-03-06 02:04:59 采集卡 修改点
2018-03-06 02:04:59 PLC 快门2打开(S08)
2018-03-06 02:04:59 采集卡 GAMMA
2018-03-06 02:04:59 采集卡 模糊处理
2018-03-06 02:04:59 PLC 快门3关闭(S14)
2018-03-06 02:04:59 采集卡 R135,C41618,S46656
2018-03-06 02:04:59 PLC 快门2关闭(S09)
2018-03-06 02:04:59 PLC 快门3关闭(S14)
2018-03-06 02:04:59 PLC 快门2关闭(S09)
2018-03-06 02:04:59 采集卡 T5618430,C3438716
2018-03-06 02:04:59 采集卡 容积61
2018-03-06 02:04:59 采集卡 反转图像
2018-03-06 02:04:59 采集卡 生成图片数组
2018-03-06 02:05:00 采集卡 图片长度32169
2018-03-06 02:05:01 PLC 触发线圈4下降沿(S04)
2018-03-06 02:05:50 PLC 触发线圈1(S01)
2018-03-06 02:05:57 PLC 触发线圈2(S02)
2018-03-06 02:06:02 PLC 触发线圈3(S03)
2018-03-06 02:06:02 视频 开始线扫
2018-03-06 02:06:02 PLC 开始采集(S00)
2018-03-06 02:06:02 PLC 快门打开(S05)
2018-03-06 02:06:02 采集卡 开始采集图片
2018-03-06 02:06:02 采集卡 启动采集
2018-03-06 02:06:02 PLC 快门3打开(S13)
2018-03-06 02:06:15 PLC 采集结束(S16)
2018-03-06 02:06:15 采集卡 停止采集
2018-03-06 02:06:15 采集卡 采集完成
2018-03-06 02:06:15 采集卡 转换数据
2018-03-06 02:06:15 PLC 快门关闭(S06)
2018-03-06 02:06:15 视频 结束线扫
2018-03-06 02:06:15 PLC 快门3打开(S13)
2018-03-06 02:06:15 PLC 快门2打开(S08)
2018-03-06 02:06:15 PLC 快门3关闭(S14)
2018-03-06 02:06:15 采集卡 转换AD
2018-03-06 02:06:15 PLC 快门2关闭(S09)
2018-03-06 02:06:15 采集卡 修改点
2018-03-06 02:06:15 PLC 快门3关闭(S14)
2018-03-06 02:06:15 PLC 快门2关闭(S09)
2018-03-06 02:06:15 采集卡 GAMMA
2018-03-06 02:06:15 采集卡 模糊处理
2018-03-06 02:06:16 采集卡 R158,C40884,S47040
2018-03-06 02:06:16 采集卡 T6459672,C3831721
2018-03-06 02:06:16 采集卡 容积59
2018-03-06 02:06:16 采集卡 反转图像
2018-03-06 02:06:16 采集卡 生成图片数组
2018-03-06 02:06:16 采集卡 图片长度34942
2018-03-06 02:06:18 PLC 触发线圈4下降沿(S04)
2018-03-06 02:06:23 PLC 触发线圈1(S01)
2018-03-06 02:06:26 PLC 触发线圈2(S02)
2018-03-06 02:06:31 PLC 触发线圈3(S03)
2018-03-06 02:06:31 视频 开始线扫
2018-03-06 02:06:31 PLC 开始采集(S00)
2018-03-06 02:06:31 PLC 快门打开(S05)
2018-03-06 02:06:32 采集卡 开始采集图片
2018-03-06 02:06:32 PLC 快门3打开(S13)
2018-03-06 02:06:32 采集卡 启动采集
2018-03-06 02:06:41 PLC 采集结束(S16)
2018-03-06 02:06:41 采集卡 停止采集
2018-03-06 02:06:41 采集卡 采集完成
2018-03-06 02:06:41 采集卡 转换数据
2018-03-06 02:06:41 PLC 快门关闭(S06)
2018-03-06 02:06:41 视频 结束线扫
2018-03-06 02:06:41 PLC 快门3打开(S13)
2018-03-06 02:06:41 采集卡 转换AD
2018-03-06 02:06:41 采集卡 修改点
2018-03-06 02:06:41 PLC 快门2打开(S08)
2018-03-06 02:06:42 PLC 快门3关闭(S14)
2018-03-06 02:06:42 PLC 快门2关闭(S09)
2018-03-06 02:06:42 PLC 快门3关闭(S14)
2018-03-06 02:06:42 PLC 快门2关闭(S09)
2018-03-06 02:06:42 采集卡 GAMMA
2018-03-06 02:06:42 采集卡 模糊处理
2018-03-06 02:06:42 采集卡 R160,C28987,S36096
2018-03-06 02:06:42 采集卡 T4637920,C3167566
2018-03-06 02:06:42 采集卡 容积68
2018-03-06 02:06:42 采集卡 反转图像
2018-03-06 02:06:42 采集卡 生成图片数组
2018-03-06 02:06:42 采集卡 图片长度42544
2018-03-06 02:06:44 PLC 触发线圈4下降沿(S04)
2018-03-06 02:07:43 PLC 触发线圈1(S01)
2018-03-06 02:07:48 PLC 触发线圈2(S02)
2018-03-06 02:07:53 PLC 触发线圈3(S03)
2018-03-06 02:07:53 视频 开始线扫
2018-03-06 02:07:53 PLC 开始采集(S00)
2018-03-06 02:07:53 PLC 快门打开(S05)
2018-03-06 02:07:53 采集卡 开始采集图片
2018-03-06 02:07:53 采集卡 启动采集
2018-03-06 02:07:53 PLC 快门3打开(S13)
2018-03-06 02:08:06 PLC 采集结束(S16)
2018-03-06 02:08:06 采集卡 停止采集
2018-03-06 02:08:06 采集卡 采集完成
2018-03-06 02:08:06 PLC 快门关闭(S06)
2018-03-06 02:08:06 采集卡 转换数据
2018-03-06 02:08:06 视频 结束线扫
2018-03-06 02:08:06 PLC 快门3打开(S13)
2018-03-06 02:08:06 采集卡 转换AD
2018-03-06 02:08:06 PLC 快门2打开(S08)
2018-03-06 02:08:06 采集卡 修改点
2018-03-06 02:08:06 PLC 快门3关闭(S14)
2018-03-06 02:08:06 采集卡 GAMMA
2018-03-06 02:08:06 采集卡 模糊处理
2018-03-06 02:08:06 PLC 快门2关闭(S09)
2018-03-06 02:08:06 PLC 快门3关闭(S14)
2018-03-06 02:08:06 采集卡 R140,C39103,S47744
2018-03-06 02:08:07 PLC 快门2关闭(S09)
2018-03-06 02:08:07 采集卡 T5474420,C3042577
2018-03-06 02:08:07 采集卡 容积55
2018-03-06 02:08:07 采集卡 反转图像
2018-03-06 02:08:07 采集卡 生成图片数组
2018-03-06 02:08:07 采集卡 图片长度43316
2018-03-06 02:08:09 PLC 触发线圈4下降沿(S04)
2018-03-06 02:09:20 PLC 触发线圈1(S01)
2018-03-06 02:09:29 PLC 触发线圈2(S02)
2018-03-06 02:09:35 PLC 触发线圈3(S03)
2018-03-06 02:09:35 视频 开始线扫
2018-03-06 02:09:35 PLC 开始采集(S00)
2018-03-06 02:09:35 PLC 快门3打开(S13)
2018-03-06 02:09:35 采集卡 开始采集图片
2018-03-06 02:09:35 采集卡 启动采集
2018-03-06 02:09:50 PLC 采集结束(S16)
2018-03-06 02:09:50 采集卡 停止采集
2018-03-06 02:09:50 采集卡 采集完成
2018-03-06 02:09:50 PLC 快门关闭(S06)
2018-03-06 02:09:50 采集卡 转换数据
2018-03-06 02:09:50 视频 结束线扫
2018-03-06 02:09:50 PLC 快门3打开(S13)
2018-03-06 02:09:51 PLC 快门2打开(S08)
2018-03-06 02:09:51 PLC 快门2关闭(S09)
2018-03-06 02:09:51 采集卡 转换AD
2018-03-06 02:09:51 PLC 快门3关闭(S14)
2018-03-06 02:09:51 采集卡 修改点
2018-03-06 02:09:51 PLC 快门2关闭(S09)
2018-03-06 02:09:51 采集卡 GAMMA
2018-03-06 02:09:51 采集卡 模糊处理
2018-03-06 02:09:51 采集卡 R147,C48345,S57472
2018-03-06 02:09:51 采集卡 T7106715,C3707716
2018-03-06 02:09:51 采集卡 容积52
2018-03-06 02:09:52 采集卡 反转图像
2018-03-06 02:09:52 采集卡 生成图片数组
2018-03-06 02:09:52 采集卡 图片长度31478
2018-03-06 02:09:54 PLC 触发线圈4下降沿(S04)
2018-03-06 02:11:47 PLC 触发线圈1(S01)
2018-03-06 02:11:52 PLC 触发线圈2(S02)
2018-03-06 02:11:57 PLC 触发线圈3(S03)
2018-03-06 02:11:57 视频 开始线扫
2018-03-06 02:11:57 PLC 开始采集(S00)
2018-03-06 02:11:57 PLC 快门3打开(S13)
2018-03-06 02:11:57 采集卡 开始采集图片
2018-03-06 02:11:57 采集卡 启动采集
2018-03-06 02:12:09 PLC 采集结束(S16)
2018-03-06 02:12:09 采集卡 停止采集
2018-03-06 02:12:09 采集卡 采集完成
2018-03-06 02:12:09 采集卡 转换数据
2018-03-06 02:12:10 PLC 快门关闭(S06)
2018-03-06 02:12:10 视频 结束线扫
2018-03-06 02:12:10 PLC 快门3打开(S13)
2018-03-06 02:12:10 PLC 快门2打开(S08)
2018-03-06 02:12:10 PLC 快门3关闭(S14)
2018-03-06 02:12:10 采集卡 转换AD
2018-03-06 02:12:10 采集卡 修改点
2018-03-06 02:12:10 PLC 快门2关闭(S09)
2018-03-06 02:12:10 PLC 快门3关闭(S14)
2018-03-06 02:12:10 PLC 快门2关闭(S09)
2018-03-06 02:12:10 采集卡 GAMMA
2018-03-06 02:12:10 采集卡 模糊处理
2018-03-06 02:12:10 采集卡 R178,C39002,S46336
2018-03-06 02:12:10 采集卡 T6942356,C2791473
2018-03-06 02:12:10 采集卡 容积40
2018-03-06 02:12:10 采集卡 反转图像
2018-03-06 02:12:10 采集卡 生成图片数组
2018-03-06 02:12:11 采集卡 图片长度35411
2018-03-06 02:12:13 PLC 触发线圈4下降沿(S04)
2018-03-06 02:17:36 PLC 触发线圈1(S01)
2018-03-06 02:17:40 PLC 触发线圈2(S02)
2018-03-06 02:17:48 PLC 触发线圈3(S03)
2018-03-06 02:17:48 视频 开始线扫
2018-03-06 02:17:48 PLC 开始采集(S00)
2018-03-06 02:17:48 PLC 快门3打开(S13)
2018-03-06 02:17:48 采集卡 开始采集图片
2018-03-06 02:17:48 采集卡 启动采集
2018-03-06 02:17:57 PLC 采集结束(S16)
2018-03-06 02:17:57 采集卡 停止采集
2018-03-06 02:17:57 采集卡 采集完成
2018-03-06 02:17:58 采集卡 转换数据
2018-03-06 02:17:58 PLC 快门关闭(S06)
2018-03-06 02:17:58 视频 结束线扫
2018-03-06 02:17:58 PLC 快门3打开(S13)
2018-03-06 02:17:58 采集卡 转换AD
2018-03-06 02:17:58 采集卡 修改点
2018-03-06 02:17:58 PLC 快门2打开(S08)
2018-03-06 02:17:58 采集卡 GAMMA
2018-03-06 02:17:58 采集卡 模糊处理
2018-03-06 02:17:58 PLC 快门3关闭(S14)
2018-03-06 02:17:58 采集卡 R166,C27867,S35520
2018-03-06 02:17:58 PLC 快门2关闭(S09)
2018-03-06 02:17:58 PLC 快门3关闭(S14)
2018-03-06 02:17:58 采集卡 T4625922,C2397771
2018-03-06 02:17:58 采集卡 容积51
2018-03-06 02:17:58 PLC 快门2关闭(S09)
2018-03-06 02:17:58 采集卡 反转图像
2018-03-06 02:17:58 采集卡 生成图片数组
2018-03-06 02:17:59 采集卡 图片长度29709
2018-03-06 02:18:01 PLC 触发线圈4下降沿(S04)
2018-03-06 02:18:03 PLC 触发线圈1(S01)
2018-03-06 02:18:07 PLC 触发线圈2(S02)
2018-03-06 02:18:12 PLC 触发线圈3(S03)
2018-03-06 02:18:12 视频 开始线扫
2018-03-06 02:18:12 PLC 开始采集(S00)
2018-03-06 02:18:12 PLC 快门打开(S05)
2018-03-06 02:18:13 采集卡 开始采集图片
2018-03-06 02:18:13 采集卡 启动采集
2018-03-06 02:18:13 PLC 快门3打开(S13)
2018-03-06 02:18:27 PLC 采集结束(S16)
2018-03-06 02:18:27 采集卡 停止采集
2018-03-06 02:18:27 采集卡 采集完成
2018-03-06 02:18:27 PLC 快门关闭(S06)
2018-03-06 02:18:27 视频 结束线扫
2018-03-06 02:18:27 PLC 快门3打开(S13)
2018-03-06 02:18:27 采集卡 转换数据
2018-03-06 02:18:27 PLC 快门2打开(S08)
2018-03-06 02:18:27 采集卡 转换AD
2018-03-06 02:18:27 采集卡 修改点
2018-03-06 02:18:28 PLC 快门2关闭(S09)
2018-03-06 02:18:28 采集卡 GAMMA
2018-03-06 02:18:28 采集卡 模糊处理
2018-03-06 02:18:28 PLC 快门3关闭(S14)
2018-03-06 02:18:28 采集卡 R130,C46826,S54720
2018-03-06 02:18:28 PLC 快门2关闭(S09)
2018-03-06 02:18:28 采集卡 T6087380,C3473195
2018-03-06 02:18:28 采集卡 容积57
2018-03-06 02:18:28 采集卡 反转图像
2018-03-06 02:18:28 采集卡 生成图片数组
2018-03-06 02:18:29 采集卡 图片长度29343
2018-03-06 02:18:30 PLC 触发线圈4下降沿(S04)
2018-03-06 02:23:37 PLC 触发线圈1(S01)
2018-03-06 02:23:40 PLC 触发线圈2(S02)
2018-03-06 02:23:44 PLC 触发线圈3(S03)
2018-03-06 02:23:44 视频 开始线扫
2018-03-06 02:23:44 PLC 开始采集(S00)
2018-03-06 02:23:44 PLC 快门打开(S05)
2018-03-06 02:23:45 采集卡 开始采集图片
2018-03-06 02:23:45 采集卡 启动采集
2018-03-06 02:23:45 PLC 快门3打开(S13)
2018-03-06 02:23:51 PLC 采集结束(S16)
2018-03-06 02:23:52 采集卡 停止采集
2018-03-06 02:23:52 采集卡 采集完成
2018-03-06 02:23:52 采集卡 转换数据
2018-03-06 02:23:52 PLC 快门关闭(S06)
2018-03-06 02:23:52 采集卡 转换AD
2018-03-06 02:23:52 采集卡 修改点
2018-03-06 02:23:52 采集卡 GAMMA
2018-03-06 02:23:52 视频 结束线扫
2018-03-06 02:23:52 采集卡 模糊处理
2018-03-06 02:23:52 PLC 快门3打开(S13)
2018-03-06 02:23:52 采集卡 R164,C26239,S26240
2018-03-06 02:23:52 采集卡 T4303196,C1886588
2018-03-06 02:23:52 采集卡 容积43
2018-03-06 02:23:52 PLC 快门2打开(S08)
2018-03-06 02:23:52 采集卡 反转图像
2018-03-06 02:23:52 PLC 快门3关闭(S14)
2018-03-06 02:23:52 采集卡 生成图片数组
2018-03-06 02:23:52 PLC 快门2关闭(S09)
2018-03-06 02:23:52 PLC 快门3关闭(S14)
2018-03-06 02:23:52 PLC 快门2关闭(S09)
2018-03-06 02:23:52 采集卡 图片长度35611
2018-03-06 02:23:55 PLC 触发线圈4下降沿(S04)
2018-03-06 02:25:29 PLC 触发线圈1(S01)
2018-03-06 02:25:32 PLC 触发线圈2(S02)
2018-03-06 02:25:38 PLC 触发线圈3(S03)
2018-03-06 02:25:38 视频 开始线扫
2018-03-06 02:25:38 PLC 开始采集(S00)
2018-03-06 02:25:38 PLC 快门3打开(S13)
2018-03-06 02:25:38 采集卡 开始采集图片
2018-03-06 02:25:38 采集卡 启动采集
2018-03-06 02:25:50 PLC 采集结束(S16)
2018-03-06 02:25:50 采集卡 停止采集
2018-03-06 02:25:50 采集卡 采集完成
2018-03-06 02:25:51 PLC 快门关闭(S06)
2018-03-06 02:25:51 采集卡 转换数据
2018-03-06 02:25:51 视频 结束线扫
2018-03-06 02:25:51 PLC 快门3打开(S13)
2018-03-06 02:25:51 PLC 快门2打开(S08)
2018-03-06 02:25:51 采集卡 转换AD
2018-03-06 02:25:51 采集卡 修改点
2018-03-06 02:25:51 PLC 快门3关闭(S14)
2018-03-06 02:25:51 采集卡 GAMMA
2018-03-06 02:25:51 采集卡 模糊处理
2018-03-06 02:25:51 PLC 快门2关闭(S09)
2018-03-06 02:25:51 采集卡 R163,C36968,S46784
2018-03-06 02:25:51 PLC 快门3关闭(S14)
2018-03-06 02:25:51 PLC 快门2关闭(S09)
2018-03-06 02:25:51 采集卡 T6025784,C3527915
2018-03-06 02:25:51 采集卡 容积58
2018-03-06 02:25:52 采集卡 反转图像
2018-03-06 02:25:52 采集卡 生成图片数组
2018-03-06 02:25:52 采集卡 图片长度49186
2018-03-06 02:25:54 PLC 触发线圈4下降沿(S04)
2018-03-06 02:27:57 PLC 触发线圈1(S01)
2018-03-06 02:28:02 PLC 触发线圈2(S02)
2018-03-06 02:28:08 PLC 触发线圈3(S03)
2018-03-06 02:28:08 视频 开始线扫
2018-03-06 02:28:08 PLC 开始采集(S00)
2018-03-06 02:28:08 PLC 快门打开(S05)
2018-03-06 02:28:09 采集卡 开始采集图片
2018-03-06 02:28:09 采集卡 启动采集
2018-03-06 02:28:09 PLC 快门3打开(S13)
2018-03-06 02:28:38 PLC 采集结束(S16)
2018-03-06 02:28:38 采集卡 停止采集
2018-03-06 02:28:38 采集卡 采集完成
2018-03-06 02:28:39 PLC 快门关闭(S06)
2018-03-06 02:28:39 视频 结束线扫
2018-03-06 02:28:39 PLC 快门3打开(S13)
2018-03-06 02:28:39 PLC 快门2打开(S08)
2018-03-06 02:28:39 PLC 快门3关闭(S14)
2018-03-06 02:28:39 PLC 快门2关闭(S09)
2018-03-06 02:28:39 采集卡 转换数据
2018-03-06 02:28:39 PLC 快门3关闭(S14)
2018-03-06 02:28:40 PLC 快门2关闭(S09)
2018-03-06 02:28:40 采集卡 转换AD
2018-03-06 02:28:40 采集卡 修改点
2018-03-06 02:28:40 采集卡 GAMMA
2018-03-06 02:28:40 采集卡 模糊处理
2018-03-06 02:28:41 采集卡 R121,C99359,S114752
2018-03-06 02:28:41 采集卡 T12022439,C8041723
2018-03-06 02:28:41 采集卡 容积66
2018-03-06 02:28:41 采集卡 反转图像
2018-03-06 02:28:41 采集卡 生成图片数组
2018-03-06 02:28:42 采集卡 图片长度66166
2018-03-06 02:28:45 PLC 触发线圈4下降沿(S04)
2018-03-06 02:30:11 PLC 触发线圈1(S01)
2018-03-06 02:30:17 PLC 触发线圈2(S02)
2018-03-06 02:30:23 PLC 触发线圈3(S03)
2018-03-06 02:30:23 视频 开始线扫
2018-03-06 02:30:23 PLC 开始采集(S00)
2018-03-06 02:30:23 PLC 快门3打开(S13)
2018-03-06 02:30:24 采集卡 开始采集图片
2018-03-06 02:30:24 采集卡 启动采集
2018-03-06 02:30:37 PLC 采集结束(S16)
2018-03-06 02:30:37 采集卡 停止采集
2018-03-06 02:30:37 采集卡 采集完成
2018-03-06 02:30:37 PLC 快门关闭(S06)
2018-03-06 02:30:37 视频 结束线扫
2018-03-06 02:30:37 PLC 快门3打开(S13)
2018-03-06 02:30:37 采集卡 转换数据
2018-03-06 02:30:37 PLC 快门2打开(S08)
2018-03-06 02:30:37 采集卡 转换AD
2018-03-06 02:30:37 采集卡 修改点
2018-03-06 02:30:38 PLC 快门2关闭(S09)
2018-03-06 02:30:38 PLC 快门3关闭(S14)
2018-03-06 02:30:38 采集卡 GAMMA
2018-03-06 02:30:38 采集卡 模糊处理
2018-03-06 02:30:38 PLC 快门2关闭(S09)
2018-03-06 02:30:38 采集卡 R146,C50111,S50112
2018-03-06 02:30:38 采集卡 T7316206,C2523690
2018-03-06 02:30:38 采集卡 容积34
2018-03-06 02:30:38 采集卡 反转图像
2018-03-06 02:30:38 采集卡 生成图片数组
2018-03-06 02:30:39 采集卡 图片长度29259
2018-03-06 02:30:40 PLC 触发线圈4下降沿(S04)
2018-03-06 02:30:49 PLC 触发线圈1(S01)
2018-03-06 02:30:55 PLC 触发线圈2(S02)
2018-03-06 02:30:59 PLC 触发线圈3(S03)
2018-03-06 02:30:59 视频 开始线扫
2018-03-06 02:30:59 PLC 开始采集(S00)
2018-03-06 02:30:59 PLC 快门打开(S05)
2018-03-06 02:31:00 采集卡 开始采集图片
2018-03-06 02:31:00 采集卡 启动采集
2018-03-06 02:31:00 PLC 快门3打开(S13)
2018-03-06 02:31:05 PLC 采集结束(S16)
2018-03-06 02:31:05 采集卡 停止采集
2018-03-06 02:31:05 采集卡 采集完成
2018-03-06 02:31:05 采集卡 转换数据
2018-03-06 02:31:06 PLC 快门关闭(S06)
2018-03-06 02:31:06 采集卡 转换AD
2018-03-06 02:31:06 采集卡 修改点
2018-03-06 02:31:06 视频 结束线扫
2018-03-06 02:31:06 PLC 快门3打开(S13)
2018-03-06 02:31:06 采集卡 GAMMA
2018-03-06 02:31:06 采集卡 模糊处理
2018-03-06 02:31:06 PLC 快门2打开(S08)
2018-03-06 02:31:06 PLC 快门3关闭(S14)
2018-03-06 02:31:06 采集卡 R118,C11290,S21056
2018-03-06 02:31:06 PLC 快门2关闭(S09)
2018-03-06 02:31:06 采集卡 T1332220,C1016802
2018-03-06 02:31:06 采集卡 容积76
2018-03-06 02:31:06 PLC 快门3关闭(S14)
2018-03-06 02:31:06 PLC 快门2关闭(S09)
2018-03-06 02:31:06 采集卡 反转图像
2018-03-06 02:31:06 采集卡 生成图片数组
2018-03-06 02:31:06 采集卡 图片长度23274
2018-03-06 02:31:09 PLC 触发线圈4下降沿(S04)
2018-03-06 02:31:18 PLC 触发线圈1(S01)
2018-03-06 02:31:22 PLC 触发线圈2(S02)
2018-03-06 02:31:28 PLC 触发线圈3(S03)
2018-03-06 02:31:28 视频 开始线扫
2018-03-06 02:31:28 PLC 开始采集(S00)
2018-03-06 02:31:28 PLC 快门打开(S05)
2018-03-06 02:31:29 采集卡 开始采集图片
2018-03-06 02:31:29 采集卡 启动采集
2018-03-06 02:31:29 PLC 快门3打开(S13)
2018-03-06 02:31:48 PLC 采集结束(S16)
2018-03-06 02:31:48 采集卡 停止采集
2018-03-06 02:31:48 采集卡 采集完成
2018-03-06 02:31:48 PLC 快门关闭(S06)
2018-03-06 02:31:48 视频 结束线扫
2018-03-06 02:31:48 PLC 快门3打开(S13)
2018-03-06 02:31:48 PLC 快门2打开(S08)
2018-03-06 02:31:49 采集卡 转换数据
2018-03-06 02:31:49 PLC 快门3关闭(S14)
2018-03-06 02:31:49 PLC 快门2关闭(S09)
2018-03-06 02:31:49 PLC 快门3关闭(S14)
2018-03-06 02:31:49 PLC 快门2关闭(S09)
2018-03-06 02:31:49 采集卡 转换AD
2018-03-06 02:31:49 采集卡 修改点
2018-03-06 02:31:49 采集卡 GAMMA
2018-03-06 02:31:49 采集卡 模糊处理
2018-03-06 02:31:50 采集卡 R115,C65404,S75072
2018-03-06 02:31:50 采集卡 T7521460,C4702758
2018-03-06 02:31:50 采集卡 容积62
2018-03-06 02:31:50 采集卡 反转图像
2018-03-06 02:31:50 采集卡 生成图片数组
2018-03-06 02:31:51 采集卡 图片长度39605
2018-03-06 02:31:52 PLC 触发线圈4下降沿(S04)
2018-03-06 02:31:53 PLC 触发线圈1(S01)
2018-03-06 02:32:00 PLC 触发线圈2(S02)
2018-03-06 02:32:05 PLC 触发线圈3(S03)
2018-03-06 02:32:05 视频 开始线扫
2018-03-06 02:32:05 PLC 开始采集(S00)
2018-03-06 02:32:05 PLC 快门3打开(S13)
2018-03-06 02:32:05 采集卡 开始采集图片
2018-03-06 02:32:05 采集卡 启动采集
2018-03-06 02:32:16 PLC 采集结束(S16)
2018-03-06 02:32:16 采集卡 停止采集
2018-03-06 02:32:16 采集卡 采集完成
2018-03-06 02:32:16 PLC 快门关闭(S06)
2018-03-06 02:32:16 采集卡 转换数据
2018-03-06 02:32:16 视频 结束线扫
2018-03-06 02:32:16 PLC 快门3打开(S13)
2018-03-06 02:32:16 采集卡 转换AD
2018-03-06 02:32:16 采集卡 修改点
2018-03-06 02:32:16 PLC 快门2打开(S08)
2018-03-06 02:32:16 PLC 快门2关闭(S09)
2018-03-06 02:32:16 PLC 快门3打开(S13)
2018-03-06 02:32:16 PLC 快门3关闭(S14)
2018-03-06 02:32:16 PLC 快门2关闭(S09)
2018-03-06 02:32:16 采集卡 GAMMA
2018-03-06 02:32:16 采集卡 模糊处理
2018-03-06 02:32:16 采集卡 R119,C29893,S39488
2018-03-06 02:32:17 采集卡 T3557267,C2252643
2018-03-06 02:32:17 采集卡 容积63
2018-03-06 02:32:17 采集卡 反转图像
2018-03-06 02:32:17 采集卡 生成图片数组
2018-03-06 02:32:17 采集卡 图片长度33593
2018-03-06 02:32:19 PLC 触发线圈4下降沿(S04)
2018-03-06 02:32:41 PLC 触发线圈1(S01)
2018-03-06 02:32:45 PLC 触发线圈2(S02)
2018-03-06 02:32:51 PLC 触发线圈3(S03)
2018-03-06 02:32:51 视频 开始线扫
2018-03-06 02:32:51 PLC 开始采集(S00)
2018-03-06 02:32:51 PLC 快门打开(S05)
2018-03-06 02:32:52 采集卡 开始采集图片
2018-03-06 02:32:52 采集卡 启动采集
2018-03-06 02:32:52 PLC 快门3打开(S13)
2018-03-06 02:33:09 PLC 采集结束(S16)
2018-03-06 02:33:09 采集卡 停止采集
2018-03-06 02:33:09 采集卡 采集完成
2018-03-06 02:33:09 PLC 快门关闭(S06)
2018-03-06 02:33:09 视频 结束线扫
2018-03-06 02:33:09 PLC 快门3打开(S13)
2018-03-06 02:33:09 采集卡 转换数据
2018-03-06 02:33:09 PLC 快门2打开(S08)
2018-03-06 02:33:09 PLC 快门2关闭(S09)
2018-03-06 02:33:10 PLC 快门3关闭(S14)
2018-03-06 02:33:10 PLC 快门2关闭(S09)
2018-03-06 02:33:10 采集卡 转换AD
2018-03-06 02:33:10 采集卡 修改点
2018-03-06 02:33:10 采集卡 GAMMA
2018-03-06 02:33:10 采集卡 模糊处理
2018-03-06 02:33:10 采集卡 R177,C58282,S66752
2018-03-06 02:33:10 采集卡 T10315914,C7415219
2018-03-06 02:33:10 采集卡 容积71
2018-03-06 02:33:11 采集卡 反转图像
2018-03-06 02:33:11 采集卡 生成图片数组
2018-03-06 02:33:11 采集卡 图片长度50894
2018-03-06 02:33:13 PLC 触发线圈4下降沿(S04)
2018-03-06 02:37:20 高压电源 192.168.127.251关闭高压
2018-03-06 02:37:21 高压电源 192.168.127.252关闭高压
2018-03-06 02:37:21 高压电源 192.168.127.253关闭高压
