2018-03-06 10:52:35 视频 线扫相机初始化成功。
2018-03-06 10:52:35 采集卡 采集卡0初始化成功。
2018-03-06 10:52:35 采集卡 采集卡1初始化成功。
2018-03-06 10:52:35 采集卡 采集卡2初始化成功。
2018-03-06 10:52:35 采集卡 采集卡3初始化成功。
2018-03-06 10:52:35 高压电源 192.168.127.253:高压电源初始化成功
2018-03-06 10:52:35 高压电源 192.168.127.251:高压电源初始化成功
2018-03-06 10:52:35 高压电源 192.168.127.252:高压电源初始化成功
2018-03-06 10:52:35 PLC 手动运行应答成功(AC01)
2018-03-06 10:52:35 PLC PLC始化成功
2018-03-06 10:52:35 上位机 车牌初始化成功
2018-03-06 10:52:38 PLC 关道闸1应答成功(AC05)
2018-03-06 10:52:39 PLC 关道闸2应答成功(AC16)
2018-03-06 10:52:40 高压电源 192.168.127.251打开高压
2018-03-06 10:52:40 高压电源 192.168.127.253打开高压
2018-03-06 10:52:40 高压电源 192.168.127.252打开高压
2018-03-06 10:52:40 高压电源 训机结束
2018-03-06 10:52:40 PLC 手动运行应答成功(AC01)
2018-03-06 10:52:41 采集卡 开始采集本底
2018-03-06 10:52:41 采集卡 启动采集
2018-03-06 10:52:41 采集卡 采集完成
2018-03-06 10:52:41 采集卡 转换数据
2018-03-06 10:52:41 PLC 快门开应答成功(AC02)
2018-03-06 10:52:41 PLC 快门打开(S05)
2018-03-06 10:52:43 采集卡 开始采集满度
2018-03-06 10:52:43 采集卡 启动采集
2018-03-06 10:52:43 采集卡 采集完成
2018-03-06 10:52:43 采集卡 转换数据
2018-03-06 10:52:43 采集卡 开始采集图片
2018-03-06 10:52:43 采集卡 启动采集
2018-03-06 10:52:45 采集卡 停止采集
2018-03-06 10:52:45 采集卡 采集完成
2018-03-06 10:52:45 采集卡 转换数据
2018-03-06 10:52:45 采集卡 转换AD
2018-03-06 10:52:45 采集卡 修改点
2018-03-06 10:52:45 采集卡 GAMMA
2018-03-06 10:52:45 采集卡 模糊处理
2018-03-06 10:52:45 采集卡 R0,C0,S7680
2018-03-06 10:52:45 采集卡 容积0
2018-03-06 10:52:45 采集卡 反转图像
2018-03-06 10:52:45 采集卡 生成图片数组
2018-03-06 10:52:46 采集卡 图片长度3212
2018-03-06 10:52:47 PLC 快门3打开(S13)
2018-03-06 10:52:47 PLC 快门关应答成功(AC03)
2018-03-06 10:52:47 PLC 快门关闭(S06)
2018-03-06 10:52:47 PLC 快门3打开(S13)
2018-03-06 10:52:47 PLC 快门2打开(S08)
2018-03-06 10:52:47 PLC 快门3关闭(S14)
2018-03-06 10:52:47 PLC 快门2关闭(S09)
2018-03-06 10:52:47 PLC 快门3关闭(S14)
2018-03-06 10:52:47 PLC 快门2关闭(S09)
2018-03-06 10:52:47 PLC 自动运行应答成功(AC00)
2018-03-06 10:53:37 高压电源 192.168.127.251关闭高压
2018-03-06 10:53:41 高压电源 192.168.127.253关闭高压
2018-03-06 10:53:44 PLC 快门开应答成功(AC02)
2018-03-06 10:53:45 PLC 快门3打开(S13)
2018-03-06 10:53:47 采集卡 开始采集满度
2018-03-06 10:53:47 采集卡 启动采集
2018-03-06 10:53:47 采集卡 采集完成
2018-03-06 10:53:47 采集卡 转换数据
2018-03-06 10:53:49 PLC 快门关应答成功(AC03)
2018-03-06 10:53:50 PLC 快门关闭(S06)
2018-03-06 10:53:50 PLC 快门3打开(S13)
2018-03-06 10:53:50 PLC 快门2打开(S08)
2018-03-06 10:53:50 PLC 快门3关闭(S14)
2018-03-06 10:53:50 PLC 快门2关闭(S09)
2018-03-06 10:53:50 PLC 快门3关闭(S14)
2018-03-06 10:53:50 PLC 快门2关闭(S09)
2018-03-06 10:54:20 高压电源 设置电压150V
2018-03-06 10:54:23 PLC 快门开应答成功(AC02)
2018-03-06 10:54:23 PLC 快门打开(S05)
2018-03-06 10:54:23 PLC 快门3打开(S13)
2018-03-06 10:54:25 采集卡 开始采集满度
2018-03-06 10:54:25 采集卡 启动采集
2018-03-06 10:54:25 采集卡 采集完成
2018-03-06 10:54:25 采集卡 转换数据
2018-03-06 10:54:27 PLC 快门关应答成功(AC03)
2018-03-06 10:54:27 PLC 快门关闭(S06)
2018-03-06 10:54:27 PLC 快门3打开(S13)
2018-03-06 10:54:27 PLC 快门2打开(S08)
2018-03-06 10:54:27 PLC 快门3关闭(S14)
2018-03-06 10:54:27 PLC 快门2关闭(S09)
2018-03-06 10:54:28 PLC 快门3关闭(S14)
2018-03-06 10:54:28 PLC 快门2关闭(S09)
2018-03-06 10:56:04 高压电源 192.168.127.252关闭高压
2018-03-06 11:04:11 高压电源 192.168.127.252打开高压
2018-03-06 11:04:12 PLC 快门开应答成功(AC02)
2018-03-06 11:04:13 PLC 快门3打开(S13)
2018-03-06 11:04:14 采集卡 开始采集满度
2018-03-06 11:04:14 采集卡 启动采集
2018-03-06 11:04:14 采集卡 采集完成
2018-03-06 11:04:14 采集卡 转换数据
2018-03-06 11:04:16 PLC 快门关应答成功(AC03)
2018-03-06 11:04:16 PLC 快门关闭(S06)
2018-03-06 11:04:16 PLC 快门3打开(S13)
2018-03-06 11:04:16 PLC 快门2打开(S08)
2018-03-06 11:04:16 PLC 快门3关闭(S14)
2018-03-06 11:04:16 PLC 快门2关闭(S09)
2018-03-06 11:04:33 高压电源 192.168.127.252关闭高压
2018-03-06 11:08:27 高压电源 192.168.127.252打开高压
2018-03-06 11:08:30 PLC 快门开应答成功(AC02)
2018-03-06 11:08:30 PLC 快门打开(S05)
2018-03-06 11:08:30 PLC 快门3打开(S13)
2018-03-06 11:08:31 采集卡 开始采集满度
2018-03-06 11:08:31 采集卡 启动采集
2018-03-06 11:08:31 采集卡 采集完成
2018-03-06 11:08:31 采集卡 转换数据
2018-03-06 11:08:33 PLC 快门关应答成功(AC03)
2018-03-06 11:08:33 PLC 快门关闭(S06)
2018-03-06 11:08:33 PLC 快门3打开(S13)
2018-03-06 11:08:33 PLC 快门2打开(S08)
2018-03-06 11:08:33 PLC 快门3关闭(S14)
2018-03-06 11:08:33 PLC 快门2关闭(S09)
2018-03-06 11:08:33 PLC 快门3关闭(S14)
2018-03-06 11:08:33 PLC 快门2关闭(S09)
2018-03-06 11:08:45 高压电源 192.168.127.251关闭高压
2018-03-06 11:08:46 高压电源 192.168.127.252关闭高压
2018-03-06 11:08:46 高压电源 192.168.127.253关闭高压
2018-03-06 11:13:35 高压电源 192.168.127.253打开高压
2018-03-06 11:13:37 PLC 快门开应答成功(AC02)
2018-03-06 11:13:37 PLC 快门3打开(S13)
2018-03-06 11:13:38 采集卡 开始采集满度
2018-03-06 11:13:38 采集卡 启动采集
2018-03-06 11:13:38 采集卡 采集完成
2018-03-06 11:13:38 采集卡 转换数据
2018-03-06 11:13:39 PLC 快门关应答成功(AC03)
2018-03-06 11:13:40 PLC 快门关闭(S06)
2018-03-06 11:13:40 PLC 快门3打开(S13)
2018-03-06 11:13:40 PLC 快门2打开(S08)
2018-03-06 11:13:40 PLC 快门3关闭(S14)
2018-03-06 11:13:40 PLC 快门2关闭(S09)
2018-03-06 11:13:40 PLC 快门3关闭(S14)
2018-03-06 11:13:40 PLC 快门2关闭(S09)
2018-03-06 11:13:52 高压电源 192.168.127.253关闭高压
2018-03-06 11:18:27 PLC 关道闸1应答成功(AC05)
2018-03-06 11:18:28 PLC 关道闸2应答成功(AC16)
2018-03-06 11:18:29 高压电源 192.168.127.251打开高压
2018-03-06 11:18:29 高压电源 192.168.127.252打开高压
2018-03-06 11:18:29 高压电源 192.168.127.253打开高压
2018-03-06 11:18:29 高压电源 训机结束
2018-03-06 11:18:29 PLC 手动运行应答成功(AC01)
2018-03-06 11:18:30 采集卡 开始采集本底
2018-03-06 11:18:30 采集卡 启动采集
2018-03-06 11:18:30 采集卡 采集完成
2018-03-06 11:18:30 采集卡 转换数据
2018-03-06 11:18:30 PLC 快门开应答成功(AC02)
2018-03-06 11:18:30 PLC 快门打开(S05)
2018-03-06 11:18:32 采集卡 开始采集满度
2018-03-06 11:18:32 采集卡 启动采集
2018-03-06 11:18:32 采集卡 采集完成
2018-03-06 11:18:32 采集卡 转换数据
2018-03-06 11:18:32 采集卡 开始采集图片
2018-03-06 11:18:32 采集卡 启动采集
2018-03-06 11:18:34 采集卡 停止采集
2018-03-06 11:18:34 采集卡 采集完成
2018-03-06 11:18:34 采集卡 转换数据
2018-03-06 11:18:34 采集卡 转换AD
2018-03-06 11:18:34 采集卡 修改点
2018-03-06 11:18:34 采集卡 GAMMA
2018-03-06 11:18:34 采集卡 模糊处理
2018-03-06 11:18:35 采集卡 R0,C0,S7616
2018-03-06 11:18:35 采集卡 容积0
2018-03-06 11:18:35 采集卡 反转图像
2018-03-06 11:18:35 采集卡 生成图片数组
2018-03-06 11:18:35 采集卡 图片长度3212
2018-03-06 11:18:36 PLC 快门3打开(S13)
2018-03-06 11:18:36 PLC 快门关应答成功(AC03)
2018-03-06 11:18:36 PLC 快门关闭(S06)
2018-03-06 11:18:36 PLC 快门3打开(S13)
2018-03-06 11:18:36 PLC 快门2打开(S08)
2018-03-06 11:18:36 PLC 快门3关闭(S14)
2018-03-06 11:18:36 PLC 快门2关闭(S09)
2018-03-06 11:18:36 PLC 快门3关闭(S14)
2018-03-06 11:18:36 PLC 快门2关闭(S09)
2018-03-06 11:18:37 PLC 自动运行应答成功(AC00)
2018-03-06 11:24:27 PLC 触发线圈1(S01)
2018-03-06 11:24:33 PLC 触发线圈2(S02)
2018-03-06 11:24:37 PLC 触发线圈3(S03)
2018-03-06 11:24:37 视频 开始线扫
2018-03-06 11:24:37 PLC 开始采集(S00)
2018-03-06 11:24:38 PLC 快门3打开(S13)
2018-03-06 11:24:38 采集卡 开始采集图片
2018-03-06 11:24:38 采集卡 启动采集
2018-03-06 11:24:49 PLC 采集结束(S16)
2018-03-06 11:24:49 采集卡 停止采集
2018-03-06 11:24:49 采集卡 采集完成
2018-03-06 11:24:49 PLC 快门关闭(S06)
2018-03-06 11:24:49 采集卡 转换数据
2018-03-06 11:24:49 视频 结束线扫
2018-03-06 11:24:49 PLC 快门3打开(S13)
2018-03-06 11:24:49 PLC 快门2打开(S08)
2018-03-06 11:24:49 PLC 快门3关闭(S14)
2018-03-06 11:24:49 采集卡 转换AD
2018-03-06 11:24:49 采集卡 修改点
2018-03-06 11:24:49 PLC 快门2关闭(S09)
2018-03-06 11:24:49 PLC 快门3关闭(S14)
2018-03-06 11:24:49 PLC 快门2关闭(S09)
2018-03-06 11:24:49 采集卡 GAMMA
2018-03-06 11:24:49 采集卡 模糊处理
2018-03-06 11:24:49 采集卡 R147,C29688,S40960
2018-03-06 11:24:50 采集卡 T4364136,C1142631
2018-03-06 11:24:50 采集卡 容积26
2018-03-06 11:24:50 采集卡 反转图像
2018-03-06 11:24:50 采集卡 生成图片数组
2018-03-06 11:24:50 采集卡 图片长度20568
2018-03-06 11:24:53 PLC 触发线圈4下降沿(S04)
2018-03-06 11:29:03 高压电源 192.168.127.251关闭高压
2018-03-06 11:29:03 高压电源 192.168.127.252关闭高压
2018-03-06 11:29:04 高压电源 192.168.127.253关闭高压
2018-03-06 11:37:03 PLC 关道闸1应答成功(AC05)
2018-03-06 11:37:04 PLC 关道闸2应答成功(AC16)
2018-03-06 11:37:05 高压电源 192.168.127.253打开高压
2018-03-06 11:37:05 高压电源 192.168.127.252打开高压
2018-03-06 11:37:05 高压电源 192.168.127.251打开高压
2018-03-06 11:37:05 高压电源 训机结束
2018-03-06 11:37:05 PLC 手动运行应答成功(AC01)
2018-03-06 11:37:05 采集卡 开始采集本底
2018-03-06 11:37:05 采集卡 启动采集
2018-03-06 11:37:05 采集卡 采集完成
2018-03-06 11:37:05 采集卡 转换数据
2018-03-06 11:37:05 PLC 快门开应答成功(AC02)
2018-03-06 11:37:06 PLC 快门打开(S05)
2018-03-06 11:37:08 采集卡 开始采集满度
2018-03-06 11:37:08 采集卡 启动采集
2018-03-06 11:37:08 采集卡 采集完成
2018-03-06 11:37:08 采集卡 转换数据
2018-03-06 11:37:08 采集卡 开始采集图片
2018-03-06 11:37:08 采集卡 启动采集
2018-03-06 11:37:10 采集卡 停止采集
2018-03-06 11:37:10 采集卡 采集完成
2018-03-06 11:37:10 采集卡 转换数据
2018-03-06 11:37:10 采集卡 转换AD
2018-03-06 11:37:10 采集卡 修改点
2018-03-06 11:37:10 采集卡 GAMMA
2018-03-06 11:37:10 采集卡 模糊处理
2018-03-06 11:37:10 采集卡 R0,C0,S7680
2018-03-06 11:37:10 采集卡 容积0
2018-03-06 11:37:10 采集卡 反转图像
2018-03-06 11:37:10 采集卡 生成图片数组
2018-03-06 11:37:10 采集卡 图片长度3212
2018-03-06 11:37:12 PLC 快门3打开(S13)
2018-03-06 11:37:12 PLC 快门关应答成功(AC03)
2018-03-06 11:37:12 PLC 快门关闭(S06)
2018-03-06 11:37:12 PLC 快门3打开(S13)
2018-03-06 11:37:12 PLC 快门2打开(S08)
2018-03-06 11:37:12 PLC 快门2关闭(S09)
2018-03-06 11:37:12 PLC 快门3关闭(S14)
2018-03-06 11:37:12 PLC 快门2关闭(S09)
2018-03-06 11:37:12 PLC 自动运行应答成功(AC00)
2018-03-06 11:41:28 PLC 触发线圈1(S01)
2018-03-06 11:41:33 PLC 触发线圈2(S02)
2018-03-06 11:41:38 PLC 触发线圈3(S03)
2018-03-06 11:41:38 视频 开始线扫
2018-03-06 11:41:38 PLC 开始采集(S00)
2018-03-06 11:41:39 PLC 快门3打开(S13)
2018-03-06 11:41:39 采集卡 开始采集图片
2018-03-06 11:41:39 采集卡 启动采集
2018-03-06 11:41:46 PLC 采集结束(S16)
2018-03-06 11:41:46 采集卡 停止采集
2018-03-06 11:41:46 采集卡 采集完成
2018-03-06 11:41:46 采集卡 转换数据
2018-03-06 11:41:46 PLC 快门关闭(S06)
2018-03-06 11:41:46 视频 结束线扫
2018-03-06 11:41:46 采集卡 转换AD
2018-03-06 11:41:46 PLC 快门3打开(S13)
2018-03-06 11:41:46 采集卡 修改点
2018-03-06 11:41:46 PLC 快门2打开(S08)
2018-03-06 11:41:46 采集卡 GAMMA
2018-03-06 11:41:46 PLC 快门3关闭(S14)
2018-03-06 11:41:46 采集卡 模糊处理
2018-03-06 11:41:47 PLC 快门2关闭(S09)
2018-03-06 11:41:47 采集卡 R154,C21137,S26432
2018-03-06 11:41:47 PLC 快门3关闭(S14)
2018-03-06 11:41:47 PLC 快门2关闭(S09)
2018-03-06 11:41:47 采集卡 T3255098,C1976764
2018-03-06 11:41:47 采集卡 容积60
2018-03-06 11:41:47 采集卡 反转图像
2018-03-06 11:41:47 采集卡 生成图片数组
2018-03-06 11:41:47 采集卡 图片长度41704
2018-03-06 11:41:49 PLC 触发线圈4下降沿(S04)
2018-03-06 12:42:53 高压电源 192.168.127.251关闭高压
2018-03-06 12:42:54 高压电源 192.168.127.252关闭高压
2018-03-06 12:42:54 高压电源 192.168.127.253关闭高压
