2019-01-14 13:52:02 上位机 车牌初始化成功
2019-01-14 13:52:02 PLC 手动运行应答成功(AC01)
2019-01-14 13:52:03 PLC PLC始化成功
2019-01-14 13:52:04 采集卡 192.168.1.26初始化成功。
2019-01-14 13:52:04 采集卡 192.168.1.24初始化成功。
2019-01-14 13:52:04 采集卡 192.168.1.27初始化成功。
2019-01-14 13:52:04 采集卡 192.168.1.28初始化成功。
2019-01-14 13:52:05 高压电源 192.168.127.251:高压电源初始化成功
2019-01-14 13:52:05 高压电源 192.168.127.252:高压电源初始化成功
2019-01-14 13:52:16 PLC 触发线圈2(S02)
2019-01-14 13:52:36 PLC 触发线圈2(S02)
2019-01-14 13:53:07 PLC 触发线圈2(S02)
2019-01-14 13:53:34 PLC 触发线圈2(S02)
2019-01-14 13:54:24 PLC 触发线圈3(S03)
2019-01-14 13:55:04 PLC 触发线圈3(S03)
2019-01-14 13:55:20 PLC 触发线圈2(S02)
2019-01-14 13:56:22 PLC 触发线圈3(S03)
2019-01-14 13:57:17 PLC 触发线圈3(S03)
2019-01-14 13:58:17 PLC 触发线圈3(S03)
2019-01-14 13:58:23 PLC 关道闸1应答成功(AC05)
2019-01-14 13:58:24 PLC 关道闸2应答成功(AC16)
2019-01-14 13:58:24 高压电源 192.168.127.251打开高压
2019-01-14 13:58:24 高压电源 192.168.127.252打开高压
2019-01-14 13:58:24 高压电源 训机结束
2019-01-14 13:58:24 高压电源 192.168.127.251打开高压
2019-01-14 13:58:25 高压电源 192.168.127.252打开高压
2019-01-14 13:58:25 PLC 手动运行应答成功(AC01)
2019-01-14 13:58:25 PLC 开接收器(AC17)
2019-01-14 13:58:25 PLC 快门开应答成功(AC02)
2019-01-14 13:58:25 PLC 快门打开(S05)
2019-01-14 13:58:26 采集卡 开始采集满度
2019-01-14 13:58:26 采集卡 启动采集
2019-01-14 13:58:27 采集卡 采集完成
2019-01-14 13:58:27 采集卡 转换数据
2019-01-14 13:58:27 PLC 快门关应答成功(AC03)
2019-01-14 13:58:27 PLC 快门关闭(S06)
2019-01-14 13:58:28 高压电源 192.168.127.251关闭高压
2019-01-14 13:58:29 高压电源 192.168.127.252关闭高压
2019-01-14 13:58:29 采集卡 开始采集本底
2019-01-14 13:58:29 采集卡 启动采集
2019-01-14 13:58:30 采集卡 采集完成
2019-01-14 13:58:30 采集卡 转换数据
2019-01-14 13:58:30 高压电源 192.168.127.251打开高压
2019-01-14 13:58:30 高压电源 192.168.127.252打开高压
2019-01-14 13:58:31 PLC 快门开应答成功(AC02)
2019-01-14 13:58:31 PLC 快门打开(S05)
2019-01-14 13:58:33 采集卡 开始采集图片
2019-01-14 13:58:33 采集卡 启动采集
2019-01-14 13:58:35 采集卡 停止采集
2019-01-14 13:58:35 采集卡 采集完成
2019-01-14 13:58:35 采集卡 转换数据
2019-01-14 13:58:35 采集卡 转换AD
2019-01-14 13:58:35 采集卡 修改点
2019-01-14 13:58:35 采集卡 GAMMA
2019-01-14 13:58:35 采集卡 容积99
2019-01-14 13:58:35 采集卡 反转图像
2019-01-14 13:58:35 采集卡 生成图片数组
2019-01-14 13:58:35 采集卡 图片长度9434
2019-01-14 13:58:37 PLC 快门关应答成功(AC03)
2019-01-14 13:58:37 PLC 快门关闭(S06)
2019-01-14 13:58:37 PLC 自动运行应答成功(AC00)
2019-01-14 13:59:03 PLC 触发线圈2(S02)
2019-01-14 13:59:03 下位机 打开高压
2019-01-14 13:59:03 高压电源 192.168.127.251打开高压
2019-01-14 13:59:03 高压电源 192.168.127.252打开高压
2019-01-14 13:59:03 视频 开始线扫
2019-01-14 13:59:03 PLC 触发线圈3(S03)
2019-01-14 13:59:03 PLC 开始采集(S00)
2019-01-14 13:59:03 PLC 快门打开(S05)
2019-01-14 13:59:04 采集卡 开始采集图片
2019-01-14 13:59:04 采集卡 启动采集
2019-01-14 13:59:06 PLC 采集结束(S16)
2019-01-14 13:59:06 采集卡 停止采集
2019-01-14 13:59:06 下位机 关闭高压
2019-01-14 13:59:06 采集卡 采集完成
2019-01-14 13:59:06 采集卡 转换数据
2019-01-14 13:59:06 采集卡 转换AD
2019-01-14 13:59:06 采集卡 修改点
2019-01-14 13:59:06 采集卡 GAMMA
2019-01-14 13:59:06 采集卡 容积67
2019-01-14 13:59:06 采集卡 反转图像
2019-01-14 13:59:06 采集卡 生成图片数组
2019-01-14 13:59:06 采集卡 图片长度15621
2019-01-14 13:59:06 高压电源 192.168.127.251关闭高压
2019-01-14 13:59:06 高压电源 192.168.127.252关闭高压
2019-01-14 13:59:06 PLC 快门关闭(S06)
2019-01-14 13:59:07 视频 结束线扫
2019-01-14 13:59:07 PLC 快门关闭(S06)
2019-01-14 13:59:20 上位机 非绿通保存成功
2019-01-14 13:59:38 PLC 放行应答成功(AC14)
2019-01-14 13:59:41 PLC 触发线圈2(S02)
2019-01-14 13:59:41 视频 开始线扫
2019-01-14 14:00:03 PLC 触发线圈3(S03)
2019-01-14 14:00:03 PLC 开始采集(S00)
2019-01-14 14:00:03 PLC 快门打开(S05)
2019-01-14 14:00:04 采集卡 开始采集图片
2019-01-14 14:00:04 采集卡 启动采集
2019-01-14 14:00:04 PLC 采集结束(S16)
2019-01-14 14:00:04 采集卡 停止采集
2019-01-14 14:00:04 下位机 关闭高压
2019-01-14 14:00:04 采集卡 采集完成
2019-01-14 14:00:04 采集卡 转换数据
2019-01-14 14:00:04 采集卡 转换AD
2019-01-14 14:00:04 采集卡 修改点
2019-01-14 14:00:04 采集卡 GAMMA
2019-01-14 14:00:04 采集卡 容积99
2019-01-14 14:00:04 采集卡 反转图像
2019-01-14 14:00:04 采集卡 生成图片数组
2019-01-14 14:00:04 采集卡 图片长度8127
2019-01-14 14:00:04 高压电源 192.168.127.251关闭高压
2019-01-14 14:00:04 高压电源 192.168.127.252关闭高压
2019-01-14 14:00:04 PLC 快门关闭(S06)
2019-01-14 14:00:05 视频 结束线扫
2019-01-14 14:00:05 PLC 快门关闭(S06)
2019-01-14 14:00:05 PLC 手动运行应答成功(AC01)
2019-01-14 14:00:07 PLC 开道闸1应答成功(AC04)
2019-01-14 14:00:07 PLC 开道闸2应答成功(AC15)
2019-01-14 14:00:11 PLC 触发线圈2(S02)
2019-01-14 14:00:42 PLC 触发线圈2(S02)
2019-01-14 14:00:45 PLC 关道闸1应答成功(AC05)
2019-01-14 14:00:46 PLC 关道闸2应答成功(AC16)
2019-01-14 14:00:46 高压电源 192.168.127.252打开高压
2019-01-14 14:00:47 高压电源 192.168.127.251打开高压
2019-01-14 14:00:47 高压电源 训机结束
2019-01-14 14:00:47 高压电源 192.168.127.251打开高压
2019-01-14 14:00:47 高压电源 192.168.127.252打开高压
2019-01-14 14:00:47 PLC 手动运行应答成功(AC01)
2019-01-14 14:00:47 PLC 开接收器(AC17)
2019-01-14 14:00:48 PLC 快门开应答成功(AC02)
2019-01-14 14:00:48 PLC 快门打开(S05)
2019-01-14 14:00:49 采集卡 开始采集满度
2019-01-14 14:00:49 采集卡 启动采集
2019-01-14 14:00:49 采集卡 采集完成
2019-01-14 14:00:49 采集卡 转换数据
2019-01-14 14:00:49 PLC 快门关应答成功(AC03)
2019-01-14 14:00:49 PLC 快门关闭(S06)
2019-01-14 14:00:51 高压电源 192.168.127.251关闭高压
2019-01-14 14:00:51 高压电源 192.168.127.252关闭高压
2019-01-14 14:00:52 采集卡 开始采集本底
2019-01-14 14:00:52 采集卡 启动采集
2019-01-14 14:00:52 采集卡 采集完成
2019-01-14 14:00:52 采集卡 转换数据
2019-01-14 14:00:52 高压电源 192.168.127.251打开高压
2019-01-14 14:00:53 高压电源 192.168.127.252打开高压
2019-01-14 14:00:53 PLC 快门开应答成功(AC02)
2019-01-14 14:00:54 PLC 快门打开(S05)
2019-01-14 14:00:56 采集卡 开始采集图片
2019-01-14 14:00:56 采集卡 启动采集
2019-01-14 14:00:58 采集卡 停止采集
2019-01-14 14:00:58 采集卡 采集完成
2019-01-14 14:00:58 采集卡 转换数据
2019-01-14 14:00:58 采集卡 转换AD
2019-01-14 14:00:58 采集卡 修改点
2019-01-14 14:00:58 采集卡 GAMMA
2019-01-14 14:00:58 采集卡 容积99
2019-01-14 14:00:58 采集卡 反转图像
2019-01-14 14:00:58 采集卡 生成图片数组
2019-01-14 14:00:58 采集卡 图片长度2170
2019-01-14 14:00:59 PLC 快门关应答成功(AC03)
2019-01-14 14:00:59 PLC 快门关闭(S06)
2019-01-14 14:00:59 PLC 自动运行应答成功(AC00)
2019-01-14 14:01:03 PLC 触发线圈2(S02)
2019-01-14 14:01:03 视频 开始线扫
2019-01-14 14:01:05 PLC 触发线圈3(S03)
2019-01-14 14:01:05 PLC 开始采集(S00)
2019-01-14 14:01:05 PLC 快门打开(S05)
2019-01-14 14:01:06 采集卡 开始采集图片
2019-01-14 14:01:06 采集卡 启动采集
2019-01-14 14:01:08 PLC 采集结束(S16)
2019-01-14 14:01:08 采集卡 停止采集
2019-01-14 14:01:08 下位机 关闭高压
2019-01-14 14:01:08 采集卡 采集完成
2019-01-14 14:01:08 采集卡 转换数据
2019-01-14 14:01:08 采集卡 转换AD
2019-01-14 14:01:08 采集卡 修改点
2019-01-14 14:01:08 采集卡 GAMMA
2019-01-14 14:01:08 采集卡 容积81
2019-01-14 14:01:08 采集卡 反转图像
2019-01-14 14:01:08 采集卡 生成图片数组
2019-01-14 14:01:08 采集卡 图片长度4964
2019-01-14 14:01:08 高压电源 192.168.127.251关闭高压
2019-01-14 14:01:09 高压电源 192.168.127.252关闭高压
2019-01-14 14:01:09 PLC 快门关闭(S06)
2019-01-14 14:01:09 视频 结束线扫
2019-01-14 14:01:09 PLC 快门关闭(S06)
2019-01-14 14:01:35 上位机 非绿通保存成功
2019-01-14 14:01:38 PLC 放行应答成功(AC14)
2019-01-14 14:01:43 PLC 触发线圈2(S02)
2019-01-14 14:01:43 视频 开始线扫
2019-01-14 14:01:45 PLC 触发线圈3(S03)
2019-01-14 14:01:45 PLC 开始采集(S00)
2019-01-14 14:01:45 PLC 快门打开(S05)
2019-01-14 14:01:46 采集卡 开始采集图片
2019-01-14 14:01:46 采集卡 启动采集
2019-01-14 14:01:49 PLC 采集结束(S16)
2019-01-14 14:01:49 采集卡 停止采集
2019-01-14 14:01:49 下位机 关闭高压
2019-01-14 14:01:49 采集卡 采集完成
2019-01-14 14:01:49 采集卡 转换数据
2019-01-14 14:01:49 采集卡 转换AD
2019-01-14 14:01:49 采集卡 修改点
2019-01-14 14:01:49 高压电源 192.168.127.251关闭高压
2019-01-14 14:01:49 采集卡 GAMMA
2019-01-14 14:01:49 采集卡 容积99
2019-01-14 14:01:49 采集卡 反转图像
2019-01-14 14:01:49 采集卡 生成图片数组
2019-01-14 14:01:49 采集卡 图片长度2202
2019-01-14 14:01:49 高压电源 192.168.127.252关闭高压
2019-01-14 14:01:49 PLC 快门关闭(S06)
2019-01-14 14:01:50 视频 结束线扫
2019-01-14 14:01:50 PLC 快门关闭(S06)
2019-01-14 14:02:28 PLC 手动运行应答成功(AC01)
2019-01-14 14:02:30 PLC 开道闸1应答成功(AC04)
2019-01-14 14:02:30 PLC 开道闸2应答成功(AC15)
2019-01-14 14:02:31 PLC 关道闸1应答成功(AC05)
2019-01-14 14:02:32 PLC 关道闸2应答成功(AC16)
2019-01-14 14:02:32 高压电源 192.168.127.252打开高压
2019-01-14 14:02:32 高压电源 192.168.127.251打开高压
2019-01-14 14:02:32 高压电源 训机结束
2019-01-14 14:02:32 高压电源 192.168.127.251打开高压
2019-01-14 14:02:32 高压电源 192.168.127.252打开高压
2019-01-14 14:02:32 PLC 手动运行应答成功(AC01)
2019-01-14 14:02:33 PLC 开接收器(AC17)
2019-01-14 14:02:33 PLC 快门开应答成功(AC02)
2019-01-14 14:02:33 PLC 快门打开(S05)
2019-01-14 14:02:34 采集卡 开始采集满度
2019-01-14 14:02:34 采集卡 启动采集
2019-01-14 14:02:34 采集卡 采集完成
2019-01-14 14:02:34 采集卡 转换数据
2019-01-14 14:02:35 PLC 快门关应答成功(AC03)
2019-01-14 14:02:35 PLC 快门关闭(S06)
2019-01-14 14:02:36 高压电源 192.168.127.251关闭高压
2019-01-14 14:02:37 高压电源 192.168.127.252关闭高压
2019-01-14 14:02:37 采集卡 开始采集本底
2019-01-14 14:02:37 采集卡 启动采集
2019-01-14 14:02:37 采集卡 采集完成
2019-01-14 14:02:37 采集卡 转换数据
2019-01-14 14:02:38 高压电源 192.168.127.251打开高压
2019-01-14 14:02:38 高压电源 192.168.127.252打开高压
2019-01-14 14:02:39 PLC 快门开应答成功(AC02)
2019-01-14 14:02:39 PLC 快门打开(S05)
2019-01-14 14:02:41 采集卡 开始采集图片
2019-01-14 14:02:41 采集卡 启动采集
2019-01-14 14:02:43 采集卡 停止采集
2019-01-14 14:02:43 采集卡 采集完成
2019-01-14 14:02:43 采集卡 转换数据
2019-01-14 14:02:43 采集卡 转换AD
2019-01-14 14:02:43 采集卡 修改点
2019-01-14 14:02:43 采集卡 GAMMA
2019-01-14 14:02:43 采集卡 容积99
2019-01-14 14:02:43 采集卡 反转图像
2019-01-14 14:02:43 采集卡 生成图片数组
2019-01-14 14:02:43 采集卡 图片长度2156
2019-01-14 14:02:45 下位机 关闭高压
2019-01-14 14:02:45 高压电源 192.168.127.251关闭高压
2019-01-14 14:02:46 高压电源 192.168.127.252关闭高压
2019-01-14 14:02:46 PLC 快门关应答成功(AC03)
2019-01-14 14:02:46 PLC 快门关闭(S06)
2019-01-14 14:02:46 PLC 自动运行应答成功(AC00)
2019-01-14 14:02:51 PLC 触发线圈2(S02)
2019-01-14 14:02:51 视频 开始线扫
2019-01-14 14:02:53 PLC 触发线圈3(S03)
2019-01-14 14:02:53 PLC 开始采集(S00)
2019-01-14 14:02:53 PLC 快门打开(S05)
2019-01-14 14:02:53 采集卡 开始采集图片
2019-01-14 14:02:53 采集卡 启动采集
2019-01-14 14:02:56 PLC 采集结束(S16)
2019-01-14 14:02:56 采集卡 停止采集
2019-01-14 14:02:56 下位机 关闭高压
2019-01-14 14:02:56 采集卡 采集完成
2019-01-14 14:02:56 采集卡 转换数据
2019-01-14 14:02:56 采集卡 转换AD
2019-01-14 14:02:56 采集卡 修改点
2019-01-14 14:02:56 采集卡 GAMMA
2019-01-14 14:02:56 采集卡 容积99
2019-01-14 14:02:56 采集卡 反转图像
2019-01-14 14:02:56 采集卡 生成图片数组
2019-01-14 14:02:56 高压电源 192.168.127.251关闭高压
2019-01-14 14:02:56 采集卡 图片长度2205
2019-01-14 14:02:56 高压电源 192.168.127.252关闭高压
2019-01-14 14:02:56 PLC 快门关闭(S06)
2019-01-14 14:02:56 视频 结束线扫
2019-01-14 14:02:56 PLC 快门关闭(S06)
2019-01-14 14:03:05 PLC 手动运行应答成功(AC01)
2019-01-14 14:03:06 PLC 开道闸1应答成功(AC04)
2019-01-14 14:03:06 PLC 开道闸2应答成功(AC15)
2019-01-14 14:03:09 PLC 触发线圈2(S02)
2019-01-14 14:03:57 PLC 触发线圈2(S02)
2019-01-14 14:04:10 高压电源 192.168.127.251关闭高压
2019-01-14 14:04:11 高压电源 192.168.127.252关闭高压
