2019-01-14 14:42:36 上位机 车牌初始化成功
2019-01-14 14:42:36 PLC 手动运行应答成功(AC01)
2019-01-14 14:42:36 PLC PLC始化成功
2019-01-14 14:42:38 采集卡 192.168.1.24初始化成功。
2019-01-14 14:42:38 采集卡 192.168.1.26初始化成功。
2019-01-14 14:42:38 采集卡 192.168.1.27初始化成功。
2019-01-14 14:42:38 采集卡 192.168.1.28初始化成功。
2019-01-14 14:42:38 高压电源 192.168.127.251:高压电源初始化成功
2019-01-14 14:42:38 高压电源 192.168.127.252:高压电源初始化成功
2019-01-14 14:42:56 PLC 触发线圈2(S02)
2019-01-14 14:43:32 PLC 触发线圈2(S02)
2019-01-14 14:43:57 PLC 触发线圈2(S02)
2019-01-14 14:44:27 PLC 触发线圈2(S02)
2019-01-14 14:44:36 PLC 关道闸1应答成功(AC05)
2019-01-14 14:44:37 PLC 关道闸2应答成功(AC16)
2019-01-14 14:44:37 高压电源 192.168.127.252打开高压
2019-01-14 14:44:37 高压电源 192.168.127.251打开高压
2019-01-14 14:44:37 高压电源 训机结束
2019-01-14 14:44:37 高压电源 192.168.127.251打开高压
2019-01-14 14:44:38 高压电源 192.168.127.252打开高压
2019-01-14 14:44:38 PLC 手动运行应答成功(AC01)
2019-01-14 14:44:38 PLC 开接收器(AC17)
2019-01-14 14:44:38 PLC 快门开应答成功(AC02)
2019-01-14 14:44:38 PLC 快门打开(S05)
2019-01-14 14:44:39 采集卡 开始采集满度
2019-01-14 14:44:39 采集卡 启动采集
2019-01-14 14:44:40 采集卡 采集完成
2019-01-14 14:44:40 采集卡 转换数据
2019-01-14 14:44:40 PLC 快门关应答成功(AC03)
2019-01-14 14:44:40 PLC 快门关闭(S06)
2019-01-14 14:44:41 高压电源 192.168.127.251关闭高压
2019-01-14 14:44:42 高压电源 192.168.127.252关闭高压
2019-01-14 14:44:42 采集卡 开始采集本底
2019-01-14 14:44:42 采集卡 启动采集
2019-01-14 14:44:42 采集卡 采集完成
2019-01-14 14:44:42 采集卡 转换数据
2019-01-14 14:44:43 高压电源 192.168.127.251打开高压
2019-01-14 14:44:43 高压电源 192.168.127.252打开高压
2019-01-14 14:44:44 PLC 快门开应答成功(AC02)
2019-01-14 14:44:44 PLC 快门打开(S05)
2019-01-14 14:44:46 采集卡 开始采集图片
2019-01-14 14:44:46 采集卡 启动采集
2019-01-14 14:44:48 采集卡 停止采集
2019-01-14 14:44:48 采集卡 采集完成
2019-01-14 14:44:48 采集卡 转换数据
2019-01-14 14:44:48 采集卡 转换AD
2019-01-14 14:44:48 采集卡 修改点
2019-01-14 14:44:48 采集卡 GAMMA
2019-01-14 14:44:48 采集卡 容积99
2019-01-14 14:44:48 采集卡 反转图像
2019-01-14 14:44:48 采集卡 生成图片数组
2019-01-14 14:44:48 采集卡 图片长度9610
2019-01-14 14:44:50 PLC 快门关应答成功(AC03)
2019-01-14 14:44:50 PLC 快门关闭(S06)
2019-01-14 14:44:50 PLC 自动运行应答成功(AC00)
2019-01-14 14:45:00 PLC 触发线圈2(S02)
2019-01-14 14:45:00 下位机 打开高压
2019-01-14 14:45:00 高压电源 192.168.127.251打开高压
2019-01-14 14:45:01 高压电源 192.168.127.252打开高压
2019-01-14 14:45:01 视频 开始线扫
2019-01-14 14:45:47 PLC 触发线圈3(S03)
2019-01-14 14:45:47 PLC 开始采集(S00)
2019-01-14 14:45:47 PLC 快门打开(S05)
2019-01-14 14:45:48 采集卡 开始采集图片
2019-01-14 14:45:48 采集卡 启动采集
2019-01-14 14:45:57 PLC 采集结束(S16)
2019-01-14 14:45:57 采集卡 停止采集
2019-01-14 14:45:57 下位机 关闭高压
2019-01-14 14:45:57 采集卡 采集完成
2019-01-14 14:45:57 采集卡 转换数据
2019-01-14 14:45:57 采集卡 转换AD
2019-01-14 14:45:57 采集卡 修改点
2019-01-14 14:45:57 采集卡 GAMMA
2019-01-14 14:45:57 采集卡 容积96
2019-01-14 14:45:57 采集卡 反转图像
2019-01-14 14:45:57 采集卡 生成图片数组
2019-01-14 14:45:57 采集卡 图片长度15221
2019-01-14 14:45:57 高压电源 192.168.127.251关闭高压
2019-01-14 14:45:58 高压电源 192.168.127.252关闭高压
2019-01-14 14:45:58 PLC 快门关闭(S06)
2019-01-14 14:46:04 上位机 非绿通保存成功
2019-01-14 14:46:54 PLC 放行应答成功(AC14)
2019-01-14 14:47:01 PLC 触发线圈2(S02)
2019-01-14 14:47:01 下位机 打开高压
2019-01-14 14:47:02 高压电源 192.168.127.251打开高压
2019-01-14 14:47:02 高压电源 192.168.127.252打开高压
2019-01-14 14:47:02 视频 开始线扫
2019-01-14 14:47:03 PLC 触发线圈3(S03)
2019-01-14 14:47:03 PLC 开始采集(S00)
2019-01-14 14:47:04 PLC 快门打开(S05)
2019-01-14 14:47:04 采集卡 开始采集图片
2019-01-14 14:47:04 采集卡 启动采集
2019-01-14 14:47:06 PLC 采集结束(S16)
2019-01-14 14:47:06 采集卡 停止采集
2019-01-14 14:47:06 下位机 关闭高压
2019-01-14 14:47:06 采集卡 采集完成
2019-01-14 14:47:06 采集卡 转换数据
2019-01-14 14:47:06 采集卡 转换AD
2019-01-14 14:47:06 采集卡 修改点
2019-01-14 14:47:06 采集卡 GAMMA
2019-01-14 14:47:06 采集卡 容积86
2019-01-14 14:47:06 采集卡 反转图像
2019-01-14 14:47:06 采集卡 生成图片数组
2019-01-14 14:47:06 采集卡 图片长度12414
2019-01-14 14:47:07 高压电源 192.168.127.251关闭高压
2019-01-14 14:47:07 高压电源 192.168.127.252关闭高压
2019-01-14 14:47:07 PLC 快门关闭(S06)
2019-01-14 14:47:45 上位机 非绿通保存成功
2019-01-14 14:47:46 PLC 放行应答成功(AC14)
2019-01-14 14:47:49 PLC 手动运行应答成功(AC01)
2019-01-14 14:47:50 PLC 开道闸1应答成功(AC04)
2019-01-14 14:47:50 PLC 开道闸2应答成功(AC15)
2019-01-14 14:47:50 PLC 触发线圈2(S02)
2019-01-14 14:48:18 PLC 关道闸1应答成功(AC05)
2019-01-14 14:48:19 PLC 关道闸2应答成功(AC16)
2019-01-14 14:48:19 PLC 触发线圈2(S02)
2019-01-14 14:48:20 高压电源 192.168.127.252打开高压
2019-01-14 14:48:20 高压电源 192.168.127.251打开高压
2019-01-14 14:48:20 高压电源 训机结束
2019-01-14 14:48:20 高压电源 192.168.127.251打开高压
2019-01-14 14:48:20 高压电源 192.168.127.252打开高压
2019-01-14 14:48:20 PLC 手动运行应答成功(AC01)
2019-01-14 14:48:20 PLC 开接收器(AC17)
2019-01-14 14:48:21 PLC 快门开应答成功(AC02)
2019-01-14 14:48:21 PLC 快门打开(S05)
2019-01-14 14:48:22 采集卡 开始采集满度
2019-01-14 14:48:22 采集卡 启动采集
2019-01-14 14:48:22 采集卡 采集完成
2019-01-14 14:48:22 采集卡 转换数据
2019-01-14 14:48:22 PLC 快门关应答成功(AC03)
2019-01-14 14:48:22 PLC 快门关闭(S06)
2019-01-14 14:48:24 高压电源 192.168.127.251关闭高压
2019-01-14 14:48:24 高压电源 192.168.127.252关闭高压
2019-01-14 14:48:25 采集卡 开始采集本底
2019-01-14 14:48:25 采集卡 启动采集
2019-01-14 14:48:25 采集卡 采集完成
2019-01-14 14:48:25 采集卡 转换数据
2019-01-14 14:48:25 高压电源 192.168.127.251打开高压
2019-01-14 14:48:26 高压电源 192.168.127.252打开高压
2019-01-14 14:48:27 PLC 快门开应答成功(AC02)
2019-01-14 14:48:27 PLC 快门打开(S05)
2019-01-14 14:48:29 采集卡 开始采集图片
2019-01-14 14:48:29 采集卡 启动采集
2019-01-14 14:48:31 采集卡 停止采集
2019-01-14 14:48:31 采集卡 采集完成
2019-01-14 14:48:31 采集卡 转换数据
2019-01-14 14:48:31 采集卡 转换AD
2019-01-14 14:48:31 采集卡 修改点
2019-01-14 14:48:31 采集卡 GAMMA
2019-01-14 14:48:31 采集卡 容积74
2019-01-14 14:48:31 采集卡 反转图像
2019-01-14 14:48:31 采集卡 生成图片数组
2019-01-14 14:48:31 采集卡 图片长度25110
2019-01-14 14:48:33 PLC 触发线圈3(S03)
2019-01-14 14:48:33 PLC 快门关应答成功(AC03)
2019-01-14 14:48:33 PLC 快门关闭(S06)
2019-01-14 14:48:33 PLC 自动运行应答成功(AC00)
2019-01-14 14:48:53 PLC 触发线圈2(S02)
2019-01-14 14:48:53 下位机 打开高压
2019-01-14 14:48:53 高压电源 192.168.127.251打开高压
2019-01-14 14:48:53 高压电源 192.168.127.252打开高压
2019-01-14 14:48:53 视频 开始线扫
2019-01-14 14:48:55 PLC 触发线圈3(S03)
2019-01-14 14:48:55 PLC 开始采集(S00)
2019-01-14 14:48:55 PLC 快门打开(S05)
2019-01-14 14:48:55 采集卡 开始采集图片
2019-01-14 14:48:55 采集卡 启动采集
2019-01-14 14:48:58 PLC 采集结束(S16)
2019-01-14 14:48:58 采集卡 停止采集
2019-01-14 14:48:58 下位机 关闭高压
2019-01-14 14:48:58 采集卡 采集完成
2019-01-14 14:48:58 采集卡 转换数据
2019-01-14 14:48:58 采集卡 转换AD
2019-01-14 14:48:58 采集卡 修改点
2019-01-14 14:48:58 采集卡 GAMMA
2019-01-14 14:48:58 采集卡 容积87
2019-01-14 14:48:58 采集卡 反转图像
2019-01-14 14:48:58 采集卡 生成图片数组
2019-01-14 14:48:58 采集卡 图片长度13416
2019-01-14 14:48:58 高压电源 192.168.127.251关闭高压
2019-01-14 14:48:58 高压电源 192.168.127.252关闭高压
2019-01-14 14:48:58 PLC 快门关闭(S06)
2019-01-14 14:49:05 PLC 手动运行应答成功(AC01)
2019-01-14 14:49:06 PLC 开道闸1应答成功(AC04)
2019-01-14 14:49:06 PLC 开道闸2应答成功(AC15)
2019-01-14 14:51:09 上位机 非绿通保存成功
2019-01-14 14:51:23 PLC 触发线圈3(S03)
2019-01-14 14:51:32 PLC 触发线圈3(S03)
2019-01-14 14:51:40 PLC 触发线圈2(S02)
2019-01-14 14:52:05 PLC 触发线圈2(S02)
2019-01-14 14:52:29 PLC 触发线圈3(S03)
2019-01-14 14:52:37 PLC 触发线圈2(S02)
2019-01-14 14:53:47 PLC 触发线圈2(S02)
2019-01-14 14:53:50 PLC 触发线圈3(S03)
2019-01-14 14:56:17 PLC 触发线圈2(S02)
2019-01-14 14:56:58 PLC 触发线圈2(S02)
2019-01-14 14:57:04 PLC 触发线圈2(S02)
2019-01-14 14:57:35 PLC 触发线圈3(S03)
2019-01-14 14:57:39 PLC 触发线圈2(S02)
