2019-01-12 14:07:29 上位机 车牌初始化成功
2019-01-12 14:07:29 PLC 手动运行应答成功(AC01)
2019-01-12 14:07:30 PLC PLC始化成功
2019-01-12 14:07:30 PLC 触发线圈1(S01)
2019-01-12 14:07:31 采集卡 192.168.1.26初始化成功。
2019-01-12 14:07:31 采集卡 192.168.1.27初始化成功。
2019-01-12 14:07:31 高压电源 192.168.127.251:高压电源初始化成功
2019-01-12 14:07:31 高压电源 192.168.127.252:高压电源初始化成功
2019-01-12 14:07:37 PLC 关道闸1应答成功(AC05)
2019-01-12 14:07:38 PLC 关道闸2应答成功(AC16)
2019-01-12 14:07:39 高压电源 192.168.127.252打开高压
2019-01-12 14:07:39 高压电源 192.168.127.251打开高压
2019-01-12 14:07:39 高压电源 训机结束
2019-01-12 14:07:39 PLC 手动运行应答成功(AC01)
2019-01-12 14:07:39 PLC 开接收器(AC17)
2019-01-12 14:07:40 PLC 快门开应答成功(AC02)
2019-01-12 14:07:40 PLC 快门打开(S05)
2019-01-12 14:07:42 采集卡 开始采集满度
2019-01-12 14:07:42 采集卡 启动采集
2019-01-12 14:07:42 采集卡 采集完成
2019-01-12 14:07:42 采集卡 转换数据
2019-01-12 14:07:42 PLC 快门关应答成功(AC03)
2019-01-12 14:07:42 PLC 快门关闭(S06)
2019-01-12 14:07:44 采集卡 开始采集本底
2019-01-12 14:07:44 采集卡 启动采集
2019-01-12 14:07:45 采集卡 采集完成
2019-01-12 14:07:45 采集卡 转换数据
2019-01-12 14:07:45 PLC 快门开应答成功(AC02)
2019-01-12 14:07:45 PLC 快门打开(S05)
2019-01-12 14:07:47 采集卡 开始采集图片
2019-01-12 14:07:47 采集卡 启动采集
2019-01-12 14:07:49 采集卡 停止采集
2019-01-12 14:07:49 采集卡 采集完成
2019-01-12 14:07:49 采集卡 转换数据
2019-01-12 14:07:49 采集卡 转换AD
2019-01-12 14:07:49 采集卡 修改点
2019-01-12 14:07:49 采集卡 GAMMA
2019-01-12 14:07:49 采集卡 容积99
2019-01-12 14:07:49 采集卡 反转图像
2019-01-12 14:07:49 采集卡 生成图片数组
2019-01-12 14:07:49 采集卡 图片长度47488
2019-01-12 14:07:51 PLC 快门关应答成功(AC03)
2019-01-12 14:07:51 PLC 快门关闭(S06)
2019-01-12 14:07:51 PLC 自动运行应答成功(AC00)
2019-01-12 14:07:55 PLC 触发线圈2(S02)
2019-01-12 14:07:55 下位机 打开高压
2019-01-12 14:07:58 PLC 触发线圈3(S03)
2019-01-12 14:07:58 PLC 开始采集(S00)
2019-01-12 14:07:58 PLC 快门打开(S05)
2019-01-12 14:07:59 采集卡 开始采集图片
2019-01-12 14:07:59 采集卡 启动采集
2019-01-12 14:07:59 PLC 采集结束(S16)
2019-01-12 14:07:59 采集卡 停止采集
2019-01-12 14:07:59 采集卡 采集完成
2019-01-12 14:07:59 采集卡 转换数据
2019-01-12 14:07:59 采集卡 转换AD
2019-01-12 14:07:59 采集卡 修改点
2019-01-12 14:07:59 采集卡 GAMMA
2019-01-12 14:07:59 采集卡 容积99
2019-01-12 14:07:59 采集卡 反转图像
2019-01-12 14:07:59 采集卡 生成图片数组
2019-01-12 14:07:59 采集卡 图片长度46092
2019-01-12 14:07:59 PLC 快门关闭(S06)
2019-01-12 14:08:02 PLC 触发线圈1(S01)
2019-01-12 14:08:14 上位机 非绿通保存成功
2019-01-12 14:08:41 PLC 放行应答成功(AC14)
2019-01-12 14:08:42 PLC 放行应答成功(AC14)
2019-01-12 14:08:47 PLC 触发线圈2(S02)
2019-01-12 14:08:49 PLC 触发线圈3(S03)
2019-01-12 14:08:49 PLC 开始采集(S00)
2019-01-12 14:08:50 PLC 快门打开(S05)
2019-01-12 14:08:50 采集卡 开始采集图片
2019-01-12 14:08:50 采集卡 启动采集
2019-01-12 14:08:51 PLC 采集结束(S16)
2019-01-12 14:08:51 采集卡 停止采集
2019-01-12 14:08:51 采集卡 采集完成
2019-01-12 14:08:51 采集卡 转换数据
2019-01-12 14:08:51 采集卡 转换AD
2019-01-12 14:08:51 采集卡 修改点
2019-01-12 14:08:51 采集卡 GAMMA
2019-01-12 14:08:51 采集卡 容积99
2019-01-12 14:08:51 采集卡 反转图像
2019-01-12 14:08:51 采集卡 生成图片数组
2019-01-12 14:08:51 PLC 快门关闭(S06)
2019-01-12 14:08:51 采集卡 图片长度50997
2019-01-12 14:08:52 PLC 触发线圈1(S01)
2019-01-12 14:09:27 高压电源 192.168.127.251关闭高压
2019-01-12 14:09:27 高压电源 192.168.127.252关闭高压
2019-01-12 14:09:32 PLC 手动运行应答成功(AC01)
2019-01-12 14:09:34 PLC 开道闸1应答成功(AC04)
2019-01-12 14:09:34 PLC 开道闸2应答成功(AC15)
2019-01-12 14:09:37 PLC 触发线圈2(S02)
2019-01-12 14:09:41 PLC 触发线圈1(S01)
2019-01-12 14:09:43 PLC 触发线圈2(S02)
2019-01-12 14:10:01 高压电源 192.168.127.251关闭高压
2019-01-12 14:10:01 高压电源 192.168.127.252关闭高压
2019-01-12 14:10:24 PLC 触发线圈3(S03)
2019-01-12 14:10:26 PLC 触发线圈1(S01)
2019-01-12 14:10:29 PLC 触发线圈2(S02)
2019-01-12 14:11:10 PLC 触发线圈3(S03)
2019-01-12 14:11:13 PLC 触发线圈1(S01)
2019-01-12 14:11:17 PLC 触发线圈2(S02)
2019-01-12 14:11:41 PLC 触发线圈3(S03)
2019-01-12 14:11:42 PLC 触发线圈1(S01)
2019-01-12 14:11:45 PLC 触发线圈2(S02)
2019-01-12 14:11:46 PLC 触发线圈1(S01)
2019-01-12 14:12:21 PLC 触发线圈2(S02)
2019-01-12 14:12:48 PLC 触发线圈1(S01)
2019-01-12 14:13:17 PLC 触发线圈2(S02)
2019-01-12 14:13:22 PLC 触发线圈1(S01)
2019-01-12 14:13:27 PLC 触发线圈2(S02)
2019-01-12 14:13:52 PLC 触发线圈3(S03)
2019-01-12 14:13:57 PLC 触发线圈3(S03)
2019-01-12 14:14:03 PLC 触发线圈1(S01)
2019-01-12 14:14:07 PLC 触发线圈2(S02)
2019-01-12 14:14:10 PLC 触发线圈1(S01)
2019-01-12 14:14:16 高压电源 192.168.127.251关闭高压
2019-01-12 14:14:17 高压电源 192.168.127.252关闭高压
