2019-01-13 12:17:46 上位机 车牌初始化成功
2019-01-13 12:17:46 PLC 手动运行应答成功(AC01)
2019-01-13 12:17:46 PLC PLC始化成功
2019-01-13 12:17:48 采集卡 192.168.1.24初始化成功。
2019-01-13 12:17:48 采集卡 192.168.1.27初始化成功。
2019-01-13 12:17:48 采集卡 192.168.1.28初始化成功。
2019-01-13 12:17:48 高压电源 192.168.127.251:高压电源初始化成功
2019-01-13 12:17:48 高压电源 192.168.127.252:高压电源初始化成功
2019-01-13 12:17:49 PLC 触发线圈1(S01)
2019-01-13 12:17:54 PLC 触发线圈1(S01)
2019-01-13 12:18:17 PLC 触发线圈1(S01)
2019-01-13 12:18:59 PLC 触发线圈1(S01)
2019-01-13 12:19:21 PLC 关道闸1应答成功(AC05)
2019-01-13 12:19:22 PLC 关道闸2应答成功(AC16)
2019-01-13 12:19:23 高压电源 192.168.127.252打开高压
2019-01-13 12:19:23 高压电源 192.168.127.251打开高压
2019-01-13 12:19:23 高压电源 训机结束
2019-01-13 12:19:23 PLC 手动运行应答成功(AC01)
2019-01-13 12:19:23 PLC 开接收器(AC17)
2019-01-13 12:19:24 PLC 快门开应答成功(AC02)
2019-01-13 12:19:24 PLC 快门打开(S05)
2019-01-13 12:19:25 采集卡 开始采集满度
2019-01-13 12:19:25 采集卡 启动采集
2019-01-13 12:19:25 采集卡 采集完成
2019-01-13 12:19:25 采集卡 转换数据
2019-01-13 12:19:25 PLC 快门关应答成功(AC03)
2019-01-13 12:19:25 PLC 快门关闭(S06)
2019-01-13 12:19:27 高压电源 192.168.127.251关闭高压
2019-01-13 12:19:27 高压电源 192.168.127.252关闭高压
2019-01-13 12:19:27 采集卡 开始采集本底
2019-01-13 12:19:27 采集卡 启动采集
2019-01-13 12:19:28 采集卡 采集完成
2019-01-13 12:19:28 采集卡 转换数据
2019-01-13 12:19:28 高压电源 192.168.127.251打开高压
2019-01-13 12:19:28 高压电源 192.168.127.252打开高压
2019-01-13 12:19:29 PLC 快门开应答成功(AC02)
2019-01-13 12:19:29 PLC 快门打开(S05)
2019-01-13 12:19:31 采集卡 开始采集图片
2019-01-13 12:19:31 采集卡 启动采集
2019-01-13 12:19:33 采集卡 停止采集
2019-01-13 12:19:33 采集卡 采集完成
2019-01-13 12:19:33 采集卡 转换数据
2019-01-13 12:19:33 采集卡 转换AD
2019-01-13 12:19:33 采集卡 修改点
2019-01-13 12:19:33 采集卡 GAMMA
2019-01-13 12:19:33 采集卡 容积99
2019-01-13 12:19:33 采集卡 反转图像
2019-01-13 12:19:33 采集卡 生成图片数组
2019-01-13 12:19:33 采集卡 图片长度2170
2019-01-13 12:19:35 PLC 快门关应答成功(AC03)
2019-01-13 12:19:35 PLC 快门关闭(S06)
2019-01-13 12:19:35 PLC 自动运行应答成功(AC00)
2019-01-13 12:19:36 PLC 触发线圈1(S01)
2019-01-13 12:19:53 PLC 触发线圈2(S02)
2019-01-13 12:19:53 下位机 打开高压
2019-01-13 12:20:15 上位机 非绿通保存成功
2019-01-13 12:20:16 PLC 放行应答成功(AC14)
2019-01-13 12:20:24 上位机 非绿通保存成功
2019-01-13 12:20:25 PLC 放行应答成功(AC14)
2019-01-13 12:20:29 PLC 手动运行应答成功(AC01)
2019-01-13 12:20:30 PLC 开道闸1应答成功(AC04)
2019-01-13 12:20:30 PLC 开道闸2应答成功(AC15)
2019-01-13 12:20:34 PLC 触发线圈1(S01)
2019-01-13 12:20:42 上位机 非绿通保存成功
2019-01-13 12:21:03 PLC 自动运行应答成功(AC00)
2019-01-13 12:21:08 PLC 自动运行应答成功(AC00)
2019-01-13 12:21:10 PLC 手动运行应答成功(AC01)
2019-01-13 12:21:12 PLC 开道闸1应答成功(AC04)
2019-01-13 12:21:12 PLC 开道闸2应答成功(AC15)
2019-01-13 12:21:16 PLC 自动运行应答成功(AC00)
2019-01-13 12:21:35 PLC 自动运行应答成功(AC00)
2019-01-13 12:21:45 上位机 非绿通保存成功
2019-01-13 12:21:45 PLC 放行应答成功(AC14)
2019-01-13 12:21:49 上位机 非绿通保存成功
2019-01-13 12:21:49 PLC 放行应答成功(AC14)
2019-01-13 12:21:52 PLC 自动运行应答成功(AC00)
2019-01-13 12:21:53 PLC 自动运行应答成功(AC00)
2019-01-13 12:21:54 PLC 自动运行应答成功(AC00)
2019-01-13 12:21:56 PLC 手动运行应答成功(AC01)
2019-01-13 12:21:57 PLC 开道闸1应答成功(AC04)
2019-01-13 12:21:57 PLC 开道闸2应答成功(AC15)
2019-01-13 12:22:05 PLC 触发线圈3(S03)
2019-01-13 12:22:08 PLC 触发线圈1(S01)
2019-01-13 12:22:17 PLC 自动运行应答成功(AC00)
2019-01-13 12:22:48 PLC 自动运行应答成功(AC00)
2019-01-13 12:22:50 上位机 非绿通保存成功
2019-01-13 12:22:51 PLC 放行应答成功(AC14)
2019-01-13 12:22:54 PLC 手动运行应答成功(AC01)
2019-01-13 12:22:55 PLC 开道闸1应答成功(AC04)
2019-01-13 12:22:55 PLC 开道闸2应答成功(AC15)
2019-01-13 12:23:13 PLC 自动运行应答成功(AC00)
2019-01-13 12:23:17 PLC 手动运行应答成功(AC01)
2019-01-13 12:23:18 PLC 开道闸1应答成功(AC04)
2019-01-13 12:23:18 PLC 开道闸2应答成功(AC15)
2019-01-13 12:23:36 PLC 触发线圈3(S03)
2019-01-13 12:24:04 PLC 自动运行应答成功(AC00)
2019-01-13 12:24:08 PLC 自动运行应答成功(AC00)
2019-01-13 12:24:10 PLC 手动运行应答成功(AC01)
2019-01-13 12:24:12 PLC 开道闸1应答成功(AC04)
2019-01-13 12:24:12 PLC 开道闸2应答成功(AC15)
2019-01-13 12:24:18 PLC 触发线圈3(S03)
2019-01-13 12:24:26 PLC 触发线圈3(S03)
2019-01-13 12:25:32 高压电源 192.168.127.251关闭高压
2019-01-13 12:25:32 高压电源 192.168.127.252关闭高压
2019-01-13 12:25:43 PLC 清除报警应答成功(AC12)
2019-01-13 12:25:49 高压电源 192.168.127.251清除报警
2019-01-13 12:25:54 高压电源 192.168.127.252清除报警
2019-01-13 12:26:40 PLC 触发线圈3(S03)
2019-01-13 12:26:51 PLC 触发线圈1(S01)
2019-01-13 12:26:58 PLC 触发线圈2(S02)
2019-01-13 12:26:59 PLC 触发线圈3(S03)
2019-01-13 12:27:00 PLC 触发线圈2(S02)
2019-01-13 12:27:08 PLC 触发线圈2(S02)
2019-01-13 12:27:16 PLC 触发线圈1(S01)
2019-01-13 12:28:49 PLC 触发线圈2(S02)
2019-01-13 12:28:49 PLC 触发线圈2(S02)
2019-01-13 12:28:50 PLC 触发线圈2(S02)
2019-01-13 12:28:51 PLC 触发线圈3(S03)
2019-01-13 12:28:51 PLC 触发线圈1(S01)
2019-01-13 12:29:20 PLC 触发线圈2(S02)
2019-01-13 12:29:26 PLC 触发线圈1(S01)
2019-01-13 12:29:43 PLC 触发线圈2(S02)
2019-01-13 12:29:44 PLC 触发线圈3(S03)
2019-01-13 12:29:48 PLC 触发线圈2(S02)
2019-01-13 12:30:44 PLC 触发线圈2(S02)
2019-01-13 12:30:51 PLC 触发线圈3(S03)
2019-01-13 12:30:51 PLC 触发线圈2(S02)
2019-01-13 12:31:03 PLC 触发线圈2(S02)
2019-01-13 12:31:14 PLC 触发线圈1(S01)
2019-01-13 12:31:26 PLC 触发线圈2(S02)
2019-01-13 12:31:28 PLC 触发线圈1(S01)
2019-01-13 12:31:30 PLC 触发线圈1(S01)
2019-01-13 12:31:37 PLC 触发线圈1(S01)
2019-01-13 12:31:38 PLC 触发线圈1(S01)
2019-01-13 12:31:38 PLC 触发线圈1(S01)
2019-01-13 12:31:39 PLC 触发线圈1(S01)
2019-01-13 12:31:39 PLC 触发线圈1(S01)
2019-01-13 12:31:42 PLC 触发线圈1(S01)
2019-01-13 12:31:42 PLC 触发线圈2(S02)
2019-01-13 12:31:42 PLC 触发线圈1(S01)
2019-01-13 12:32:01 PLC 触发线圈2(S02)
2019-01-13 12:32:16 PLC 触发线圈1(S01)
2019-01-13 12:32:17 PLC 触发线圈1(S01)
2019-01-13 12:32:17 PLC 触发线圈1(S01)
2019-01-13 12:32:22 PLC 触发线圈1(S01)
2019-01-13 12:32:22 PLC 触发线圈1(S01)
2019-01-13 12:32:23 PLC 触发线圈1(S01)
2019-01-13 12:32:24 PLC 触发线圈1(S01)
2019-01-13 12:32:24 PLC 触发线圈1(S01)
2019-01-13 12:32:25 PLC 触发线圈1(S01)
2019-01-13 12:32:25 PLC 触发线圈2(S02)
2019-01-13 12:32:27 PLC 触发线圈3(S03)
2019-01-13 12:32:27 PLC 触发线圈1(S01)
2019-01-13 12:32:30 PLC 触发线圈2(S02)
2019-01-13 12:33:02 PLC 触发线圈2(S02)
2019-01-13 12:33:35 PLC 触发线圈3(S03)
2019-01-13 12:33:36 PLC 触发线圈3(S03)
2019-01-13 12:33:53 PLC 触发线圈2(S02)
2019-01-13 12:34:11 PLC 触发线圈2(S02)
2019-01-13 12:34:12 PLC 触发线圈3(S03)
2019-01-13 12:34:13 PLC 触发线圈2(S02)
2019-01-13 12:34:17 PLC 触发线圈2(S02)
2019-01-13 12:34:26 PLC 触发线圈2(S02)
2019-01-13 12:34:58 PLC 触发线圈3(S03)
2019-01-13 12:35:01 PLC 触发线圈2(S02)
2019-01-13 12:35:49 PLC 触发线圈3(S03)
2019-01-13 12:35:50 PLC 触发线圈2(S02)
2019-01-13 12:36:33 PLC 触发线圈2(S02)
2019-01-13 12:36:35 PLC 触发线圈3(S03)
2019-01-13 12:36:39 PLC 触发线圈2(S02)
2019-01-13 12:36:40 PLC 触发线圈2(S02)
2019-01-13 12:37:02 PLC 触发线圈3(S03)
2019-01-13 12:37:02 PLC 触发线圈3(S03)
2019-01-13 12:37:27 PLC 触发线圈3(S03)
2019-01-13 12:37:28 PLC 触发线圈2(S02)
2019-01-13 12:37:33 PLC 触发线圈2(S02)
2019-01-13 12:37:35 PLC 触发线圈2(S02)
2019-01-13 12:38:02 PLC 触发线圈3(S03)
2019-01-13 12:38:03 PLC 触发线圈2(S02)
2019-01-13 12:38:10 PLC 触发线圈2(S02)
2019-01-13 12:38:59 PLC 关道闸1应答成功(AC05)
2019-01-13 12:39:00 PLC 关道闸2应答成功(AC16)
2019-01-13 12:39:00 高压电源 192.168.127.252打开高压
2019-01-13 12:39:00 高压电源 192.168.127.251打开高压
2019-01-13 12:39:00 高压电源 训机结束
2019-01-13 12:39:00 PLC 手动运行应答成功(AC01)
2019-01-13 12:39:01 PLC 开接收器(AC17)
2019-01-13 12:39:01 PLC 快门开应答成功(AC02)
2019-01-13 12:39:01 PLC 快门打开(S05)
2019-01-13 12:39:02 采集卡 开始采集满度
2019-01-13 12:39:02 采集卡 启动采集
2019-01-13 12:39:02 采集卡 采集完成
2019-01-13 12:39:02 采集卡 转换数据
2019-01-13 12:39:02 PLC 快门关应答成功(AC03)
2019-01-13 12:39:03 PLC 快门关闭(S06)
2019-01-13 12:39:04 高压电源 192.168.127.251关闭高压
2019-01-13 12:39:04 高压电源 192.168.127.252关闭高压
2019-01-13 12:39:05 采集卡 开始采集本底
2019-01-13 12:39:05 采集卡 启动采集
2019-01-13 12:39:05 采集卡 采集完成
2019-01-13 12:39:05 采集卡 转换数据
2019-01-13 12:39:06 高压电源 192.168.127.251打开高压
2019-01-13 12:39:06 高压电源 192.168.127.252打开高压
2019-01-13 12:39:07 PLC 快门开应答成功(AC02)
2019-01-13 12:39:07 PLC 快门打开(S05)
2019-01-13 12:39:09 采集卡 开始采集图片
2019-01-13 12:39:09 采集卡 启动采集
2019-01-13 12:39:11 采集卡 停止采集
2019-01-13 12:39:11 采集卡 采集完成
2019-01-13 12:39:11 采集卡 转换数据
2019-01-13 12:39:11 采集卡 转换AD
2019-01-13 12:39:11 采集卡 修改点
2019-01-13 12:39:11 采集卡 GAMMA
2019-01-13 12:39:11 采集卡 容积99
2019-01-13 12:39:11 采集卡 反转图像
2019-01-13 12:39:11 采集卡 生成图片数组
2019-01-13 12:39:11 采集卡 图片长度10730
2019-01-13 12:39:13 PLC 快门关应答成功(AC03)
2019-01-13 12:39:13 PLC 快门关闭(S06)
2019-01-13 12:39:13 PLC 自动运行应答成功(AC00)
2019-01-13 12:39:34 PLC 触发线圈2(S02)
2019-01-13 12:39:34 下位机 打开高压
2019-01-13 12:39:34 PLC 触发线圈3(S03)
2019-01-13 12:39:34 PLC 开始采集(S00)
2019-01-13 12:39:34 视频 开始线扫
2019-01-13 12:39:34 PLC 快门打开(S05)
2019-01-13 12:39:35 采集卡 开始采集图片
2019-01-13 12:39:35 采集卡 启动采集
2019-01-13 12:39:36 PLC 采集结束(S16)
2019-01-13 12:39:36 采集卡 停止采集
2019-01-13 12:39:36 采集卡 采集完成
2019-01-13 12:39:36 采集卡 转换数据
2019-01-13 12:39:36 采集卡 转换AD
2019-01-13 12:39:36 采集卡 修改点
2019-01-13 12:39:36 采集卡 GAMMA
2019-01-13 12:39:36 采集卡 容积75
2019-01-13 12:39:36 采集卡 反转图像
2019-01-13 12:39:36 采集卡 生成图片数组
2019-01-13 12:39:36 PLC 快门关闭(S06)
2019-01-13 12:39:36 采集卡 图片长度14907
2019-01-13 12:39:37 视频 结束线扫
2019-01-13 12:39:37 PLC 快门关闭(S06)
2019-01-13 12:39:49 上位机 非绿通保存成功
2019-01-13 12:40:01 PLC 放行应答成功(AC14)
2019-01-13 12:40:04 PLC 触发线圈2(S02)
2019-01-13 12:40:25 上位机 非绿通保存成功
2019-01-13 12:40:28 PLC 放行应答成功(AC14)
2019-01-13 12:40:32 PLC 触发线圈2(S02)
2019-01-13 12:40:46 上位机 非绿通保存成功
2019-01-13 12:40:48 PLC 放行应答成功(AC14)
2019-01-13 12:41:00 PLC 触发线圈2(S02)
2019-01-13 12:41:24 上位机 非绿通保存成功
2019-01-13 12:41:25 PLC 放行应答成功(AC14)
2019-01-13 12:41:35 PLC 触发线圈3(S03)
2019-01-13 12:41:35 PLC 开始采集(S00)
2019-01-13 12:41:35 视频 开始线扫
2019-01-13 12:41:35 PLC 快门打开(S05)
2019-01-13 12:41:35 采集卡 开始采集图片
2019-01-13 12:41:35 采集卡 启动采集
2019-01-13 12:41:37 PLC 触发线圈2(S02)
2019-01-13 12:41:44 PLC 采集结束(S16)
2019-01-13 12:41:44 采集卡 停止采集
2019-01-13 12:41:44 采集卡 采集完成
2019-01-13 12:41:44 采集卡 转换数据
2019-01-13 12:41:44 PLC 快门关闭(S06)
2019-01-13 12:41:44 采集卡 转换AD
2019-01-13 12:41:44 采集卡 修改点
2019-01-13 12:41:44 采集卡 GAMMA
2019-01-13 12:41:44 采集卡 容积86
2019-01-13 12:41:44 采集卡 反转图像
2019-01-13 12:41:44 采集卡 生成图片数组
2019-01-13 12:41:44 采集卡 图片长度21480
2019-01-13 12:41:45 视频 结束线扫
2019-01-13 12:41:45 PLC 快门关闭(S06)
2019-01-13 12:41:46 PLC 手动运行应答成功(AC01)
2019-01-13 12:41:47 PLC 开道闸1应答成功(AC04)
2019-01-13 12:41:47 PLC 开道闸2应答成功(AC15)
2019-01-13 12:41:57 PLC 触发线圈2(S02)
2019-01-13 12:42:13 高压电源 192.168.127.251关闭高压
2019-01-13 12:42:13 高压电源 192.168.127.252关闭高压
2019-01-13 12:43:30 PLC 触发线圈3(S03)
2019-01-13 12:43:35 PLC 触发线圈2(S02)
2019-01-13 12:43:36 PLC 触发线圈2(S02)
2019-01-13 12:43:53 PLC 触发线圈3(S03)
2019-01-13 12:44:27 PLC 触发线圈2(S02)
2019-01-13 12:45:00 PLC 触发线圈2(S02)
2019-01-13 12:45:06 PLC 触发线圈2(S02)
2019-01-13 12:45:25 PLC 触发线圈2(S02)
2019-01-13 12:45:41 PLC 触发线圈2(S02)
2019-01-13 12:46:23 PLC 触发线圈2(S02)
2019-01-13 12:46:42 PLC 关道闸1应答成功(AC05)
2019-01-13 12:46:43 PLC 关道闸2应答成功(AC16)
2019-01-13 12:46:43 高压电源 192.168.127.251打开高压
2019-01-13 12:46:43 高压电源 192.168.127.252打开高压
2019-01-13 12:46:43 高压电源 训机结束
2019-01-13 12:46:43 PLC 手动运行应答成功(AC01)
2019-01-13 12:46:44 PLC 开接收器(AC17)
2019-01-13 12:46:44 PLC 快门开应答成功(AC02)
2019-01-13 12:46:44 PLC 快门打开(S05)
2019-01-13 12:46:45 采集卡 开始采集满度
2019-01-13 12:46:45 采集卡 启动采集
2019-01-13 12:46:46 采集卡 采集完成
2019-01-13 12:46:46 采集卡 转换数据
2019-01-13 12:46:46 PLC 快门关应答成功(AC03)
2019-01-13 12:46:46 PLC 快门关闭(S06)
2019-01-13 12:46:47 高压电源 192.168.127.251关闭高压
2019-01-13 12:46:47 高压电源 192.168.127.252关闭高压
2019-01-13 12:46:48 采集卡 开始采集本底
2019-01-13 12:46:48 采集卡 启动采集
2019-01-13 12:46:48 采集卡 采集完成
2019-01-13 12:46:48 采集卡 转换数据
2019-01-13 12:46:49 高压电源 192.168.127.251打开高压
2019-01-13 12:46:49 高压电源 192.168.127.252打开高压
2019-01-13 12:46:50 PLC 快门开应答成功(AC02)
2019-01-13 12:46:50 PLC 快门打开(S05)
2019-01-13 12:46:52 采集卡 开始采集图片
2019-01-13 12:46:52 采集卡 启动采集
2019-01-13 12:46:54 采集卡 停止采集
2019-01-13 12:46:54 采集卡 采集完成
2019-01-13 12:46:54 采集卡 转换数据
2019-01-13 12:46:54 采集卡 转换AD
2019-01-13 12:46:54 采集卡 修改点
2019-01-13 12:46:54 采集卡 GAMMA
2019-01-13 12:46:54 采集卡 容积79
2019-01-13 12:46:54 采集卡 反转图像
2019-01-13 12:46:54 采集卡 生成图片数组
2019-01-13 12:46:54 采集卡 图片长度31919
2019-01-13 12:46:56 PLC 快门关应答成功(AC03)
2019-01-13 12:46:56 PLC 快门关闭(S06)
2019-01-13 12:46:56 PLC 触发线圈3(S03)
2019-01-13 12:46:56 PLC 自动运行应答成功(AC00)
2019-01-13 12:47:26 上位机 非绿通保存成功
2019-01-13 12:47:45 PLC 放行应答成功(AC14)
2019-01-13 12:47:51 PLC 手动运行应答成功(AC01)
2019-01-13 12:47:52 PLC 开接收器(AC17)
2019-01-13 12:47:52 PLC 快门开应答成功(AC02)
2019-01-13 12:47:52 PLC 快门打开(S05)
2019-01-13 12:47:53 采集卡 开始采集满度
2019-01-13 12:47:53 采集卡 启动采集
2019-01-13 12:47:54 采集卡 采集完成
2019-01-13 12:47:54 采集卡 转换数据
2019-01-13 12:47:54 PLC 快门关应答成功(AC03)
2019-01-13 12:47:54 PLC 快门关闭(S06)
2019-01-13 12:47:55 高压电源 192.168.127.251关闭高压
2019-01-13 12:47:55 高压电源 192.168.127.252关闭高压
2019-01-13 12:47:56 采集卡 开始采集本底
2019-01-13 12:47:56 采集卡 启动采集
2019-01-13 12:47:56 采集卡 采集完成
2019-01-13 12:47:56 采集卡 转换数据
2019-01-13 12:47:57 高压电源 192.168.127.251打开高压
2019-01-13 12:47:57 高压电源 192.168.127.252打开高压
2019-01-13 12:47:58 PLC 快门开应答成功(AC02)
2019-01-13 12:47:58 PLC 快门打开(S05)
2019-01-13 12:48:00 采集卡 开始采集图片
2019-01-13 12:48:00 采集卡 启动采集
2019-01-13 12:48:02 采集卡 停止采集
2019-01-13 12:48:02 采集卡 采集完成
2019-01-13 12:48:02 采集卡 转换数据
2019-01-13 12:48:02 采集卡 转换AD
2019-01-13 12:48:02 采集卡 修改点
2019-01-13 12:48:02 采集卡 GAMMA
2019-01-13 12:48:02 采集卡 容积99
2019-01-13 12:48:02 采集卡 反转图像
2019-01-13 12:48:02 采集卡 生成图片数组
2019-01-13 12:48:02 采集卡 图片长度2168
2019-01-13 12:48:04 PLC 快门关应答成功(AC03)
2019-01-13 12:48:04 PLC 快门关闭(S06)
2019-01-13 12:48:04 PLC 触发线圈2(S02)
2019-01-13 12:48:04 PLC 自动运行应答成功(AC00)
2019-01-13 12:48:13 PLC 触发线圈3(S03)
2019-01-13 12:48:13 PLC 开始采集(S00)
2019-01-13 12:48:13 视频 开始线扫
2019-01-13 12:48:13 PLC 快门打开(S05)
2019-01-13 12:48:14 采集卡 开始采集图片
2019-01-13 12:48:14 采集卡 启动采集
2019-01-13 12:48:16 PLC 采集结束(S16)
2019-01-13 12:48:16 采集卡 停止采集
2019-01-13 12:48:16 采集卡 采集完成
2019-01-13 12:48:16 采集卡 转换数据
2019-01-13 12:48:16 采集卡 转换AD
2019-01-13 12:48:16 采集卡 修改点
2019-01-13 12:48:17 采集卡 GAMMA
2019-01-13 12:48:17 采集卡 容积80
2019-01-13 12:48:17 采集卡 反转图像
2019-01-13 12:48:17 采集卡 生成图片数组
2019-01-13 12:48:17 PLC 快门关闭(S06)
2019-01-13 12:48:17 采集卡 图片长度9560
2019-01-13 12:48:17 视频 结束线扫
2019-01-13 12:48:17 PLC 快门关闭(S06)
2019-01-13 12:49:07 上位机 非绿通保存成功
2019-01-13 12:49:08 PLC 放行应答成功(AC14)
2019-01-13 12:49:11 PLC 触发线圈2(S02)
2019-01-13 12:49:14 PLC 触发线圈3(S03)
2019-01-13 12:49:14 PLC 开始采集(S00)
2019-01-13 12:49:14 视频 开始线扫
2019-01-13 12:49:14 PLC 快门打开(S05)
2019-01-13 12:49:15 采集卡 开始采集图片
2019-01-13 12:49:15 采集卡 启动采集
2019-01-13 12:49:16 PLC 采集结束(S16)
2019-01-13 12:49:16 采集卡 停止采集
2019-01-13 12:49:16 采集卡 采集完成
2019-01-13 12:49:16 采集卡 转换数据
2019-01-13 12:49:16 采集卡 转换AD
2019-01-13 12:49:16 采集卡 修改点
2019-01-13 12:49:16 采集卡 GAMMA
2019-01-13 12:49:16 采集卡 容积0
2019-01-13 12:49:16 采集卡 反转图像
2019-01-13 12:49:16 采集卡 生成图片数组
2019-01-13 12:49:16 PLC 快门关闭(S06)
2019-01-13 12:49:16 采集卡 图片长度1868
2019-01-13 12:49:17 视频 结束线扫
2019-01-13 12:49:17 PLC 快门关闭(S06)
2019-01-13 12:49:41 上位机 非绿通保存成功
2019-01-13 12:49:42 PLC 放行应答成功(AC14)
2019-01-13 12:49:47 PLC 触发线圈2(S02)
2019-01-13 12:49:48 PLC 触发线圈3(S03)
2019-01-13 12:49:48 PLC 开始采集(S00)
2019-01-13 12:49:48 视频 开始线扫
2019-01-13 12:49:48 PLC 快门打开(S05)
2019-01-13 12:49:49 采集卡 开始采集图片
2019-01-13 12:49:49 采集卡 启动采集
2019-01-13 12:49:51 PLC 采集结束(S16)
2019-01-13 12:49:51 采集卡 停止采集
2019-01-13 12:49:51 采集卡 采集完成
2019-01-13 12:49:51 采集卡 转换数据
2019-01-13 12:49:51 采集卡 转换AD
2019-01-13 12:49:51 采集卡 修改点
2019-01-13 12:49:51 采集卡 GAMMA
2019-01-13 12:49:51 采集卡 容积70
2019-01-13 12:49:51 采集卡 反转图像
2019-01-13 12:49:51 采集卡 生成图片数组
2019-01-13 12:49:51 PLC 快门关闭(S06)
2019-01-13 12:49:51 采集卡 图片长度8077
2019-01-13 12:49:51 视频 结束线扫
2019-01-13 12:49:51 PLC 快门关闭(S06)
2019-01-13 12:50:10 上位机 非绿通保存成功
2019-01-13 12:50:12 PLC 放行应答成功(AC14)
2019-01-13 12:50:16 PLC 触发线圈2(S02)
2019-01-13 12:50:55 PLC 自动运行应答成功(AC00)
2019-01-13 12:51:07 PLC 触发线圈2(S02)
2019-01-13 12:52:03 PLC 自动运行应答成功(AC00)
2019-01-13 12:52:06 PLC 触发线圈2(S02)
2019-01-13 12:52:29 上位机 非绿通保存成功
2019-01-13 12:52:29 PLC 放行应答成功(AC14)
2019-01-13 12:52:34 PLC 触发线圈2(S02)
2019-01-13 12:52:59 上位机 非绿通保存成功
2019-01-13 12:53:01 PLC 放行应答成功(AC14)
2019-01-13 12:53:03 PLC 触发线圈2(S02)
2019-01-13 12:53:19 上位机 非绿通保存成功
2019-01-13 12:53:19 PLC 放行应答成功(AC14)
2019-01-13 12:53:22 PLC 触发线圈2(S02)
2019-01-13 12:53:31 上位机 非绿通保存成功
2019-01-13 12:53:32 PLC 触发线圈2(S02)
2019-01-13 12:53:42 上位机 非绿通保存成功
2019-01-13 12:53:43 PLC 放行应答成功(AC14)
2019-01-13 12:53:49 PLC 触发线圈3(S03)
2019-01-13 12:53:49 PLC 开始采集(S00)
2019-01-13 12:53:49 视频 开始线扫
2019-01-13 12:53:49 PLC 快门打开(S05)
2019-01-13 12:53:49 采集卡 开始采集图片
2019-01-13 12:53:49 采集卡 启动采集
2019-01-13 12:53:50 PLC 采集结束(S16)
2019-01-13 12:53:50 采集卡 停止采集
2019-01-13 12:53:50 采集卡 采集完成
2019-01-13 12:53:50 采集卡 转换数据
2019-01-13 12:53:50 采集卡 转换AD
2019-01-13 12:53:50 采集卡 修改点
2019-01-13 12:53:50 采集卡 GAMMA
2019-01-13 12:53:50 采集卡 容积0
2019-01-13 12:53:50 采集卡 反转图像
2019-01-13 12:53:50 采集卡 生成图片数组
2019-01-13 12:53:50 PLC 快门关闭(S06)
2019-01-13 12:53:50 采集卡 图片长度1948
2019-01-13 12:53:51 视频 结束线扫
2019-01-13 12:53:51 PLC 快门关闭(S06)
2019-01-13 12:54:14 上位机 非绿通保存成功
2019-01-13 12:54:19 PLC 放行应答成功(AC14)
2019-01-13 12:54:22 PLC 触发线圈2(S02)
2019-01-13 12:54:43 上位机 非绿通保存成功
2019-01-13 12:54:52 PLC 放行应答成功(AC14)
2019-01-13 12:54:58 PLC 触发线圈2(S02)
2019-01-13 12:55:01 PLC 触发线圈3(S03)
2019-01-13 12:55:01 PLC 开始采集(S00)
2019-01-13 12:55:01 视频 开始线扫
2019-01-13 12:55:01 PLC 快门打开(S05)
2019-01-13 12:55:01 采集卡 开始采集图片
2019-01-13 12:55:01 采集卡 启动采集
2019-01-13 12:55:03 PLC 采集结束(S16)
2019-01-13 12:55:03 采集卡 停止采集
2019-01-13 12:55:03 采集卡 采集完成
2019-01-13 12:55:03 采集卡 转换数据
2019-01-13 12:55:03 采集卡 转换AD
2019-01-13 12:55:03 采集卡 修改点
2019-01-13 12:55:03 采集卡 GAMMA
2019-01-13 12:55:03 采集卡 容积86
2019-01-13 12:55:03 采集卡 反转图像
2019-01-13 12:55:03 采集卡 生成图片数组
2019-01-13 12:55:03 PLC 快门关闭(S06)
2019-01-13 12:55:03 采集卡 图片长度5921
2019-01-13 12:55:04 视频 结束线扫
2019-01-13 12:55:04 PLC 快门关闭(S06)
2019-01-13 12:55:19 上位机 非绿通保存成功
2019-01-13 12:55:22 PLC 放行应答成功(AC14)
2019-01-13 12:55:30 PLC 触发线圈2(S02)
2019-01-13 12:55:47 上位机 非绿通保存成功
2019-01-13 12:55:51 PLC 放行应答成功(AC14)
2019-01-13 12:55:53 PLC 触发线圈3(S03)
2019-01-13 12:55:53 PLC 开始采集(S00)
2019-01-13 12:55:53 视频 开始线扫
2019-01-13 12:55:53 PLC 快门打开(S05)
2019-01-13 12:55:54 采集卡 开始采集图片
2019-01-13 12:55:54 采集卡 启动采集
2019-01-13 12:55:56 PLC 采集结束(S16)
2019-01-13 12:55:56 采集卡 停止采集
2019-01-13 12:55:56 采集卡 采集完成
2019-01-13 12:55:56 采集卡 转换数据
2019-01-13 12:55:56 采集卡 转换AD
2019-01-13 12:55:56 采集卡 修改点
2019-01-13 12:55:56 采集卡 GAMMA
2019-01-13 12:55:56 采集卡 容积0
2019-01-13 12:55:56 采集卡 反转图像
2019-01-13 12:55:56 采集卡 生成图片数组
2019-01-13 12:55:56 PLC 快门关闭(S06)
2019-01-13 12:55:56 采集卡 图片长度1868
2019-01-13 12:55:56 视频 结束线扫
2019-01-13 12:55:56 PLC 快门关闭(S06)
2019-01-13 12:56:13 上位机 非绿通保存成功
2019-01-13 12:56:19 PLC 放行应答成功(AC14)
2019-01-13 12:56:23 PLC 触发线圈2(S02)
2019-01-13 12:56:25 PLC 触发线圈3(S03)
2019-01-13 12:56:25 PLC 开始采集(S00)
2019-01-13 12:56:25 视频 开始线扫
2019-01-13 12:56:25 PLC 快门打开(S05)
2019-01-13 12:56:26 采集卡 开始采集图片
2019-01-13 12:56:26 采集卡 启动采集
2019-01-13 12:56:30 PLC 采集结束(S16)
2019-01-13 12:56:30 采集卡 停止采集
2019-01-13 12:56:30 采集卡 采集完成
2019-01-13 12:56:30 采集卡 转换数据
2019-01-13 12:56:30 采集卡 转换AD
2019-01-13 12:56:30 采集卡 修改点
2019-01-13 12:56:30 PLC 快门关闭(S06)
2019-01-13 12:56:30 采集卡 GAMMA
2019-01-13 12:56:30 采集卡 容积83
2019-01-13 12:56:30 采集卡 反转图像
2019-01-13 12:56:30 采集卡 生成图片数组
2019-01-13 12:56:30 采集卡 图片长度23702
2019-01-13 12:56:31 视频 结束线扫
2019-01-13 12:56:31 PLC 快门关闭(S06)
2019-01-13 12:57:18 上位机 非绿通保存成功
2019-01-13 12:57:19 PLC 放行应答成功(AC14)
2019-01-13 12:57:26 PLC 触发线圈2(S02)
2019-01-13 12:57:53 上位机 非绿通保存成功
2019-01-13 12:57:58 PLC 放行应答成功(AC14)
2019-01-13 12:58:02 PLC 触发线圈2(S02)
2019-01-13 12:58:04 PLC 触发线圈3(S03)
2019-01-13 12:58:04 PLC 开始采集(S00)
2019-01-13 12:58:04 视频 开始线扫
2019-01-13 12:58:04 PLC 快门打开(S05)
2019-01-13 12:58:05 采集卡 开始采集图片
2019-01-13 12:58:05 采集卡 启动采集
2019-01-13 12:58:06 PLC 采集结束(S16)
2019-01-13 12:58:06 采集卡 停止采集
2019-01-13 12:58:06 采集卡 采集完成
2019-01-13 12:58:06 采集卡 转换数据
2019-01-13 12:58:06 采集卡 转换AD
2019-01-13 12:58:06 采集卡 修改点
2019-01-13 12:58:06 采集卡 GAMMA
2019-01-13 12:58:06 采集卡 容积0
2019-01-13 12:58:06 采集卡 反转图像
2019-01-13 12:58:06 采集卡 生成图片数组
2019-01-13 12:58:06 PLC 快门关闭(S06)
2019-01-13 12:58:06 采集卡 图片长度1868
2019-01-13 12:58:06 视频 结束线扫
2019-01-13 12:58:06 PLC 快门关闭(S06)
2019-01-13 12:58:43 上位机 非绿通保存成功
2019-01-13 12:58:52 PLC 自动运行应答成功(AC00)
2019-01-13 12:58:57 PLC 触发线圈2(S02)
2019-01-13 12:59:21 PLC 手动运行应答成功(AC01)
2019-01-13 12:59:23 PLC 开道闸1应答成功(AC04)
2019-01-13 12:59:23 PLC 开道闸2应答成功(AC15)
2019-01-13 12:59:27 PLC 触发线圈2(S02)
2019-01-13 13:00:10 PLC 触发线圈2(S02)
2019-01-13 13:00:35 PLC 触发线圈2(S02)
2019-01-13 13:00:41 PLC 触发线圈2(S02)
2019-01-13 13:01:23 PLC 触发线圈2(S02)
2019-01-13 13:01:48 PLC 触发线圈2(S02)
2019-01-13 13:02:42 PLC 触发线圈2(S02)
2019-01-13 13:03:20 PLC 触发线圈2(S02)
2019-01-13 13:03:23 高压电源 192.168.127.251关闭高压
2019-01-13 13:03:24 高压电源 192.168.127.252关闭高压
