2019-01-12 12:00:51 PLC 手动运行应答成功(AC01)
2019-01-12 12:00:52 PLC PLC始化成功
2019-01-12 12:00:54 采集卡 192.168.1.24初始化成功。
2019-01-12 12:00:54 采集卡 192.168.1.26初始化成功。
2019-01-12 12:00:54 采集卡 192.168.1.27初始化成功。
2019-01-12 12:00:54 高压电源 192.168.127.251:高压电源初始化成功
2019-01-12 12:00:54 高压电源 192.168.127.252:高压电源初始化成功
2019-01-12 12:00:57 PLC 手动运行应答成功(AC01)
2019-01-12 12:00:58 采集卡 开始采集本底
2019-01-12 12:00:58 采集卡 启动采集
2019-01-12 12:00:58 采集卡 采集完成
2019-01-12 12:00:58 采集卡 转换数据
2019-01-12 12:00:58 PLC 开接收器(AC17)
2019-01-12 12:00:58 PLC 快门开应答成功(AC02)
2019-01-12 12:00:58 PLC 快门打开(S05)
2019-01-12 12:01:00 采集卡 开始采集满度
2019-01-12 12:01:00 采集卡 启动采集
2019-01-12 12:01:01 采集卡 采集完成
2019-01-12 12:01:01 采集卡 转换数据
2019-01-12 12:01:01 采集卡 开始采集图片
2019-01-12 12:01:01 采集卡 启动采集
2019-01-12 12:01:03 采集卡 停止采集
2019-01-12 12:01:03 采集卡 采集完成
2019-01-12 12:01:03 采集卡 转换数据
2019-01-12 12:01:03 采集卡 转换AD
2019-01-12 12:01:03 采集卡 修改点
2019-01-12 12:01:03 采集卡 GAMMA
2019-01-12 12:01:03 采集卡 容积99
2019-01-12 12:01:03 采集卡 反转图像
2019-01-12 12:01:03 采集卡 生成图片数组
2019-01-12 12:01:03 采集卡 图片长度15974
2019-01-12 12:01:03 PLC 快门关应答成功(AC03)
2019-01-12 12:01:03 PLC 快门关闭(S06)
2019-01-12 12:01:10 PLC 触发线圈3(S03)
2019-01-12 12:01:14 PLC 触发线圈1(S01)
2019-01-12 12:01:17 PLC 触发线圈2(S02)
2019-01-12 12:01:39 高压电源 192.168.127.251关闭高压
2019-01-12 12:01:40 高压电源 192.168.127.252关闭高压
2019-01-12 12:02:13 PLC 触发线圈1(S01)
2019-01-12 12:02:13 PLC 触发线圈3(S03)
2019-01-12 12:02:21 PLC 触发线圈1(S01)
2019-01-12 12:02:47 PLC 触发线圈2(S02)
2019-01-12 12:02:49 PLC 触发线圈1(S01)
2019-01-12 12:02:49 PLC 触发线圈3(S03)
2019-01-12 12:02:56 PLC 触发线圈1(S01)
2019-01-12 12:02:59 PLC 触发线圈2(S02)
2019-01-12 12:03:04 PLC 触发线圈1(S01)
2019-01-12 12:04:05 PLC 触发线圈2(S02)
2019-01-12 12:04:08 PLC 触发线圈1(S01)
2019-01-12 12:04:35 PLC 触发线圈2(S02)
2019-01-12 12:05:10 PLC 触发线圈3(S03)
2019-01-12 12:05:12 PLC 触发线圈1(S01)
2019-01-12 12:05:16 PLC 触发线圈2(S02)
2019-01-12 12:05:44 PLC 触发线圈3(S03)
2019-01-12 12:05:48 PLC 触发线圈1(S01)
2019-01-12 12:05:52 PLC 触发线圈2(S02)
2019-01-12 12:06:33 PLC 触发线圈3(S03)
2019-01-12 12:06:39 PLC 触发线圈1(S01)
2019-01-12 12:06:42 PLC 触发线圈2(S02)
2019-01-12 12:06:44 PLC 触发线圈1(S01)
2019-01-12 12:07:26 PLC 触发线圈3(S03)
2019-01-12 12:07:29 PLC 触发线圈2(S02)
2019-01-12 12:07:34 PLC 触发线圈1(S01)
2019-01-12 12:08:05 PLC 触发线圈2(S02)
2019-01-12 12:08:08 PLC 触发线圈1(S01)
2019-01-12 12:08:27 PLC 触发线圈3(S03)
2019-01-12 12:08:34 PLC 触发线圈1(S01)
2019-01-12 12:08:36 PLC 触发线圈2(S02)
2019-01-12 12:09:04 PLC 触发线圈1(S01)
2019-01-12 12:09:29 PLC 触发线圈2(S02)
2019-01-12 12:09:43 PLC 触发线圈1(S01)
2019-01-12 12:11:07 PLC 触发线圈2(S02)
2019-01-12 12:11:08 PLC 触发线圈3(S03)
2019-01-12 12:11:16 PLC 触发线圈1(S01)
2019-01-12 12:12:09 PLC 触发线圈2(S02)
2019-01-12 12:12:14 PLC 触发线圈1(S01)
2019-01-12 12:12:17 PLC 触发线圈2(S02)
2019-01-12 12:12:38 PLC 触发线圈1(S01)
2019-01-12 12:12:41 PLC 触发线圈2(S02)
2019-01-12 12:13:08 PLC 触发线圈1(S01)
2019-01-12 12:13:11 PLC 触发线圈2(S02)
2019-01-12 12:13:29 PLC 触发线圈1(S01)
2019-01-12 12:14:11 PLC 触发线圈2(S02)
2019-01-12 12:14:12 PLC 触发线圈3(S03)
2019-01-12 12:14:18 PLC 触发线圈1(S01)
2019-01-12 12:15:01 PLC 触发线圈2(S02)
2019-01-12 12:15:05 PLC 触发线圈1(S01)
2019-01-12 12:15:07 PLC 触发线圈2(S02)
2019-01-12 12:15:12 PLC 触发线圈1(S01)
2019-01-12 12:16:35 PLC 触发线圈2(S02)
2019-01-12 12:16:38 PLC 触发线圈1(S01)
2019-01-12 12:16:40 PLC 触发线圈2(S02)
2019-01-12 12:16:47 PLC 触发线圈1(S01)
2019-01-12 12:17:12 PLC 触发线圈2(S02)
2019-01-12 12:17:33 PLC 触发线圈1(S01)
2019-01-12 12:17:36 PLC 触发线圈2(S02)
2019-01-12 12:17:39 PLC 触发线圈1(S01)
2019-01-12 12:18:07 PLC 触发线圈2(S02)
2019-01-12 12:18:37 PLC 触发线圈1(S01)
2019-01-12 12:18:40 PLC 触发线圈2(S02)
2019-01-12 12:18:43 PLC 触发线圈1(S01)
2019-01-12 12:19:06 PLC 触发线圈2(S02)
2019-01-12 12:19:11 PLC 触发线圈1(S01)
2019-01-12 12:19:45 PLC 触发线圈2(S02)
2019-01-12 12:19:52 PLC 触发线圈1(S01)
2019-01-12 12:20:03 PLC 触发线圈2(S02)
2019-01-12 12:20:08 PLC 触发线圈1(S01)
2019-01-12 12:21:32 PLC 触发线圈2(S02)
2019-01-12 12:21:36 PLC 触发线圈1(S01)
2019-01-12 12:22:06 PLC 触发线圈2(S02)
2019-01-12 12:22:09 PLC 触发线圈1(S01)
2019-01-12 12:22:51 PLC 触发线圈2(S02)
2019-01-12 12:22:53 PLC 触发线圈1(S01)
2019-01-12 12:22:55 PLC 触发线圈2(S02)
2019-01-12 12:22:56 PLC 触发线圈1(S01)
2019-01-12 12:22:58 PLC 触发线圈2(S02)
2019-01-12 12:23:02 PLC 触发线圈1(S01)
2019-01-12 12:23:24 PLC 触发线圈2(S02)
2019-01-12 12:23:27 PLC 触发线圈1(S01)
2019-01-12 12:23:31 PLC 触发线圈2(S02)
2019-01-12 12:23:53 PLC 触发线圈1(S01)
2019-01-12 12:23:57 PLC 触发线圈2(S02)
2019-01-12 12:24:05 PLC 触发线圈1(S01)
2019-01-12 12:24:14 PLC 触发线圈2(S02)
2019-01-12 12:24:29 PLC 触发线圈1(S01)
2019-01-12 12:24:35 PLC 触发线圈2(S02)
2019-01-12 12:25:04 PLC 触发线圈1(S01)
2019-01-12 12:25:05 PLC 触发线圈2(S02)
2019-01-12 12:25:55 PLC 触发线圈1(S01)
2019-01-12 12:26:04 PLC 触发线圈2(S02)
2019-01-12 12:26:40 PLC 触发线圈1(S01)
2019-01-12 12:26:43 PLC 触发线圈2(S02)
2019-01-12 12:27:10 PLC 触发线圈1(S01)
2019-01-12 12:27:11 PLC 触发线圈3(S03)
2019-01-12 12:27:41 PLC 触发线圈1(S01)
2019-01-12 12:27:43 PLC 触发线圈2(S02)
2019-01-12 12:28:07 PLC 触发线圈1(S01)
2019-01-12 12:28:11 PLC 触发线圈2(S02)
2019-01-12 12:28:14 PLC 触发线圈1(S01)
2019-01-12 12:28:58 PLC 触发线圈2(S02)
2019-01-12 12:29:02 PLC 触发线圈1(S01)
2019-01-12 12:29:29 PLC 触发线圈2(S02)
2019-01-12 12:29:31 PLC 触发线圈1(S01)
2019-01-12 12:29:45 PLC 触发线圈2(S02)
2019-01-12 12:30:08 PLC 触发线圈1(S01)
2019-01-12 12:30:57 PLC 触发线圈2(S02)
2019-01-12 12:31:03 PLC 触发线圈3(S03)
2019-01-12 12:31:10 PLC 触发线圈1(S01)
2019-01-12 12:31:14 PLC 触发线圈2(S02)
2019-01-12 12:32:19 PLC 触发线圈3(S03)
2019-01-12 12:32:32 PLC 触发线圈1(S01)
2019-01-12 12:32:35 PLC 触发线圈2(S02)
2019-01-12 12:33:02 PLC 触发线圈3(S03)
2019-01-12 12:33:12 PLC 触发线圈1(S01)
2019-01-12 12:34:00 PLC 触发线圈2(S02)
2019-01-12 12:34:05 PLC 触发线圈3(S03)
2019-01-12 12:34:14 PLC 触发线圈1(S01)
2019-01-12 12:34:18 PLC 触发线圈2(S02)
2019-01-12 12:34:20 PLC 触发线圈1(S01)
2019-01-12 12:35:22 PLC 触发线圈2(S02)
2019-01-12 12:35:59 PLC 触发线圈3(S03)
2019-01-12 12:36:01 PLC 触发线圈1(S01)
2019-01-12 12:36:05 PLC 触发线圈2(S02)
2019-01-12 12:36:43 PLC 触发线圈1(S01)
2019-01-12 12:36:47 PLC 触发线圈2(S02)
2019-01-12 12:36:51 PLC 触发线圈1(S01)
2019-01-12 12:37:20 PLC 触发线圈2(S02)
2019-01-12 12:37:30 PLC 触发线圈1(S01)
2019-01-12 12:37:46 PLC 触发线圈3(S03)
2019-01-12 12:37:51 PLC 触发线圈2(S02)
2019-01-12 12:39:02 PLC 触发线圈3(S03)
2019-01-12 12:39:06 PLC 触发线圈1(S01)
2019-01-12 12:39:12 PLC 触发线圈2(S02)
2019-01-12 12:39:42 PLC 触发线圈1(S01)
2019-01-12 12:39:45 PLC 触发线圈2(S02)
2019-01-12 12:40:10 PLC 触发线圈3(S03)
2019-01-12 12:40:10 PLC 触发线圈1(S01)
2019-01-12 12:40:14 PLC 触发线圈2(S02)
2019-01-12 12:41:23 PLC 触发线圈1(S01)
2019-01-12 12:41:25 PLC 触发线圈2(S02)
2019-01-12 12:41:27 PLC 触发线圈3(S03)
2019-01-12 12:41:53 PLC 触发线圈1(S01)
2019-01-12 12:42:25 PLC 触发线圈2(S02)
2019-01-12 12:42:35 PLC 触发线圈1(S01)
2019-01-12 12:42:38 PLC 触发线圈2(S02)
2019-01-12 12:43:08 PLC 触发线圈3(S03)
2019-01-12 12:43:17 PLC 触发线圈1(S01)
2019-01-12 12:43:20 PLC 触发线圈2(S02)
2019-01-12 12:43:43 PLC 触发线圈1(S01)
2019-01-12 12:43:43 PLC 触发线圈3(S03)
2019-01-12 12:43:55 PLC 触发线圈1(S01)
2019-01-12 12:43:59 PLC 触发线圈2(S02)
2019-01-12 12:44:31 PLC 触发线圈3(S03)
2019-01-12 12:44:49 PLC 触发线圈1(S01)
2019-01-12 12:44:51 PLC 触发线圈2(S02)
2019-01-12 12:47:57 PLC 触发线圈1(S01)
2019-01-12 12:47:58 PLC 触发线圈3(S03)
2019-01-12 12:48:08 PLC 触发线圈1(S01)
2019-01-12 12:48:31 PLC 触发线圈2(S02)
2019-01-12 12:48:34 PLC 触发线圈3(S03)
2019-01-12 12:48:45 PLC 触发线圈1(S01)
2019-01-12 12:48:47 PLC 触发线圈2(S02)
2019-01-12 12:48:53 PLC 触发线圈1(S01)
2019-01-12 12:49:44 PLC 触发线圈2(S02)
2019-01-12 12:49:48 PLC 触发线圈1(S01)
2019-01-12 12:50:12 PLC 触发线圈2(S02)
2019-01-12 12:50:15 PLC 触发线圈1(S01)
2019-01-12 12:50:37 PLC 触发线圈2(S02)
2019-01-12 12:51:03 PLC 触发线圈3(S03)
2019-01-12 12:51:10 PLC 触发线圈1(S01)
2019-01-12 12:51:15 PLC 触发线圈2(S02)
2019-01-12 12:51:44 PLC 触发线圈1(S01)
2019-01-12 12:51:44 PLC 触发线圈3(S03)
2019-01-12 12:51:55 PLC 触发线圈1(S01)
2019-01-12 12:51:59 PLC 触发线圈2(S02)
2019-01-12 12:52:56 PLC 触发线圈3(S03)
2019-01-12 12:53:01 PLC 触发线圈1(S01)
2019-01-12 12:53:57 PLC 触发线圈2(S02)
2019-01-12 12:54:00 PLC 触发线圈3(S03)
2019-01-12 12:54:09 PLC 触发线圈1(S01)
2019-01-12 12:54:42 PLC 触发线圈2(S02)
2019-01-12 12:54:45 PLC 触发线圈3(S03)
2019-01-12 12:54:51 PLC 触发线圈1(S01)
2019-01-12 12:54:56 PLC 触发线圈2(S02)
2019-01-12 12:55:01 PLC 触发线圈1(S01)
2019-01-12 12:55:37 PLC 触发线圈3(S03)
2019-01-12 12:55:43 PLC 触发线圈2(S02)
2019-01-12 12:55:46 PLC 触发线圈1(S01)
2019-01-12 12:56:45 PLC 触发线圈3(S03)
2019-01-12 12:56:58 PLC 触发线圈2(S02)
2019-01-12 12:57:13 PLC 触发线圈1(S01)
2019-01-12 12:57:14 PLC 触发线圈3(S03)
2019-01-12 12:57:18 PLC 触发线圈2(S02)
2019-01-12 12:57:51 PLC 触发线圈1(S01)
2019-01-12 12:58:59 PLC 触发线圈2(S02)
2019-01-12 12:59:03 PLC 触发线圈1(S01)
2019-01-12 12:59:30 PLC 触发线圈2(S02)
2019-01-12 12:59:34 PLC 触发线圈1(S01)
2019-01-12 12:59:53 PLC 触发线圈2(S02)
2019-01-12 12:59:57 PLC 触发线圈1(S01)
2019-01-12 13:00:22 PLC 触发线圈2(S02)
2019-01-12 13:00:27 PLC 触发线圈1(S01)
2019-01-12 13:00:59 PLC 触发线圈2(S02)
2019-01-12 13:01:03 PLC 触发线圈1(S01)
2019-01-12 13:01:32 PLC 触发线圈2(S02)
2019-01-12 13:01:37 PLC 触发线圈1(S01)
2019-01-12 13:01:53 PLC 触发线圈3(S03)
2019-01-12 13:01:57 PLC 触发线圈2(S02)
2019-01-12 13:02:26 PLC 触发线圈1(S01)
2019-01-12 13:02:30 PLC 触发线圈2(S02)
2019-01-12 13:02:58 PLC 触发线圈1(S01)
2019-01-12 13:03:00 PLC 触发线圈2(S02)
2019-01-12 13:03:12 PLC 触发线圈3(S03)
2019-01-12 13:03:35 PLC 触发线圈1(S01)
2019-01-12 13:04:29 PLC 触发线圈2(S02)
2019-01-12 13:04:31 PLC 触发线圈3(S03)
2019-01-12 13:04:40 PLC 触发线圈1(S01)
2019-01-12 13:04:43 PLC 触发线圈2(S02)
2019-01-12 13:05:29 PLC 触发线圈1(S01)
2019-01-12 13:05:31 PLC 触发线圈2(S02)
2019-01-12 13:06:05 PLC 触发线圈3(S03)
2019-01-12 13:06:13 PLC 触发线圈1(S01)
2019-01-12 13:06:17 PLC 触发线圈2(S02)
2019-01-12 13:06:55 PLC 触发线圈3(S03)
2019-01-12 13:06:57 PLC 触发线圈1(S01)
2019-01-12 13:07:00 PLC 触发线圈2(S02)
2019-01-12 13:07:04 PLC 触发线圈1(S01)
2019-01-12 13:08:11 PLC 触发线圈2(S02)
2019-01-12 13:08:27 PLC 触发线圈3(S03)
2019-01-12 13:08:36 PLC 触发线圈1(S01)
2019-01-12 13:09:13 PLC 触发线圈2(S02)
2019-01-12 13:09:15 PLC 触发线圈3(S03)
2019-01-12 13:09:19 PLC 触发线圈1(S01)
2019-01-12 13:09:21 PLC 触发线圈2(S02)
2019-01-12 13:09:25 PLC 触发线圈1(S01)
2019-01-12 13:09:37 PLC 触发线圈1(S01)
2019-01-12 13:09:41 PLC 触发线圈2(S02)
2019-01-12 13:10:18 PLC 触发线圈3(S03)
2019-01-12 13:10:20 PLC 触发线圈1(S01)
2019-01-12 13:10:23 PLC 触发线圈2(S02)
2019-01-12 13:10:57 PLC 触发线圈1(S01)
2019-01-12 13:10:58 PLC 触发线圈2(S02)
2019-01-12 13:11:54 PLC 触发线圈1(S01)
2019-01-12 13:11:55 PLC 触发线圈2(S02)
2019-01-12 13:12:17 PLC 触发线圈1(S01)
2019-01-12 13:12:20 PLC 触发线圈2(S02)
2019-01-12 13:13:38 PLC 触发线圈1(S01)
2019-01-12 13:13:39 PLC 触发线圈2(S02)
2019-01-12 13:13:40 PLC 触发线圈3(S03)
2019-01-12 13:13:52 PLC 触发线圈1(S01)
2019-01-12 13:14:00 PLC 触发线圈2(S02)
2019-01-12 13:14:17 PLC 触发线圈1(S01)
2019-01-12 13:14:19 PLC 触发线圈2(S02)
2019-01-12 13:14:23 PLC 触发线圈1(S01)
2019-01-12 13:14:28 PLC 触发线圈2(S02)
2019-01-12 13:14:38 PLC 触发线圈1(S01)
2019-01-12 13:15:09 PLC 触发线圈2(S02)
2019-01-12 13:15:14 PLC 触发线圈1(S01)
2019-01-12 13:15:52 PLC 触发线圈2(S02)
2019-01-12 13:16:56 PLC 触发线圈1(S01)
2019-01-12 13:16:59 PLC 触发线圈2(S02)
2019-01-12 13:17:17 PLC 触发线圈1(S01)
2019-01-12 13:17:23 PLC 触发线圈2(S02)
2019-01-12 13:17:45 PLC 触发线圈1(S01)
2019-01-12 13:17:47 PLC 触发线圈2(S02)
2019-01-12 13:18:08 PLC 触发线圈1(S01)
2019-01-12 13:18:12 PLC 触发线圈2(S02)
2019-01-12 13:18:17 PLC 触发线圈1(S01)
2019-01-12 13:18:41 PLC 触发线圈3(S03)
2019-01-12 13:18:47 PLC 触发线圈2(S02)
2019-01-12 13:19:14 PLC 触发线圈3(S03)
2019-01-12 13:24:01 PLC 触发线圈1(S01)
2019-01-12 13:24:02 PLC 触发线圈2(S02)
2019-01-12 13:24:03 PLC 触发线圈3(S03)
2019-01-12 13:24:12 PLC 触发线圈1(S01)
2019-01-12 13:24:16 PLC 触发线圈2(S02)
2019-01-12 13:24:58 PLC 触发线圈3(S03)
2019-01-12 13:25:31 PLC 触发线圈1(S01)
2019-01-12 13:25:35 PLC 触发线圈2(S02)
2019-01-12 13:25:42 PLC 触发线圈1(S01)
2019-01-12 13:26:22 PLC 触发线圈2(S02)
2019-01-12 13:27:07 PLC 触发线圈1(S01)
2019-01-12 13:27:08 PLC 触发线圈2(S02)
2019-01-12 13:27:09 PLC 触发线圈3(S03)
2019-01-12 13:27:26 高压电源 192.168.127.251关闭高压
2019-01-12 13:27:26 高压电源 192.168.127.252关闭高压
