2019-01-12 11:59:43 PLC 手动运行应答成功(AC01)
2019-01-12 11:59:44 PLC PLC始化成功
2019-01-12 11:59:47 采集卡 192.168.1.27初始化成功。
2019-01-12 11:59:47 采集卡 192.168.1.26初始化成功。
2019-01-12 11:59:47 高压电源 192.168.127.251:高压电源初始化成功
2019-01-12 11:59:47 高压电源 192.168.127.252:高压电源初始化成功
2019-01-12 11:59:52 PLC 触发线圈2(S02)
2019-01-12 11:59:53 PLC 手动运行应答成功(AC01)
2019-01-12 11:59:54 采集卡 开始采集本底
2019-01-12 11:59:54 采集卡 启动采集
2019-01-12 11:59:55 采集卡 采集完成
2019-01-12 11:59:55 采集卡 转换数据
2019-01-12 11:59:55 PLC 开接收器(AC17)
2019-01-12 11:59:55 PLC 快门开应答成功(AC02)
2019-01-12 11:59:55 PLC 快门打开(S05)
2019-01-12 11:59:57 采集卡 开始采集满度
2019-01-12 11:59:57 采集卡 启动采集
2019-01-12 11:59:57 采集卡 采集完成
2019-01-12 11:59:57 采集卡 转换数据
2019-01-12 11:59:57 采集卡 开始采集图片
2019-01-12 11:59:57 采集卡 启动采集
2019-01-12 11:59:59 采集卡 停止采集
2019-01-12 11:59:59 采集卡 采集完成
2019-01-12 11:59:59 采集卡 转换数据
2019-01-12 11:59:59 采集卡 转换AD
2019-01-12 11:59:59 采集卡 修改点
2019-01-12 11:59:59 采集卡 GAMMA
2019-01-12 11:59:59 采集卡 容积99
2019-01-12 11:59:59 采集卡 反转图像
2019-01-12 11:59:59 采集卡 生成图片数组
2019-01-12 11:59:59 采集卡 图片长度1484
2019-01-12 12:00:00 PLC 触发线圈3(S03)
2019-01-12 12:00:00 PLC 触发线圈1(S01)
2019-01-12 12:00:00 PLC 快门关应答成功(AC03)
2019-01-12 12:00:00 PLC 快门关闭(S06)
2019-01-12 12:00:02 PLC 触发线圈2(S02)
2019-01-12 12:00:27 高压电源 192.168.127.251关闭高压
2019-01-12 12:00:27 高压电源 192.168.127.252关闭高压
