2019-01-12 13:43:48 上位机 车牌初始化成功
2019-01-12 13:43:48 PLC 手动运行应答成功(AC01)
2019-01-12 13:43:49 PLC PLC始化成功
2019-01-12 13:43:50 采集卡 192.168.1.24初始化成功。
2019-01-12 13:43:50 采集卡 192.168.1.26初始化成功。
2019-01-12 13:43:50 采集卡 192.168.1.27初始化成功。
2019-01-12 13:43:50 高压电源 192.168.127.251:高压电源初始化成功
2019-01-12 13:43:50 高压电源 192.168.127.252:高压电源初始化成功
2019-01-12 13:43:58 PLC 关道闸1应答成功(AC05)
2019-01-12 13:43:59 PLC 关道闸2应答成功(AC16)
2019-01-12 13:44:00 高压电源 192.168.127.251打开高压
2019-01-12 13:44:00 高压电源 192.168.127.252打开高压
2019-01-12 13:44:00 高压电源 训机结束
2019-01-12 13:44:00 PLC 手动运行应答成功(AC01)
2019-01-12 13:44:00 PLC 开接收器(AC17)
2019-01-12 13:44:01 采集卡 开始采集本底
2019-01-12 13:44:01 采集卡 启动采集
2019-01-12 13:44:01 采集卡 采集完成
2019-01-12 13:44:01 采集卡 转换数据
2019-01-12 13:44:01 PLC 快门开应答成功(AC02)
2019-01-12 13:44:01 PLC 快门打开(S05)
2019-01-12 13:44:03 采集卡 开始采集满度
2019-01-12 13:44:03 采集卡 启动采集
2019-01-12 13:44:04 采集卡 采集完成
2019-01-12 13:44:04 采集卡 转换数据
2019-01-12 13:44:04 采集卡 开始采集图片
2019-01-12 13:44:04 采集卡 启动采集
2019-01-12 13:44:06 采集卡 停止采集
2019-01-12 13:44:06 采集卡 采集完成
2019-01-12 13:44:06 采集卡 转换数据
2019-01-12 13:44:06 采集卡 转换AD
2019-01-12 13:44:06 采集卡 修改点
2019-01-12 13:44:06 采集卡 GAMMA
2019-01-12 13:44:06 采集卡 容积99
2019-01-12 13:44:06 采集卡 反转图像
2019-01-12 13:44:06 采集卡 生成图片数组
2019-01-12 13:44:06 采集卡 图片长度41190
2019-01-12 13:44:07 PLC 快门关应答成功(AC03)
2019-01-12 13:44:07 PLC 快门关闭(S06)
2019-01-12 13:44:07 PLC 自动运行应答成功(AC00)
2019-01-12 13:44:13 PLC 自动运行应答成功(AC00)
2019-01-12 13:44:22 PLC 手动运行应答成功(AC01)
2019-01-12 13:44:23 采集卡 开始采集本底
2019-01-12 13:44:23 采集卡 启动采集
2019-01-12 13:44:23 采集卡 采集完成
2019-01-12 13:44:23 采集卡 转换数据
2019-01-12 13:44:23 PLC 开接收器(AC17)
2019-01-12 13:44:23 PLC 快门开应答成功(AC02)
2019-01-12 13:44:23 PLC 快门打开(S05)
2019-01-12 13:44:25 采集卡 开始采集满度
2019-01-12 13:44:25 采集卡 启动采集
2019-01-12 13:44:26 采集卡 采集完成
2019-01-12 13:44:26 采集卡 转换数据
2019-01-12 13:44:26 采集卡 开始采集图片
2019-01-12 13:44:26 采集卡 启动采集
2019-01-12 13:44:28 采集卡 停止采集
2019-01-12 13:44:28 采集卡 采集完成
2019-01-12 13:44:28 采集卡 转换数据
2019-01-12 13:44:28 采集卡 转换AD
2019-01-12 13:44:28 采集卡 修改点
2019-01-12 13:44:28 采集卡 GAMMA
2019-01-12 13:44:28 采集卡 容积99
2019-01-12 13:44:28 采集卡 反转图像
2019-01-12 13:44:28 采集卡 生成图片数组
2019-01-12 13:44:28 采集卡 图片长度40187
2019-01-12 13:44:30 PLC 快门关应答成功(AC03)
2019-01-12 13:44:30 PLC 快门关闭(S06)
2019-01-12 13:44:30 PLC 自动运行应答成功(AC00)
2019-01-12 13:44:51 高压电源 192.168.127.251清除报警
2019-01-12 13:44:54 PLC 清除报警应答成功(AC12)
2019-01-12 13:45:20 PLC 手动运行应答成功(AC01)
2019-01-12 13:45:21 PLC 开道闸1应答成功(AC04)
2019-01-12 13:45:21 PLC 开道闸2应答成功(AC15)
2019-01-12 13:45:32 PLC 触发线圈1(S01)
2019-01-12 13:45:34 PLC 触发线圈2(S02)
2019-01-12 13:45:35 PLC 触发线圈3(S03)
2019-01-12 13:45:36 PLC 触发线圈1(S01)
2019-01-12 13:45:37 PLC 触发线圈2(S02)
2019-01-12 13:45:42 PLC 触发线圈1(S01)
2019-01-12 13:45:44 PLC 触发线圈2(S02)
2019-01-12 13:46:27 PLC 触发线圈1(S01)
2019-01-12 13:46:28 高压电源 192.168.127.251关闭高压
2019-01-12 13:46:28 高压电源 192.168.127.252关闭高压
