2019-01-14 13:46:19 上位机 车牌初始化成功
2019-01-14 13:46:19 PLC 手动运行应答成功(AC01)
2019-01-14 13:46:20 PLC PLC始化成功
2019-01-14 13:46:22 采集卡 192.168.1.24初始化成功。
2019-01-14 13:46:22 采集卡 192.168.1.27初始化成功。
2019-01-14 13:46:22 采集卡 192.168.1.28初始化成功。
2019-01-14 13:46:22 高压电源 192.168.127.251:高压电源初始化成功
2019-01-14 13:46:22 高压电源 192.168.127.252:高压电源初始化成功
2019-01-14 13:47:22 PLC 触发线圈2(S02)
2019-01-14 13:47:28 PLC 触发线圈2(S02)
2019-01-14 13:47:28 PLC 触发线圈2(S02)
2019-01-14 13:48:03 PLC 触发线圈2(S02)
2019-01-14 13:48:28 PLC 触发线圈2(S02)
2019-01-14 13:48:48 PLC 关道闸1应答成功(AC05)
2019-01-14 13:48:49 PLC 关道闸2应答成功(AC16)
2019-01-14 13:48:50 高压电源 192.168.127.252打开高压
2019-01-14 13:48:50 高压电源 192.168.127.251打开高压
2019-01-14 13:48:50 高压电源 训机结束
2019-01-14 13:48:50 PLC 手动运行应答成功(AC01)
2019-01-14 13:48:50 PLC 开接收器(AC17)
2019-01-14 13:48:51 PLC 快门开应答成功(AC02)
2019-01-14 13:48:51 PLC 快门打开(S05)
2019-01-14 13:48:52 采集卡 开始采集满度
2019-01-14 13:48:52 采集卡 启动采集
2019-01-14 13:48:52 采集卡 采集完成
2019-01-14 13:48:52 采集卡 转换数据
2019-01-14 13:48:52 PLC 快门关应答成功(AC03)
2019-01-14 13:48:52 PLC 快门关闭(S06)
2019-01-14 13:48:54 高压电源 192.168.127.251关闭高压
2019-01-14 13:48:54 高压电源 192.168.127.252关闭高压
2019-01-14 13:48:55 采集卡 开始采集本底
2019-01-14 13:48:55 采集卡 启动采集
2019-01-14 13:48:55 采集卡 采集完成
2019-01-14 13:48:55 采集卡 转换数据
2019-01-14 13:48:55 高压电源 192.168.127.251打开高压
2019-01-14 13:48:56 高压电源 192.168.127.252打开高压
2019-01-14 13:48:56 PLC 快门开应答成功(AC02)
2019-01-14 13:48:56 PLC 快门打开(S05)
2019-01-14 13:48:59 采集卡 开始采集图片
2019-01-14 13:48:59 采集卡 启动采集
2019-01-14 13:49:01 采集卡 停止采集
2019-01-14 13:49:01 采集卡 采集完成
2019-01-14 13:49:01 采集卡 转换数据
2019-01-14 13:49:01 采集卡 转换AD
2019-01-14 13:49:01 采集卡 修改点
2019-01-14 13:49:01 采集卡 GAMMA
2019-01-14 13:49:01 采集卡 容积99
2019-01-14 13:49:01 采集卡 反转图像
2019-01-14 13:49:01 采集卡 生成图片数组
2019-01-14 13:49:01 采集卡 图片长度2138
2019-01-14 13:49:02 PLC 快门打开(S05)
2019-01-14 13:49:02 PLC 快门关应答成功(AC03)
2019-01-14 13:49:02 PLC 快门关闭(S06)
2019-01-14 13:49:02 PLC 自动运行应答成功(AC00)
2019-01-14 13:49:02 PLC 快门关闭(S06)
2019-01-14 13:49:34 PLC 触发线圈3(S03)
2019-01-14 13:49:56 PLC 触发线圈2(S02)
2019-01-14 13:49:56 下位机 打开高压
2019-01-14 13:49:56 视频 开始线扫
2019-01-14 13:50:13 PLC 自动运行应答成功(AC00)
2019-01-14 13:50:45 PLC 触发线圈2(S02)
2019-01-14 13:50:45 下位机 打开高压
2019-01-14 13:50:45 视频 开始线扫
2019-01-14 13:51:14 PLC 手动运行应答成功(AC01)
2019-01-14 13:51:15 PLC 开道闸1应答成功(AC04)
2019-01-14 13:51:15 PLC 开道闸2应答成功(AC15)
2019-01-14 13:51:17 PLC 触发线圈2(S02)
2019-01-14 13:51:19 PLC 清除报警应答成功(AC12)
2019-01-14 13:51:21 PLC 清除报警应答成功(AC12)
2019-01-14 13:51:22 PLC 清除报警应答成功(AC12)
2019-01-14 13:51:25 高压电源 192.168.127.251清除报警
2019-01-14 13:51:28 高压电源 192.168.127.252清除报警
2019-01-14 13:51:35 PLC 触发线圈2(S02)
2019-01-14 13:51:42 PLC 触发线圈2(S02)
2019-01-14 13:51:46 PLC 手动运行应答成功(AC01)
2019-01-14 13:51:48 PLC 开道闸1应答成功(AC04)
2019-01-14 13:51:48 PLC 开道闸2应答成功(AC15)
2019-01-14 13:51:48 PLC 触发线圈2(S02)
2019-01-14 13:51:54 高压电源 192.168.127.251关闭高压
2019-01-14 13:51:54 高压电源 192.168.127.252关闭高压
