2019-01-12 11:52:31 PLC 手动运行应答成功(AC01)
2019-01-12 11:52:32 PLC PLC始化成功
2019-01-12 11:52:35 采集卡 192.168.1.26初始化成功。
2019-01-12 11:52:35 采集卡 192.168.1.27初始化成功。
2019-01-12 11:52:35 高压电源 192.168.127.251:高压电源初始化成功
2019-01-12 11:52:35 高压电源 192.168.127.252:高压电源初始化成功
2019-01-12 11:52:36 PLC 触发线圈1(S01)
2019-01-12 11:52:38 采集卡 192.168.1.24初始化成功。
2019-01-12 11:52:40 PLC 触发线圈2(S02)
2019-01-12 11:53:19 PLC 触发线圈3(S03)
2019-01-12 11:53:20 PLC 触发线圈1(S01)
2019-01-12 11:53:22 PLC 触发线圈2(S02)
2019-01-12 11:53:24 PLC 开道闸1应答成功(AC04)
2019-01-12 11:53:27 PLC 触发线圈1(S01)
2019-01-12 11:54:09 PLC 触发线圈2(S02)
2019-01-12 11:54:15 PLC 关道闸1应答成功(AC05)
2019-01-12 11:54:16 PLC 关道闸2应答成功(AC16)
2019-01-12 11:54:16 高压电源 192.168.127.252打开高压
2019-01-12 11:54:17 高压电源 192.168.127.251打开高压
2019-01-12 11:54:17 高压电源 训机结束
2019-01-12 11:54:17 PLC 手动运行应答成功(AC01)
2019-01-12 11:54:17 PLC 开接收器(AC17)
2019-01-12 11:54:17 PLC 触发线圈1(S01)
2019-01-12 11:54:17 采集卡 开始采集本底
2019-01-12 11:54:17 采集卡 启动采集
2019-01-12 11:54:18 采集卡 采集完成
2019-01-12 11:54:18 采集卡 转换数据
2019-01-12 11:54:18 PLC 快门开应答成功(AC02)
2019-01-12 11:54:18 PLC 快门打开(S05)
2019-01-12 11:54:20 采集卡 开始采集满度
2019-01-12 11:54:20 采集卡 启动采集
2019-01-12 11:54:20 采集卡 采集完成
2019-01-12 11:54:20 采集卡 转换数据
2019-01-12 11:54:20 采集卡 开始采集图片
2019-01-12 11:54:20 采集卡 启动采集
2019-01-12 11:54:22 采集卡 停止采集
2019-01-12 11:54:22 采集卡 采集完成
2019-01-12 11:54:22 采集卡 转换数据
2019-01-12 11:54:22 采集卡 转换AD
2019-01-12 11:54:22 采集卡 修改点
2019-01-12 11:54:22 采集卡 GAMMA
2019-01-12 11:54:22 采集卡 容积0
2019-01-12 11:54:22 采集卡 反转图像
2019-01-12 11:54:22 采集卡 生成图片数组
2019-01-12 11:54:22 采集卡 图片长度16186
2019-01-12 11:54:24 PLC 快门关应答成功(AC03)
2019-01-12 11:54:24 PLC 快门关闭(S06)
2019-01-12 11:54:24 PLC 自动运行应答成功(AC00)
2019-01-12 11:54:24 PLC 快门关闭(S06)
2019-01-12 11:54:32 PLC 触发线圈2(S02)
2019-01-12 11:54:43 PLC 触发线圈1(S01)
2019-01-12 11:54:43 下位机 打开高压
2019-01-12 11:54:44 PLC 触发线圈3(S03)
2019-01-12 11:54:44 PLC 开始采集(S00)
2019-01-12 11:54:44 PLC 快门打开(S05)
2019-01-12 11:54:45 采集卡 开始采集图片
2019-01-12 11:54:45 采集卡 启动采集
2019-01-12 11:54:56 PLC 触发线圈1(S01)
2019-01-12 11:54:56 PLC 采集结束(S16)
2019-01-12 11:54:56 采集卡 停止采集
2019-01-12 11:54:56 采集卡 采集完成
2019-01-12 11:54:56 采集卡 转换数据
2019-01-12 11:54:56 PLC 快门关闭(S06)
2019-01-12 11:54:56 采集卡 转换AD
2019-01-12 11:54:56 采集卡 修改点
2019-01-12 11:54:56 采集卡 GAMMA
2019-01-12 11:54:56 采集卡 容积99
2019-01-12 11:54:56 采集卡 反转图像
2019-01-12 11:54:56 采集卡 生成图片数组
2019-01-12 11:54:56 采集卡 图片长度20850
2019-01-12 11:55:34 PLC 手动运行应答成功(AC01)
2019-01-12 11:55:36 PLC 开道闸1应答成功(AC04)
2019-01-12 11:55:36 PLC 开道闸2应答成功(AC15)
2019-01-12 11:55:36 PLC 触发线圈2(S02)
2019-01-12 11:55:41 PLC 触发线圈3(S03)
2019-01-12 11:55:49 PLC 触发线圈1(S01)
2019-01-12 11:56:05 高压电源 192.168.127.251关闭高压
2019-01-12 11:56:05 高压电源 192.168.127.252关闭高压
