2019-01-12 14:30:03 上位机 车牌初始化成功
2019-01-12 14:30:03 PLC 手动运行应答成功(AC01)
2019-01-12 14:30:04 PLC PLC始化成功
2019-01-12 14:30:05 采集卡 192.168.1.24初始化成功。
2019-01-12 14:30:05 采集卡 192.168.1.26初始化成功。
2019-01-12 14:30:05 采集卡 192.168.1.27初始化成功。
2019-01-12 14:30:05 高压电源 192.168.127.251:高压电源初始化成功
2019-01-12 14:30:05 高压电源 192.168.127.252:高压电源初始化成功
2019-01-12 14:30:07 PLC 手动运行应答成功(AC01)
2019-01-12 14:30:08 PLC 开道闸1应答成功(AC04)
2019-01-12 14:30:08 PLC 开道闸2应答成功(AC15)
2019-01-12 14:30:09 PLC 触发线圈2(S02)
2019-01-12 14:30:16 PLC 触发线圈1(S01)
2019-01-12 14:30:19 PLC 触发线圈2(S02)
2019-01-12 14:30:41 PLC 触发线圈3(S03)
2019-01-12 14:30:49 PLC 触发线圈1(S01)
2019-01-12 14:30:53 PLC 触发线圈2(S02)
2019-01-12 14:30:56 PLC 触发线圈1(S01)
2019-01-12 14:31:43 PLC 触发线圈3(S03)
2019-01-12 14:31:49 PLC 关道闸1应答成功(AC05)
2019-01-12 14:31:50 PLC 关道闸2应答成功(AC16)
2019-01-12 14:31:50 高压电源 192.168.127.251打开高压
2019-01-12 14:31:50 高压电源 192.168.127.252打开高压
2019-01-12 14:31:50 高压电源 训机结束
2019-01-12 14:31:50 PLC 手动运行应答成功(AC01)
2019-01-12 14:31:50 PLC 开接收器(AC17)
2019-01-12 14:31:51 PLC 快门开应答成功(AC02)
2019-01-12 14:31:51 PLC 快门打开(S05)
2019-01-12 14:31:53 采集卡 开始采集满度
2019-01-12 14:31:53 采集卡 启动采集
2019-01-12 14:31:53 采集卡 采集完成
2019-01-12 14:31:53 采集卡 转换数据
2019-01-12 14:31:53 PLC 快门关应答成功(AC03)
2019-01-12 14:31:53 PLC 快门关闭(S06)
2019-01-12 14:31:56 高压电源 192.168.127.251关闭高压
2019-01-12 14:31:56 高压电源 192.168.127.252关闭高压
2019-01-12 14:31:57 采集卡 开始采集本底
2019-01-12 14:31:57 采集卡 启动采集
2019-01-12 14:31:57 采集卡 采集完成
2019-01-12 14:31:57 采集卡 转换数据
2019-01-12 14:31:57 高压电源 192.168.127.251打开高压
2019-01-12 14:31:58 高压电源 192.168.127.252打开高压
2019-01-12 14:31:59 PLC 快门开应答成功(AC02)
2019-01-12 14:31:59 PLC 快门打开(S05)
2019-01-12 14:32:01 采集卡 开始采集图片
2019-01-12 14:32:01 采集卡 启动采集
2019-01-12 14:32:03 采集卡 停止采集
2019-01-12 14:32:03 采集卡 采集完成
2019-01-12 14:32:03 采集卡 转换数据
2019-01-12 14:32:03 采集卡 转换AD
2019-01-12 14:32:03 采集卡 修改点
2019-01-12 14:32:03 采集卡 GAMMA
2019-01-12 14:32:03 采集卡 容积99
2019-01-12 14:32:03 采集卡 反转图像
2019-01-12 14:32:03 采集卡 生成图片数组
2019-01-12 14:32:03 采集卡 图片长度1686
2019-01-12 14:32:04 PLC 快门关应答成功(AC03)
2019-01-12 14:32:05 PLC 快门关闭(S06)
2019-01-12 14:32:05 PLC 自动运行应答成功(AC00)
2019-01-12 14:32:08 PLC 触发线圈2(S02)
2019-01-12 14:32:08 下位机 打开高压
2019-01-12 14:32:13 PLC 触发线圈1(S01)
2019-01-12 14:32:31 上位机 非绿通保存成功
2019-01-12 14:32:32 PLC 放行应答成功(AC14)
2019-01-12 14:32:35 PLC 触发线圈2(S02)
2019-01-12 14:32:35 下位机 打开高压
2019-01-12 14:32:37 PLC 触发线圈3(S03)
2019-01-12 14:32:37 PLC 开始采集(S00)
2019-01-12 14:32:38 PLC 快门打开(S05)
2019-01-12 14:32:38 采集卡 开始采集图片
2019-01-12 14:32:38 采集卡 启动采集
2019-01-12 14:32:41 PLC 采集结束(S16)
2019-01-12 14:32:41 采集卡 停止采集
2019-01-12 14:32:41 采集卡 采集完成
2019-01-12 14:32:41 采集卡 转换数据
2019-01-12 14:32:42 采集卡 转换AD
2019-01-12 14:32:42 采集卡 修改点
2019-01-12 14:32:42 采集卡 GAMMA
2019-01-12 14:32:42 采集卡 容积90
2019-01-12 14:32:42 采集卡 反转图像
2019-01-12 14:32:42 采集卡 生成图片数组
2019-01-12 14:32:42 PLC 快门关闭(S06)
2019-01-12 14:32:42 采集卡 图片长度8667
2019-01-12 14:33:14 上位机 非绿通保存成功
2019-01-12 14:33:15 PLC 放行应答成功(AC14)
2019-01-12 14:33:19 上位机 非绿通保存成功
2019-01-12 14:33:21 PLC 放行应答成功(AC14)
2019-01-12 14:33:38 PLC 触发线圈1(S01)
2019-01-12 14:33:41 PLC 触发线圈2(S02)
2019-01-12 14:33:45 PLC 触发线圈1(S01)
2019-01-12 14:34:03 上位机 非绿通保存成功
2019-01-12 14:34:04 PLC 放行应答成功(AC14)
2019-01-12 14:34:07 PLC 触发线圈2(S02)
2019-01-12 14:34:10 PLC 触发线圈3(S03)
2019-01-12 14:34:10 PLC 开始采集(S00)
2019-01-12 14:34:11 PLC 快门打开(S05)
2019-01-12 14:34:11 采集卡 开始采集图片
2019-01-12 14:34:11 采集卡 启动采集
2019-01-12 14:34:11 PLC 触发线圈1(S01)
2019-01-12 14:34:13 PLC 采集结束(S16)
2019-01-12 14:34:13 采集卡 停止采集
2019-01-12 14:34:13 采集卡 采集完成
2019-01-12 14:34:13 采集卡 转换数据
2019-01-12 14:34:13 采集卡 转换AD
2019-01-12 14:34:13 采集卡 修改点
2019-01-12 14:34:13 采集卡 GAMMA
2019-01-12 14:34:13 采集卡 容积86
2019-01-12 14:34:13 采集卡 反转图像
2019-01-12 14:34:13 采集卡 生成图片数组
2019-01-12 14:34:13 PLC 快门关闭(S06)
2019-01-12 14:34:13 采集卡 图片长度3045
2019-01-12 14:34:20 PLC 触发线圈2(S02)
2019-01-12 14:34:37 PLC 手动运行应答成功(AC01)
2019-01-12 14:34:38 PLC 开道闸1应答成功(AC04)
2019-01-12 14:34:38 PLC 开道闸2应答成功(AC15)
2019-01-12 14:34:44 PLC 触发线圈1(S01)
2019-01-12 14:35:07 PLC 触发线圈2(S02)
2019-01-12 14:35:09 PLC 触发线圈1(S01)
2019-01-12 14:35:36 PLC 触发线圈2(S02)
2019-01-12 14:35:40 PLC 触发线圈1(S01)
2019-01-12 14:36:05 PLC 触发线圈2(S02)
2019-01-12 14:37:04 PLC 手动运行应答成功(AC01)
2019-01-12 14:37:05 PLC 开接收器(AC17)
2019-01-12 14:37:05 PLC 快门开应答成功(AC02)
2019-01-12 14:37:05 PLC 快门打开(S05)
2019-01-12 14:37:06 采集卡 开始采集满度
2019-01-12 14:37:06 采集卡 启动采集
2019-01-12 14:37:06 采集卡 采集完成
2019-01-12 14:37:06 采集卡 转换数据
2019-01-12 14:37:06 PLC 快门关应答成功(AC03)
2019-01-12 14:37:06 PLC 触发线圈1(S01)
2019-01-12 14:37:06 PLC 快门关闭(S06)
2019-01-12 14:37:08 高压电源 192.168.127.251关闭高压
2019-01-12 14:37:08 高压电源 192.168.127.252关闭高压
2019-01-12 14:37:09 采集卡 开始采集本底
2019-01-12 14:37:09 采集卡 启动采集
2019-01-12 14:37:09 采集卡 采集完成
2019-01-12 14:37:09 采集卡 转换数据
2019-01-12 14:37:09 高压电源 192.168.127.251打开高压
2019-01-12 14:37:10 高压电源 192.168.127.252打开高压
2019-01-12 14:37:11 PLC 触发线圈2(S02)
2019-01-12 14:37:11 PLC 快门开应答成功(AC02)
2019-01-12 14:37:11 PLC 快门打开(S05)
2019-01-12 14:37:13 采集卡 开始采集图片
2019-01-12 14:37:13 采集卡 启动采集
2019-01-12 14:37:15 采集卡 停止采集
2019-01-12 14:37:15 采集卡 采集完成
2019-01-12 14:37:15 采集卡 转换数据
2019-01-12 14:37:15 采集卡 转换AD
2019-01-12 14:37:15 采集卡 修改点
2019-01-12 14:37:15 采集卡 GAMMA
2019-01-12 14:37:15 采集卡 容积83
2019-01-12 14:37:15 采集卡 反转图像
2019-01-12 14:37:15 采集卡 生成图片数组
2019-01-12 14:37:15 采集卡 图片长度20400
2019-01-12 14:37:17 PLC 触发线圈3(S03)
2019-01-12 14:37:17 PLC 快门关应答成功(AC03)
2019-01-12 14:37:17 PLC 快门关闭(S06)
2019-01-12 14:37:17 PLC 自动运行应答成功(AC00)
2019-01-12 14:37:18 PLC 触发线圈1(S01)
2019-01-12 14:37:23 PLC 触发线圈2(S02)
2019-01-12 14:37:26 PLC 手动运行应答成功(AC01)
2019-01-12 14:37:27 PLC 开接收器(AC17)
2019-01-12 14:37:27 PLC 快门开应答成功(AC02)
2019-01-12 14:37:27 PLC 快门打开(S05)
2019-01-12 14:37:28 采集卡 开始采集满度
2019-01-12 14:37:28 采集卡 启动采集
2019-01-12 14:37:28 采集卡 采集完成
2019-01-12 14:37:28 采集卡 转换数据
2019-01-12 14:37:28 PLC 快门关应答成功(AC03)
2019-01-12 14:37:28 PLC 快门关闭(S06)
2019-01-12 14:37:30 高压电源 192.168.127.251关闭高压
2019-01-12 14:37:30 高压电源 192.168.127.252关闭高压
2019-01-12 14:37:31 采集卡 开始采集本底
2019-01-12 14:37:31 采集卡 启动采集
2019-01-12 14:37:31 采集卡 采集完成
2019-01-12 14:37:31 采集卡 转换数据
2019-01-12 14:37:31 高压电源 192.168.127.251打开高压
2019-01-12 14:37:32 高压电源 192.168.127.252打开高压
2019-01-12 14:37:32 PLC 快门开应答成功(AC02)
2019-01-12 14:37:33 PLC 快门打开(S05)
2019-01-12 14:37:35 采集卡 开始采集图片
2019-01-12 14:37:35 采集卡 启动采集
2019-01-12 14:37:37 采集卡 停止采集
2019-01-12 14:37:37 采集卡 采集完成
2019-01-12 14:37:37 采集卡 转换数据
2019-01-12 14:37:37 采集卡 转换AD
2019-01-12 14:37:37 采集卡 修改点
2019-01-12 14:37:37 采集卡 GAMMA
2019-01-12 14:37:37 采集卡 容积95
2019-01-12 14:37:37 采集卡 反转图像
2019-01-12 14:37:37 采集卡 生成图片数组
2019-01-12 14:37:37 采集卡 图片长度20725
2019-01-12 14:37:38 PLC 快门关应答成功(AC03)
2019-01-12 14:37:38 PLC 快门关闭(S06)
2019-01-12 14:37:38 PLC 自动运行应答成功(AC00)
2019-01-12 14:38:01 PLC 触发线圈1(S01)
2019-01-12 14:38:07 PLC 自动运行应答成功(AC00)
2019-01-12 14:38:13 PLC 触发线圈2(S02)
2019-01-12 14:38:22 PLC 触发线圈1(S01)
2019-01-12 14:38:51 PLC 触发线圈3(S03)
2019-01-12 14:38:51 PLC 开始采集(S00)
2019-01-12 14:38:51 PLC 快门打开(S05)
2019-01-12 14:38:52 采集卡 开始采集图片
2019-01-12 14:38:52 采集卡 启动采集
2019-01-12 14:38:54 PLC 采集结束(S16)
2019-01-12 14:38:54 采集卡 停止采集
2019-01-12 14:38:54 采集卡 采集完成
2019-01-12 14:38:54 采集卡 转换数据
2019-01-12 14:38:54 采集卡 转换AD
2019-01-12 14:38:54 采集卡 修改点
2019-01-12 14:38:54 PLC 快门关闭(S06)
2019-01-12 14:38:54 采集卡 GAMMA
2019-01-12 14:38:54 采集卡 容积83
2019-01-12 14:38:54 采集卡 反转图像
2019-01-12 14:38:54 采集卡 生成图片数组
2019-01-12 14:38:54 采集卡 图片长度9897
2019-01-12 14:39:02 上位机 非绿通保存成功
2019-01-12 14:39:07 PLC 放行应答成功(AC14)
2019-01-12 14:39:10 PLC 触发线圈2(S02)
2019-01-12 14:39:15 PLC 触发线圈1(S01)
2019-01-12 14:39:38 上位机 非绿通保存成功
2019-01-12 14:39:38 PLC 放行应答成功(AC14)
2019-01-12 14:39:42 PLC 触发线圈2(S02)
2019-01-12 14:39:45 PLC 触发线圈1(S01)
2019-01-12 14:39:46 PLC 触发线圈3(S03)
2019-01-12 14:39:46 PLC 开始采集(S00)
2019-01-12 14:39:47 PLC 快门打开(S05)
2019-01-12 14:39:47 采集卡 开始采集图片
2019-01-12 14:39:47 采集卡 启动采集
2019-01-12 14:39:48 PLC 采集结束(S16)
2019-01-12 14:39:48 采集卡 停止采集
2019-01-12 14:39:48 采集卡 采集完成
2019-01-12 14:39:48 采集卡 转换数据
2019-01-12 14:39:48 采集卡 转换AD
2019-01-12 14:39:48 采集卡 修改点
2019-01-12 14:39:48 采集卡 GAMMA
2019-01-12 14:39:48 采集卡 容积0
2019-01-12 14:39:48 采集卡 反转图像
2019-01-12 14:39:48 采集卡 生成图片数组
2019-01-12 14:39:48 PLC 快门关闭(S06)
2019-01-12 14:39:48 采集卡 图片长度3482
2019-01-12 14:40:03 上位机 非绿通保存成功
2019-01-12 14:41:16 PLC 放行应答成功(AC14)
2019-01-12 14:41:21 PLC 触发线圈2(S02)
2019-01-12 14:41:22 PLC 触发线圈1(S01)
2019-01-12 14:41:29 PLC 手动运行应答成功(AC01)
2019-01-12 14:41:30 PLC 开道闸1应答成功(AC04)
2019-01-12 14:41:30 PLC 开道闸2应答成功(AC15)
2019-01-12 14:41:33 PLC 触发线圈2(S02)
2019-01-12 14:41:34 PLC 触发线圈1(S01)
2019-01-12 14:41:37 PLC 触发线圈2(S02)
2019-01-12 14:41:39 PLC 触发线圈1(S01)
2019-01-12 14:41:41 PLC 触发线圈2(S02)
2019-01-12 14:41:42 PLC 触发线圈1(S01)
2019-01-12 14:41:57 PLC 触发线圈2(S02)
2019-01-12 14:41:59 PLC 触发线圈1(S01)
2019-01-12 14:42:21 PLC 触发线圈2(S02)
2019-01-12 14:42:28 PLC 触发线圈1(S01)
2019-01-12 14:42:34 PLC 自动运行应答成功(AC00)
2019-01-12 14:43:37 上位机 非绿通保存成功
2019-01-12 14:43:38 PLC 放行应答成功(AC14)
2019-01-12 14:43:46 PLC 触发线圈2(S02)
2019-01-12 14:43:50 PLC 触发线圈3(S03)
2019-01-12 14:43:50 PLC 开始采集(S00)
2019-01-12 14:43:51 PLC 快门打开(S05)
2019-01-12 14:43:51 采集卡 开始采集图片
2019-01-12 14:43:51 采集卡 启动采集
2019-01-12 14:43:55 PLC 触发线圈1(S01)
2019-01-12 14:43:59 PLC 采集结束(S16)
2019-01-12 14:43:59 采集卡 停止采集
2019-01-12 14:43:59 采集卡 采集完成
2019-01-12 14:43:59 采集卡 转换数据
2019-01-12 14:43:59 采集卡 转换AD
2019-01-12 14:43:59 采集卡 修改点
2019-01-12 14:43:59 PLC 快门关闭(S06)
2019-01-12 14:43:59 采集卡 GAMMA
2019-01-12 14:43:59 采集卡 容积95
2019-01-12 14:43:59 采集卡 反转图像
2019-01-12 14:43:59 采集卡 生成图片数组
2019-01-12 14:44:00 采集卡 图片长度17769
2019-01-12 14:44:07 PLC 手动运行应答成功(AC01)
2019-01-12 14:44:09 PLC 开道闸1应答成功(AC04)
2019-01-12 14:44:09 PLC 开道闸2应答成功(AC15)
2019-01-12 14:44:29 PLC 触发线圈2(S02)
2019-01-12 14:44:32 PLC 触发线圈1(S01)
2019-01-12 14:44:38 PLC 触发线圈3(S03)
2019-01-12 14:45:39 PLC 触发线圈2(S02)
2019-01-12 14:45:44 PLC 触发线圈2(S02)
2019-01-12 14:45:46 PLC 触发线圈1(S01)
2019-01-12 14:45:50 PLC 触发线圈2(S02)
2019-01-12 14:45:51 PLC 触发线圈1(S01)
2019-01-12 14:46:22 PLC 触发线圈2(S02)
2019-01-12 14:46:28 PLC 触发线圈1(S01)
2019-01-12 14:46:31 PLC 触发线圈2(S02)
2019-01-12 14:47:47 PLC 触发线圈3(S03)
2019-01-12 14:47:47 PLC 触发线圈3(S03)
2019-01-12 14:47:50 PLC 触发线圈1(S01)
2019-01-12 14:47:53 PLC 触发线圈2(S02)
2019-01-12 14:48:48 PLC 触发线圈3(S03)
2019-01-12 14:48:51 PLC 触发线圈1(S01)
2019-01-12 14:48:54 PLC 触发线圈2(S02)
2019-01-12 14:49:00 PLC 触发线圈3(S03)
2019-01-12 14:49:01 PLC 触发线圈1(S01)
2019-01-12 14:49:02 PLC 触发线圈3(S03)
2019-01-12 14:49:06 PLC 触发线圈2(S02)
2019-01-12 14:49:09 PLC 触发线圈1(S01)
2019-01-12 14:49:13 PLC 触发线圈2(S02)
2019-01-12 14:49:15 PLC 触发线圈1(S01)
2019-01-12 14:49:56 高压电源 192.168.127.251关闭高压
2019-01-12 14:49:56 高压电源 192.168.127.252关闭高压
