2019-01-12 15:17:52 上位机 车牌初始化成功
2019-01-12 15:17:52 PLC 手动运行应答成功(AC01)
2019-01-12 15:17:52 PLC PLC始化成功
2019-01-12 15:17:54 采集卡 192.168.1.24初始化成功。
2019-01-12 15:17:54 采集卡 192.168.1.27初始化成功。
2019-01-12 15:17:54 采集卡 192.168.1.26初始化成功。
2019-01-12 15:17:54 高压电源 192.168.127.252:高压电源初始化成功
2019-01-12 15:17:54 高压电源 192.168.127.251:高压电源初始化成功
2019-01-12 15:17:57 PLC 触发线圈1(S01)
2019-01-12 15:18:34 PLC 触发线圈2(S02)
2019-01-12 15:18:57 PLC 触发线圈1(S01)
2019-01-12 15:19:01 PLC 触发线圈2(S02)
2019-01-12 15:19:09 PLC 触发线圈1(S01)
2019-01-12 15:19:28 PLC 触发线圈2(S02)
2019-01-12 15:20:18 PLC 触发线圈3(S03)
2019-01-12 15:20:34 PLC 触发线圈1(S01)
2019-01-12 15:20:36 PLC 触发线圈2(S02)
2019-01-12 15:21:00 PLC 触发线圈1(S01)
2019-01-12 15:21:02 PLC 触发线圈2(S02)
2019-01-12 15:21:43 PLC 触发线圈1(S01)
2019-01-12 15:21:45 PLC 触发线圈2(S02)
2019-01-12 15:22:15 PLC 触发线圈1(S01)
2019-01-12 15:22:19 PLC 触发线圈2(S02)
2019-01-12 15:22:36 PLC 触发线圈1(S01)
2019-01-12 15:22:39 PLC 触发线圈2(S02)
2019-01-12 15:23:06 PLC 触发线圈1(S01)
2019-01-12 15:23:21 PLC 触发线圈2(S02)
2019-01-12 15:24:01 PLC 触发线圈1(S01)
2019-01-12 15:24:03 PLC 触发线圈2(S02)
2019-01-12 15:24:32 PLC 触发线圈1(S01)
2019-01-12 15:24:51 PLC 触发线圈2(S02)
2019-01-12 15:24:55 PLC 触发线圈1(S01)
2019-01-12 15:25:04 PLC 触发线圈2(S02)
2019-01-12 15:25:11 PLC 触发线圈1(S01)
2019-01-12 15:25:37 PLC 触发线圈2(S02)
2019-01-12 15:26:11 PLC 触发线圈1(S01)
2019-01-12 15:26:15 PLC 触发线圈2(S02)
2019-01-12 15:26:56 PLC 触发线圈1(S01)
2019-01-12 15:27:04 PLC 触发线圈2(S02)
2019-01-12 15:27:07 PLC 触发线圈1(S01)
2019-01-12 15:28:00 PLC 触发线圈2(S02)
2019-01-12 15:28:23 PLC 触发线圈1(S01)
2019-01-12 15:28:25 PLC 触发线圈2(S02)
2019-01-12 15:28:36 PLC 触发线圈1(S01)
2019-01-12 15:28:40 PLC 触发线圈2(S02)
2019-01-12 15:28:43 PLC 触发线圈1(S01)
2019-01-12 15:29:11 PLC 触发线圈2(S02)
2019-01-12 15:29:15 PLC 触发线圈1(S01)
2019-01-12 15:29:33 PLC 触发线圈2(S02)
2019-01-12 15:29:55 PLC 触发线圈1(S01)
2019-01-12 15:29:59 PLC 触发线圈2(S02)
2019-01-12 15:30:08 PLC 触发线圈1(S01)
2019-01-12 15:30:32 PLC 触发线圈2(S02)
2019-01-12 15:30:32 PLC 触发线圈1(S01)
2019-01-12 15:31:07 PLC 触发线圈2(S02)
2019-01-12 15:31:09 PLC 触发线圈1(S01)
2019-01-12 15:31:33 PLC 触发线圈2(S02)
2019-01-12 15:31:35 PLC 触发线圈1(S01)
2019-01-12 15:32:04 PLC 触发线圈2(S02)
2019-01-12 15:32:06 PLC 触发线圈1(S01)
2019-01-12 15:32:38 PLC 触发线圈2(S02)
2019-01-12 15:33:16 PLC 触发线圈2(S02)
2019-01-12 15:33:17 PLC 触发线圈1(S01)
2019-01-12 15:33:57 PLC 触发线圈2(S02)
2019-01-12 15:34:20 PLC 触发线圈2(S02)
2019-01-12 15:34:41 PLC 触发线圈2(S02)
2019-01-12 15:34:42 PLC 触发线圈1(S01)
2019-01-12 15:35:24 PLC 触发线圈1(S01)
2019-01-12 15:35:40 PLC 触发线圈2(S02)
2019-01-12 15:35:43 PLC 触发线圈1(S01)
2019-01-12 15:35:59 PLC 触发线圈2(S02)
2019-01-12 15:36:18 PLC 触发线圈1(S01)
2019-01-12 15:36:42 PLC 触发线圈2(S02)
2019-01-12 15:37:06 PLC 触发线圈1(S01)
2019-01-12 15:37:08 PLC 触发线圈2(S02)
2019-01-12 15:37:45 PLC 触发线圈1(S01)
2019-01-12 15:37:47 PLC 触发线圈2(S02)
2019-01-12 15:37:53 PLC 触发线圈1(S01)
2019-01-12 15:39:37 PLC 触发线圈2(S02)
2019-01-12 15:39:48 PLC 触发线圈1(S01)
2019-01-12 15:39:51 PLC 触发线圈2(S02)
2019-01-12 15:40:39 PLC 触发线圈1(S01)
2019-01-12 15:40:46 PLC 触发线圈2(S02)
2019-01-12 15:41:29 PLC 触发线圈1(S01)
2019-01-12 15:41:31 PLC 触发线圈2(S02)
2019-01-12 15:42:15 PLC 触发线圈1(S01)
2019-01-12 15:42:19 PLC 触发线圈2(S02)
2019-01-12 15:43:26 PLC 触发线圈1(S01)
2019-01-12 15:43:30 PLC 触发线圈2(S02)
2019-01-12 15:43:34 PLC 触发线圈1(S01)
2019-01-12 15:43:37 PLC 触发线圈2(S02)
2019-01-12 15:44:04 PLC 触发线圈1(S01)
2019-01-12 15:44:08 PLC 触发线圈2(S02)
2019-01-12 15:44:09 PLC 触发线圈1(S01)
2019-01-12 15:44:38 PLC 触发线圈2(S02)
2019-01-12 15:44:46 PLC 触发线圈1(S01)
2019-01-12 15:44:50 PLC 触发线圈2(S02)
2019-01-12 15:45:33 PLC 触发线圈1(S01)
2019-01-12 15:45:36 PLC 触发线圈2(S02)
2019-01-12 15:46:18 PLC 触发线圈1(S01)
2019-01-12 15:46:21 PLC 触发线圈2(S02)
2019-01-12 15:46:24 PLC 触发线圈1(S01)
2019-01-12 15:46:33 PLC 触发线圈2(S02)
2019-01-12 15:46:40 PLC 触发线圈1(S01)
2019-01-12 15:47:49 PLC 触发线圈2(S02)
2019-01-12 15:47:52 PLC 触发线圈1(S01)
2019-01-12 15:48:31 PLC 触发线圈2(S02)
2019-01-12 15:48:34 PLC 触发线圈1(S01)
2019-01-12 15:48:56 PLC 触发线圈2(S02)
2019-01-12 15:49:02 PLC 触发线圈1(S01)
2019-01-12 15:49:27 PLC 触发线圈2(S02)
2019-01-12 15:49:33 PLC 触发线圈1(S01)
2019-01-12 15:50:20 PLC 触发线圈2(S02)
2019-01-12 15:50:23 PLC 触发线圈1(S01)
2019-01-12 15:50:43 PLC 触发线圈2(S02)
2019-01-12 15:50:47 PLC 触发线圈1(S01)
2019-01-12 15:51:13 PLC 触发线圈2(S02)
2019-01-12 15:51:21 PLC 触发线圈1(S01)
2019-01-12 15:51:32 PLC 触发线圈2(S02)
2019-01-12 15:51:38 PLC 触发线圈1(S01)
2019-01-12 15:52:13 PLC 触发线圈2(S02)
2019-01-12 15:52:39 PLC 触发线圈1(S01)
2019-01-12 15:52:43 PLC 触发线圈2(S02)
2019-01-12 15:52:50 PLC 触发线圈1(S01)
2019-01-12 15:53:28 PLC 触发线圈2(S02)
2019-01-12 15:54:09 PLC 触发线圈1(S01)
2019-01-12 15:54:49 PLC 触发线圈2(S02)
2019-01-12 15:54:53 PLC 触发线圈1(S01)
2019-01-12 15:54:56 PLC 触发线圈2(S02)
2019-01-12 15:55:40 PLC 触发线圈1(S01)
2019-01-12 15:55:43 PLC 触发线圈2(S02)
2019-01-12 15:55:48 PLC 触发线圈1(S01)
2019-01-12 15:56:19 PLC 触发线圈2(S02)
2019-01-12 15:56:23 PLC 触发线圈1(S01)
2019-01-12 15:56:58 PLC 触发线圈2(S02)
2019-01-12 15:57:27 PLC 触发线圈1(S01)
2019-01-12 15:57:33 PLC 触发线圈2(S02)
2019-01-12 15:58:11 PLC 触发线圈1(S01)
2019-01-12 15:58:46 PLC 触发线圈2(S02)
2019-01-12 15:59:18 PLC 触发线圈1(S01)
2019-01-12 15:59:22 PLC 触发线圈2(S02)
2019-01-12 15:59:29 PLC 触发线圈1(S01)
2019-01-12 15:59:32 PLC 触发线圈2(S02)
2019-01-12 16:00:21 PLC 触发线圈1(S01)
2019-01-12 16:00:23 PLC 触发线圈2(S02)
2019-01-12 16:01:09 PLC 触发线圈1(S01)
2019-01-12 16:04:22 PLC 触发线圈2(S02)
2019-01-12 16:04:32 PLC 触发线圈1(S01)
2019-01-12 16:05:04 PLC 触发线圈2(S02)
2019-01-12 16:05:07 PLC 触发线圈1(S01)
2019-01-12 16:05:43 PLC 触发线圈2(S02)
2019-01-12 16:05:47 PLC 触发线圈1(S01)
2019-01-12 16:06:07 PLC 触发线圈2(S02)
2019-01-12 16:06:12 PLC 触发线圈1(S01)
2019-01-12 16:06:17 PLC 触发线圈2(S02)
2019-01-12 16:06:57 PLC 触发线圈1(S01)
2019-01-12 16:07:02 PLC 触发线圈2(S02)
2019-01-12 16:07:53 PLC 触发线圈1(S01)
2019-01-12 16:07:54 PLC 触发线圈2(S02)
2019-01-12 16:08:08 PLC 触发线圈1(S01)
2019-01-12 16:08:26 PLC 触发线圈2(S02)
2019-01-12 16:08:57 PLC 触发线圈1(S01)
2019-01-12 16:09:00 PLC 触发线圈2(S02)
2019-01-12 16:09:44 PLC 触发线圈1(S01)
2019-01-12 16:09:46 PLC 触发线圈2(S02)
2019-01-12 16:10:05 PLC 触发线圈1(S01)
2019-01-12 16:10:18 PLC 触发线圈2(S02)
2019-01-12 16:10:23 PLC 触发线圈1(S01)
2019-01-12 16:10:55 PLC 触发线圈2(S02)
2019-01-12 16:10:58 PLC 触发线圈1(S01)
2019-01-12 16:11:00 PLC 触发线圈2(S02)
2019-01-12 16:11:26 PLC 触发线圈1(S01)
2019-01-12 16:11:27 PLC 触发线圈2(S02)
2019-01-12 16:11:33 PLC 触发线圈1(S01)
2019-01-12 16:11:57 PLC 触发线圈2(S02)
2019-01-12 16:12:01 PLC 触发线圈1(S01)
2019-01-12 16:12:29 PLC 触发线圈2(S02)
2019-01-12 16:12:51 PLC 触发线圈1(S01)
2019-01-12 16:13:13 PLC 触发线圈2(S02)
2019-01-12 16:13:19 PLC 触发线圈1(S01)
2019-01-12 16:13:21 PLC 触发线圈2(S02)
2019-01-12 16:13:26 PLC 触发线圈1(S01)
2019-01-12 16:14:02 PLC 触发线圈2(S02)
2019-01-12 16:14:10 PLC 触发线圈1(S01)
2019-01-12 16:14:13 PLC 触发线圈2(S02)
2019-01-12 16:14:34 PLC 触发线圈1(S01)
2019-01-12 16:14:40 PLC 触发线圈2(S02)
2019-01-12 16:15:46 PLC 触发线圈1(S01)
2019-01-12 16:15:47 PLC 触发线圈2(S02)
2019-01-12 16:15:51 PLC 触发线圈1(S01)
2019-01-12 16:15:56 PLC 触发线圈2(S02)
2019-01-12 16:16:37 PLC 触发线圈1(S01)
2019-01-12 16:16:41 PLC 触发线圈2(S02)
2019-01-12 16:16:46 PLC 触发线圈1(S01)
2019-01-12 16:17:22 PLC 触发线圈2(S02)
2019-01-12 16:17:28 PLC 触发线圈1(S01)
2019-01-12 16:17:54 PLC 触发线圈2(S02)
2019-01-12 16:18:35 PLC 触发线圈1(S01)
2019-01-12 16:18:37 PLC 触发线圈2(S02)
2019-01-12 16:18:46 PLC 触发线圈1(S01)
2019-01-12 16:19:20 PLC 触发线圈2(S02)
2019-01-12 16:19:29 PLC 触发线圈1(S01)
2019-01-12 16:19:30 PLC 触发线圈2(S02)
2019-01-12 16:19:34 PLC 触发线圈1(S01)
2019-01-12 16:20:35 PLC 触发线圈2(S02)
2019-01-12 16:20:44 PLC 触发线圈1(S01)
2019-01-12 16:21:06 PLC 触发线圈2(S02)
2019-01-12 16:21:08 PLC 触发线圈1(S01)
2019-01-12 16:21:12 PLC 触发线圈2(S02)
2019-01-12 16:21:14 PLC 触发线圈1(S01)
2019-01-12 16:21:39 PLC 触发线圈2(S02)
2019-01-12 16:21:42 PLC 触发线圈1(S01)
2019-01-12 16:22:03 PLC 触发线圈2(S02)
2019-01-12 16:22:06 PLC 触发线圈1(S01)
2019-01-12 16:22:37 PLC 触发线圈2(S02)
2019-01-12 16:22:40 PLC 触发线圈1(S01)
2019-01-12 16:23:20 PLC 触发线圈2(S02)
2019-01-12 16:24:00 PLC 触发线圈1(S01)
2019-01-12 16:24:05 PLC 触发线圈2(S02)
2019-01-12 16:24:10 PLC 触发线圈1(S01)
2019-01-12 16:24:33 PLC 触发线圈2(S02)
2019-01-12 16:25:07 PLC 触发线圈1(S01)
2019-01-12 16:25:10 PLC 触发线圈2(S02)
2019-01-12 16:25:56 PLC 触发线圈1(S01)
2019-01-12 16:25:59 PLC 触发线圈2(S02)
2019-01-12 16:28:46 PLC 触发线圈1(S01)
2019-01-12 16:28:50 PLC 触发线圈2(S02)
2019-01-12 16:28:53 PLC 触发线圈1(S01)
2019-01-12 16:29:53 PLC 触发线圈2(S02)
2019-01-12 16:30:21 PLC 触发线圈1(S01)
2019-01-12 16:30:24 PLC 触发线圈2(S02)
2019-01-12 16:30:47 PLC 触发线圈1(S01)
2019-01-12 16:30:48 PLC 触发线圈2(S02)
2019-01-12 16:30:54 PLC 触发线圈1(S01)
2019-01-12 16:32:37 PLC 触发线圈2(S02)
2019-01-12 16:32:41 PLC 触发线圈1(S01)
2019-01-12 16:32:44 PLC 触发线圈2(S02)
2019-01-12 16:33:20 PLC 触发线圈1(S01)
2019-01-12 16:33:22 PLC 触发线圈2(S02)
2019-01-12 16:33:25 PLC 触发线圈1(S01)
2019-01-12 16:34:04 PLC 触发线圈2(S02)
2019-01-12 16:34:49 PLC 触发线圈1(S01)
2019-01-12 16:34:57 PLC 触发线圈2(S02)
2019-01-12 16:35:02 PLC 触发线圈1(S01)
2019-01-12 16:35:23 PLC 触发线圈2(S02)
2019-01-12 16:35:38 PLC 触发线圈1(S01)
2019-01-12 16:35:42 PLC 触发线圈2(S02)
2019-01-12 16:36:08 PLC 触发线圈1(S01)
2019-01-12 16:36:13 PLC 触发线圈2(S02)
2019-01-12 16:36:44 PLC 触发线圈1(S01)
2019-01-12 16:36:47 PLC 触发线圈2(S02)
2019-01-12 16:37:09 PLC 触发线圈1(S01)
2019-01-12 16:37:14 PLC 触发线圈1(S01)
2019-01-12 16:37:16 PLC 触发线圈2(S02)
2019-01-12 16:37:39 PLC 触发线圈1(S01)
2019-01-12 16:37:44 PLC 触发线圈2(S02)
2019-01-12 16:37:50 PLC 触发线圈1(S01)
2019-01-12 16:38:16 PLC 触发线圈2(S02)
2019-01-12 16:38:20 PLC 触发线圈1(S01)
2019-01-12 16:38:46 PLC 触发线圈2(S02)
2019-01-12 16:38:52 PLC 触发线圈1(S01)
2019-01-12 16:39:33 PLC 触发线圈2(S02)
2019-01-12 16:40:19 PLC 触发线圈1(S01)
2019-01-12 16:40:24 PLC 触发线圈2(S02)
2019-01-12 16:40:34 PLC 触发线圈1(S01)
2019-01-12 16:40:36 PLC 触发线圈2(S02)
2019-01-12 16:40:44 PLC 触发线圈1(S01)
2019-01-12 16:40:57 PLC 触发线圈2(S02)
2019-01-12 16:42:36 PLC 触发线圈1(S01)
2019-01-12 16:42:37 PLC 触发线圈2(S02)
2019-01-12 16:43:07 PLC 触发线圈1(S01)
2019-01-12 16:43:10 PLC 触发线圈2(S02)
2019-01-12 16:45:22 PLC 触发线圈1(S01)
2019-01-12 16:45:48 PLC 触发线圈2(S02)
2019-01-12 16:45:54 PLC 触发线圈1(S01)
2019-01-12 16:45:57 PLC 触发线圈2(S02)
2019-01-12 16:46:29 PLC 触发线圈1(S01)
2019-01-12 16:46:40 PLC 触发线圈2(S02)
2019-01-12 16:46:49 PLC 触发线圈1(S01)
2019-01-12 16:47:27 PLC 触发线圈2(S02)
2019-01-12 16:47:37 PLC 触发线圈1(S01)
2019-01-12 16:48:01 PLC 触发线圈2(S02)
2019-01-12 16:48:11 PLC 触发线圈1(S01)
2019-01-12 16:48:52 PLC 触发线圈2(S02)
2019-01-12 16:50:16 PLC 触发线圈1(S01)
2019-01-12 16:50:17 PLC 触发线圈2(S02)
2019-01-12 16:50:30 PLC 触发线圈1(S01)
2019-01-12 16:50:34 PLC 触发线圈2(S02)
2019-01-12 16:51:11 PLC 触发线圈1(S01)
2019-01-12 16:51:14 PLC 触发线圈2(S02)
2019-01-12 16:52:18 PLC 触发线圈1(S01)
2019-01-12 16:52:26 PLC 触发线圈1(S01)
2019-01-12 16:52:29 PLC 触发线圈2(S02)
2019-01-12 16:52:33 PLC 触发线圈1(S01)
2019-01-12 16:53:13 PLC 触发线圈2(S02)
2019-01-12 16:53:16 PLC 触发线圈1(S01)
2019-01-12 16:53:32 PLC 触发线圈2(S02)
2019-01-12 16:53:39 PLC 触发线圈1(S01)
2019-01-12 16:53:49 PLC 触发线圈2(S02)
2019-01-12 16:54:33 PLC 触发线圈1(S01)
2019-01-12 16:54:37 PLC 触发线圈2(S02)
2019-01-12 16:54:42 PLC 触发线圈1(S01)
2019-01-12 16:55:23 PLC 触发线圈2(S02)
2019-01-12 16:55:53 PLC 触发线圈1(S01)
2019-01-12 16:55:55 PLC 触发线圈2(S02)
2019-01-12 16:55:59 PLC 触发线圈1(S01)
2019-01-12 16:56:54 PLC 触发线圈2(S02)
2019-01-12 16:57:02 PLC 触发线圈1(S01)
2019-01-12 16:57:42 PLC 触发线圈2(S02)
2019-01-12 16:57:51 PLC 触发线圈1(S01)
2019-01-12 16:57:55 PLC 触发线圈2(S02)
2019-01-12 16:57:59 PLC 触发线圈1(S01)
2019-01-12 16:59:05 PLC 触发线圈2(S02)
2019-01-12 16:59:07 PLC 触发线圈1(S01)
2019-01-12 17:00:32 PLC 触发线圈2(S02)
2019-01-12 17:00:33 PLC 触发线圈1(S01)
2019-01-12 17:01:22 PLC 触发线圈2(S02)
2019-01-12 17:01:25 PLC 触发线圈1(S01)
2019-01-12 17:01:29 PLC 触发线圈2(S02)
2019-01-12 17:02:05 PLC 触发线圈1(S01)
2019-01-12 17:02:08 PLC 触发线圈2(S02)
2019-01-12 17:02:51 PLC 触发线圈1(S01)
2019-01-12 17:02:54 PLC 触发线圈2(S02)
2019-01-12 17:02:58 PLC 触发线圈1(S01)
2019-01-12 17:03:31 PLC 触发线圈2(S02)
2019-01-12 17:03:35 PLC 触发线圈1(S01)
2019-01-12 17:04:07 PLC 触发线圈2(S02)
2019-01-12 17:04:10 PLC 触发线圈1(S01)
2019-01-12 17:04:17 PLC 触发线圈2(S02)
2019-01-12 17:04:24 PLC 触发线圈1(S01)
2019-01-12 17:04:48 PLC 触发线圈2(S02)
2019-01-12 17:05:28 PLC 触发线圈1(S01)
2019-01-12 17:05:29 PLC 触发线圈2(S02)
2019-01-12 17:05:43 PLC 触发线圈1(S01)
2019-01-12 17:07:44 PLC 触发线圈2(S02)
2019-01-12 17:08:18 PLC 触发线圈1(S01)
2019-01-12 17:08:23 PLC 触发线圈2(S02)
2019-01-12 17:08:28 PLC 触发线圈1(S01)
2019-01-12 17:08:53 PLC 触发线圈2(S02)
2019-01-12 17:08:59 PLC 触发线圈1(S01)
2019-01-12 17:09:31 PLC 触发线圈2(S02)
2019-01-12 17:09:59 PLC 触发线圈1(S01)
2019-01-12 17:10:03 PLC 触发线圈2(S02)
2019-01-12 17:10:10 PLC 触发线圈1(S01)
2019-01-12 17:10:48 PLC 触发线圈2(S02)
2019-01-12 17:10:56 PLC 触发线圈1(S01)
2019-01-12 17:11:31 PLC 触发线圈2(S02)
2019-01-12 17:11:36 PLC 触发线圈1(S01)
2019-01-12 17:12:13 PLC 触发线圈2(S02)
2019-01-12 17:12:15 PLC 触发线圈1(S01)
2019-01-12 17:12:44 PLC 触发线圈2(S02)
2019-01-12 17:12:46 PLC 触发线圈1(S01)
2019-01-12 17:13:05 PLC 触发线圈2(S02)
2019-01-12 17:13:09 PLC 触发线圈1(S01)
2019-01-12 17:13:25 PLC 触发线圈2(S02)
2019-01-12 17:13:36 PLC 触发线圈1(S01)
2019-01-12 17:13:39 PLC 触发线圈2(S02)
2019-01-12 17:14:17 PLC 触发线圈1(S01)
2019-01-12 17:14:19 PLC 触发线圈2(S02)
2019-01-12 17:14:20 PLC 触发线圈1(S01)
2019-01-12 17:14:39 PLC 触发线圈2(S02)
2019-01-12 17:15:18 PLC 触发线圈1(S01)
2019-01-12 17:15:21 PLC 触发线圈2(S02)
2019-01-12 17:15:24 PLC 触发线圈1(S01)
2019-01-12 17:15:39 PLC 触发线圈2(S02)
2019-01-12 17:15:43 PLC 触发线圈1(S01)
2019-01-12 17:16:23 PLC 触发线圈2(S02)
2019-01-12 17:16:59 PLC 触发线圈1(S01)
2019-01-12 17:17:02 PLC 触发线圈2(S02)
2019-01-12 17:17:09 PLC 触发线圈1(S01)
2019-01-12 17:17:38 PLC 触发线圈2(S02)
2019-01-12 17:18:14 PLC 触发线圈1(S01)
2019-01-12 17:18:15 PLC 触发线圈2(S02)
2019-01-12 17:18:16 PLC 触发线圈1(S01)
2019-01-12 17:18:18 PLC 触发线圈2(S02)
2019-01-12 17:18:42 PLC 触发线圈1(S01)
2019-01-12 17:19:03 PLC 触发线圈2(S02)
2019-01-12 17:19:07 PLC 触发线圈1(S01)
2019-01-12 17:19:10 PLC 触发线圈2(S02)
2019-01-12 17:19:14 PLC 触发线圈1(S01)
2019-01-12 17:20:02 PLC 触发线圈2(S02)
2019-01-12 17:20:37 PLC 触发线圈1(S01)
2019-01-12 17:20:39 PLC 触发线圈2(S02)
2019-01-12 17:21:03 PLC 触发线圈1(S01)
2019-01-12 17:21:20 PLC 触发线圈2(S02)
2019-01-12 17:21:24 PLC 触发线圈1(S01)
2019-01-12 17:21:25 PLC 触发线圈2(S02)
2019-01-12 17:21:34 PLC 触发线圈1(S01)
2019-01-12 17:21:52 PLC 触发线圈2(S02)
2019-01-12 17:21:54 PLC 触发线圈1(S01)
2019-01-12 17:22:38 PLC 触发线圈2(S02)
2019-01-12 17:22:47 PLC 触发线圈1(S01)
2019-01-12 17:23:07 PLC 触发线圈2(S02)
2019-01-12 17:23:20 PLC 触发线圈1(S01)
2019-01-12 17:23:24 PLC 触发线圈2(S02)
2019-01-12 17:23:28 PLC 触发线圈1(S01)
2019-01-12 17:23:43 PLC 触发线圈2(S02)
2019-01-12 17:23:45 PLC 触发线圈1(S01)
2019-01-12 17:24:30 PLC 触发线圈2(S02)
2019-01-12 17:24:33 PLC 触发线圈1(S01)
2019-01-12 17:24:58 PLC 触发线圈2(S02)
2019-01-12 17:25:01 PLC 触发线圈1(S01)
2019-01-12 17:25:37 PLC 触发线圈2(S02)
2019-01-12 17:25:42 PLC 触发线圈1(S01)
2019-01-12 17:26:11 PLC 触发线圈2(S02)
2019-01-12 17:26:16 PLC 触发线圈1(S01)
2019-01-12 17:27:11 PLC 触发线圈2(S02)
2019-01-12 17:27:16 PLC 触发线圈1(S01)
2019-01-12 17:27:19 PLC 触发线圈2(S02)
2019-01-12 17:27:21 PLC 触发线圈1(S01)
2019-01-12 17:29:46 PLC 触发线圈2(S02)
2019-01-12 17:29:50 PLC 触发线圈1(S01)
2019-01-12 17:30:35 PLC 触发线圈2(S02)
2019-01-12 17:30:40 PLC 触发线圈1(S01)
2019-01-12 17:31:02 PLC 触发线圈2(S02)
2019-01-12 17:31:09 PLC 触发线圈1(S01)
2019-01-12 17:31:38 PLC 触发线圈2(S02)
2019-01-12 17:31:42 PLC 触发线圈1(S01)
2019-01-12 17:32:05 PLC 触发线圈2(S02)
2019-01-12 17:32:50 PLC 触发线圈1(S01)
2019-01-12 17:32:53 PLC 触发线圈2(S02)
2019-01-12 17:32:57 PLC 触发线圈1(S01)
2019-01-12 17:33:17 PLC 触发线圈2(S02)
2019-01-12 17:33:20 PLC 触发线圈1(S01)
2019-01-12 17:34:01 PLC 触发线圈2(S02)
2019-01-12 17:34:10 PLC 触发线圈1(S01)
2019-01-12 17:34:27 PLC 触发线圈2(S02)
2019-01-12 17:35:08 PLC 触发线圈1(S01)
2019-01-12 17:35:16 PLC 触发线圈2(S02)
2019-01-12 17:35:38 PLC 触发线圈1(S01)
2019-01-12 17:36:06 PLC 触发线圈2(S02)
2019-01-12 17:36:11 PLC 触发线圈1(S01)
2019-01-12 17:36:57 PLC 触发线圈2(S02)
2019-01-12 17:37:02 PLC 触发线圈1(S01)
2019-01-12 17:37:46 PLC 触发线圈2(S02)
2019-01-12 17:37:49 PLC 触发线圈1(S01)
2019-01-12 17:39:54 PLC 触发线圈2(S02)
2019-01-12 17:39:55 PLC 触发线圈1(S01)
2019-01-12 17:40:20 PLC 触发线圈2(S02)
2019-01-12 17:41:51 PLC 触发线圈1(S01)
2019-01-12 17:41:54 PLC 触发线圈2(S02)
2019-01-12 17:41:58 PLC 触发线圈1(S01)
2019-01-12 17:42:01 PLC 触发线圈2(S02)
2019-01-12 17:43:09 PLC 触发线圈1(S01)
2019-01-12 17:43:12 PLC 触发线圈2(S02)
2019-01-12 17:43:15 PLC 触发线圈1(S01)
2019-01-12 17:43:17 PLC 触发线圈2(S02)
2019-01-12 17:44:44 PLC 触发线圈1(S01)
2019-01-12 17:44:59 PLC 触发线圈2(S02)
2019-01-12 17:46:03 PLC 触发线圈1(S01)
2019-01-12 17:46:04 PLC 触发线圈2(S02)
2019-01-12 17:46:31 PLC 触发线圈1(S01)
2019-01-12 17:46:34 PLC 触发线圈2(S02)
2019-01-12 17:47:16 PLC 触发线圈1(S01)
2019-01-12 17:47:21 PLC 触发线圈2(S02)
2019-01-12 17:49:37 PLC 触发线圈1(S01)
2019-01-12 17:49:38 PLC 触发线圈2(S02)
2019-01-12 17:53:27 PLC 触发线圈1(S01)
2019-01-12 17:53:28 PLC 触发线圈2(S02)
2019-01-12 17:53:38 PLC 触发线圈1(S01)
2019-01-12 17:53:49 PLC 触发线圈2(S02)
2019-01-12 17:54:25 PLC 触发线圈1(S01)
2019-01-12 17:54:28 PLC 触发线圈2(S02)
2019-01-12 17:55:00 PLC 触发线圈1(S01)
2019-01-12 17:55:08 PLC 触发线圈2(S02)
2019-01-12 17:56:23 PLC 触发线圈1(S01)
2019-01-12 17:56:24 PLC 触发线圈2(S02)
2019-01-12 17:57:38 PLC 触发线圈1(S01)
2019-01-12 17:57:39 PLC 触发线圈2(S02)
2019-01-12 17:57:58 PLC 触发线圈1(S01)
2019-01-12 17:58:02 PLC 触发线圈2(S02)
2019-01-12 17:58:39 PLC 触发线圈1(S01)
2019-01-12 17:58:44 PLC 触发线圈2(S02)
2019-01-12 17:59:17 PLC 触发线圈1(S01)
2019-01-12 17:59:21 PLC 触发线圈2(S02)
2019-01-12 17:59:23 PLC 触发线圈1(S01)
2019-01-12 17:59:57 PLC 触发线圈2(S02)
2019-01-12 18:03:45 PLC 触发线圈1(S01)
2019-01-12 18:03:46 PLC 触发线圈2(S02)
2019-01-12 18:06:06 PLC 触发线圈1(S01)
2019-01-12 18:06:07 PLC 触发线圈2(S02)
2019-01-12 18:06:14 PLC 触发线圈1(S01)
2019-01-12 18:06:15 PLC 触发线圈2(S02)
2019-01-12 18:06:59 PLC 触发线圈1(S01)
2019-01-12 18:07:31 PLC 触发线圈2(S02)
2019-01-12 18:07:39 PLC 触发线圈1(S01)
2019-01-12 18:07:42 PLC 触发线圈2(S02)
2019-01-12 18:08:00 PLC 触发线圈1(S01)
2019-01-12 18:08:01 PLC 触发线圈2(S02)
2019-01-12 18:08:03 PLC 触发线圈1(S01)
2019-01-12 18:08:45 PLC 触发线圈2(S02)
2019-01-12 18:08:50 PLC 触发线圈1(S01)
2019-01-12 18:08:54 PLC 触发线圈2(S02)
2019-01-12 18:09:28 PLC 触发线圈1(S01)
2019-01-12 18:09:32 PLC 触发线圈2(S02)
2019-01-12 18:10:06 PLC 触发线圈1(S01)
2019-01-12 18:10:10 PLC 触发线圈2(S02)
2019-01-12 18:10:19 PLC 触发线圈1(S01)
2019-01-12 18:10:52 PLC 触发线圈2(S02)
2019-01-12 18:10:57 PLC 触发线圈1(S01)
2019-01-12 18:11:53 PLC 触发线圈2(S02)
2019-01-12 18:12:26 PLC 触发线圈1(S01)
2019-01-12 18:12:30 PLC 触发线圈2(S02)
2019-01-12 18:13:17 PLC 触发线圈1(S01)
2019-01-12 18:13:23 PLC 触发线圈2(S02)
2019-01-12 18:14:56 PLC 触发线圈1(S01)
2019-01-12 18:15:04 PLC 触发线圈2(S02)
2019-01-12 18:15:22 PLC 触发线圈1(S01)
2019-01-12 18:15:23 PLC 触发线圈2(S02)
2019-01-12 18:15:28 PLC 触发线圈1(S01)
2019-01-12 18:16:03 PLC 触发线圈2(S02)
2019-01-12 18:16:10 PLC 触发线圈1(S01)
2019-01-12 18:16:24 PLC 触发线圈2(S02)
2019-01-12 18:16:29 PLC 触发线圈1(S01)
2019-01-12 18:17:12 PLC 触发线圈2(S02)
2019-01-12 18:17:41 PLC 触发线圈1(S01)
2019-01-12 18:17:44 PLC 触发线圈2(S02)
2019-01-12 18:18:16 PLC 触发线圈1(S01)
2019-01-12 18:18:24 PLC 触发线圈2(S02)
2019-01-12 18:20:15 PLC 触发线圈1(S01)
2019-01-12 18:20:16 PLC 触发线圈2(S02)
2019-01-12 18:20:24 PLC 触发线圈1(S01)
2019-01-12 18:20:38 PLC 触发线圈2(S02)
2019-01-12 18:20:50 PLC 触发线圈1(S01)
2019-01-12 18:21:28 PLC 触发线圈2(S02)
2019-01-12 18:21:54 PLC 触发线圈1(S01)
2019-01-12 18:21:59 PLC 触发线圈2(S02)
2019-01-12 18:22:02 PLC 触发线圈1(S01)
2019-01-12 18:22:54 PLC 触发线圈2(S02)
2019-01-12 18:23:19 PLC 触发线圈1(S01)
2019-01-12 18:23:21 PLC 触发线圈2(S02)
2019-01-12 18:23:26 PLC 触发线圈1(S01)
2019-01-12 18:23:29 PLC 触发线圈2(S02)
2019-01-12 18:23:41 PLC 触发线圈1(S01)
2019-01-12 18:26:33 PLC 触发线圈2(S02)
2019-01-12 18:27:10 PLC 触发线圈1(S01)
2019-01-12 18:27:12 PLC 触发线圈2(S02)
2019-01-12 18:27:52 PLC 触发线圈1(S01)
2019-01-12 18:27:56 PLC 触发线圈2(S02)
2019-01-12 18:28:00 PLC 触发线圈1(S01)
2019-01-12 18:28:28 PLC 触发线圈2(S02)
2019-01-12 18:28:33 PLC 触发线圈1(S01)
2019-01-12 18:28:56 PLC 触发线圈2(S02)
2019-01-12 18:29:02 PLC 触发线圈1(S01)
2019-01-12 18:29:34 PLC 触发线圈2(S02)
2019-01-12 18:29:36 PLC 触发线圈1(S01)
2019-01-12 18:30:00 PLC 触发线圈2(S02)
2019-01-12 18:30:23 PLC 触发线圈1(S01)
2019-01-12 18:30:27 PLC 触发线圈2(S02)
2019-01-12 18:30:31 PLC 触发线圈1(S01)
2019-01-12 18:31:20 PLC 触发线圈2(S02)
2019-01-12 18:31:25 PLC 触发线圈1(S01)
2019-01-12 18:32:05 PLC 触发线圈2(S02)
2019-01-12 18:32:24 PLC 触发线圈1(S01)
2019-01-12 18:32:26 PLC 触发线圈2(S02)
2019-01-12 18:32:59 PLC 触发线圈1(S01)
2019-01-12 18:33:02 PLC 触发线圈2(S02)
2019-01-12 18:33:51 PLC 触发线圈1(S01)
2019-01-12 18:33:52 PLC 触发线圈2(S02)
2019-01-12 18:33:59 PLC 触发线圈1(S01)
2019-01-12 18:34:00 PLC 触发线圈2(S02)
2019-01-12 18:34:13 PLC 触发线圈1(S01)
2019-01-12 18:34:16 PLC 触发线圈2(S02)
2019-01-12 18:34:48 PLC 触发线圈1(S01)
2019-01-12 18:34:51 PLC 触发线圈2(S02)
2019-01-12 18:35:03 PLC 触发线圈1(S01)
2019-01-12 18:35:25 PLC 触发线圈2(S02)
2019-01-12 18:36:09 PLC 触发线圈1(S01)
2019-01-12 18:36:12 PLC 触发线圈2(S02)
2019-01-12 18:36:14 PLC 触发线圈1(S01)
2019-01-12 18:36:16 PLC 触发线圈2(S02)
2019-01-12 18:36:22 PLC 触发线圈1(S01)
2019-01-12 18:37:09 PLC 触发线圈2(S02)
2019-01-12 18:37:30 PLC 触发线圈1(S01)
2019-01-12 18:37:34 PLC 触发线圈2(S02)
2019-01-12 18:37:53 PLC 触发线圈1(S01)
2019-01-12 18:38:14 PLC 触发线圈2(S02)
2019-01-12 18:38:17 PLC 触发线圈1(S01)
2019-01-12 18:39:01 PLC 触发线圈2(S02)
2019-01-12 18:39:24 PLC 触发线圈1(S01)
2019-01-12 18:39:27 PLC 触发线圈2(S02)
2019-01-12 18:39:58 PLC 触发线圈1(S01)
2019-01-12 18:40:00 PLC 触发线圈2(S02)
2019-01-12 18:40:40 PLC 触发线圈1(S01)
2019-01-12 18:40:46 PLC 触发线圈2(S02)
2019-01-12 18:41:47 PLC 触发线圈1(S01)
2019-01-12 18:41:51 PLC 触发线圈2(S02)
2019-01-12 18:42:45 PLC 触发线圈1(S01)
2019-01-12 18:42:49 PLC 触发线圈2(S02)
2019-01-12 18:43:24 PLC 触发线圈1(S01)
2019-01-12 18:43:27 PLC 触发线圈2(S02)
2019-01-12 18:43:31 PLC 触发线圈1(S01)
2019-01-12 18:44:10 PLC 触发线圈2(S02)
2019-01-12 18:44:15 PLC 触发线圈1(S01)
2019-01-12 18:44:52 PLC 触发线圈2(S02)
2019-01-12 18:45:00 PLC 触发线圈1(S01)
2019-01-12 18:45:18 PLC 触发线圈2(S02)
2019-01-12 18:46:02 PLC 触发线圈1(S01)
2019-01-12 18:46:07 PLC 触发线圈2(S02)
2019-01-12 18:46:10 PLC 触发线圈1(S01)
2019-01-12 18:47:37 PLC 触发线圈2(S02)
2019-01-12 18:48:18 PLC 触发线圈1(S01)
2019-01-12 18:49:39 PLC 触发线圈2(S02)
2019-01-12 18:49:47 PLC 触发线圈1(S01)
2019-01-12 18:49:51 PLC 触发线圈2(S02)
2019-01-12 18:50:11 PLC 触发线圈1(S01)
2019-01-12 18:50:15 PLC 触发线圈2(S02)
2019-01-12 18:51:06 PLC 触发线圈1(S01)
2019-01-12 18:51:08 PLC 触发线圈2(S02)
2019-01-12 18:51:16 PLC 触发线圈1(S01)
2019-01-12 18:52:10 PLC 触发线圈2(S02)
2019-01-12 18:53:13 PLC 触发线圈1(S01)
2019-01-12 18:53:15 PLC 触发线圈2(S02)
2019-01-12 18:56:02 PLC 触发线圈1(S01)
2019-01-12 18:56:07 PLC 触发线圈2(S02)
2019-01-12 18:56:43 PLC 触发线圈1(S01)
2019-01-12 18:56:49 PLC 触发线圈2(S02)
2019-01-12 18:57:20 PLC 触发线圈1(S01)
2019-01-12 18:57:23 PLC 触发线圈2(S02)
2019-01-12 18:57:27 PLC 触发线圈1(S01)
2019-01-12 18:59:37 PLC 触发线圈2(S02)
2019-01-12 19:00:20 PLC 触发线圈1(S01)
2019-01-12 19:00:23 PLC 触发线圈2(S02)
2019-01-12 19:00:28 PLC 触发线圈1(S01)
2019-01-12 19:01:23 PLC 触发线圈2(S02)
2019-01-12 19:01:38 PLC 触发线圈1(S01)
2019-01-12 19:02:05 PLC 触发线圈2(S02)
2019-01-12 19:02:22 PLC 触发线圈1(S01)
2019-01-12 19:02:28 PLC 触发线圈2(S02)
2019-01-12 19:03:03 PLC 触发线圈1(S01)
2019-01-12 19:03:42 PLC 触发线圈2(S02)
2019-01-12 19:03:48 PLC 触发线圈1(S01)
2019-01-12 19:03:52 PLC 触发线圈2(S02)
2019-01-12 19:04:47 PLC 触发线圈1(S01)
2019-01-12 19:05:08 PLC 触发线圈2(S02)
2019-01-12 19:06:30 PLC 触发线圈1(S01)
2019-01-12 19:06:32 PLC 触发线圈2(S02)
2019-01-12 19:07:34 PLC 触发线圈1(S01)
2019-01-12 19:07:35 PLC 触发线圈2(S02)
2019-01-12 19:08:44 PLC 触发线圈1(S01)
2019-01-12 19:08:45 PLC 触发线圈2(S02)
2019-01-12 19:09:03 PLC 触发线圈1(S01)
2019-01-12 19:09:05 PLC 触发线圈2(S02)
2019-01-12 19:09:42 PLC 触发线圈1(S01)
2019-01-12 19:09:44 PLC 触发线圈2(S02)
2019-01-12 19:09:54 PLC 触发线圈1(S01)
2019-01-12 19:10:08 PLC 触发线圈2(S02)
2019-01-12 19:10:57 PLC 触发线圈1(S01)
2019-01-12 19:11:01 PLC 触发线圈2(S02)
2019-01-12 19:11:06 PLC 触发线圈1(S01)
2019-01-12 19:11:39 PLC 触发线圈2(S02)
2019-01-12 19:11:52 PLC 触发线圈1(S01)
2019-01-12 19:12:16 PLC 触发线圈2(S02)
2019-01-12 19:12:18 PLC 触发线圈1(S01)
2019-01-12 19:13:03 PLC 触发线圈2(S02)
2019-01-12 19:13:09 PLC 触发线圈1(S01)
2019-01-12 19:13:11 PLC 触发线圈2(S02)
2019-01-12 19:13:15 PLC 触发线圈1(S01)
2019-01-12 19:14:57 PLC 触发线圈2(S02)
2019-01-12 19:15:03 PLC 触发线圈1(S01)
2019-01-12 19:16:10 PLC 触发线圈2(S02)
2019-01-12 19:16:15 PLC 触发线圈1(S01)
2019-01-12 19:16:18 PLC 触发线圈2(S02)
2019-01-12 19:16:44 PLC 触发线圈1(S01)
2019-01-12 19:16:49 PLC 触发线圈2(S02)
2019-01-12 19:17:33 PLC 触发线圈1(S01)
2019-01-12 19:17:37 PLC 触发线圈2(S02)
2019-01-12 19:18:32 PLC 触发线圈1(S01)
2019-01-12 19:18:36 PLC 触发线圈2(S02)
2019-01-12 19:18:43 PLC 触发线圈1(S01)
2019-01-12 19:19:41 PLC 触发线圈2(S02)
2019-01-12 19:19:50 PLC 触发线圈1(S01)
2019-01-12 19:21:29 PLC 触发线圈2(S02)
2019-01-12 19:21:33 PLC 触发线圈1(S01)
2019-01-12 19:21:37 PLC 触发线圈2(S02)
2019-01-12 19:22:17 PLC 触发线圈1(S01)
2019-01-12 19:22:57 PLC 触发线圈2(S02)
2019-01-12 19:23:04 PLC 触发线圈1(S01)
2019-01-12 19:23:07 PLC 触发线圈2(S02)
2019-01-12 19:23:14 PLC 触发线圈1(S01)
2019-01-12 19:23:41 PLC 触发线圈2(S02)
2019-01-12 19:25:41 PLC 触发线圈1(S01)
2019-01-12 19:25:44 PLC 触发线圈2(S02)
2019-01-12 19:26:44 PLC 触发线圈1(S01)
2019-01-12 19:26:46 PLC 触发线圈2(S02)
2019-01-12 19:27:16 PLC 触发线圈1(S01)
2019-01-12 19:27:18 PLC 触发线圈2(S02)
2019-01-12 19:27:49 PLC 触发线圈1(S01)
2019-01-12 19:27:51 PLC 触发线圈2(S02)
2019-01-12 19:27:57 PLC 触发线圈1(S01)
2019-01-12 19:28:03 PLC 触发线圈2(S02)
2019-01-12 19:28:31 PLC 触发线圈1(S01)
2019-01-12 19:28:34 PLC 触发线圈2(S02)
2019-01-12 19:28:58 PLC 触发线圈1(S01)
2019-01-12 19:29:03 PLC 触发线圈2(S02)
2019-01-12 19:29:30 PLC 触发线圈1(S01)
2019-01-12 19:29:40 PLC 触发线圈2(S02)
2019-01-12 19:29:48 PLC 触发线圈1(S01)
2019-01-12 19:30:07 PLC 触发线圈2(S02)
2019-01-12 19:30:40 PLC 触发线圈1(S01)
2019-01-12 19:30:43 PLC 触发线圈2(S02)
2019-01-12 19:30:52 PLC 触发线圈1(S01)
2019-01-12 19:31:20 PLC 触发线圈2(S02)
2019-01-12 19:31:58 PLC 触发线圈1(S01)
2019-01-12 19:32:01 PLC 触发线圈2(S02)
2019-01-12 19:32:05 PLC 触发线圈1(S01)
2019-01-12 19:32:29 PLC 触发线圈2(S02)
2019-01-12 19:32:35 PLC 触发线圈1(S01)
2019-01-12 19:33:08 PLC 触发线圈2(S02)
2019-01-12 19:33:14 PLC 触发线圈1(S01)
2019-01-12 19:33:57 PLC 触发线圈2(S02)
2019-01-12 19:34:01 PLC 触发线圈1(S01)
2019-01-12 19:34:35 PLC 触发线圈2(S02)
2019-01-12 19:34:42 PLC 触发线圈1(S01)
2019-01-12 19:35:17 PLC 触发线圈2(S02)
2019-01-12 19:35:21 PLC 触发线圈1(S01)
2019-01-12 19:35:40 PLC 触发线圈2(S02)
2019-01-12 19:35:49 PLC 触发线圈1(S01)
2019-01-12 19:36:15 PLC 触发线圈2(S02)
2019-01-12 19:36:49 PLC 触发线圈1(S01)
2019-01-12 19:36:51 PLC 触发线圈2(S02)
2019-01-12 19:38:00 PLC 触发线圈1(S01)
2019-01-12 19:38:06 PLC 触发线圈2(S02)
2019-01-12 19:38:17 PLC 触发线圈1(S01)
2019-01-12 19:38:20 PLC 触发线圈2(S02)
2019-01-12 19:40:55 PLC 触发线圈1(S01)
2019-01-12 19:40:56 PLC 触发线圈2(S02)
2019-01-12 19:42:12 PLC 触发线圈1(S01)
2019-01-12 19:42:13 PLC 触发线圈2(S02)
2019-01-12 19:42:22 PLC 触发线圈1(S01)
2019-01-12 19:42:25 PLC 触发线圈2(S02)
2019-01-12 19:42:55 PLC 触发线圈1(S01)
2019-01-12 19:43:06 PLC 触发线圈2(S02)
2019-01-12 19:43:22 PLC 触发线圈1(S01)
2019-01-12 19:43:27 PLC 触发线圈2(S02)
2019-01-12 19:43:54 PLC 触发线圈1(S01)
2019-01-12 19:43:56 PLC 触发线圈2(S02)
2019-01-12 19:44:32 PLC 触发线圈1(S01)
2019-01-12 19:44:35 PLC 触发线圈2(S02)
2019-01-12 19:48:46 PLC 触发线圈1(S01)
2019-01-12 19:48:47 PLC 触发线圈2(S02)
2019-01-12 19:48:56 PLC 触发线圈1(S01)
2019-01-12 19:49:16 PLC 触发线圈2(S02)
2019-01-12 19:51:03 PLC 触发线圈1(S01)
2019-01-12 19:51:04 PLC 触发线圈2(S02)
2019-01-12 19:51:09 PLC 触发线圈1(S01)
2019-01-12 19:51:11 PLC 触发线圈2(S02)
2019-01-12 19:51:35 PLC 触发线圈1(S01)
2019-01-12 19:51:40 PLC 触发线圈2(S02)
2019-01-12 19:51:58 PLC 触发线圈1(S01)
2019-01-12 19:52:01 PLC 触发线圈2(S02)
2019-01-12 19:52:24 PLC 触发线圈1(S01)
2019-01-12 19:52:28 PLC 触发线圈2(S02)
2019-01-12 19:52:33 PLC 触发线圈1(S01)
2019-01-12 19:53:01 PLC 触发线圈2(S02)
2019-01-12 19:53:35 PLC 触发线圈1(S01)
2019-01-12 19:53:36 PLC 触发线圈2(S02)
2019-01-12 19:54:18 PLC 触发线圈1(S01)
2019-01-12 19:54:22 PLC 触发线圈2(S02)
2019-01-12 19:54:54 PLC 触发线圈1(S01)
2019-01-12 19:54:56 PLC 触发线圈2(S02)
2019-01-12 19:56:00 PLC 触发线圈1(S01)
2019-01-12 19:56:01 PLC 触发线圈2(S02)
2019-01-12 19:56:22 PLC 触发线圈1(S01)
2019-01-12 19:56:24 PLC 触发线圈2(S02)
2019-01-12 19:58:14 PLC 触发线圈1(S01)
2019-01-12 19:58:58 PLC 触发线圈2(S02)
2019-01-12 20:00:17 PLC 触发线圈1(S01)
2019-01-12 20:00:18 PLC 触发线圈2(S02)
2019-01-12 20:00:50 PLC 触发线圈1(S01)
2019-01-12 20:00:52 PLC 触发线圈2(S02)
2019-01-12 20:01:00 PLC 触发线圈1(S01)
2019-01-12 20:01:02 PLC 触发线圈2(S02)
2019-01-12 20:03:51 PLC 触发线圈1(S01)
2019-01-12 20:03:52 PLC 触发线圈2(S02)
2019-01-12 20:04:52 PLC 触发线圈1(S01)
2019-01-12 20:04:53 PLC 触发线圈2(S02)
2019-01-12 20:05:17 PLC 触发线圈1(S01)
2019-01-12 20:05:26 PLC 触发线圈2(S02)
2019-01-12 20:07:38 PLC 触发线圈1(S01)
2019-01-12 20:07:39 PLC 触发线圈2(S02)
2019-01-12 20:08:46 PLC 触发线圈1(S01)
2019-01-12 20:08:47 PLC 触发线圈2(S02)
2019-01-12 20:11:14 PLC 触发线圈1(S01)
2019-01-12 20:11:16 PLC 触发线圈2(S02)
2019-01-12 20:11:54 PLC 触发线圈1(S01)
2019-01-12 20:12:07 PLC 触发线圈2(S02)
2019-01-12 20:12:42 PLC 触发线圈1(S01)
2019-01-12 20:12:45 PLC 触发线圈2(S02)
2019-01-12 20:14:35 PLC 触发线圈1(S01)
2019-01-12 20:14:38 PLC 触发线圈2(S02)
2019-01-12 20:16:14 PLC 触发线圈1(S01)
2019-01-12 20:16:15 PLC 触发线圈2(S02)
2019-01-12 20:16:26 PLC 触发线圈1(S01)
2019-01-12 20:16:28 PLC 触发线圈2(S02)
2019-01-12 20:18:13 PLC 触发线圈1(S01)
2019-01-12 20:18:14 PLC 触发线圈2(S02)
2019-01-12 20:19:24 PLC 触发线圈1(S01)
2019-01-12 20:19:25 PLC 触发线圈2(S02)
2019-01-12 20:19:38 PLC 触发线圈1(S01)
2019-01-12 20:20:00 PLC 触发线圈2(S02)
2019-01-12 20:20:07 PLC 触发线圈1(S01)
2019-01-12 20:20:09 PLC 触发线圈2(S02)
2019-01-12 20:20:36 PLC 触发线圈1(S01)
2019-01-12 20:20:38 PLC 触发线圈2(S02)
2019-01-12 20:21:21 PLC 触发线圈1(S01)
2019-01-12 20:21:25 PLC 触发线圈2(S02)
2019-01-12 20:21:52 PLC 触发线圈1(S01)
2019-01-12 20:21:58 PLC 触发线圈2(S02)
2019-01-12 20:22:50 PLC 触发线圈1(S01)
2019-01-12 20:23:27 PLC 触发线圈2(S02)
2019-01-12 20:23:49 PLC 触发线圈1(S01)
2019-01-12 20:23:53 PLC 触发线圈2(S02)
2019-01-12 20:26:57 PLC 触发线圈1(S01)
2019-01-12 20:27:00 PLC 触发线圈2(S02)
2019-01-12 20:27:09 PLC 触发线圈1(S01)
2019-01-12 20:27:17 PLC 触发线圈2(S02)
2019-01-12 20:27:22 PLC 触发线圈1(S01)
2019-01-12 20:28:10 PLC 触发线圈2(S02)
2019-01-12 20:28:29 PLC 触发线圈1(S01)
2019-01-12 20:28:35 PLC 触发线圈2(S02)
2019-01-12 20:29:19 PLC 触发线圈1(S01)
2019-01-12 20:29:24 PLC 触发线圈2(S02)
2019-01-12 20:30:23 PLC 触发线圈1(S01)
2019-01-12 20:30:47 PLC 触发线圈2(S02)
2019-01-12 20:31:11 PLC 触发线圈1(S01)
2019-01-12 20:31:13 PLC 触发线圈2(S02)
2019-01-12 20:32:38 PLC 触发线圈1(S01)
2019-01-12 20:32:39 PLC 触发线圈2(S02)
2019-01-12 20:32:48 PLC 触发线圈1(S01)
2019-01-12 20:32:52 PLC 触发线圈2(S02)
2019-01-12 20:33:58 PLC 触发线圈1(S01)
2019-01-12 20:34:00 PLC 触发线圈2(S02)
2019-01-12 20:35:17 PLC 触发线圈1(S01)
2019-01-12 20:35:19 PLC 触发线圈2(S02)
2019-01-12 20:36:47 PLC 触发线圈1(S01)
2019-01-12 20:36:51 PLC 触发线圈2(S02)
2019-01-12 20:37:55 PLC 触发线圈1(S01)
2019-01-12 20:37:58 PLC 触发线圈2(S02)
2019-01-12 20:38:01 PLC 触发线圈1(S01)
2019-01-12 20:38:29 PLC 触发线圈2(S02)
2019-01-12 20:39:10 PLC 触发线圈1(S01)
2019-01-12 20:39:14 PLC 触发线圈2(S02)
2019-01-12 20:41:00 PLC 触发线圈1(S01)
2019-01-12 20:41:04 PLC 触发线圈2(S02)
2019-01-12 20:41:59 PLC 触发线圈1(S01)
2019-01-12 20:42:02 PLC 触发线圈2(S02)
2019-01-12 20:42:04 PLC 触发线圈1(S01)
2019-01-12 20:42:51 PLC 触发线圈2(S02)
2019-01-12 20:43:20 PLC 触发线圈1(S01)
2019-01-12 20:43:23 PLC 触发线圈2(S02)
2019-01-12 20:43:32 PLC 触发线圈1(S01)
2019-01-12 20:46:46 PLC 触发线圈2(S02)
2019-01-12 20:46:59 PLC 触发线圈1(S01)
2019-01-12 20:47:56 PLC 触发线圈2(S02)
2019-01-12 20:48:03 PLC 触发线圈1(S01)
2019-01-12 20:48:08 PLC 触发线圈2(S02)
2019-01-12 20:48:38 PLC 触发线圈1(S01)
2019-01-12 20:48:41 PLC 触发线圈2(S02)
2019-01-12 20:48:56 PLC 触发线圈1(S01)
2019-01-12 20:49:22 PLC 触发线圈2(S02)
2019-01-12 20:49:50 PLC 触发线圈1(S01)
2019-01-12 20:49:54 PLC 触发线圈2(S02)
2019-01-12 20:50:42 PLC 触发线圈1(S01)
2019-01-12 20:50:48 PLC 触发线圈2(S02)
2019-01-12 20:50:50 PLC 触发线圈1(S01)
2019-01-12 20:51:07 PLC 触发线圈2(S02)
2019-01-12 20:51:13 PLC 触发线圈1(S01)
2019-01-12 20:51:53 PLC 触发线圈2(S02)
2019-01-12 20:51:59 PLC 触发线圈1(S01)
2019-01-12 20:52:01 PLC 触发线圈2(S02)
2019-01-12 20:52:04 PLC 触发线圈1(S01)
2019-01-12 20:52:36 PLC 触发线圈2(S02)
2019-01-12 20:52:45 PLC 触发线圈1(S01)
2019-01-12 20:53:50 PLC 触发线圈2(S02)
2019-01-12 20:53:58 PLC 触发线圈1(S01)
2019-01-12 20:54:00 PLC 触发线圈2(S02)
2019-01-12 20:54:16 PLC 触发线圈1(S01)
2019-01-12 20:54:19 PLC 触发线圈2(S02)
2019-01-12 20:54:50 PLC 触发线圈1(S01)
2019-01-12 20:54:54 PLC 触发线圈2(S02)
2019-01-12 20:55:15 PLC 触发线圈1(S01)
2019-01-12 20:55:17 PLC 触发线圈2(S02)
2019-01-12 20:55:21 PLC 触发线圈1(S01)
2019-01-12 20:55:46 PLC 触发线圈2(S02)
2019-01-12 20:55:49 PLC 触发线圈1(S01)
2019-01-12 20:56:20 PLC 触发线圈2(S02)
2019-01-12 20:56:26 PLC 触发线圈1(S01)
2019-01-12 20:56:39 PLC 触发线圈2(S02)
2019-01-12 20:57:01 PLC 触发线圈1(S01)
2019-01-12 20:57:05 PLC 触发线圈2(S02)
2019-01-12 20:58:54 PLC 触发线圈1(S01)
2019-01-12 20:58:54 PLC 触发线圈2(S02)
2019-01-12 20:59:12 PLC 触发线圈1(S01)
2019-01-12 20:59:14 PLC 触发线圈2(S02)
2019-01-12 20:59:28 PLC 触发线圈1(S01)
2019-01-12 20:59:36 PLC 触发线圈2(S02)
2019-01-12 20:59:51 PLC 触发线圈1(S01)
2019-01-12 21:00:19 PLC 触发线圈2(S02)
2019-01-12 21:01:48 PLC 触发线圈1(S01)
2019-01-12 21:02:53 PLC 触发线圈2(S02)
2019-01-12 21:04:18 PLC 触发线圈1(S01)
2019-01-12 21:04:19 PLC 触发线圈2(S02)
2019-01-12 21:04:53 PLC 触发线圈1(S01)
2019-01-12 21:04:55 PLC 触发线圈2(S02)
2019-01-12 21:05:52 PLC 触发线圈1(S01)
2019-01-12 21:06:54 PLC 触发线圈2(S02)
2019-01-12 21:07:53 PLC 触发线圈1(S01)
2019-01-12 21:07:55 PLC 触发线圈2(S02)
2019-01-12 21:08:10 PLC 触发线圈1(S01)
2019-01-12 21:08:45 PLC 触发线圈2(S02)
2019-01-12 21:09:17 PLC 触发线圈1(S01)
2019-01-12 21:10:01 PLC 触发线圈2(S02)
2019-01-12 21:13:16 PLC 触发线圈1(S01)
2019-01-12 21:13:17 PLC 触发线圈2(S02)
2019-01-12 21:13:22 PLC 触发线圈1(S01)
2019-01-12 21:13:24 PLC 触发线圈2(S02)
2019-01-12 21:13:29 PLC 触发线圈1(S01)
2019-01-12 21:14:00 PLC 触发线圈2(S02)
2019-01-12 21:14:05 PLC 触发线圈1(S01)
2019-01-12 21:14:16 PLC 触发线圈2(S02)
2019-01-12 21:15:52 PLC 触发线圈1(S01)
2019-01-12 21:15:53 PLC 触发线圈2(S02)
2019-01-12 21:15:59 PLC 触发线圈1(S01)
2019-01-12 21:16:00 PLC 触发线圈2(S02)
2019-01-12 21:16:36 PLC 触发线圈1(S01)
2019-01-12 21:16:51 PLC 触发线圈2(S02)
2019-01-12 21:17:04 PLC 触发线圈1(S01)
2019-01-12 21:17:10 PLC 触发线圈2(S02)
2019-01-12 21:17:42 PLC 触发线圈1(S01)
2019-01-12 21:17:44 PLC 触发线圈2(S02)
2019-01-12 21:18:19 PLC 触发线圈1(S01)
2019-01-12 21:18:23 PLC 触发线圈2(S02)
2019-01-12 21:18:26 PLC 触发线圈1(S01)
2019-01-12 21:19:06 PLC 触发线圈2(S02)
2019-01-12 21:19:43 PLC 触发线圈1(S01)
2019-01-12 21:19:45 PLC 触发线圈2(S02)
2019-01-12 21:19:51 PLC 触发线圈1(S01)
2019-01-12 21:19:59 PLC 触发线圈2(S02)
2019-01-12 21:20:07 PLC 触发线圈1(S01)
2019-01-12 21:20:32 PLC 触发线圈2(S02)
2019-01-12 21:22:37 PLC 触发线圈1(S01)
2019-01-12 21:22:38 PLC 触发线圈2(S02)
2019-01-12 21:22:57 PLC 触发线圈1(S01)
2019-01-12 21:22:59 PLC 触发线圈2(S02)
2019-01-12 21:23:17 PLC 触发线圈1(S01)
2019-01-12 21:23:24 PLC 触发线圈2(S02)
2019-01-12 21:24:50 PLC 触发线圈1(S01)
2019-01-12 21:24:51 PLC 触发线圈2(S02)
2019-01-12 21:25:50 PLC 触发线圈1(S01)
2019-01-12 21:25:52 PLC 触发线圈2(S02)
2019-01-12 21:26:27 PLC 触发线圈1(S01)
2019-01-12 21:26:29 PLC 触发线圈2(S02)
2019-01-12 21:26:36 PLC 触发线圈1(S01)
2019-01-12 21:26:52 PLC 触发线圈2(S02)
2019-01-12 21:28:50 PLC 触发线圈1(S01)
2019-01-12 21:28:51 PLC 触发线圈2(S02)
2019-01-12 21:28:58 PLC 触发线圈1(S01)
2019-01-12 21:29:02 PLC 触发线圈2(S02)
2019-01-12 21:32:01 PLC 触发线圈1(S01)
2019-01-12 21:32:02 PLC 触发线圈2(S02)
2019-01-12 21:32:26 PLC 触发线圈1(S01)
2019-01-12 21:32:30 PLC 触发线圈2(S02)
2019-01-12 21:33:06 PLC 触发线圈1(S01)
2019-01-12 21:33:08 PLC 触发线圈2(S02)
2019-01-12 21:33:43 PLC 触发线圈1(S01)
2019-01-12 21:33:45 PLC 触发线圈2(S02)
2019-01-12 21:34:01 PLC 触发线圈1(S01)
2019-01-12 21:34:08 PLC 触发线圈2(S02)
2019-01-12 21:34:49 PLC 触发线圈1(S01)
2019-01-12 21:34:56 PLC 触发线圈2(S02)
2019-01-12 21:36:08 PLC 触发线圈1(S01)
2019-01-12 21:36:12 PLC 触发线圈2(S02)
2019-01-12 21:37:26 PLC 触发线圈1(S01)
2019-01-12 21:37:30 PLC 触发线圈2(S02)
2019-01-12 21:38:03 PLC 触发线圈1(S01)
2019-01-12 21:38:05 PLC 触发线圈2(S02)
2019-01-12 21:38:45 PLC 触发线圈1(S01)
2019-01-12 21:38:47 PLC 触发线圈2(S02)
2019-01-12 21:43:00 PLC 触发线圈1(S01)
2019-01-12 21:43:37 PLC 触发线圈2(S02)
2019-01-12 21:44:36 PLC 触发线圈1(S01)
2019-01-12 21:48:00 PLC 触发线圈1(S01)
2019-01-12 21:48:01 PLC 触发线圈2(S02)
2019-01-12 21:49:01 PLC 触发线圈1(S01)
2019-01-12 21:49:02 PLC 触发线圈2(S02)
2019-01-12 21:49:29 PLC 触发线圈1(S01)
2019-01-12 21:49:30 PLC 触发线圈2(S02)
2019-01-12 21:51:03 PLC 触发线圈1(S01)
2019-01-12 21:51:05 PLC 触发线圈2(S02)
2019-01-12 21:52:06 PLC 触发线圈1(S01)
2019-01-12 21:52:07 PLC 触发线圈2(S02)
2019-01-12 21:53:55 PLC 触发线圈1(S01)
2019-01-12 21:53:56 PLC 触发线圈2(S02)
2019-01-12 21:54:42 PLC 触发线圈1(S01)
2019-01-12 21:54:44 PLC 触发线圈2(S02)
2019-01-12 21:55:00 PLC 触发线圈1(S01)
2019-01-12 21:55:01 PLC 触发线圈2(S02)
2019-01-12 21:55:35 PLC 触发线圈1(S01)
2019-01-12 21:55:36 PLC 触发线圈2(S02)
2019-01-12 21:55:58 PLC 触发线圈1(S01)
2019-01-12 21:56:00 PLC 触发线圈2(S02)
2019-01-12 21:56:05 PLC 触发线圈1(S01)
2019-01-12 21:56:31 PLC 触发线圈2(S02)
2019-01-12 21:57:03 PLC 触发线圈1(S01)
2019-01-12 21:57:09 PLC 触发线圈2(S02)
2019-01-12 21:57:32 PLC 触发线圈1(S01)
2019-01-12 21:57:36 PLC 触发线圈2(S02)
2019-01-12 21:58:09 PLC 触发线圈1(S01)
2019-01-12 21:58:12 PLC 触发线圈2(S02)
2019-01-12 21:59:36 PLC 触发线圈1(S01)
2019-01-12 21:59:42 PLC 触发线圈2(S02)
2019-01-12 21:59:58 PLC 触发线圈1(S01)
2019-01-12 22:00:15 PLC 触发线圈2(S02)
2019-01-12 22:00:20 PLC 触发线圈1(S01)
2019-01-12 22:00:35 PLC 触发线圈2(S02)
2019-01-12 22:00:43 PLC 触发线圈1(S01)
2019-01-12 22:00:46 PLC 触发线圈2(S02)
2019-01-12 22:01:21 PLC 触发线圈1(S01)
2019-01-12 22:01:47 PLC 触发线圈2(S02)
2019-01-12 22:01:58 PLC 触发线圈1(S01)
2019-01-12 22:02:02 PLC 触发线圈2(S02)
2019-01-12 22:03:21 PLC 触发线圈1(S01)
2019-01-12 22:03:26 PLC 触发线圈2(S02)
2019-01-12 22:04:31 PLC 触发线圈1(S01)
2019-01-12 22:04:34 PLC 触发线圈2(S02)
2019-01-12 22:04:39 PLC 触发线圈1(S01)
2019-01-12 22:05:21 PLC 触发线圈2(S02)
2019-01-12 22:06:02 PLC 触发线圈1(S01)
2019-01-12 22:06:45 PLC 触发线圈2(S02)
2019-01-12 22:06:49 PLC 触发线圈1(S01)
2019-01-12 22:07:03 PLC 触发线圈2(S02)
2019-01-12 22:07:29 PLC 触发线圈1(S01)
2019-01-12 22:07:35 PLC 触发线圈2(S02)
2019-01-12 22:08:12 PLC 触发线圈2(S02)
2019-01-12 22:08:16 PLC 触发线圈1(S01)
2019-01-12 22:08:26 PLC 触发线圈2(S02)
2019-01-12 22:08:31 PLC 触发线圈1(S01)
2019-01-12 22:08:36 PLC 触发线圈2(S02)
2019-01-12 22:08:46 PLC 触发线圈1(S01)
2019-01-12 22:09:13 PLC 触发线圈2(S02)
2019-01-12 22:09:17 PLC 触发线圈1(S01)
2019-01-12 22:10:00 PLC 触发线圈2(S02)
2019-01-12 22:10:06 PLC 触发线圈1(S01)
2019-01-12 22:10:48 PLC 触发线圈2(S02)
2019-01-12 22:10:54 PLC 触发线圈1(S01)
2019-01-12 22:11:17 PLC 触发线圈2(S02)
2019-01-12 22:11:20 PLC 触发线圈1(S01)
2019-01-12 22:11:34 PLC 触发线圈2(S02)
2019-01-12 22:11:35 PLC 触发线圈1(S01)
2019-01-12 22:12:08 PLC 触发线圈2(S02)
2019-01-12 22:12:23 PLC 触发线圈1(S01)
2019-01-12 22:12:28 PLC 触发线圈2(S02)
2019-01-12 22:12:52 PLC 触发线圈1(S01)
2019-01-12 22:12:56 PLC 触发线圈2(S02)
2019-01-12 22:13:33 PLC 触发线圈1(S01)
2019-01-12 22:13:35 PLC 触发线圈2(S02)
2019-01-12 22:14:20 PLC 触发线圈1(S01)
2019-01-12 22:14:23 PLC 触发线圈2(S02)
2019-01-12 22:14:25 PLC 触发线圈1(S01)
2019-01-12 22:14:41 PLC 触发线圈2(S02)
2019-01-12 22:14:45 PLC 触发线圈1(S01)
2019-01-12 22:15:13 PLC 触发线圈2(S02)
2019-01-12 22:15:17 PLC 触发线圈1(S01)
2019-01-12 22:15:29 PLC 触发线圈2(S02)
2019-01-12 22:15:34 PLC 触发线圈1(S01)
2019-01-12 22:15:46 PLC 触发线圈2(S02)
2019-01-12 22:16:09 PLC 触发线圈1(S01)
2019-01-12 22:16:12 PLC 触发线圈2(S02)
2019-01-12 22:16:23 PLC 触发线圈1(S01)
2019-01-12 22:16:28 PLC 触发线圈2(S02)
2019-01-12 22:16:32 PLC 触发线圈1(S01)
2019-01-12 22:17:00 PLC 触发线圈2(S02)
2019-01-12 22:17:09 PLC 触发线圈1(S01)
2019-01-12 22:17:19 PLC 触发线圈2(S02)
2019-01-12 22:17:22 PLC 触发线圈1(S01)
2019-01-12 22:18:03 PLC 触发线圈2(S02)
2019-01-12 22:18:21 PLC 触发线圈1(S01)
2019-01-12 22:19:09 PLC 触发线圈2(S02)
2019-01-12 22:19:21 PLC 触发线圈1(S01)
2019-01-12 22:19:24 PLC 触发线圈2(S02)
2019-01-12 22:19:33 PLC 触发线圈1(S01)
2019-01-12 22:20:00 PLC 触发线圈2(S02)
2019-01-12 22:20:21 PLC 触发线圈1(S01)
2019-01-12 22:20:23 PLC 触发线圈2(S02)
2019-01-12 22:20:39 PLC 触发线圈1(S01)
2019-01-12 22:20:49 PLC 触发线圈2(S02)
2019-01-12 22:20:52 PLC 触发线圈1(S01)
2019-01-12 22:21:19 PLC 触发线圈2(S02)
2019-01-12 22:21:59 PLC 触发线圈1(S01)
2019-01-12 22:22:01 PLC 触发线圈2(S02)
2019-01-12 22:24:37 PLC 触发线圈1(S01)
2019-01-12 22:24:38 PLC 触发线圈2(S02)
2019-01-12 22:24:40 PLC 触发线圈1(S01)
2019-01-12 22:24:42 PLC 触发线圈2(S02)
2019-01-12 22:24:46 PLC 触发线圈1(S01)
2019-01-12 22:24:49 PLC 触发线圈2(S02)
2019-01-12 22:25:48 PLC 触发线圈1(S01)
2019-01-12 22:25:55 PLC 触发线圈2(S02)
2019-01-12 22:26:13 PLC 触发线圈1(S01)
2019-01-12 22:26:14 PLC 触发线圈2(S02)
2019-01-12 22:26:21 PLC 触发线圈1(S01)
2019-01-12 22:26:22 PLC 触发线圈2(S02)
2019-01-12 22:26:26 PLC 触发线圈1(S01)
2019-01-12 22:26:46 PLC 触发线圈2(S02)
2019-01-12 22:27:07 PLC 触发线圈1(S01)
2019-01-12 22:27:10 PLC 触发线圈2(S02)
2019-01-12 22:27:34 PLC 触发线圈1(S01)
2019-01-12 22:27:37 PLC 触发线圈2(S02)
2019-01-12 22:27:40 PLC 触发线圈1(S01)
2019-01-12 22:28:06 PLC 触发线圈2(S02)
2019-01-12 22:28:12 PLC 触发线圈1(S01)
2019-01-12 22:28:28 PLC 触发线圈2(S02)
2019-01-12 22:28:59 PLC 触发线圈1(S01)
2019-01-12 22:29:02 PLC 触发线圈2(S02)
2019-01-12 22:29:07 PLC 触发线圈1(S01)
2019-01-12 22:29:23 PLC 触发线圈2(S02)
2019-01-12 22:30:35 PLC 触发线圈1(S01)
2019-01-12 22:30:35 PLC 触发线圈2(S02)
2019-01-12 22:31:12 PLC 触发线圈1(S01)
2019-01-12 22:31:13 PLC 触发线圈2(S02)
2019-01-12 22:32:27 PLC 触发线圈1(S01)
2019-01-12 22:32:28 PLC 触发线圈2(S02)
2019-01-12 22:32:35 PLC 触发线圈1(S01)
2019-01-12 22:32:37 PLC 触发线圈2(S02)
2019-01-12 22:34:32 PLC 触发线圈1(S01)
2019-01-12 22:34:33 PLC 触发线圈2(S02)
2019-01-12 22:34:35 PLC 触发线圈1(S01)
2019-01-12 22:34:36 PLC 触发线圈2(S02)
2019-01-12 22:35:43 PLC 触发线圈1(S01)
2019-01-12 22:35:44 PLC 触发线圈2(S02)
2019-01-12 22:36:01 PLC 触发线圈1(S01)
2019-01-12 22:36:04 PLC 触发线圈2(S02)
2019-01-12 22:36:22 PLC 触发线圈1(S01)
2019-01-12 22:36:26 PLC 触发线圈2(S02)
2019-01-12 22:36:45 PLC 触发线圈1(S01)
2019-01-12 22:36:58 PLC 触发线圈2(S02)
2019-01-12 22:39:32 PLC 触发线圈1(S01)
2019-01-12 22:39:33 PLC 触发线圈2(S02)
2019-01-12 22:40:20 PLC 触发线圈1(S01)
2019-01-12 22:40:21 PLC 触发线圈2(S02)
2019-01-12 22:41:41 PLC 触发线圈1(S01)
2019-01-12 22:41:42 PLC 触发线圈2(S02)
2019-01-12 22:41:54 PLC 触发线圈1(S01)
2019-01-12 22:41:55 PLC 触发线圈2(S02)
2019-01-12 22:42:05 PLC 触发线圈1(S01)
2019-01-12 22:42:35 PLC 触发线圈2(S02)
2019-01-12 22:42:38 PLC 触发线圈1(S01)
2019-01-12 22:43:25 PLC 触发线圈2(S02)
2019-01-12 22:43:30 PLC 触发线圈1(S01)
2019-01-12 22:44:04 PLC 触发线圈2(S02)
2019-01-12 22:45:30 PLC 触发线圈1(S01)
2019-01-12 22:45:31 PLC 触发线圈2(S02)
2019-01-12 22:47:07 PLC 触发线圈1(S01)
2019-01-12 22:47:08 PLC 触发线圈2(S02)
2019-01-12 22:47:12 PLC 触发线圈1(S01)
2019-01-12 22:47:13 PLC 触发线圈2(S02)
2019-01-12 22:47:18 PLC 触发线圈1(S01)
2019-01-12 22:47:57 PLC 触发线圈2(S02)
2019-01-12 22:48:00 PLC 触发线圈1(S01)
2019-01-12 22:48:36 PLC 触发线圈2(S02)
2019-01-12 22:48:40 PLC 触发线圈1(S01)
2019-01-12 22:48:42 PLC 触发线圈2(S02)
2019-01-12 22:48:56 PLC 触发线圈1(S01)
2019-01-12 22:50:13 PLC 触发线圈2(S02)
2019-01-12 22:50:33 PLC 触发线圈1(S01)
2019-01-12 22:50:35 PLC 触发线圈2(S02)
2019-01-12 22:50:38 PLC 触发线圈1(S01)
2019-01-12 22:50:42 PLC 触发线圈2(S02)
2019-01-12 22:51:49 PLC 触发线圈1(S01)
2019-01-12 22:53:54 PLC 触发线圈2(S02)
2019-01-12 22:54:34 PLC 触发线圈1(S01)
2019-01-12 22:54:38 PLC 触发线圈2(S02)
2019-01-12 22:54:51 PLC 触发线圈1(S01)
2019-01-12 22:54:55 PLC 触发线圈2(S02)
2019-01-12 22:55:40 PLC 触发线圈1(S01)
2019-01-12 22:56:18 PLC 触发线圈2(S02)
2019-01-12 22:56:49 PLC 触发线圈1(S01)
2019-01-12 22:56:53 PLC 触发线圈2(S02)
2019-01-12 22:58:12 PLC 触发线圈1(S01)
2019-01-12 22:58:16 PLC 触发线圈2(S02)
2019-01-12 22:58:18 PLC 触发线圈1(S01)
2019-01-12 22:58:31 PLC 触发线圈2(S02)
2019-01-12 23:00:26 PLC 触发线圈1(S01)
2019-01-12 23:00:27 PLC 触发线圈2(S02)
2019-01-12 23:01:19 PLC 触发线圈1(S01)
2019-01-12 23:01:20 PLC 触发线圈2(S02)
2019-01-12 23:01:51 PLC 触发线圈1(S01)
2019-01-12 23:01:53 PLC 触发线圈2(S02)
2019-01-12 23:02:20 PLC 触发线圈1(S01)
2019-01-12 23:02:30 PLC 触发线圈2(S02)
2019-01-12 23:02:36 PLC 触发线圈1(S01)
2019-01-12 23:02:52 PLC 触发线圈2(S02)
2019-01-12 23:03:02 PLC 触发线圈1(S01)
2019-01-12 23:03:41 PLC 触发线圈2(S02)
2019-01-12 23:04:31 PLC 触发线圈1(S01)
2019-01-12 23:04:33 PLC 触发线圈2(S02)
2019-01-12 23:08:07 PLC 触发线圈1(S01)
2019-01-12 23:08:08 PLC 触发线圈2(S02)
2019-01-12 23:08:46 PLC 触发线圈1(S01)
2019-01-12 23:08:47 PLC 触发线圈2(S02)
2019-01-12 23:10:06 PLC 触发线圈1(S01)
2019-01-12 23:10:06 PLC 触发线圈2(S02)
2019-01-12 23:10:11 PLC 触发线圈1(S01)
2019-01-12 23:10:13 PLC 触发线圈2(S02)
2019-01-12 23:10:28 PLC 触发线圈1(S01)
2019-01-12 23:10:30 PLC 触发线圈2(S02)
2019-01-12 23:13:13 PLC 触发线圈1(S01)
2019-01-12 23:13:14 PLC 触发线圈2(S02)
2019-01-12 23:13:26 PLC 触发线圈1(S01)
2019-01-12 23:13:27 PLC 触发线圈2(S02)
2019-01-12 23:13:50 PLC 触发线圈1(S01)
2019-01-12 23:13:52 PLC 触发线圈2(S02)
2019-01-12 23:14:49 PLC 触发线圈1(S01)
2019-01-12 23:14:50 PLC 触发线圈2(S02)
2019-01-12 23:15:39 PLC 触发线圈1(S01)
2019-01-12 23:15:41 PLC 触发线圈2(S02)
2019-01-12 23:15:45 PLC 触发线圈1(S01)
2019-01-12 23:16:25 PLC 触发线圈2(S02)
2019-01-12 23:16:34 PLC 触发线圈1(S01)
2019-01-12 23:16:37 PLC 触发线圈2(S02)
2019-01-12 23:18:12 PLC 触发线圈1(S01)
2019-01-12 23:18:13 PLC 触发线圈2(S02)
2019-01-12 23:18:42 PLC 触发线圈1(S01)
2019-01-12 23:18:46 PLC 触发线圈2(S02)
2019-01-12 23:21:26 PLC 触发线圈1(S01)
2019-01-12 23:21:27 PLC 触发线圈2(S02)
2019-01-12 23:22:24 PLC 触发线圈1(S01)
2019-01-12 23:22:25 PLC 触发线圈2(S02)
2019-01-12 23:23:25 PLC 触发线圈1(S01)
2019-01-12 23:23:25 PLC 触发线圈2(S02)
2019-01-12 23:24:26 PLC 触发线圈1(S01)
2019-01-12 23:24:27 PLC 触发线圈2(S02)
2019-01-12 23:24:56 PLC 触发线圈1(S01)
2019-01-12 23:24:57 PLC 触发线圈2(S02)
2019-01-12 23:25:50 PLC 触发线圈1(S01)
2019-01-12 23:25:50 PLC 触发线圈2(S02)
2019-01-12 23:27:40 PLC 触发线圈1(S01)
2019-01-12 23:27:41 PLC 触发线圈2(S02)
2019-01-12 23:28:51 PLC 触发线圈1(S01)
2019-01-12 23:28:52 PLC 触发线圈2(S02)
2019-01-12 23:29:29 PLC 触发线圈1(S01)
2019-01-12 23:29:31 PLC 触发线圈2(S02)
2019-01-12 23:30:35 PLC 触发线圈1(S01)
2019-01-12 23:30:39 PLC 触发线圈2(S02)
2019-01-12 23:31:15 PLC 触发线圈1(S01)
2019-01-12 23:32:11 PLC 触发线圈2(S02)
2019-01-12 23:33:26 PLC 触发线圈1(S01)
2019-01-12 23:33:28 PLC 触发线圈2(S02)
2019-01-12 23:35:47 PLC 触发线圈1(S01)
2019-01-12 23:35:48 PLC 触发线圈2(S02)
2019-01-12 23:36:44 PLC 触发线圈1(S01)
2019-01-12 23:36:45 PLC 触发线圈2(S02)
2019-01-12 23:37:35 PLC 触发线圈1(S01)
2019-01-12 23:37:35 PLC 触发线圈2(S02)
2019-01-12 23:38:12 PLC 触发线圈1(S01)
2019-01-12 23:38:13 PLC 触发线圈2(S02)
2019-01-12 23:42:04 PLC 触发线圈1(S01)
2019-01-12 23:42:07 PLC 触发线圈2(S02)
2019-01-12 23:42:13 PLC 触发线圈1(S01)
2019-01-12 23:42:18 PLC 触发线圈2(S02)
2019-01-12 23:43:22 PLC 触发线圈1(S01)
2019-01-12 23:43:26 PLC 触发线圈2(S02)
2019-01-12 23:44:46 PLC 触发线圈1(S01)
2019-01-12 23:44:49 PLC 触发线圈2(S02)
2019-01-12 23:44:52 PLC 触发线圈1(S01)
2019-01-12 23:45:51 PLC 触发线圈2(S02)
2019-01-12 23:45:54 PLC 触发线圈1(S01)
2019-01-12 23:45:58 PLC 触发线圈2(S02)
2019-01-12 23:46:17 PLC 触发线圈1(S01)
2019-01-12 23:46:59 PLC 触发线圈2(S02)
2019-01-12 23:47:06 PLC 触发线圈1(S01)
2019-01-12 23:47:09 PLC 触发线圈2(S02)
2019-01-12 23:47:49 PLC 触发线圈1(S01)
2019-01-12 23:47:54 PLC 触发线圈2(S02)
2019-01-12 23:49:06 PLC 触发线圈1(S01)
2019-01-12 23:49:10 PLC 触发线圈2(S02)
2019-01-12 23:49:51 PLC 触发线圈1(S01)
2019-01-12 23:49:55 PLC 触发线圈2(S02)
2019-01-12 23:49:59 PLC 触发线圈1(S01)
2019-01-12 23:51:28 PLC 触发线圈2(S02)
2019-01-12 23:51:31 PLC 触发线圈1(S01)
2019-01-12 23:52:11 PLC 触发线圈2(S02)
2019-01-12 23:52:43 PLC 触发线圈1(S01)
2019-01-12 23:52:48 PLC 触发线圈2(S02)
2019-01-12 23:53:02 PLC 触发线圈1(S01)
2019-01-12 23:53:04 PLC 触发线圈2(S02)
2019-01-12 23:53:09 PLC 触发线圈1(S01)
2019-01-12 23:53:11 PLC 触发线圈2(S02)
2019-01-12 23:53:17 PLC 触发线圈1(S01)
2019-01-12 23:53:33 PLC 触发线圈2(S02)
2019-01-12 23:53:41 PLC 触发线圈1(S01)
2019-01-12 23:53:44 PLC 触发线圈2(S02)
2019-01-12 23:55:51 PLC 触发线圈1(S01)
2019-01-12 23:55:54 PLC 触发线圈2(S02)
2019-01-12 23:55:57 PLC 触发线圈1(S01)
2019-01-12 23:56:01 PLC 触发线圈2(S02)
2019-01-12 23:56:04 PLC 触发线圈1(S01)
2019-01-12 23:56:11 PLC 触发线圈2(S02)
2019-01-12 23:56:15 PLC 触发线圈1(S01)
2019-01-12 23:56:45 PLC 触发线圈2(S02)
2019-01-12 23:56:58 PLC 触发线圈1(S01)
2019-01-12 23:57:17 PLC 触发线圈2(S02)
2019-01-12 23:57:57 PLC 触发线圈1(S01)
2019-01-12 23:58:00 PLC 触发线圈2(S02)
2019-01-12 23:58:04 PLC 触发线圈1(S01)
2019-01-12 23:58:06 PLC 触发线圈2(S02)
2019-01-12 23:58:10 PLC 触发线圈1(S01)
2019-01-12 23:58:21 PLC 触发线圈2(S02)
2019-01-12 23:58:40 PLC 触发线圈1(S01)
2019-01-12 23:58:43 PLC 触发线圈2(S02)
2019-01-12 23:58:48 PLC 触发线圈1(S01)
2019-01-12 23:59:03 PLC 触发线圈2(S02)
2019-01-12 23:59:37 PLC 触发线圈1(S01)
2019-01-13 00:00:42 PLC 触发线圈2(S02)
2019-01-13 00:00:48 PLC 触发线圈1(S01)
2019-01-13 00:00:51 PLC 触发线圈2(S02)
2019-01-13 00:00:54 PLC 触发线圈1(S01)
2019-01-13 00:02:15 PLC 触发线圈2(S02)
2019-01-13 00:02:19 PLC 触发线圈1(S01)
2019-01-13 00:02:38 PLC 触发线圈2(S02)
2019-01-13 00:02:43 PLC 触发线圈1(S01)
2019-01-13 00:03:16 PLC 触发线圈2(S02)
2019-01-13 00:03:22 PLC 触发线圈1(S01)
2019-01-13 00:05:41 PLC 触发线圈2(S02)
2019-01-13 00:05:46 PLC 触发线圈1(S01)
2019-01-13 00:08:16 PLC 触发线圈2(S02)
2019-01-13 00:08:26 PLC 触发线圈1(S01)
2019-01-13 00:08:29 PLC 触发线圈2(S02)
2019-01-13 00:08:30 PLC 触发线圈1(S01)
2019-01-13 00:09:23 PLC 触发线圈2(S02)
2019-01-13 00:09:28 PLC 触发线圈1(S01)
2019-01-13 00:10:33 PLC 触发线圈2(S02)
2019-01-13 00:10:37 PLC 触发线圈1(S01)
2019-01-13 00:10:49 PLC 触发线圈2(S02)
2019-01-13 00:10:55 PLC 触发线圈1(S01)
2019-01-13 00:11:54 PLC 触发线圈2(S02)
2019-01-13 00:11:57 PLC 触发线圈1(S01)
2019-01-13 00:12:33 PLC 触发线圈2(S02)
2019-01-13 00:13:51 PLC 触发线圈1(S01)
2019-01-13 00:13:54 PLC 触发线圈2(S02)
2019-01-13 00:15:23 PLC 触发线圈1(S01)
2019-01-13 00:15:25 PLC 触发线圈2(S02)
2019-01-13 00:15:33 PLC 触发线圈1(S01)
2019-01-13 00:16:53 高压电源 192.168.127.252:高压电源初始化成功
2019-01-13 00:16:54 高压电源 192.168.127.251:高压电源初始化成功
2019-01-13 12:05:57 高压电源 192.168.127.251关闭高压
2019-01-13 12:05:57 高压电源 192.168.127.252关闭高压
