2019-01-14 14:08:53 上位机 车牌初始化成功
2019-01-14 14:08:54 PLC 手动运行应答成功(AC01)
2019-01-14 14:08:54 PLC PLC始化成功
2019-01-14 14:08:56 采集卡 192.168.1.26初始化成功。
2019-01-14 14:08:56 采集卡 192.168.1.27初始化成功。
2019-01-14 14:08:56 采集卡 192.168.1.24初始化成功。
2019-01-14 14:08:56 采集卡 192.168.1.28初始化成功。
2019-01-14 14:08:56 高压电源 192.168.127.251:高压电源初始化成功
2019-01-14 14:08:56 高压电源 192.168.127.252:高压电源初始化成功
2019-01-14 14:09:31 PLC 触发线圈2(S02)
2019-01-14 14:10:17 PLC 关道闸1应答成功(AC05)
2019-01-14 14:10:18 PLC 关道闸2应答成功(AC16)
2019-01-14 14:10:18 高压电源 192.168.127.251打开高压
2019-01-14 14:10:18 高压电源 192.168.127.252打开高压
2019-01-14 14:10:18 高压电源 训机结束
2019-01-14 14:10:19 高压电源 192.168.127.251打开高压
2019-01-14 14:10:19 高压电源 192.168.127.252打开高压
2019-01-14 14:10:19 PLC 手动运行应答成功(AC01)
2019-01-14 14:10:19 PLC 开接收器(AC17)
2019-01-14 14:10:19 PLC 快门开应答成功(AC02)
2019-01-14 14:10:20 PLC 快门打开(S05)
2019-01-14 14:10:21 采集卡 开始采集满度
2019-01-14 14:10:21 采集卡 启动采集
2019-01-14 14:10:21 采集卡 采集完成
2019-01-14 14:10:21 采集卡 转换数据
2019-01-14 14:10:21 PLC 快门关应答成功(AC03)
2019-01-14 14:10:21 PLC 快门关闭(S06)
2019-01-14 14:10:22 高压电源 192.168.127.251关闭高压
2019-01-14 14:10:23 高压电源 192.168.127.252关闭高压
2019-01-14 14:10:23 采集卡 开始采集本底
2019-01-14 14:10:23 采集卡 启动采集
2019-01-14 14:10:24 采集卡 采集完成
2019-01-14 14:10:24 采集卡 转换数据
2019-01-14 14:10:24 高压电源 192.168.127.251打开高压
2019-01-14 14:10:24 高压电源 192.168.127.252打开高压
2019-01-14 14:10:25 PLC 快门开应答成功(AC02)
2019-01-14 14:10:25 PLC 快门打开(S05)
2019-01-14 14:10:27 采集卡 开始采集图片
2019-01-14 14:10:27 采集卡 启动采集
2019-01-14 14:10:29 采集卡 停止采集
2019-01-14 14:10:29 采集卡 采集完成
2019-01-14 14:10:29 采集卡 转换数据
2019-01-14 14:10:29 采集卡 转换AD
2019-01-14 14:10:29 采集卡 修改点
2019-01-14 14:10:29 采集卡 GAMMA
2019-01-14 14:10:29 采集卡 容积58
2019-01-14 14:10:29 采集卡 反转图像
2019-01-14 14:10:29 采集卡 生成图片数组
2019-01-14 14:10:29 采集卡 图片长度12510
2019-01-14 14:10:31 PLC 快门关应答成功(AC03)
2019-01-14 14:10:31 PLC 快门关闭(S06)
2019-01-14 14:10:31 PLC 自动运行应答成功(AC00)
2019-01-14 14:10:42 PLC 触发线圈3(S03)
2019-01-14 14:10:42 PLC 开始采集(S00)
2019-01-14 14:10:42 PLC 快门打开(S05)
2019-01-14 14:10:42 采集卡 开始采集图片
2019-01-14 14:10:42 采集卡 启动采集
2019-01-14 14:10:43 PLC 采集结束(S16)
2019-01-14 14:10:43 采集卡 停止采集
2019-01-14 14:10:43 下位机 关闭高压
2019-01-14 14:10:43 采集卡 采集完成
2019-01-14 14:10:43 采集卡 转换数据
2019-01-14 14:10:43 采集卡 转换AD
2019-01-14 14:10:43 采集卡 修改点
2019-01-14 14:10:43 采集卡 GAMMA
2019-01-14 14:10:43 采集卡 容积58
2019-01-14 14:10:43 采集卡 反转图像
2019-01-14 14:10:43 采集卡 生成图片数组
2019-01-14 14:10:43 采集卡 图片长度2117
2019-01-14 14:10:44 高压电源 192.168.127.251关闭高压
2019-01-14 14:10:44 高压电源 192.168.127.252关闭高压
2019-01-14 14:10:44 PLC 快门关闭(S06)
2019-01-14 14:11:15 上位机 非绿通保存成功
2019-01-14 14:11:57 PLC 放行应答成功(AC14)
2019-01-14 14:12:02 PLC 触发线圈2(S02)
2019-01-14 14:12:02 下位机 打开高压
2019-01-14 14:12:02 高压电源 192.168.127.251打开高压
2019-01-14 14:12:02 高压电源 192.168.127.252打开高压
2019-01-14 14:12:02 视频 开始线扫
2019-01-14 14:12:04 PLC 触发线圈3(S03)
2019-01-14 14:12:04 PLC 开始采集(S00)
2019-01-14 14:12:04 PLC 快门打开(S05)
2019-01-14 14:12:05 采集卡 开始采集图片
2019-01-14 14:12:05 采集卡 启动采集
2019-01-14 14:12:07 PLC 采集结束(S16)
2019-01-14 14:12:07 采集卡 停止采集
2019-01-14 14:12:07 下位机 关闭高压
2019-01-14 14:12:07 采集卡 采集完成
2019-01-14 14:12:07 采集卡 转换数据
2019-01-14 14:12:07 采集卡 转换AD
2019-01-14 14:12:07 采集卡 修改点
2019-01-14 14:12:07 采集卡 GAMMA
2019-01-14 14:12:07 采集卡 容积79
2019-01-14 14:12:07 采集卡 反转图像
2019-01-14 14:12:07 采集卡 生成图片数组
2019-01-14 14:12:07 采集卡 图片长度9721
2019-01-14 14:12:07 高压电源 192.168.127.251关闭高压
2019-01-14 14:12:08 高压电源 192.168.127.252关闭高压
2019-01-14 14:12:08 PLC 快门关闭(S06)
2019-01-14 14:12:08 视频 结束线扫
2019-01-14 14:12:08 PLC 快门关闭(S06)
2019-01-14 14:14:26 上位机 非绿通保存成功
2019-01-14 14:14:28 PLC 放行应答成功(AC14)
2019-01-14 14:14:32 PLC 触发线圈2(S02)
2019-01-14 14:14:32 下位机 打开高压
2019-01-14 14:14:32 高压电源 192.168.127.251打开高压
2019-01-14 14:14:32 高压电源 192.168.127.252打开高压
2019-01-14 14:14:32 视频 开始线扫
2019-01-14 14:15:04 上位机 非绿通保存成功
2019-01-14 14:15:04 PLC 放行应答成功(AC14)
2019-01-14 14:15:09 PLC 触发线圈2(S02)
2019-01-14 14:15:09 下位机 打开高压
2019-01-14 14:15:09 高压电源 192.168.127.251打开高压
2019-01-14 14:15:09 高压电源 192.168.127.252打开高压
2019-01-14 14:15:09 视频 开始线扫
2019-01-14 14:15:11 PLC 触发线圈3(S03)
2019-01-14 14:15:11 PLC 开始采集(S00)
2019-01-14 14:15:11 PLC 快门打开(S05)
2019-01-14 14:15:12 采集卡 开始采集图片
2019-01-14 14:15:12 采集卡 启动采集
2019-01-14 14:15:13 PLC 触发线圈2(S02)
2019-01-14 14:15:13 下位机 打开高压
2019-01-14 14:15:13 高压电源 192.168.127.251打开高压
2019-01-14 14:15:13 高压电源 192.168.127.252打开高压
2019-01-14 14:15:13 视频 开始线扫
2019-01-14 14:15:41 上位机 非绿通保存成功
2019-01-14 14:15:41 PLC 放行应答成功(AC14)
2019-01-14 14:15:46 PLC 采集结束(S16)
2019-01-14 14:15:46 采集卡 停止采集
2019-01-14 14:15:46 下位机 关闭高压
2019-01-14 14:15:46 采集卡 采集完成
2019-01-14 14:15:47 采集卡 转换数据
2019-01-14 14:15:47 高压电源 192.168.127.251关闭高压
2019-01-14 14:15:47 采集卡 转换AD
2019-01-14 14:15:47 采集卡 修改点
2019-01-14 14:15:47 采集卡 GAMMA
2019-01-14 14:15:47 采集卡 容积62
2019-01-14 14:15:47 采集卡 反转图像
2019-01-14 14:15:47 采集卡 生成图片数组
2019-01-14 14:15:47 高压电源 192.168.127.252关闭高压
2019-01-14 14:15:47 PLC 快门关闭(S06)
2019-01-14 14:15:47 采集卡 图片长度3058
2019-01-14 14:15:50 视频 结束线扫
2019-01-14 14:15:50 PLC 快门关闭(S06)
2019-01-14 14:15:59 PLC 手动运行应答成功(AC01)
2019-01-14 14:16:00 PLC 开道闸1应答成功(AC04)
2019-01-14 14:16:00 PLC 开道闸2应答成功(AC15)
2019-01-14 14:16:04 PLC 触发线圈2(S02)
2019-01-14 14:16:45 PLC 触发线圈2(S02)
2019-01-14 14:16:47 PLC 触发线圈3(S03)
2019-01-14 14:16:51 PLC 触发线圈2(S02)
2019-01-14 14:17:36 PLC 触发线圈2(S02)
2019-01-14 14:17:46 PLC 触发线圈2(S02)
2019-01-14 14:18:40 PLC 关道闸1应答成功(AC05)
2019-01-14 14:18:41 PLC 关道闸2应答成功(AC16)
2019-01-14 14:18:42 高压电源 192.168.127.252打开高压
2019-01-14 14:18:42 高压电源 192.168.127.251打开高压
2019-01-14 14:18:42 高压电源 训机结束
2019-01-14 14:18:42 高压电源 192.168.127.251打开高压
2019-01-14 14:18:42 高压电源 192.168.127.252打开高压
2019-01-14 14:18:42 PLC 手动运行应答成功(AC01)
2019-01-14 14:18:43 PLC 开接收器(AC17)
2019-01-14 14:18:43 PLC 快门开应答成功(AC02)
2019-01-14 14:18:43 PLC 快门打开(S05)
2019-01-14 14:18:44 采集卡 开始采集满度
2019-01-14 14:18:44 采集卡 启动采集
2019-01-14 14:18:44 采集卡 采集完成
2019-01-14 14:18:44 采集卡 转换数据
2019-01-14 14:18:44 PLC 快门关应答成功(AC03)
2019-01-14 14:18:45 PLC 快门关闭(S06)
2019-01-14 14:18:46 高压电源 192.168.127.251关闭高压
2019-01-14 14:18:46 高压电源 192.168.127.252关闭高压
2019-01-14 14:18:47 采集卡 开始采集本底
2019-01-14 14:18:47 采集卡 启动采集
2019-01-14 14:18:47 采集卡 采集完成
2019-01-14 14:18:47 采集卡 转换数据
2019-01-14 14:18:48 高压电源 192.168.127.251打开高压
2019-01-14 14:18:48 高压电源 192.168.127.252打开高压
2019-01-14 14:18:49 PLC 快门开应答成功(AC02)
2019-01-14 14:18:49 PLC 快门打开(S05)
2019-01-14 14:18:51 采集卡 开始采集图片
2019-01-14 14:18:51 采集卡 启动采集
2019-01-14 14:18:53 采集卡 停止采集
2019-01-14 14:18:53 采集卡 采集完成
2019-01-14 14:18:53 采集卡 转换数据
2019-01-14 14:18:53 采集卡 转换AD
2019-01-14 14:18:53 采集卡 修改点
2019-01-14 14:18:53 采集卡 GAMMA
2019-01-14 14:18:53 采集卡 容积99
2019-01-14 14:18:53 采集卡 反转图像
2019-01-14 14:18:53 采集卡 生成图片数组
2019-01-14 14:18:53 采集卡 图片长度9399
2019-01-14 14:18:55 PLC 快门打开(S05)
2019-01-14 14:18:55 PLC 快门关应答成功(AC03)
2019-01-14 14:18:55 PLC 快门关闭(S06)
2019-01-14 14:18:55 PLC 自动运行应答成功(AC00)
2019-01-14 14:19:42 PLC 触发线圈2(S02)
2019-01-14 14:19:42 下位机 打开高压
2019-01-14 14:19:42 高压电源 192.168.127.251打开高压
2019-01-14 14:19:42 高压电源 192.168.127.252打开高压
2019-01-14 14:19:42 视频 开始线扫
2019-01-14 14:19:45 PLC 触发线圈3(S03)
2019-01-14 14:19:45 PLC 开始采集(S00)
2019-01-14 14:19:45 PLC 快门打开(S05)
2019-01-14 14:19:46 采集卡 开始采集图片
2019-01-14 14:19:46 采集卡 启动采集
2019-01-14 14:19:50 PLC 采集结束(S16)
2019-01-14 14:19:50 采集卡 停止采集
2019-01-14 14:19:50 下位机 关闭高压
2019-01-14 14:19:50 采集卡 采集完成
2019-01-14 14:19:50 采集卡 转换数据
2019-01-14 14:19:50 采集卡 转换AD
2019-01-14 14:19:50 采集卡 修改点
2019-01-14 14:19:50 采集卡 GAMMA
2019-01-14 14:19:50 采集卡 容积93
2019-01-14 14:19:50 采集卡 反转图像
2019-01-14 14:19:50 采集卡 生成图片数组
2019-01-14 14:19:50 采集卡 图片长度14468
2019-01-14 14:19:50 高压电源 192.168.127.251关闭高压
2019-01-14 14:19:51 高压电源 192.168.127.252关闭高压
2019-01-14 14:19:51 PLC 快门关闭(S06)
2019-01-14 14:19:51 视频 结束线扫
2019-01-14 14:19:51 PLC 快门关闭(S06)
2019-01-14 14:20:27 上位机 非绿通保存成功
2019-01-14 14:20:27 PLC 放行应答成功(AC14)
2019-01-14 14:20:30 PLC 触发线圈2(S02)
2019-01-14 14:20:30 下位机 打开高压
2019-01-14 14:20:30 高压电源 192.168.127.251打开高压
2019-01-14 14:20:30 高压电源 192.168.127.252打开高压
2019-01-14 14:20:30 视频 开始线扫
2019-01-14 14:21:31 上位机 非绿通保存成功
2019-01-14 14:21:31 PLC 放行应答成功(AC14)
2019-01-14 14:21:35 PLC 触发线圈2(S02)
2019-01-14 14:21:35 下位机 打开高压
2019-01-14 14:21:36 高压电源 192.168.127.251打开高压
2019-01-14 14:21:36 高压电源 192.168.127.252打开高压
2019-01-14 14:21:36 视频 开始线扫
2019-01-14 14:21:44 PLC 触发线圈2(S02)
2019-01-14 14:21:44 下位机 打开高压
2019-01-14 14:21:44 高压电源 192.168.127.251打开高压
2019-01-14 14:21:44 高压电源 192.168.127.252打开高压
2019-01-14 14:21:44 视频 开始线扫
2019-01-14 14:21:59 上位机 非绿通保存成功
2019-01-14 14:22:01 PLC 放行应答成功(AC14)
2019-01-14 14:22:12 PLC 触发线圈3(S03)
2019-01-14 14:22:12 PLC 开始采集(S00)
2019-01-14 14:22:12 PLC 快门打开(S05)
2019-01-14 14:22:12 采集卡 开始采集图片
2019-01-14 14:22:12 采集卡 启动采集
2019-01-14 14:22:13 PLC 采集结束(S16)
2019-01-14 14:22:13 采集卡 停止采集
2019-01-14 14:22:13 下位机 关闭高压
2019-01-14 14:22:13 采集卡 采集完成
2019-01-14 14:22:13 采集卡 转换数据
2019-01-14 14:22:13 采集卡 转换AD
2019-01-14 14:22:13 采集卡 修改点
2019-01-14 14:22:13 采集卡 GAMMA
2019-01-14 14:22:13 采集卡 容积0
2019-01-14 14:22:13 采集卡 反转图像
2019-01-14 14:22:13 采集卡 生成图片数组
2019-01-14 14:22:13 采集卡 图片长度15547
2019-01-14 14:22:14 高压电源 192.168.127.251关闭高压
2019-01-14 14:22:14 高压电源 192.168.127.252关闭高压
2019-01-14 14:22:14 PLC 快门关闭(S06)
2019-01-14 14:22:17 视频 结束线扫
2019-01-14 14:22:17 PLC 快门关闭(S06)
2019-01-14 14:22:39 上位机 非绿通保存成功
2019-01-14 14:22:39 PLC 放行应答成功(AC14)
2019-01-14 14:22:44 PLC 触发线圈2(S02)
2019-01-14 14:22:44 下位机 打开高压
2019-01-14 14:22:44 高压电源 192.168.127.251打开高压
2019-01-14 14:22:44 高压电源 192.168.127.252打开高压
2019-01-14 14:22:44 视频 开始线扫
2019-01-14 14:23:15 上位机 非绿通保存成功
2019-01-14 14:23:15 PLC 放行应答成功(AC14)
2019-01-14 14:23:20 PLC 触发线圈2(S02)
2019-01-14 14:23:20 下位机 打开高压
2019-01-14 14:23:20 高压电源 192.168.127.251打开高压
2019-01-14 14:23:20 高压电源 192.168.127.252打开高压
2019-01-14 14:23:20 视频 开始线扫
2019-01-14 14:23:23 PLC 触发线圈3(S03)
2019-01-14 14:23:23 PLC 开始采集(S00)
2019-01-14 14:23:23 PLC 快门打开(S05)
2019-01-14 14:23:23 采集卡 开始采集图片
2019-01-14 14:23:23 采集卡 启动采集
2019-01-14 14:23:25 PLC 采集结束(S16)
2019-01-14 14:23:25 采集卡 停止采集
2019-01-14 14:23:25 下位机 关闭高压
2019-01-14 14:23:25 采集卡 采集完成
2019-01-14 14:23:25 采集卡 转换数据
2019-01-14 14:23:25 采集卡 转换AD
2019-01-14 14:23:25 采集卡 修改点
2019-01-14 14:23:25 采集卡 GAMMA
2019-01-14 14:23:25 采集卡 容积97
2019-01-14 14:23:25 采集卡 反转图像
2019-01-14 14:23:25 采集卡 生成图片数组
2019-01-14 14:23:25 采集卡 图片长度12239
2019-01-14 14:23:25 高压电源 192.168.127.251关闭高压
2019-01-14 14:23:26 高压电源 192.168.127.252关闭高压
2019-01-14 14:23:26 PLC 快门关闭(S06)
2019-01-14 14:23:26 视频 结束线扫
2019-01-14 14:23:31 PLC 触发线圈2(S02)
2019-01-14 14:23:31 下位机 打开高压
2019-01-14 14:23:31 高压电源 192.168.127.251打开高压
2019-01-14 14:23:31 高压电源 192.168.127.252打开高压
2019-01-14 14:23:31 视频 开始线扫
2019-01-14 14:24:01 上位机 非绿通保存成功
2019-01-14 14:24:02 PLC 放行应答成功(AC14)
2019-01-14 14:24:03 PLC 放行应答成功(AC14)
2019-01-14 14:24:10 PLC 触发线圈3(S03)
2019-01-14 14:24:10 PLC 开始采集(S00)
2019-01-14 14:24:11 PLC 快门打开(S05)
2019-01-14 14:24:11 采集卡 开始采集图片
2019-01-14 14:24:11 采集卡 启动采集
2019-01-14 14:24:11 PLC 触发线圈3(S03)
2019-01-14 14:24:11 PLC 开始采集(S00)
2019-01-14 14:24:14 PLC 采集结束(S16)
2019-01-14 14:24:14 采集卡 停止采集
2019-01-14 14:24:14 下位机 关闭高压
2019-01-14 14:24:14 采集卡 采集完成
2019-01-14 14:24:14 采集卡 转换数据
2019-01-14 14:24:14 采集卡 转换AD
2019-01-14 14:24:14 采集卡 修改点
2019-01-14 14:24:14 采集卡 GAMMA
2019-01-14 14:24:14 采集卡 容积78
2019-01-14 14:24:14 采集卡 反转图像
2019-01-14 14:24:14 采集卡 生成图片数组
2019-01-14 14:24:14 采集卡 图片长度16957
2019-01-14 14:24:14 高压电源 192.168.127.251关闭高压
2019-01-14 14:24:14 高压电源 192.168.127.252关闭高压
2019-01-14 14:24:14 PLC 快门关闭(S06)
2019-01-14 14:24:15 视频 结束线扫
2019-01-14 14:24:15 PLC 快门关闭(S06)
2019-01-14 14:24:47 上位机 非绿通保存成功
2019-01-14 14:24:47 PLC 放行应答成功(AC14)
2019-01-14 14:24:50 PLC 触发线圈2(S02)
2019-01-14 14:24:50 下位机 打开高压
2019-01-14 14:24:50 高压电源 192.168.127.251打开高压
2019-01-14 14:24:51 高压电源 192.168.127.252打开高压
2019-01-14 14:24:51 视频 开始线扫
2019-01-14 14:24:58 PLC 手动运行应答成功(AC01)
2019-01-14 14:24:59 PLC 开道闸1应答成功(AC04)
2019-01-14 14:24:59 PLC 开道闸2应答成功(AC15)
2019-01-14 14:25:10 高压电源 192.168.127.251关闭高压
2019-01-14 14:25:10 高压电源 192.168.127.252关闭高压
