2019-01-12 14:26:41 上位机 车牌初始化成功
2019-01-12 14:26:41 PLC 手动运行应答成功(AC01)
2019-01-12 14:26:41 PLC PLC始化成功
2019-01-12 14:26:43 PLC 触发线圈1(S01)
2019-01-12 14:26:43 采集卡 192.168.1.24初始化成功。
2019-01-12 14:26:43 采集卡 192.168.1.26初始化成功。
2019-01-12 14:26:43 高压电源 192.168.127.251:高压电源初始化成功
2019-01-12 14:26:43 高压电源 192.168.127.252:高压电源初始化成功
2019-01-12 14:26:47 PLC 触发线圈2(S02)
2019-01-12 14:27:22 PLC 触发线圈3(S03)
2019-01-12 14:27:27 PLC 触发线圈1(S01)
2019-01-12 14:27:31 PLC 触发线圈2(S02)
2019-01-12 14:27:32 PLC 触发线圈1(S01)
2019-01-12 14:28:23 PLC 触发线圈2(S02)
2019-01-12 14:28:27 PLC 触发线圈1(S01)
2019-01-12 14:28:30 PLC 关道闸1应答成功(AC05)
2019-01-12 14:28:30 PLC 关道闸2应答成功(AC16)
2019-01-12 14:28:31 高压电源 192.168.127.251打开高压
2019-01-12 14:28:31 高压电源 192.168.127.252打开高压
2019-01-12 14:28:31 高压电源 训机结束
2019-01-12 14:28:31 PLC 手动运行应答成功(AC01)
2019-01-12 14:28:31 PLC 开接收器(AC17)
2019-01-12 14:28:32 PLC 快门开应答成功(AC02)
2019-01-12 14:28:32 PLC 快门打开(S05)
2019-01-12 14:28:34 采集卡 开始采集满度
2019-01-12 14:28:34 采集卡 启动采集
2019-01-12 14:28:34 采集卡 采集完成
2019-01-12 14:28:34 采集卡 转换数据
2019-01-12 14:28:34 PLC 快门关应答成功(AC03)
2019-01-12 14:28:34 PLC 快门关闭(S06)
2019-01-12 14:28:37 高压电源 192.168.127.251关闭高压
2019-01-12 14:28:37 高压电源 192.168.127.252关闭高压
2019-01-12 14:28:38 采集卡 开始采集本底
2019-01-12 14:28:38 采集卡 启动采集
2019-01-12 14:28:38 采集卡 采集完成
2019-01-12 14:28:38 采集卡 转换数据
2019-01-12 14:28:38 高压电源 192.168.127.251打开高压
2019-01-12 14:28:39 高压电源 192.168.127.252打开高压
2019-01-12 14:28:40 PLC 快门开应答成功(AC02)
2019-01-12 14:28:40 PLC 快门打开(S05)
2019-01-12 14:28:42 采集卡 开始采集图片
2019-01-12 14:28:42 采集卡 启动采集
2019-01-12 14:28:44 采集卡 停止采集
2019-01-12 14:28:44 采集卡 采集完成
2019-01-12 14:28:44 采集卡 转换数据
2019-01-12 14:28:44 采集卡 转换AD
2019-01-12 14:28:44 采集卡 修改点
2019-01-12 14:28:44 采集卡 GAMMA
2019-01-12 14:28:44 采集卡 容积63
2019-01-12 14:28:44 采集卡 反转图像
2019-01-12 14:28:44 采集卡 生成图片数组
2019-01-12 14:28:44 采集卡 图片长度4772
2019-01-12 14:28:45 PLC 快门关应答成功(AC03)
2019-01-12 14:28:46 PLC 快门关闭(S06)
2019-01-12 14:28:46 PLC 自动运行应答成功(AC00)
2019-01-12 14:28:55 PLC 触发线圈3(S03)
2019-01-12 14:28:55 PLC 开始采集(S00)
2019-01-12 14:28:55 PLC 快门打开(S05)
2019-01-12 14:28:56 采集卡 开始采集图片
2019-01-12 14:28:56 采集卡 启动采集
2019-01-12 14:28:56 PLC 触发线圈3(S03)
2019-01-12 14:28:56 PLC 开始采集(S00)
2019-01-12 14:29:38 采集卡 采集完成
2019-01-12 14:29:38 采集卡 转换数据
2019-01-12 14:29:38 采集卡 转换AD
2019-01-12 14:29:38 采集卡 修改点
2019-01-12 14:29:39 采集卡 GAMMA
2019-01-12 14:29:39 采集卡 容积99
2019-01-12 14:29:39 采集卡 反转图像
2019-01-12 14:29:39 采集卡 生成图片数组
2019-01-12 14:29:39 采集卡 图片长度1772
