2019-01-13 13:14:44 上位机 车牌初始化成功
2019-01-13 13:14:44 PLC 手动运行应答成功(AC01)
2019-01-13 13:14:44 PLC PLC始化成功
2019-01-13 13:14:46 采集卡 192.168.1.24初始化成功。
2019-01-13 13:14:46 采集卡 192.168.1.26初始化成功。
2019-01-13 13:14:46 采集卡 192.168.1.27初始化成功。
2019-01-13 13:14:46 采集卡 192.168.1.28初始化成功。
2019-01-13 13:14:46 高压电源 192.168.127.251:高压电源初始化成功
2019-01-13 13:14:46 高压电源 192.168.127.252:高压电源初始化成功
2019-01-13 13:14:53 PLC 关道闸1应答成功(AC05)
2019-01-13 13:14:54 PLC 关道闸2应答成功(AC16)
2019-01-13 13:14:55 高压电源 192.168.127.251打开高压
2019-01-13 13:14:55 高压电源 192.168.127.252打开高压
2019-01-13 13:14:55 高压电源 训机结束
2019-01-13 13:14:55 PLC 手动运行应答成功(AC01)
2019-01-13 13:14:55 PLC 开接收器(AC17)
2019-01-13 13:14:56 PLC 快门开应答成功(AC02)
2019-01-13 13:14:56 PLC 快门打开(S05)
2019-01-13 13:14:57 采集卡 开始采集满度
2019-01-13 13:14:57 采集卡 启动采集
2019-01-13 13:14:57 采集卡 采集完成
2019-01-13 13:14:57 采集卡 转换数据
2019-01-13 13:14:57 PLC 快门关应答成功(AC03)
2019-01-13 13:14:57 PLC 快门关闭(S06)
2019-01-13 13:14:59 高压电源 192.168.127.251关闭高压
2019-01-13 13:14:59 高压电源 192.168.127.252关闭高压
2019-01-13 13:15:00 采集卡 开始采集本底
2019-01-13 13:15:00 采集卡 启动采集
2019-01-13 13:15:00 采集卡 采集完成
2019-01-13 13:15:00 采集卡 转换数据
2019-01-13 13:15:00 高压电源 192.168.127.251打开高压
2019-01-13 13:15:01 高压电源 192.168.127.252打开高压
2019-01-13 13:15:02 PLC 快门开应答成功(AC02)
2019-01-13 13:15:02 PLC 快门打开(S05)
2019-01-13 13:15:04 采集卡 开始采集图片
2019-01-13 13:15:04 采集卡 启动采集
2019-01-13 13:15:06 采集卡 停止采集
2019-01-13 13:15:06 采集卡 采集完成
2019-01-13 13:15:06 采集卡 转换数据
2019-01-13 13:15:06 采集卡 转换AD
2019-01-13 13:15:06 采集卡 修改点
2019-01-13 13:15:06 采集卡 GAMMA
2019-01-13 13:15:06 采集卡 容积99
2019-01-13 13:15:06 采集卡 反转图像
2019-01-13 13:15:06 采集卡 生成图片数组
2019-01-13 13:15:06 采集卡 图片长度9321
2019-01-13 13:15:07 PLC 快门关应答成功(AC03)
2019-01-13 13:15:07 PLC 快门关闭(S06)
2019-01-13 13:15:07 PLC 自动运行应答成功(AC00)
2019-01-13 13:15:14 PLC 手动运行应答成功(AC01)
2019-01-13 13:15:15 PLC 开道闸1应答成功(AC04)
2019-01-13 13:15:15 PLC 开道闸2应答成功(AC15)
2019-01-13 13:15:17 PLC 触发线圈2(S02)
2019-01-13 13:15:20 PLC 触发线圈2(S02)
2019-01-13 13:15:43 PLC 手动运行应答成功(AC01)
2019-01-13 13:15:45 PLC 开道闸1应答成功(AC04)
2019-01-13 13:15:45 PLC 开道闸2应答成功(AC15)
2019-01-13 13:16:14 PLC 触发线圈2(S02)
2019-01-13 13:17:21 PLC 触发线圈2(S02)
2019-01-13 13:17:29 PLC 触发线圈2(S02)
2019-01-13 13:18:35 PLC 触发线圈2(S02)
2019-01-13 13:19:00 PLC 触发线圈2(S02)
2019-01-13 13:19:42 PLC 触发线圈2(S02)
2019-01-13 13:19:47 PLC 触发线圈2(S02)
2019-01-13 13:20:07 PLC 触发线圈2(S02)
2019-01-13 13:20:25 PLC 触发线圈3(S03)
2019-01-13 13:20:52 高压电源 192.168.127.251关闭高压
2019-01-13 13:20:52 高压电源 192.168.127.252关闭高压
2019-01-13 13:22:45 PLC 触发线圈2(S02)
2019-01-13 13:22:59 PLC 触发线圈2(S02)
2019-01-13 13:23:27 PLC 触发线圈2(S02)
2019-01-13 13:23:40 PLC 触发线圈3(S03)
2019-01-13 13:23:59 PLC 触发线圈2(S02)
2019-01-13 13:24:38 PLC 触发线圈2(S02)
2019-01-13 13:25:32 PLC 触发线圈2(S02)
2019-01-13 13:26:17 PLC 触发线圈2(S02)
2019-01-13 13:27:05 PLC 触发线圈2(S02)
2019-01-13 13:28:34 PLC 触发线圈2(S02)
2019-01-13 13:29:25 PLC 触发线圈2(S02)
2019-01-13 13:30:12 PLC 触发线圈2(S02)
2019-01-13 13:30:28 PLC 触发线圈2(S02)
2019-01-13 13:30:58 PLC 触发线圈3(S03)
2019-01-13 13:31:23 PLC 触发线圈2(S02)
2019-01-13 13:31:31 PLC 触发线圈2(S02)
2019-01-13 13:32:07 PLC 触发线圈2(S02)
2019-01-13 13:32:55 PLC 触发线圈2(S02)
2019-01-13 13:38:07 PLC 关道闸1应答成功(AC05)
2019-01-13 13:38:08 PLC 关道闸2应答成功(AC16)
2019-01-13 13:38:08 PLC 触发线圈2(S02)
2019-01-13 13:38:09 高压电源 192.168.127.252打开高压
2019-01-13 13:38:09 高压电源 192.168.127.251打开高压
2019-01-13 13:38:09 高压电源 训机结束
2019-01-13 13:38:09 PLC 手动运行应答成功(AC01)
2019-01-13 13:38:09 PLC 开接收器(AC17)
2019-01-13 13:38:09 PLC 快门开应答成功(AC02)
2019-01-13 13:38:10 PLC 快门打开(S05)
2019-01-13 13:38:11 采集卡 开始采集满度
2019-01-13 13:38:11 采集卡 启动采集
2019-01-13 13:38:11 采集卡 采集完成
2019-01-13 13:38:11 采集卡 转换数据
2019-01-13 13:38:11 PLC 快门关应答成功(AC03)
2019-01-13 13:38:11 PLC 快门关闭(S06)
2019-01-13 13:38:12 高压电源 192.168.127.251关闭高压
2019-01-13 13:38:13 高压电源 192.168.127.252关闭高压
2019-01-13 13:38:13 采集卡 开始采集本底
2019-01-13 13:38:13 采集卡 启动采集
2019-01-13 13:38:14 采集卡 采集完成
2019-01-13 13:38:14 采集卡 转换数据
2019-01-13 13:38:14 高压电源 192.168.127.251打开高压
2019-01-13 13:38:14 高压电源 192.168.127.252打开高压
2019-01-13 13:38:15 PLC 快门开应答成功(AC02)
2019-01-13 13:38:15 PLC 快门打开(S05)
2019-01-13 13:38:17 采集卡 开始采集图片
2019-01-13 13:38:17 采集卡 启动采集
2019-01-13 13:38:19 采集卡 停止采集
2019-01-13 13:38:19 采集卡 采集完成
2019-01-13 13:38:19 采集卡 转换数据
2019-01-13 13:38:19 采集卡 转换AD
2019-01-13 13:38:19 采集卡 修改点
2019-01-13 13:38:19 采集卡 GAMMA
2019-01-13 13:38:19 采集卡 容积92
2019-01-13 13:38:19 采集卡 反转图像
2019-01-13 13:38:19 采集卡 生成图片数组
2019-01-13 13:38:19 采集卡 图片长度16363
2019-01-13 13:38:21 PLC 快门关应答成功(AC03)
2019-01-13 13:38:21 PLC 快门关闭(S06)
2019-01-13 13:38:21 PLC 自动运行应答成功(AC00)
2019-01-13 13:38:40 PLC 自动运行应答成功(AC00)
2019-01-13 13:38:44 PLC 触发线圈2(S02)
2019-01-13 13:38:44 下位机 打开高压
2019-01-13 13:38:47 PLC 触发线圈3(S03)
2019-01-13 13:38:47 PLC 开始采集(S00)
2019-01-13 13:38:47 视频 开始线扫
2019-01-13 13:38:47 PLC 快门打开(S05)
2019-01-13 13:38:47 采集卡 开始采集图片
2019-01-13 13:38:47 采集卡 启动采集
2019-01-13 13:38:50 PLC 采集结束(S16)
2019-01-13 13:38:50 采集卡 停止采集
2019-01-13 13:38:50 采集卡 采集完成
2019-01-13 13:38:50 采集卡 转换数据
2019-01-13 13:38:50 采集卡 转换AD
2019-01-13 13:38:50 采集卡 修改点
2019-01-13 13:38:50 采集卡 GAMMA
2019-01-13 13:38:50 采集卡 容积85
2019-01-13 13:38:50 采集卡 反转图像
2019-01-13 13:38:50 采集卡 生成图片数组
2019-01-13 13:38:50 PLC 快门关闭(S06)
2019-01-13 13:38:50 采集卡 图片长度15229
2019-01-13 13:38:50 视频 结束线扫
2019-01-13 13:38:50 PLC 快门关闭(S06)
2019-01-13 13:39:01 上位机 非绿通保存成功
2019-01-13 13:39:02 PLC 放行应答成功(AC14)
2019-01-13 13:39:03 PLC 放行应答成功(AC14)
2019-01-13 13:39:27 PLC 触发线圈2(S02)
2019-01-13 13:39:36 上位机 非绿通保存成功
2019-01-13 13:39:46 PLC 放行应答成功(AC14)
2019-01-13 13:39:54 PLC 触发线圈2(S02)
2019-01-13 13:39:56 PLC 触发线圈3(S03)
2019-01-13 13:39:56 PLC 开始采集(S00)
2019-01-13 13:39:56 视频 开始线扫
2019-01-13 13:39:56 PLC 快门打开(S05)
2019-01-13 13:39:57 采集卡 开始采集图片
2019-01-13 13:39:57 采集卡 启动采集
2019-01-13 13:39:59 PLC 采集结束(S16)
2019-01-13 13:39:59 采集卡 停止采集
2019-01-13 13:39:59 采集卡 采集完成
2019-01-13 13:39:59 采集卡 转换数据
2019-01-13 13:39:59 采集卡 转换AD
2019-01-13 13:39:59 采集卡 修改点
2019-01-13 13:39:59 采集卡 GAMMA
2019-01-13 13:39:59 采集卡 容积78
2019-01-13 13:39:59 采集卡 反转图像
2019-01-13 13:39:59 采集卡 生成图片数组
2019-01-13 13:39:59 PLC 快门关闭(S06)
2019-01-13 13:39:59 采集卡 图片长度16960
2019-01-13 13:39:59 视频 结束线扫
2019-01-13 13:39:59 PLC 快门关闭(S06)
2019-01-13 13:40:24 上位机 非绿通保存成功
2019-01-13 13:40:29 PLC 放行应答成功(AC14)
2019-01-13 13:40:33 PLC 触发线圈2(S02)
2019-01-13 13:40:34 PLC 触发线圈3(S03)
2019-01-13 13:40:34 PLC 开始采集(S00)
2019-01-13 13:40:34 视频 开始线扫
2019-01-13 13:40:34 PLC 快门打开(S05)
2019-01-13 13:40:35 采集卡 开始采集图片
2019-01-13 13:40:35 采集卡 启动采集
2019-01-13 13:40:36 PLC 采集结束(S16)
2019-01-13 13:40:36 采集卡 停止采集
2019-01-13 13:40:36 采集卡 采集完成
2019-01-13 13:40:36 采集卡 转换数据
2019-01-13 13:40:36 采集卡 转换AD
2019-01-13 13:40:36 采集卡 修改点
2019-01-13 13:40:36 采集卡 GAMMA
2019-01-13 13:40:36 采集卡 容积81
2019-01-13 13:40:36 采集卡 反转图像
2019-01-13 13:40:36 采集卡 生成图片数组
2019-01-13 13:40:36 PLC 快门关闭(S06)
2019-01-13 13:40:36 采集卡 图片长度16395
2019-01-13 13:40:37 视频 结束线扫
2019-01-13 13:40:37 PLC 快门关闭(S06)
2019-01-13 13:40:55 上位机 非绿通保存成功
2019-01-13 13:40:57 PLC 放行应答成功(AC14)
2019-01-13 13:41:02 PLC 触发线圈2(S02)
2019-01-13 13:41:04 PLC 触发线圈3(S03)
2019-01-13 13:41:04 PLC 开始采集(S00)
2019-01-13 13:41:04 视频 开始线扫
2019-01-13 13:41:04 PLC 快门打开(S05)
2019-01-13 13:41:05 采集卡 开始采集图片
2019-01-13 13:41:05 采集卡 启动采集
2019-01-13 13:41:05 PLC 触发线圈3(S03)
2019-01-13 13:41:05 PLC 开始采集(S00)
2019-01-13 13:41:05 视频 开始线扫
2019-01-13 13:41:06 PLC 采集结束(S16)
2019-01-13 13:41:06 采集卡 停止采集
2019-01-13 13:41:06 采集卡 采集完成
2019-01-13 13:41:06 采集卡 转换数据
2019-01-13 13:41:06 采集卡 转换AD
2019-01-13 13:41:06 采集卡 修改点
2019-01-13 13:41:06 采集卡 GAMMA
2019-01-13 13:41:06 采集卡 容积84
2019-01-13 13:41:06 采集卡 反转图像
2019-01-13 13:41:06 采集卡 生成图片数组
2019-01-13 13:41:06 PLC 快门关闭(S06)
2019-01-13 13:41:06 采集卡 图片长度13867
2019-01-13 13:41:07 视频 结束线扫
2019-01-13 13:41:07 PLC 快门关闭(S06)
2019-01-13 13:41:30 上位机 非绿通保存成功
2019-01-13 13:41:31 PLC 放行应答成功(AC14)
2019-01-13 13:41:36 PLC 触发线圈2(S02)
2019-01-13 13:41:37 PLC 触发线圈3(S03)
2019-01-13 13:41:37 PLC 开始采集(S00)
2019-01-13 13:41:37 视频 开始线扫
2019-01-13 13:41:38 PLC 快门打开(S05)
2019-01-13 13:41:38 采集卡 开始采集图片
2019-01-13 13:41:38 采集卡 启动采集
2019-01-13 13:41:40 PLC 采集结束(S16)
2019-01-13 13:41:40 采集卡 停止采集
2019-01-13 13:41:40 采集卡 采集完成
2019-01-13 13:41:40 采集卡 转换数据
2019-01-13 13:41:40 采集卡 转换AD
2019-01-13 13:41:40 采集卡 修改点
2019-01-13 13:41:40 采集卡 GAMMA
2019-01-13 13:41:40 采集卡 容积82
2019-01-13 13:41:40 采集卡 反转图像
2019-01-13 13:41:40 采集卡 生成图片数组
2019-01-13 13:41:40 PLC 快门关闭(S06)
2019-01-13 13:41:40 采集卡 图片长度14887
2019-01-13 13:41:40 视频 结束线扫
2019-01-13 13:41:40 PLC 快门关闭(S06)
2019-01-13 13:41:44 上位机 非绿通保存成功
2019-01-13 13:42:10 PLC 放行应答成功(AC14)
2019-01-13 13:42:13 PLC 触发线圈2(S02)
2019-01-13 13:42:44 上位机 非绿通保存成功
2019-01-13 13:42:47 PLC 放行应答成功(AC14)
2019-01-13 13:42:47 PLC 放行应答成功(AC14)
2019-01-13 13:42:50 PLC 触发线圈2(S02)
2019-01-13 13:43:13 上位机 非绿通保存成功
2019-01-13 13:43:16 PLC 放行应答成功(AC14)
2019-01-13 13:43:19 PLC 触发线圈2(S02)
2019-01-13 13:43:21 PLC 触发线圈3(S03)
2019-01-13 13:43:21 PLC 开始采集(S00)
2019-01-13 13:43:21 视频 开始线扫
2019-01-13 13:43:21 PLC 快门打开(S05)
2019-01-13 13:43:22 采集卡 开始采集图片
2019-01-13 13:43:22 采集卡 启动采集
2019-01-13 13:43:23 PLC 采集结束(S16)
2019-01-13 13:43:23 采集卡 停止采集
2019-01-13 13:43:23 采集卡 采集完成
2019-01-13 13:43:23 采集卡 转换数据
2019-01-13 13:43:23 采集卡 转换AD
2019-01-13 13:43:23 采集卡 修改点
2019-01-13 13:43:23 采集卡 GAMMA
2019-01-13 13:43:23 采集卡 容积87
2019-01-13 13:43:23 采集卡 反转图像
2019-01-13 13:43:23 采集卡 生成图片数组
2019-01-13 13:43:23 PLC 快门关闭(S06)
2019-01-13 13:43:23 采集卡 图片长度14231
2019-01-13 13:43:24 视频 结束线扫
2019-01-13 13:43:24 PLC 快门关闭(S06)
2019-01-13 13:45:30 上位机 非绿通保存成功
2019-01-13 13:45:32 PLC 放行应答成功(AC14)
2019-01-13 13:45:37 PLC 触发线圈2(S02)
2019-01-13 13:45:39 PLC 触发线圈3(S03)
2019-01-13 13:45:39 PLC 开始采集(S00)
2019-01-13 13:45:39 视频 开始线扫
2019-01-13 13:45:39 PLC 快门打开(S05)
2019-01-13 13:45:39 采集卡 开始采集图片
2019-01-13 13:45:39 采集卡 启动采集
2019-01-13 13:45:41 PLC 采集结束(S16)
2019-01-13 13:45:41 采集卡 停止采集
2019-01-13 13:45:41 采集卡 采集完成
2019-01-13 13:45:41 采集卡 转换数据
2019-01-13 13:45:41 采集卡 转换AD
2019-01-13 13:45:41 采集卡 修改点
2019-01-13 13:45:41 采集卡 GAMMA
2019-01-13 13:45:41 采集卡 容积82
2019-01-13 13:45:41 采集卡 反转图像
2019-01-13 13:45:41 采集卡 生成图片数组
2019-01-13 13:45:41 PLC 快门关闭(S06)
2019-01-13 13:45:41 采集卡 图片长度16096
2019-01-13 13:45:41 视频 结束线扫
2019-01-13 13:45:41 PLC 快门关闭(S06)
2019-01-13 13:46:09 上位机 非绿通保存成功
2019-01-13 13:46:15 PLC 放行应答成功(AC14)
2019-01-13 13:46:25 PLC 触发线圈2(S02)
2019-01-13 13:46:27 PLC 触发线圈3(S03)
2019-01-13 13:46:27 PLC 开始采集(S00)
2019-01-13 13:46:27 视频 开始线扫
2019-01-13 13:46:27 PLC 快门打开(S05)
2019-01-13 13:46:27 采集卡 开始采集图片
2019-01-13 13:46:27 采集卡 启动采集
2019-01-13 13:46:29 PLC 采集结束(S16)
2019-01-13 13:46:29 采集卡 停止采集
2019-01-13 13:46:29 采集卡 采集完成
2019-01-13 13:46:29 采集卡 转换数据
2019-01-13 13:46:29 采集卡 转换AD
2019-01-13 13:46:29 采集卡 修改点
2019-01-13 13:46:29 采集卡 GAMMA
2019-01-13 13:46:29 采集卡 容积90
2019-01-13 13:46:29 采集卡 反转图像
2019-01-13 13:46:29 采集卡 生成图片数组
2019-01-13 13:46:29 PLC 快门关闭(S06)
2019-01-13 13:46:29 采集卡 图片长度15156
2019-01-13 13:46:29 视频 结束线扫
2019-01-13 13:46:29 PLC 快门关闭(S06)
2019-01-13 13:46:39 上位机 非绿通保存成功
2019-01-13 13:47:25 PLC 放行应答成功(AC14)
2019-01-13 13:47:28 PLC 触发线圈2(S02)
2019-01-13 13:47:41 上位机 非绿通保存成功
2019-01-13 13:47:47 PLC 放行应答成功(AC14)
2019-01-13 13:47:54 PLC 触发线圈2(S02)
2019-01-13 13:48:18 PLC 触发线圈3(S03)
2019-01-13 13:48:18 PLC 开始采集(S00)
2019-01-13 13:48:18 视频 开始线扫
2019-01-13 13:48:19 PLC 快门打开(S05)
2019-01-13 13:48:19 采集卡 开始采集图片
2019-01-13 13:48:19 采集卡 启动采集
2019-01-13 13:48:25 PLC 采集结束(S16)
2019-01-13 13:48:25 采集卡 停止采集
2019-01-13 13:48:25 采集卡 采集完成
2019-01-13 13:48:25 采集卡 转换数据
2019-01-13 13:48:25 采集卡 转换AD
2019-01-13 13:48:25 采集卡 修改点
2019-01-13 13:48:25 PLC 快门关闭(S06)
2019-01-13 13:48:25 采集卡 GAMMA
2019-01-13 13:48:25 采集卡 容积92
2019-01-13 13:48:25 采集卡 反转图像
2019-01-13 13:48:25 采集卡 生成图片数组
2019-01-13 13:48:25 采集卡 图片长度27649
2019-01-13 13:48:26 视频 结束线扫
2019-01-13 13:48:26 PLC 快门关闭(S06)
2019-01-13 13:48:31 上位机 非绿通保存成功
2019-01-13 13:48:56 PLC 放行应答成功(AC14)
2019-01-13 13:49:04 PLC 触发线圈2(S02)
2019-01-13 13:49:07 PLC 触发线圈3(S03)
2019-01-13 13:49:07 PLC 开始采集(S00)
2019-01-13 13:49:07 视频 开始线扫
2019-01-13 13:49:07 PLC 快门打开(S05)
2019-01-13 13:49:07 采集卡 开始采集图片
2019-01-13 13:49:07 采集卡 启动采集
2019-01-13 13:49:07 PLC 触发线圈3(S03)
2019-01-13 13:49:07 PLC 开始采集(S00)
2019-01-13 13:49:07 视频 开始线扫
2019-01-13 13:49:09 PLC 采集结束(S16)
2019-01-13 13:49:09 采集卡 停止采集
2019-01-13 13:49:09 采集卡 采集完成
2019-01-13 13:49:09 采集卡 转换数据
2019-01-13 13:49:09 采集卡 转换AD
2019-01-13 13:49:09 采集卡 修改点
2019-01-13 13:49:09 采集卡 GAMMA
2019-01-13 13:49:09 采集卡 容积57
2019-01-13 13:49:09 采集卡 反转图像
2019-01-13 13:49:09 采集卡 生成图片数组
2019-01-13 13:49:09 PLC 快门关闭(S06)
2019-01-13 13:49:09 采集卡 图片长度15496
2019-01-13 13:49:10 视频 结束线扫
2019-01-13 13:49:10 PLC 快门关闭(S06)
2019-01-13 13:49:32 上位机 非绿通保存成功
2019-01-13 13:49:34 PLC 放行应答成功(AC14)
2019-01-13 13:50:19 PLC 触发线圈2(S02)
2019-01-13 13:50:40 上位机 非绿通保存成功
2019-01-13 13:50:43 PLC 放行应答成功(AC14)
2019-01-13 13:50:55 PLC 触发线圈2(S02)
2019-01-13 13:51:19 上位机 非绿通保存成功
2019-01-13 13:51:20 PLC 放行应答成功(AC14)
2019-01-13 13:51:22 PLC 触发线圈2(S02)
2019-01-13 13:51:25 PLC 触发线圈3(S03)
2019-01-13 13:51:25 PLC 开始采集(S00)
2019-01-13 13:51:25 视频 开始线扫
2019-01-13 13:51:25 PLC 快门打开(S05)
2019-01-13 13:51:25 采集卡 开始采集图片
2019-01-13 13:51:25 采集卡 启动采集
2019-01-13 13:51:27 PLC 采集结束(S16)
2019-01-13 13:51:27 采集卡 停止采集
2019-01-13 13:51:27 采集卡 采集完成
2019-01-13 13:51:27 采集卡 转换数据
2019-01-13 13:51:27 采集卡 转换AD
2019-01-13 13:51:27 采集卡 修改点
2019-01-13 13:51:27 采集卡 GAMMA
2019-01-13 13:51:27 采集卡 容积80
2019-01-13 13:51:27 采集卡 反转图像
2019-01-13 13:51:27 采集卡 生成图片数组
2019-01-13 13:51:27 PLC 快门关闭(S06)
2019-01-13 13:51:27 采集卡 图片长度14191
2019-01-13 13:51:27 视频 结束线扫
2019-01-13 13:51:27 PLC 快门关闭(S06)
2019-01-13 13:51:28 PLC 触发线圈3(S03)
2019-01-13 13:52:00 上位机 非绿通保存成功
2019-01-13 13:52:02 PLC 放行应答成功(AC14)
2019-01-13 13:52:09 PLC 触发线圈2(S02)
2019-01-13 13:52:10 PLC 触发线圈3(S03)
2019-01-13 13:52:10 PLC 开始采集(S00)
2019-01-13 13:52:10 视频 开始线扫
2019-01-13 13:52:10 PLC 快门打开(S05)
2019-01-13 13:52:11 采集卡 开始采集图片
2019-01-13 13:52:11 采集卡 启动采集
2019-01-13 13:52:15 PLC 采集结束(S16)
2019-01-13 13:52:15 采集卡 停止采集
2019-01-13 13:52:15 采集卡 采集完成
2019-01-13 13:52:15 采集卡 转换数据
2019-01-13 13:52:15 采集卡 转换AD
2019-01-13 13:52:15 采集卡 修改点
2019-01-13 13:52:15 PLC 快门关闭(S06)
2019-01-13 13:52:15 采集卡 GAMMA
2019-01-13 13:52:15 采集卡 容积93
2019-01-13 13:52:15 采集卡 反转图像
2019-01-13 13:52:15 采集卡 生成图片数组
2019-01-13 13:52:15 采集卡 图片长度18563
2019-01-13 13:52:16 视频 结束线扫
2019-01-13 13:52:16 PLC 快门关闭(S06)
2019-01-13 13:52:41 上位机 非绿通保存成功
2019-01-13 13:53:06 PLC 放行应答成功(AC14)
2019-01-13 13:53:11 PLC 触发线圈2(S02)
2019-01-13 13:53:13 PLC 触发线圈3(S03)
2019-01-13 13:53:13 PLC 开始采集(S00)
2019-01-13 13:53:13 视频 开始线扫
2019-01-13 13:53:13 PLC 快门打开(S05)
2019-01-13 13:53:13 采集卡 开始采集图片
2019-01-13 13:53:13 采集卡 启动采集
2019-01-13 13:53:17 PLC 采集结束(S16)
2019-01-13 13:53:17 采集卡 停止采集
2019-01-13 13:53:17 采集卡 采集完成
2019-01-13 13:53:17 采集卡 转换数据
2019-01-13 13:53:17 采集卡 转换AD
2019-01-13 13:53:17 采集卡 修改点
2019-01-13 13:53:17 PLC 快门关闭(S06)
2019-01-13 13:53:17 采集卡 GAMMA
2019-01-13 13:53:17 采集卡 容积95
2019-01-13 13:53:17 采集卡 反转图像
2019-01-13 13:53:17 采集卡 生成图片数组
2019-01-13 13:53:17 采集卡 图片长度13645
2019-01-13 13:53:17 视频 结束线扫
2019-01-13 13:53:17 PLC 快门关闭(S06)
2019-01-13 13:54:09 PLC 手动运行应答成功(AC01)
2019-01-13 13:54:11 PLC 开道闸1应答成功(AC04)
2019-01-13 13:54:11 PLC 开道闸2应答成功(AC15)
2019-01-13 13:54:12 PLC 触发线圈2(S02)
2019-01-13 13:54:22 PLC 触发线圈2(S02)
2019-01-13 13:54:44 PLC 触发线圈2(S02)
2019-01-13 13:55:11 PLC 自动运行应答成功(AC00)
2019-01-13 13:56:27 PLC 自动运行应答成功(AC00)
2019-01-13 13:56:45 PLC 触发线圈2(S02)
2019-01-13 13:56:47 PLC 触发线圈3(S03)
2019-01-13 13:56:47 PLC 开始采集(S00)
2019-01-13 13:56:47 视频 开始线扫
2019-01-13 13:56:47 PLC 快门打开(S05)
2019-01-13 13:56:48 采集卡 开始采集图片
2019-01-13 13:56:48 采集卡 启动采集
2019-01-13 13:57:03 PLC 触发线圈3(S03)
2019-01-13 13:57:03 PLC 开始采集(S00)
2019-01-13 13:57:03 视频 开始线扫
2019-01-13 13:57:05 PLC 触发线圈3(S03)
2019-01-13 13:57:05 PLC 开始采集(S00)
2019-01-13 13:57:05 视频 开始线扫
2019-01-13 13:57:08 PLC 采集结束(S16)
2019-01-13 13:57:08 采集卡 停止采集
2019-01-13 13:57:08 采集卡 采集完成
2019-01-13 13:57:08 PLC 快门关闭(S06)
2019-01-13 13:57:08 采集卡 转换数据
2019-01-13 13:57:08 采集卡 转换AD
2019-01-13 13:57:08 采集卡 修改点
2019-01-13 13:57:08 采集卡 GAMMA
2019-01-13 13:57:08 采集卡 容积82
2019-01-13 13:57:08 采集卡 反转图像
2019-01-13 13:57:08 采集卡 生成图片数组
2019-01-13 13:57:09 采集卡 图片长度25260
2019-01-13 13:57:09 视频 结束线扫
2019-01-13 13:57:09 PLC 快门关闭(S06)
2019-01-13 13:57:25 上位机 非绿通保存成功
2019-01-13 13:57:42 PLC 手动运行应答成功(AC01)
2019-01-13 13:57:43 PLC 开道闸1应答成功(AC04)
2019-01-13 13:57:43 PLC 开道闸2应答成功(AC15)
2019-01-13 13:57:47 PLC 触发线圈2(S02)
2019-01-13 13:57:55 PLC 触发线圈2(S02)
2019-01-13 13:58:52 上位机 非绿通保存成功
2019-01-13 13:59:02 PLC 触发线圈2(S02)
2019-01-13 13:59:33 PLC 自动运行应答成功(AC00)
2019-01-13 13:59:34 PLC 触发线圈2(S02)
2019-01-13 13:59:34 视频 开始线扫
2019-01-13 14:00:10 PLC 触发线圈3(S03)
2019-01-13 14:00:10 PLC 开始采集(S00)
2019-01-13 14:00:10 PLC 快门打开(S05)
2019-01-13 14:00:10 采集卡 开始采集图片
2019-01-13 14:00:10 采集卡 启动采集
2019-01-13 14:00:12 PLC 采集结束(S16)
2019-01-13 14:00:12 采集卡 停止采集
2019-01-13 14:00:12 采集卡 采集完成
2019-01-13 14:00:12 采集卡 转换数据
2019-01-13 14:00:12 采集卡 转换AD
2019-01-13 14:00:12 采集卡 修改点
2019-01-13 14:00:12 采集卡 GAMMA
2019-01-13 14:00:12 采集卡 容积69
2019-01-13 14:00:12 采集卡 反转图像
2019-01-13 14:00:12 采集卡 生成图片数组
2019-01-13 14:00:12 PLC 快门关闭(S06)
2019-01-13 14:00:12 采集卡 图片长度14807
2019-01-13 14:00:15 视频 结束线扫
2019-01-13 14:00:15 PLC 快门关闭(S06)
2019-01-13 14:00:22 上位机 非绿通保存成功
2019-01-13 14:00:39 PLC 放行应答成功(AC14)
2019-01-13 14:00:41 PLC 触发线圈2(S02)
2019-01-13 14:00:41 视频 开始线扫
2019-01-13 14:00:56 上位机 非绿通保存成功
2019-01-13 14:00:56 PLC 放行应答成功(AC14)
2019-01-13 14:01:25 PLC 触发线圈2(S02)
2019-01-13 14:01:25 视频 开始线扫
2019-01-13 14:01:27 PLC 触发线圈3(S03)
2019-01-13 14:01:27 PLC 开始采集(S00)
2019-01-13 14:01:27 PLC 快门打开(S05)
2019-01-13 14:01:28 采集卡 开始采集图片
2019-01-13 14:01:28 采集卡 启动采集
2019-01-13 14:01:29 PLC 采集结束(S16)
2019-01-13 14:01:29 采集卡 停止采集
2019-01-13 14:01:29 采集卡 采集完成
2019-01-13 14:01:29 采集卡 转换数据
2019-01-13 14:01:29 采集卡 转换AD
2019-01-13 14:01:29 采集卡 修改点
2019-01-13 14:01:29 采集卡 GAMMA
2019-01-13 14:01:29 采集卡 容积77
2019-01-13 14:01:29 采集卡 反转图像
2019-01-13 14:01:30 采集卡 生成图片数组
2019-01-13 14:01:30 PLC 快门关闭(S06)
2019-01-13 14:01:30 采集卡 图片长度13059
2019-01-13 14:01:30 视频 结束线扫
2019-01-13 14:01:30 PLC 快门关闭(S06)
2019-01-13 14:01:30 PLC 触发线圈2(S02)
2019-01-13 14:01:30 视频 开始线扫
2019-01-13 14:02:17 上位机 非绿通保存成功
2019-01-13 14:02:18 PLC 放行应答成功(AC14)
2019-01-13 14:02:23 PLC 触发线圈3(S03)
2019-01-13 14:02:23 PLC 开始采集(S00)
2019-01-13 14:02:23 PLC 快门打开(S05)
2019-01-13 14:02:24 采集卡 开始采集图片
2019-01-13 14:02:24 采集卡 启动采集
2019-01-13 14:02:25 PLC 采集结束(S16)
2019-01-13 14:02:25 采集卡 停止采集
2019-01-13 14:02:25 采集卡 采集完成
2019-01-13 14:02:25 采集卡 转换数据
2019-01-13 14:02:25 采集卡 转换AD
2019-01-13 14:02:25 采集卡 修改点
2019-01-13 14:02:25 采集卡 GAMMA
2019-01-13 14:02:25 采集卡 容积71
2019-01-13 14:02:25 采集卡 反转图像
2019-01-13 14:02:25 采集卡 生成图片数组
2019-01-13 14:02:25 PLC 快门关闭(S06)
2019-01-13 14:02:25 采集卡 图片长度14472
2019-01-13 14:02:25 视频 结束线扫
2019-01-13 14:02:39 上位机 非绿通保存成功
2019-01-13 14:02:40 PLC 放行应答成功(AC14)
2019-01-13 14:02:44 PLC 触发线圈2(S02)
2019-01-13 14:02:44 视频 开始线扫
2019-01-13 14:02:46 PLC 触发线圈3(S03)
2019-01-13 14:02:46 PLC 开始采集(S00)
2019-01-13 14:02:46 PLC 快门打开(S05)
2019-01-13 14:02:46 采集卡 开始采集图片
2019-01-13 14:02:46 采集卡 启动采集
2019-01-13 14:02:48 PLC 触发线圈2(S02)
2019-01-13 14:02:48 视频 开始线扫
2019-01-13 14:03:04 上位机 非绿通保存成功
2019-01-13 14:03:06 PLC 放行应答成功(AC14)
2019-01-13 14:03:12 PLC 采集结束(S16)
2019-01-13 14:03:12 采集卡 停止采集
2019-01-13 14:03:13 采集卡 采集完成
2019-01-13 14:03:13 PLC 快门关闭(S06)
2019-01-13 14:03:13 采集卡 转换数据
2019-01-13 14:03:13 采集卡 转换AD
2019-01-13 14:03:13 采集卡 修改点
2019-01-13 14:03:13 采集卡 GAMMA
2019-01-13 14:03:13 采集卡 容积78
2019-01-13 14:03:13 采集卡 反转图像
2019-01-13 14:03:13 采集卡 生成图片数组
2019-01-13 14:03:13 采集卡 图片长度11510
2019-01-13 14:03:15 视频 结束线扫
2019-01-13 14:03:15 PLC 快门关闭(S06)
2019-01-13 14:03:40 上位机 非绿通保存成功
2019-01-13 14:03:40 PLC 放行应答成功(AC14)
2019-01-13 14:03:44 PLC 触发线圈2(S02)
2019-01-13 14:03:44 视频 开始线扫
2019-01-13 14:03:46 PLC 触发线圈3(S03)
2019-01-13 14:03:46 PLC 开始采集(S00)
2019-01-13 14:03:46 PLC 快门打开(S05)
2019-01-13 14:03:47 采集卡 开始采集图片
2019-01-13 14:03:47 采集卡 启动采集
2019-01-13 14:03:50 PLC 采集结束(S16)
2019-01-13 14:03:50 采集卡 停止采集
2019-01-13 14:03:50 采集卡 采集完成
2019-01-13 14:03:50 采集卡 转换数据
2019-01-13 14:03:50 采集卡 转换AD
2019-01-13 14:03:50 采集卡 修改点
2019-01-13 14:03:50 采集卡 GAMMA
2019-01-13 14:03:50 采集卡 容积71
2019-01-13 14:03:50 采集卡 反转图像
2019-01-13 14:03:50 采集卡 生成图片数组
2019-01-13 14:03:50 PLC 快门关闭(S06)
2019-01-13 14:03:50 采集卡 图片长度23561
2019-01-13 14:03:51 视频 结束线扫
2019-01-13 14:03:51 PLC 快门关闭(S06)
2019-01-13 14:03:55 上位机 非绿通保存成功
2019-01-13 14:04:15 PLC 放行应答成功(AC14)
2019-01-13 14:04:21 PLC 触发线圈2(S02)
2019-01-13 14:04:21 视频 开始线扫
2019-01-13 14:04:57 上位机 非绿通保存成功
2019-01-13 14:04:58 PLC 放行应答成功(AC14)
2019-01-13 14:05:02 PLC 触发线圈2(S02)
2019-01-13 14:05:02 视频 开始线扫
2019-01-13 14:05:10 PLC 触发线圈2(S02)
2019-01-13 14:05:10 视频 开始线扫
2019-01-13 14:05:11 PLC 手动运行应答成功(AC01)
2019-01-13 14:05:12 PLC 开道闸1应答成功(AC04)
2019-01-13 14:05:12 PLC 开道闸2应答成功(AC15)
2019-01-13 14:05:27 PLC 触发线圈3(S03)
2019-01-13 14:05:27 PLC 触发线圈3(S03)
2019-01-13 14:05:34 PLC 触发线圈2(S02)
2019-01-13 14:06:23 PLC 触发线圈2(S02)
2019-01-13 14:06:57 PLC 触发线圈2(S02)
2019-01-13 14:07:13 PLC 触发线圈2(S02)
2019-01-13 14:07:20 PLC 触发线圈2(S02)
2019-01-13 14:08:12 PLC 触发线圈2(S02)
2019-01-13 14:08:47 PLC 自动运行应答成功(AC00)
2019-01-13 14:08:48 PLC 触发线圈2(S02)
2019-01-13 14:08:48 视频 开始线扫
2019-01-13 14:09:14 上位机 非绿通保存成功
2019-01-13 14:09:16 PLC 放行应答成功(AC14)
2019-01-13 14:09:39 上位机 非绿通保存成功
2019-01-13 14:09:40 PLC 放行应答成功(AC14)
2019-01-13 14:09:55 PLC 触发线圈2(S02)
2019-01-13 14:09:55 视频 开始线扫
2019-01-13 14:09:58 PLC 触发线圈3(S03)
2019-01-13 14:09:58 PLC 开始采集(S00)
2019-01-13 14:09:58 PLC 快门打开(S05)
2019-01-13 14:09:59 采集卡 开始采集图片
2019-01-13 14:09:59 采集卡 启动采集
2019-01-13 14:10:10 PLC 采集结束(S16)
2019-01-13 14:10:10 采集卡 停止采集
2019-01-13 14:10:10 采集卡 采集完成
2019-01-13 14:10:10 采集卡 转换数据
2019-01-13 14:10:10 采集卡 转换AD
2019-01-13 14:10:10 采集卡 修改点
2019-01-13 14:10:10 采集卡 GAMMA
2019-01-13 14:10:10 采集卡 容积98
2019-01-13 14:10:10 采集卡 反转图像
2019-01-13 14:10:10 采集卡 生成图片数组
2019-01-13 14:10:11 采集卡 图片长度17239
2019-01-13 14:10:11 高压电源 192.168.127.251关闭高压
2019-01-13 14:10:11 高压电源 192.168.127.252关闭高压
2019-01-13 14:10:11 PLC 快门关闭(S06)
2019-01-13 14:10:12 视频 结束线扫
2019-01-13 14:10:12 PLC 快门关闭(S06)
2019-01-13 14:10:22 上位机 非绿通保存成功
2019-01-13 14:11:06 上位机 绿通保存成功
2019-01-13 14:13:15 PLC 放行应答成功(AC14)
2019-01-13 14:13:20 PLC 触发线圈2(S02)
2019-01-13 14:13:20 视频 开始线扫
2019-01-13 14:13:21 PLC 触发线圈3(S03)
2019-01-13 14:13:21 PLC 开始采集(S00)
2019-01-13 14:13:21 PLC 快门打开(S05)
2019-01-13 14:13:22 采集卡 开始采集图片
2019-01-13 14:13:22 采集卡 启动采集
2019-01-13 14:13:22 PLC 快门打开(S05)
2019-01-13 14:13:23 PLC 采集结束(S16)
2019-01-13 14:13:23 采集卡 停止采集
2019-01-13 14:13:23 采集卡 采集完成
2019-01-13 14:13:23 采集卡 转换数据
2019-01-13 14:13:23 采集卡 转换AD
2019-01-13 14:13:23 采集卡 修改点
2019-01-13 14:13:23 采集卡 GAMMA
2019-01-13 14:13:23 采集卡 容积99
2019-01-13 14:13:23 采集卡 反转图像
2019-01-13 14:13:23 采集卡 生成图片数组
2019-01-13 14:13:23 高压电源 192.168.127.251关闭高压
2019-01-13 14:13:23 采集卡 图片长度2427
2019-01-13 14:13:24 高压电源 192.168.127.252关闭高压
2019-01-13 14:13:24 PLC 快门关闭(S06)
2019-01-13 14:13:24 视频 结束线扫
2019-01-13 14:13:24 PLC 快门关闭(S06)
2019-01-13 14:13:41 PLC 手动运行应答成功(AC01)
2019-01-13 14:13:42 PLC 开道闸1应答成功(AC04)
2019-01-13 14:13:42 PLC 开道闸2应答成功(AC15)
2019-01-13 14:13:46 PLC 触发线圈2(S02)
2019-01-13 14:13:51 PLC 触发线圈2(S02)
2019-01-13 14:13:59 PLC 触发线圈2(S02)
2019-01-13 14:14:51 PLC 触发线圈2(S02)
2019-01-13 14:15:12 PLC 触发线圈2(S02)
2019-01-13 14:15:43 PLC 触发线圈2(S02)
2019-01-13 14:16:14 PLC 触发线圈2(S02)
2019-01-13 14:16:48 PLC 触发线圈2(S02)
2019-01-13 14:17:15 PLC 触发线圈2(S02)
2019-01-13 14:17:38 PLC 触发线圈2(S02)
2019-01-13 14:18:56 PLC 触发线圈2(S02)
2019-01-13 14:19:01 PLC 触发线圈3(S03)
2019-01-13 14:19:01 PLC 触发线圈3(S03)
2019-01-13 14:19:05 PLC 触发线圈2(S02)
2019-01-13 14:19:27 PLC 触发线圈3(S03)
2019-01-13 14:19:48 PLC 触发线圈2(S02)
2019-01-13 14:20:20 PLC 触发线圈2(S02)
2019-01-13 14:20:42 PLC 触发线圈2(S02)
2019-01-13 14:21:06 PLC 触发线圈3(S03)
2019-01-13 14:21:10 PLC 触发线圈2(S02)
2019-01-13 14:21:36 PLC 触发线圈2(S02)
2019-01-13 14:22:00 PLC 关道闸1应答成功(AC05)
2019-01-13 14:22:01 PLC 关道闸2应答成功(AC16)
2019-01-13 14:22:01 高压电源 192.168.127.251打开高压
2019-01-13 14:22:01 高压电源 192.168.127.252打开高压
2019-01-13 14:22:01 高压电源 训机结束
2019-01-13 14:22:01 高压电源 192.168.127.251打开高压
2019-01-13 14:22:02 高压电源 192.168.127.252打开高压
2019-01-13 14:22:02 PLC 手动运行应答成功(AC01)
2019-01-13 14:22:02 PLC 开接收器(AC17)
2019-01-13 14:22:02 PLC 快门开应答成功(AC02)
2019-01-13 14:22:03 PLC 快门打开(S05)
2019-01-13 14:22:04 采集卡 开始采集满度
2019-01-13 14:22:04 采集卡 启动采集
2019-01-13 14:22:04 采集卡 采集完成
2019-01-13 14:22:04 采集卡 转换数据
2019-01-13 14:22:04 PLC 快门关应答成功(AC03)
2019-01-13 14:22:04 PLC 快门关闭(S06)
2019-01-13 14:22:05 高压电源 192.168.127.251关闭高压
2019-01-13 14:22:06 高压电源 192.168.127.252关闭高压
2019-01-13 14:22:06 采集卡 开始采集本底
2019-01-13 14:22:06 采集卡 启动采集
2019-01-13 14:22:07 采集卡 采集完成
2019-01-13 14:22:07 采集卡 转换数据
2019-01-13 14:22:07 高压电源 192.168.127.251打开高压
2019-01-13 14:22:07 高压电源 192.168.127.252打开高压
2019-01-13 14:22:08 PLC 快门开应答成功(AC02)
2019-01-13 14:22:08 PLC 快门打开(S05)
2019-01-13 14:22:10 采集卡 开始采集图片
2019-01-13 14:22:10 采集卡 启动采集
2019-01-13 14:22:12 采集卡 停止采集
2019-01-13 14:22:12 采集卡 采集完成
2019-01-13 14:22:12 采集卡 转换数据
2019-01-13 14:22:12 采集卡 转换AD
2019-01-13 14:22:12 采集卡 修改点
2019-01-13 14:22:12 采集卡 GAMMA
2019-01-13 14:22:12 采集卡 容积99
2019-01-13 14:22:12 采集卡 反转图像
2019-01-13 14:22:12 采集卡 生成图片数组
2019-01-13 14:22:12 采集卡 图片长度2178
2019-01-13 14:22:14 PLC 快门关应答成功(AC03)
2019-01-13 14:22:14 PLC 快门关闭(S06)
2019-01-13 14:22:14 PLC 自动运行应答成功(AC00)
2019-01-13 14:22:28 PLC 触发线圈2(S02)
2019-01-13 14:22:28 视频 开始线扫
2019-01-13 14:22:34 PLC 触发线圈3(S03)
2019-01-13 14:22:34 PLC 开始采集(S00)
2019-01-13 14:22:35 PLC 快门打开(S05)
2019-01-13 14:22:35 采集卡 开始采集图片
2019-01-13 14:22:35 采集卡 启动采集
2019-01-13 14:22:39 PLC 采集结束(S16)
2019-01-13 14:22:39 采集卡 停止采集
2019-01-13 14:22:39 采集卡 采集完成
2019-01-13 14:22:39 采集卡 转换数据
2019-01-13 14:22:39 采集卡 转换AD
2019-01-13 14:22:39 采集卡 修改点
2019-01-13 14:22:39 采集卡 GAMMA
2019-01-13 14:22:39 采集卡 容积77
2019-01-13 14:22:39 采集卡 反转图像
2019-01-13 14:22:39 采集卡 生成图片数组
2019-01-13 14:22:39 采集卡 图片长度12219
2019-01-13 14:22:39 高压电源 192.168.127.251关闭高压
2019-01-13 14:22:40 高压电源 192.168.127.252关闭高压
2019-01-13 14:22:40 PLC 快门关闭(S06)
2019-01-13 14:22:40 视频 结束线扫
2019-01-13 14:22:40 PLC 快门关闭(S06)
2019-01-13 14:22:44 上位机 非绿通保存成功
2019-01-13 14:23:02 PLC 手动运行应答成功(AC01)
2019-01-13 14:23:03 PLC 开道闸1应答成功(AC04)
2019-01-13 14:23:03 PLC 开道闸2应答成功(AC15)
2019-01-13 14:23:07 PLC 触发线圈2(S02)
2019-01-13 14:23:35 PLC 触发线圈2(S02)
2019-01-13 14:23:54 高压电源 192.168.127.251关闭高压
2019-01-13 14:23:54 高压电源 192.168.127.252关闭高压
