2019-01-13 20:47:22 上位机 车牌初始化成功
2019-01-13 20:47:22 PLC 手动运行应答成功(AC01)
2019-01-13 20:47:23 PLC PLC始化成功
2019-01-13 20:47:24 采集卡 192.168.1.24初始化成功。
2019-01-13 20:47:24 采集卡 192.168.1.27初始化成功。
2019-01-13 20:47:24 采集卡 192.168.1.26初始化成功。
2019-01-13 20:47:24 采集卡 192.168.1.28初始化成功。
2019-01-13 20:47:24 高压电源 192.168.127.251:高压电源初始化成功
2019-01-13 20:47:24 高压电源 192.168.127.252:高压电源初始化成功
2019-01-13 20:47:38 PLC 触发线圈2(S02)
2019-01-13 20:47:53 PLC 关道闸1应答成功(AC05)
2019-01-13 20:47:53 PLC 关道闸2应答成功(AC16)
2019-01-13 20:47:54 高压电源 192.168.127.252打开高压
2019-01-13 20:47:54 高压电源 192.168.127.251打开高压
2019-01-13 20:47:54 高压电源 训机结束
2019-01-13 20:47:54 高压电源 192.168.127.251打开高压
2019-01-13 20:47:54 高压电源 192.168.127.252打开高压
2019-01-13 20:47:54 PLC 手动运行应答成功(AC01)
2019-01-13 20:47:55 PLC 开接收器(AC17)
2019-01-13 20:47:55 PLC 快门开应答成功(AC02)
2019-01-13 20:47:55 PLC 快门打开(S05)
2019-01-13 20:47:56 采集卡 开始采集满度
2019-01-13 20:47:56 采集卡 启动采集
2019-01-13 20:47:57 采集卡 采集完成
2019-01-13 20:47:57 采集卡 转换数据
2019-01-13 20:47:57 PLC 快门关应答成功(AC03)
2019-01-13 20:47:57 PLC 快门关闭(S06)
2019-01-13 20:47:58 高压电源 192.168.127.251关闭高压
2019-01-13 20:47:59 高压电源 192.168.127.252关闭高压
2019-01-13 20:47:59 采集卡 开始采集本底
2019-01-13 20:47:59 采集卡 启动采集
2019-01-13 20:47:59 采集卡 采集完成
2019-01-13 20:47:59 采集卡 转换数据
2019-01-13 20:48:00 高压电源 192.168.127.251打开高压
2019-01-13 20:48:00 高压电源 192.168.127.252打开高压
2019-01-13 20:48:01 PLC 快门开应答成功(AC02)
2019-01-13 20:48:01 PLC 快门打开(S05)
2019-01-13 20:48:03 采集卡 开始采集图片
2019-01-13 20:48:03 采集卡 启动采集
2019-01-13 20:48:05 采集卡 停止采集
2019-01-13 20:48:05 采集卡 采集完成
2019-01-13 20:48:05 采集卡 转换数据
2019-01-13 20:48:05 采集卡 转换AD
2019-01-13 20:48:05 采集卡 修改点
2019-01-13 20:48:05 采集卡 GAMMA
2019-01-13 20:48:05 采集卡 容积99
2019-01-13 20:48:05 采集卡 反转图像
2019-01-13 20:48:05 采集卡 生成图片数组
2019-01-13 20:48:05 采集卡 图片长度7306
2019-01-13 20:48:07 PLC 快门关应答成功(AC03)
2019-01-13 20:48:07 PLC 快门关闭(S06)
2019-01-13 20:48:07 PLC 自动运行应答成功(AC00)
2019-01-13 20:48:39 PLC 触发线圈2(S02)
2019-01-13 20:48:39 下位机 打开高压
2019-01-13 20:48:39 高压电源 192.168.127.251打开高压
2019-01-13 20:48:39 高压电源 192.168.127.252打开高压
2019-01-13 20:48:39 视频 开始线扫
2019-01-13 20:48:41 PLC 触发线圈3(S03)
2019-01-13 20:48:41 PLC 开始采集(S00)
2019-01-13 20:48:42 PLC 快门打开(S05)
2019-01-13 20:48:42 采集卡 开始采集图片
2019-01-13 20:48:42 采集卡 启动采集
2019-01-13 20:48:44 PLC 采集结束(S16)
2019-01-13 20:48:44 采集卡 停止采集
2019-01-13 20:48:44 采集卡 采集完成
2019-01-13 20:48:44 采集卡 转换数据
2019-01-13 20:48:44 采集卡 转换AD
2019-01-13 20:48:44 采集卡 修改点
2019-01-13 20:48:44 采集卡 GAMMA
2019-01-13 20:48:44 采集卡 容积94
2019-01-13 20:48:44 采集卡 反转图像
2019-01-13 20:48:44 采集卡 生成图片数组
2019-01-13 20:48:44 采集卡 图片长度9336
2019-01-13 20:48:44 高压电源 192.168.127.251关闭高压
2019-01-13 20:48:45 高压电源 192.168.127.252关闭高压
2019-01-13 20:48:45 PLC 快门关闭(S06)
2019-01-13 20:48:45 视频 结束线扫
2019-01-13 20:48:45 PLC 快门关闭(S06)
2019-01-13 20:49:16 上位机 绿通保存成功
2019-01-13 20:52:06 PLC 放行应答成功(AC14)
2019-01-13 20:52:09 PLC 触发线圈2(S02)
2019-01-13 20:52:09 视频 开始线扫
2019-01-13 20:52:13 PLC 触发线圈3(S03)
2019-01-13 20:52:13 PLC 开始采集(S00)
2019-01-13 20:52:13 PLC 快门打开(S05)
2019-01-13 20:52:13 采集卡 开始采集图片
2019-01-13 20:52:13 采集卡 启动采集
2019-01-13 20:52:20 PLC 采集结束(S16)
2019-01-13 20:52:20 采集卡 停止采集
2019-01-13 20:52:20 采集卡 采集完成
2019-01-13 20:52:20 采集卡 转换数据
2019-01-13 20:52:20 采集卡 转换AD
2019-01-13 20:52:20 采集卡 修改点
2019-01-13 20:52:20 高压电源 192.168.127.251关闭高压
2019-01-13 20:52:20 采集卡 GAMMA
2019-01-13 20:52:20 采集卡 容积99
2019-01-13 20:52:20 采集卡 反转图像
2019-01-13 20:52:20 采集卡 生成图片数组
2019-01-13 20:52:20 高压电源 192.168.127.252关闭高压
2019-01-13 20:52:20 PLC 快门关闭(S06)
2019-01-13 20:52:20 采集卡 图片长度2163
2019-01-13 20:52:21 视频 结束线扫
2019-01-13 20:52:21 PLC 快门关闭(S06)
2019-01-13 20:52:57 PLC 手动运行应答成功(AC01)
2019-01-13 20:52:58 PLC 开道闸1应答成功(AC04)
2019-01-13 20:52:58 PLC 开道闸2应答成功(AC15)
2019-01-13 20:52:58 PLC 触发线圈2(S02)
2019-01-13 20:53:12 PLC 关道闸1应答成功(AC05)
2019-01-13 20:53:13 PLC 关道闸2应答成功(AC16)
2019-01-13 20:53:13 高压电源 192.168.127.251打开高压
2019-01-13 20:53:14 高压电源 192.168.127.252打开高压
2019-01-13 20:53:14 高压电源 训机结束
2019-01-13 20:53:14 高压电源 192.168.127.251打开高压
2019-01-13 20:53:14 高压电源 192.168.127.252打开高压
2019-01-13 20:53:14 PLC 手动运行应答成功(AC01)
2019-01-13 20:53:14 PLC 开接收器(AC17)
2019-01-13 20:53:15 PLC 快门开应答成功(AC02)
2019-01-13 20:53:15 PLC 快门打开(S05)
2019-01-13 20:53:16 采集卡 开始采集满度
2019-01-13 20:53:16 采集卡 启动采集
2019-01-13 20:53:16 采集卡 采集完成
2019-01-13 20:53:16 采集卡 转换数据
2019-01-13 20:53:16 PLC 快门关应答成功(AC03)
2019-01-13 20:53:16 PLC 快门关闭(S06)
2019-01-13 20:53:18 高压电源 192.168.127.251关闭高压
2019-01-13 20:53:18 高压电源 192.168.127.252关闭高压
2019-01-13 20:53:19 采集卡 开始采集本底
2019-01-13 20:53:19 采集卡 启动采集
2019-01-13 20:53:19 采集卡 采集完成
2019-01-13 20:53:19 采集卡 转换数据
2019-01-13 20:53:19 高压电源 192.168.127.251打开高压
2019-01-13 20:53:20 高压电源 192.168.127.252打开高压
2019-01-13 20:53:20 PLC 快门关闭(S06)
2019-01-13 20:53:21 PLC 快门开应答成功(AC02)
2019-01-13 20:53:21 PLC 快门打开(S05)
2019-01-13 20:53:23 采集卡 开始采集图片
2019-01-13 20:53:23 采集卡 启动采集
2019-01-13 20:53:25 采集卡 停止采集
2019-01-13 20:53:25 采集卡 采集完成
2019-01-13 20:53:25 采集卡 转换数据
2019-01-13 20:53:25 采集卡 转换AD
2019-01-13 20:53:25 采集卡 修改点
2019-01-13 20:53:25 采集卡 GAMMA
2019-01-13 20:53:25 采集卡 容积99
2019-01-13 20:53:25 采集卡 反转图像
2019-01-13 20:53:25 采集卡 生成图片数组
2019-01-13 20:53:25 采集卡 图片长度2170
2019-01-13 20:53:26 PLC 快门关应答成功(AC03)
2019-01-13 20:53:27 PLC 快门关闭(S06)
2019-01-13 20:53:27 PLC 自动运行应答成功(AC00)
2019-01-13 20:53:42 高压电源 192.168.127.251打开高压
2019-01-13 20:53:42 高压电源 192.168.127.252打开高压
2019-01-13 20:53:42 PLC 手动运行应答成功(AC01)
2019-01-13 20:53:44 PLC 开接收器(AC17)
2019-01-13 20:53:44 PLC 快门开应答成功(AC02)
2019-01-13 20:53:44 PLC 快门打开(S05)
2019-01-13 20:53:45 采集卡 开始采集满度
2019-01-13 20:53:45 采集卡 启动采集
2019-01-13 20:53:45 采集卡 采集完成
2019-01-13 20:53:45 采集卡 转换数据
2019-01-13 20:53:45 PLC 快门关应答成功(AC03)
2019-01-13 20:53:45 PLC 快门关闭(S06)
2019-01-13 20:53:47 高压电源 192.168.127.251关闭高压
2019-01-13 20:53:47 高压电源 192.168.127.252关闭高压
2019-01-13 20:53:47 采集卡 开始采集本底
2019-01-13 20:53:47 采集卡 启动采集
2019-01-13 20:53:48 采集卡 采集完成
2019-01-13 20:53:48 采集卡 转换数据
2019-01-13 20:53:48 高压电源 192.168.127.251打开高压
2019-01-13 20:53:48 高压电源 192.168.127.252打开高压
2019-01-13 20:53:49 PLC 快门关闭(S06)
2019-01-13 20:53:49 PLC 快门开应答成功(AC02)
2019-01-13 20:53:49 PLC 快门打开(S05)
2019-01-13 20:53:51 采集卡 开始采集图片
2019-01-13 20:53:51 采集卡 启动采集
2019-01-13 20:53:53 采集卡 停止采集
2019-01-13 20:53:53 采集卡 采集完成
2019-01-13 20:53:53 采集卡 转换数据
2019-01-13 20:53:53 采集卡 转换AD
2019-01-13 20:53:53 采集卡 修改点
2019-01-13 20:53:53 采集卡 GAMMA
2019-01-13 20:53:53 采集卡 容积99
2019-01-13 20:53:53 采集卡 反转图像
2019-01-13 20:53:53 采集卡 生成图片数组
2019-01-13 20:53:54 采集卡 图片长度10655
2019-01-13 20:53:55 PLC 快门关应答成功(AC03)
2019-01-13 20:53:55 PLC 快门关闭(S06)
2019-01-13 20:53:55 PLC 自动运行应答成功(AC00)
2019-01-13 20:53:57 PLC 触发线圈2(S02)
2019-01-13 20:53:57 视频 开始线扫
2019-01-13 20:55:21 PLC 自动运行应答成功(AC00)
2019-01-13 20:55:27 PLC 触发线圈2(S02)
2019-01-13 20:55:27 视频 开始线扫
2019-01-13 20:55:30 PLC 触发线圈3(S03)
2019-01-13 20:55:30 PLC 开始采集(S00)
2019-01-13 20:55:30 PLC 快门打开(S05)
2019-01-13 20:55:30 采集卡 开始采集图片
2019-01-13 20:55:30 采集卡 启动采集
2019-01-13 20:55:49 PLC 采集结束(S16)
2019-01-13 20:55:49 采集卡 停止采集
2019-01-13 20:55:49 采集卡 采集完成
2019-01-13 20:55:49 PLC 快门关闭(S06)
2019-01-13 20:55:49 采集卡 转换数据
2019-01-13 20:55:49 采集卡 转换AD
2019-01-13 20:55:49 采集卡 修改点
2019-01-13 20:55:49 采集卡 GAMMA
2019-01-13 20:55:49 采集卡 容积96
2019-01-13 20:55:49 采集卡 反转图像
2019-01-13 20:55:50 采集卡 生成图片数组
2019-01-13 20:55:50 采集卡 图片长度16550
2019-01-13 20:55:51 视频 结束线扫
2019-01-13 20:55:51 PLC 快门关闭(S06)
2019-01-13 20:56:18 上位机 非绿通保存成功
2019-01-13 20:56:31 PLC 手动运行应答成功(AC01)
2019-01-13 20:56:32 PLC 开道闸1应答成功(AC04)
2019-01-13 20:56:32 PLC 开道闸2应答成功(AC15)
2019-01-13 20:56:34 PLC 触发线圈2(S02)
2019-01-13 20:57:53 PLC 触发线圈2(S02)
2019-01-13 20:57:55 PLC 触发线圈3(S03)
2019-01-13 20:58:18 PLC 触发线圈2(S02)
2019-01-13 20:59:27 PLC 触发线圈2(S02)
2019-01-13 20:59:28 PLC 触发线圈3(S03)
2019-01-13 20:59:45 PLC 触发线圈2(S02)
2019-01-13 21:00:13 PLC 触发线圈3(S03)
2019-01-13 21:00:16 PLC 触发线圈2(S02)
2019-01-13 21:01:00 PLC 触发线圈3(S03)
2019-01-13 21:01:03 PLC 触发线圈2(S02)
2019-01-13 21:01:31 PLC 触发线圈2(S02)
2019-01-13 21:01:57 PLC 触发线圈3(S03)
2019-01-13 21:02:01 PLC 触发线圈2(S02)
2019-01-13 21:03:02 PLC 触发线圈2(S02)
2019-01-13 21:04:05 PLC 触发线圈2(S02)
2019-01-13 21:04:45 PLC 触发线圈2(S02)
2019-01-13 21:04:49 PLC 自动运行应答成功(AC00)
2019-01-13 21:04:50 PLC 触发线圈2(S02)
2019-01-13 21:04:50 视频 开始线扫
2019-01-13 21:05:36 PLC 触发线圈3(S03)
2019-01-13 21:05:36 PLC 开始采集(S00)
2019-01-13 21:05:36 PLC 快门打开(S05)
2019-01-13 21:05:36 采集卡 开始采集图片
2019-01-13 21:05:36 采集卡 启动采集
2019-01-13 21:05:43 PLC 采集结束(S16)
2019-01-13 21:05:43 采集卡 停止采集
2019-01-13 21:05:43 采集卡 采集完成
2019-01-13 21:05:43 采集卡 转换数据
2019-01-13 21:05:43 PLC 快门关闭(S06)
2019-01-13 21:05:43 采集卡 转换AD
2019-01-13 21:05:43 采集卡 修改点
2019-01-13 21:05:43 采集卡 GAMMA
2019-01-13 21:05:43 采集卡 容积96
2019-01-13 21:05:43 采集卡 反转图像
2019-01-13 21:05:43 视频 结束线扫
2019-01-13 21:05:43 采集卡 生成图片数组
2019-01-13 21:05:43 采集卡 图片长度12187
2019-01-13 21:05:57 上位机 非绿通保存成功
2019-01-13 21:06:08 PLC 手动运行应答成功(AC01)
2019-01-13 21:06:09 PLC 开道闸1应答成功(AC04)
2019-01-13 21:06:09 PLC 开道闸2应答成功(AC15)
2019-01-13 21:06:12 PLC 触发线圈2(S02)
2019-01-13 21:06:54 高压电源 192.168.127.251关闭高压
2019-01-13 21:06:54 高压电源 192.168.127.252关闭高压
2019-01-13 21:07:06 高压电源 192.168.127.251关闭高压
2019-01-13 21:07:06 高压电源 192.168.127.252关闭高压
