2019-01-12 14:59:29 上位机 车牌初始化成功
2019-01-12 14:59:29 PLC 手动运行应答成功(AC01)
2019-01-12 14:59:29 PLC PLC始化成功
2019-01-12 14:59:31 采集卡 192.168.1.26初始化成功。
2019-01-12 14:59:31 采集卡 192.168.1.24初始化成功。
2019-01-12 14:59:31 高压电源 192.168.127.251:高压电源初始化成功
2019-01-12 14:59:31 高压电源 192.168.127.252:高压电源初始化成功
2019-01-12 14:59:36 PLC 关道闸1应答成功(AC05)
2019-01-12 14:59:36 PLC 关道闸2应答成功(AC16)
2019-01-12 14:59:37 高压电源 192.168.127.251打开高压
2019-01-12 14:59:37 高压电源 192.168.127.252打开高压
2019-01-12 14:59:37 高压电源 训机结束
2019-01-12 14:59:37 PLC 手动运行应答成功(AC01)
2019-01-12 14:59:37 PLC 触发线圈1(S01)
2019-01-12 14:59:37 PLC 开接收器(AC17)
2019-01-12 14:59:38 PLC 快门开应答成功(AC02)
2019-01-12 14:59:38 PLC 快门打开(S05)
2019-01-12 14:59:39 采集卡 开始采集满度
2019-01-12 14:59:39 采集卡 启动采集
2019-01-12 14:59:39 采集卡 采集完成
2019-01-12 14:59:39 采集卡 转换数据
2019-01-12 14:59:39 PLC 快门关应答成功(AC03)
2019-01-12 14:59:39 PLC 快门关闭(S06)
2019-01-12 14:59:41 高压电源 192.168.127.251关闭高压
2019-01-12 14:59:41 高压电源 192.168.127.252关闭高压
2019-01-12 14:59:42 采集卡 开始采集本底
2019-01-12 14:59:42 采集卡 启动采集
2019-01-12 14:59:42 采集卡 采集完成
2019-01-12 14:59:42 采集卡 转换数据
2019-01-12 14:59:42 高压电源 192.168.127.251打开高压
2019-01-12 14:59:43 高压电源 192.168.127.252打开高压
2019-01-12 14:59:44 PLC 快门开应答成功(AC02)
2019-01-12 14:59:44 PLC 快门打开(S05)
2019-01-12 14:59:46 采集卡 开始采集图片
2019-01-12 14:59:46 采集卡 启动采集
2019-01-12 14:59:48 采集卡 停止采集
2019-01-12 14:59:48 采集卡 采集完成
2019-01-12 14:59:48 采集卡 转换数据
2019-01-12 14:59:48 采集卡 转换AD
2019-01-12 14:59:48 采集卡 修改点
2019-01-12 14:59:48 采集卡 GAMMA
2019-01-12 14:59:48 采集卡 容积99
2019-01-12 14:59:48 采集卡 反转图像
2019-01-12 14:59:48 采集卡 生成图片数组
2019-01-12 14:59:48 采集卡 图片长度4307
2019-01-12 14:59:49 PLC 快门关应答成功(AC03)
2019-01-12 14:59:49 PLC 快门关闭(S06)
2019-01-12 14:59:49 PLC 自动运行应答成功(AC00)
2019-01-12 15:00:05 上位机 非绿通保存成功
2019-01-12 15:00:05 PLC 放行应答成功(AC14)
2019-01-12 15:00:08 PLC 触发线圈2(S02)
2019-01-12 15:00:08 下位机 打开高压
2019-01-12 15:00:10 PLC 触发线圈3(S03)
2019-01-12 15:00:10 PLC 开始采集(S00)
2019-01-12 15:00:10 视频 开始线扫
2019-01-12 15:00:10 PLC 快门打开(S05)
2019-01-12 15:00:10 采集卡 开始采集图片
2019-01-12 15:00:10 采集卡 启动采集
2019-01-12 15:00:10 PLC 触发线圈1(S01)
2019-01-12 15:00:11 PLC 采集结束(S16)
2019-01-12 15:00:11 采集卡 停止采集
2019-01-12 15:00:11 采集卡 采集完成
2019-01-12 15:00:11 采集卡 转换数据
2019-01-12 15:00:11 采集卡 转换AD
2019-01-12 15:00:11 采集卡 修改点
2019-01-12 15:00:11 采集卡 GAMMA
2019-01-12 15:00:11 采集卡 容积0
2019-01-12 15:00:11 采集卡 反转图像
2019-01-12 15:00:11 采集卡 生成图片数组
2019-01-12 15:00:11 PLC 快门关闭(S06)
2019-01-12 15:00:11 采集卡 图片长度5353
2019-01-12 15:00:12 视频 结束线扫
2019-01-12 15:00:12 PLC 快门关闭(S06)
2019-01-12 15:00:14 PLC 触发线圈2(S02)
2019-01-12 15:00:30 上位机 非绿通保存成功
2019-01-12 15:00:32 PLC 放行应答成功(AC14)
2019-01-12 15:00:32 PLC 放行应答成功(AC14)
2019-01-12 15:00:39 PLC 触发线圈1(S01)
2019-01-12 15:01:13 PLC 自动运行应答成功(AC00)
2019-01-12 15:01:17 PLC 触发线圈2(S02)
2019-01-12 15:01:21 PLC 触发线圈1(S01)
2019-01-12 15:02:06 上位机 非绿通保存成功
2019-01-12 15:02:06 PLC 放行应答成功(AC14)
2019-01-12 15:02:08 PLC 触发线圈2(S02)
2019-01-12 15:02:12 PLC 触发线圈1(S01)
2019-01-12 15:02:16 PLC 触发线圈2(S02)
2019-01-12 15:02:35 上位机 非绿通保存成功
2019-01-12 15:02:36 PLC 放行应答成功(AC14)
2019-01-12 15:02:36 PLC 放行应答成功(AC14)
2019-01-12 15:02:44 PLC 触发线圈1(S01)
2019-01-12 15:03:10 PLC 触发线圈2(S02)
2019-01-12 15:03:12 上位机 非绿通保存成功
2019-01-12 15:03:12 PLC 放行应答成功(AC14)
2019-01-12 15:03:22 PLC 触发线圈1(S01)
2019-01-12 15:03:29 上位机 非绿通保存成功
2019-01-12 15:03:32 PLC 手动运行应答成功(AC01)
2019-01-12 15:03:34 PLC 开道闸1应答成功(AC04)
2019-01-12 15:03:34 PLC 开道闸2应答成功(AC15)
2019-01-12 15:03:46 PLC 触发线圈2(S02)
2019-01-12 15:03:48 PLC 触发线圈1(S01)
2019-01-12 15:03:52 PLC 触发线圈2(S02)
2019-01-12 15:03:58 PLC 触发线圈1(S01)
2019-01-12 15:04:00 PLC 触发线圈2(S02)
2019-01-12 15:04:04 PLC 触发线圈1(S01)
2019-01-12 15:04:09 PLC 触发线圈2(S02)
2019-01-12 15:04:39 PLC 触发线圈1(S01)
2019-01-12 15:04:42 PLC 触发线圈2(S02)
2019-01-12 15:05:01 PLC 触发线圈1(S01)
2019-01-12 15:05:03 PLC 触发线圈2(S02)
2019-01-12 15:05:35 PLC 触发线圈1(S01)
2019-01-12 15:05:36 PLC 自动运行应答成功(AC00)
2019-01-12 15:05:51 PLC 自动运行应答成功(AC00)
2019-01-12 15:05:51 PLC 自动运行应答成功(AC00)
2019-01-12 15:07:29 PLC 触发线圈2(S02)
2019-01-12 15:07:32 PLC 触发线圈3(S03)
2019-01-12 15:07:32 PLC 开始采集(S00)
2019-01-12 15:07:32 视频 开始线扫
2019-01-12 15:07:32 PLC 快门打开(S05)
2019-01-12 15:07:33 采集卡 开始采集图片
2019-01-12 15:07:33 采集卡 启动采集
2019-01-12 15:07:42 PLC 采集结束(S16)
2019-01-12 15:07:42 采集卡 停止采集
2019-01-12 15:07:42 采集卡 采集完成
2019-01-12 15:07:42 采集卡 转换数据
2019-01-12 15:07:42 PLC 快门关闭(S06)
2019-01-12 15:07:42 采集卡 转换AD
2019-01-12 15:07:42 采集卡 修改点
2019-01-12 15:07:42 采集卡 GAMMA
2019-01-12 15:07:42 采集卡 容积85
2019-01-12 15:07:42 采集卡 反转图像
2019-01-12 15:07:42 采集卡 生成图片数组
2019-01-12 15:07:42 采集卡 图片长度24018
2019-01-12 15:07:43 视频 结束线扫
2019-01-12 15:07:43 PLC 快门关闭(S06)
2019-01-12 15:07:53 PLC 触发线圈1(S01)
2019-01-12 15:08:39 上位机 绿通保存成功
2019-01-12 15:08:51 PLC 放行应答成功(AC14)
2019-01-12 15:08:55 PLC 手动运行应答成功(AC01)
2019-01-12 15:08:57 PLC 开道闸1应答成功(AC04)
2019-01-12 15:08:57 PLC 触发线圈2(S02)
2019-01-12 15:08:57 PLC 开道闸2应答成功(AC15)
2019-01-12 15:09:02 PLC 自动运行应答成功(AC00)
2019-01-12 15:09:06 PLC 触发线圈1(S01)
2019-01-12 15:09:19 PLC 触发线圈2(S02)
2019-01-12 15:09:44 PLC 触发线圈3(S03)
2019-01-12 15:09:44 PLC 开始采集(S00)
2019-01-12 15:09:44 视频 开始线扫
2019-01-12 15:09:44 PLC 快门打开(S05)
2019-01-12 15:09:45 采集卡 开始采集图片
2019-01-12 15:09:45 采集卡 启动采集
2019-01-12 15:09:53 PLC 采集结束(S16)
2019-01-12 15:09:53 采集卡 停止采集
2019-01-12 15:09:53 采集卡 采集完成
2019-01-12 15:09:53 采集卡 转换数据
2019-01-12 15:09:53 PLC 快门关闭(S06)
2019-01-12 15:09:53 采集卡 转换AD
2019-01-12 15:09:53 采集卡 修改点
2019-01-12 15:09:53 采集卡 GAMMA
2019-01-12 15:09:53 采集卡 容积86
2019-01-12 15:09:53 采集卡 反转图像
2019-01-12 15:09:53 采集卡 生成图片数组
2019-01-12 15:09:53 采集卡 图片长度24173
2019-01-12 15:09:53 视频 结束线扫
2019-01-12 15:09:53 PLC 快门关闭(S06)
2019-01-12 15:09:54 PLC 触发线圈1(S01)
2019-01-12 15:10:40 PLC 手动运行应答成功(AC01)
2019-01-12 15:10:41 PLC 开道闸1应答成功(AC04)
2019-01-12 15:10:41 PLC 开道闸2应答成功(AC15)
2019-01-12 15:10:47 PLC 触发线圈2(S02)
2019-01-12 15:10:49 PLC 触发线圈3(S03)
2019-01-12 15:11:26 PLC 触发线圈1(S01)
2019-01-12 15:11:30 PLC 触发线圈2(S02)
2019-01-12 15:11:34 PLC 触发线圈3(S03)
2019-01-12 15:12:07 PLC 触发线圈1(S01)
2019-01-12 15:12:10 PLC 触发线圈3(S03)
2019-01-12 15:12:15 PLC 触发线圈2(S02)
2019-01-12 15:12:18 PLC 触发线圈3(S03)
2019-01-12 15:12:29 PLC 触发线圈1(S01)
2019-01-12 15:12:42 高压电源 192.168.127.251关闭高压
2019-01-12 15:12:42 高压电源 192.168.127.252关闭高压
