2020-07-06 21:32:48 采集卡 开始采集本底
2020-07-06 21:32:48 采集卡 转换数据
2020-07-06 21:32:49 采集卡 开始采集满度
2020-07-06 21:32:49 采集卡 转换数据
2020-07-06 21:33:16 采集卡 开始采集图片
2020-07-06 21:33:16 采集卡 转换数据
2020-07-06 21:33:16 采集卡 转换AD
2020-07-06 21:33:16 采集卡 修改点
2020-07-06 21:33:16 采集卡 GAMMA
2020-07-06 21:33:16 采集卡 容积99
2020-07-06 21:33:16 采集卡 反转图像
2020-07-06 21:33:16 采集卡 生成图片数组
2020-07-06 21:33:16 采集卡 图片长度2252
2020-07-06 21:33:17 采集卡 停止采集
2020-07-06 21:33:29 采集卡 开始采集图片
2020-07-06 21:33:55 采集卡 转换数据
2020-07-06 21:33:56 采集卡 转换AD
2020-07-06 21:33:56 采集卡 修改点
2020-07-06 21:33:56 采集卡 GAMMA
2020-07-06 21:33:56 采集卡 容积99
2020-07-06 21:33:56 采集卡 反转图像
2020-07-06 21:33:56 采集卡 生成图片数组
2020-07-06 21:33:56 采集卡 图片长度2252
2020-07-06 21:33:58 采集卡 开始采集满度
2020-07-06 21:34:01 采集卡 转换数据
2020-07-06 21:34:04 采集卡 开始采集图片
2020-07-06 21:34:04 采集卡 转换数据
2020-07-06 21:34:04 采集卡 转换AD
2020-07-06 21:34:04 采集卡 修改点
2020-07-06 21:34:04 采集卡 GAMMA
2020-07-06 21:34:04 采集卡 容积99
2020-07-06 21:34:04 采集卡 反转图像
2020-07-06 21:34:04 采集卡 生成图片数组
2020-07-06 21:34:04 采集卡 图片长度2252
2020-07-06 21:34:12 采集卡 开始采集图片
2020-07-06 21:34:50 采集卡 转换数据
2020-07-06 21:34:52 采集卡 转换AD
2020-07-06 21:34:52 采集卡 修改点
2020-07-06 21:34:52 采集卡 GAMMA
2020-07-06 21:34:52 采集卡 容积99
2020-07-06 21:34:52 采集卡 反转图像
2020-07-06 21:35:36 采集卡 生成图片数组
2020-07-06 21:36:31 采集卡 图片长度2252
2020-07-06 21:36:57 采集卡 开始采集图片
2020-07-06 21:36:59 采集卡 转换数据
2020-07-06 21:36:59 采集卡 转换AD
2020-07-06 21:36:59 采集卡 修改点
2020-07-06 21:36:59 采集卡 GAMMA
2020-07-06 21:36:59 采集卡 容积99
2020-07-06 21:36:59 采集卡 反转图像
2020-07-06 21:36:59 采集卡 生成图片数组
2020-07-06 21:36:59 采集卡 图片长度2252
2020-07-06 21:38:13 采集卡 开始采集图片
2020-07-06 21:38:15 采集卡 转换数据
2020-07-06 21:38:15 采集卡 转换AD
2020-07-06 21:38:15 采集卡 修改点
2020-07-06 21:38:15 采集卡 GAMMA
2020-07-06 21:38:15 采集卡 容积99
2020-07-06 21:38:15 采集卡 反转图像
2020-07-06 21:38:15 采集卡 生成图片数组
2020-07-06 21:38:15 采集卡 图片长度2252
2020-07-06 21:39:26 采集卡 开始采集图片
2020-07-06 21:39:29 采集卡 转换数据
2020-07-06 21:39:30 采集卡 转换AD
2020-07-06 21:39:30 采集卡 修改点
2020-07-06 21:39:30 采集卡 GAMMA
2020-07-06 21:39:30 采集卡 容积99
2020-07-06 21:39:30 采集卡 反转图像
2020-07-06 21:39:30 采集卡 生成图片数组
2020-07-06 21:39:30 采集卡 图片长度2252
2020-07-06 21:40:46 采集卡 开始采集图片
2020-07-06 21:40:46 采集卡 转换数据
2020-07-06 21:40:46 采集卡 转换AD
2020-07-06 21:40:46 采集卡 修改点
2020-07-06 21:40:46 采集卡 GAMMA
2020-07-06 21:40:46 采集卡 容积99
2020-07-06 21:40:46 采集卡 反转图像
2020-07-06 21:40:46 采集卡 生成图片数组
2020-07-06 21:40:46 采集卡 图片长度2252
