2021-10-10 10:11:20 采集卡 开始采集本底
2021-10-10 10:11:20 采集卡 启动采集
2021-10-10 10:11:21 采集卡 采集完成
2021-10-10 10:11:21 采集卡 转换数据
2021-10-10 10:11:27 采集卡 开始采集本底
2021-10-10 10:11:27 采集卡 启动采集
2021-10-10 10:11:28 采集卡 采集完成
2021-10-10 10:11:28 采集卡 转换数据
2021-10-10 10:11:33 采集卡 开始采集本底
2021-10-10 10:11:33 采集卡 启动采集
2021-10-10 10:11:36 采集卡 开始采集本底
2021-10-10 10:11:36 采集卡 启动采集
2021-10-10 10:11:51 采集卡 开始采集本底
2021-10-10 10:11:51 采集卡 启动采集
2021-10-10 10:11:54 采集卡 采集完成
2021-10-10 10:11:54 采集卡 转换数据
2021-10-10 10:12:38 采集卡 开始采集本底
2021-10-10 10:12:38 采集卡 启动采集
2021-10-10 10:12:39 采集卡 采集完成
2021-10-10 10:12:39 采集卡 转换数据
2021-10-10 10:17:41 采集卡 开始采集本底
2021-10-10 10:17:41 采集卡 启动采集
2021-10-10 10:17:44 采集卡 采集完成
2021-10-10 10:17:44 采集卡 转换数据
2021-10-10 10:18:14 采集卡 开始采集满度
2021-10-10 10:18:14 采集卡 启动采集
2021-10-10 10:18:17 采集卡 采集完成
2021-10-10 10:18:17 采集卡 转换数据
2021-10-10 10:25:30 采集卡 开始采集图片
2021-10-10 10:25:30 采集卡 启动采集
2021-10-10 10:25:32 采集卡 采集完成
2021-10-10 10:25:32 采集卡 转换数据
2021-10-10 10:25:32 采集卡 转换AD
2021-10-10 10:25:32 采集卡 修改点
2021-10-10 10:25:32 采集卡 GAMMA
2021-10-10 10:25:32 采集卡 生成图片数组
2021-10-10 10:25:39 采集卡 开始采集图片
2021-10-10 10:25:39 采集卡 启动采集
2021-10-10 10:25:40 采集卡 采集完成
2021-10-10 10:25:40 采集卡 转换数据
2021-10-10 10:25:41 采集卡 转换AD
2021-10-10 10:25:41 采集卡 修改点
2021-10-10 10:25:41 采集卡 GAMMA
2021-10-10 10:25:41 采集卡 生成图片数组
2021-10-10 10:25:44 采集卡 开始采集图片
2021-10-10 10:25:44 采集卡 启动采集
2021-10-10 10:25:46 采集卡 采集完成
2021-10-10 10:25:46 采集卡 转换数据
2021-10-10 10:25:46 采集卡 转换AD
2021-10-10 10:25:46 采集卡 修改点
2021-10-10 10:25:46 采集卡 GAMMA
2021-10-10 10:25:46 采集卡 生成图片数组
2021-10-10 10:25:57 采集卡 开始采集图片
2021-10-10 10:25:57 采集卡 启动采集
2021-10-10 10:25:59 采集卡 采集完成
2021-10-10 10:25:59 采集卡 转换数据
2021-10-10 10:25:59 采集卡 转换AD
2021-10-10 10:25:59 采集卡 修改点
2021-10-10 10:25:59 采集卡 GAMMA
2021-10-10 10:25:59 采集卡 生成图片数组
2021-10-10 10:26:10 采集卡 开始采集图片
2021-10-10 10:26:10 采集卡 启动采集
2021-10-10 10:26:12 采集卡 停止采集
2021-10-10 10:26:12 采集卡 转换数据
2021-10-10 10:26:13 采集卡 转换AD
2021-10-10 10:26:13 采集卡 修改点
2021-10-10 10:26:13 采集卡 GAMMA
2021-10-10 10:26:13 采集卡 生成图片数组
2021-10-10 10:26:24 采集卡 开始采集图片
2021-10-10 10:26:24 采集卡 启动采集
2021-10-10 10:26:27 采集卡 采集完成
2021-10-10 10:26:27 采集卡 转换数据
2021-10-10 10:26:27 采集卡 转换AD
2021-10-10 10:26:27 采集卡 修改点
2021-10-10 10:26:27 采集卡 GAMMA
2021-10-10 10:26:27 采集卡 生成图片数组
2021-10-10 10:28:08 采集卡 开始采集图片
2021-10-10 10:28:08 采集卡 启动采集
2021-10-10 10:28:27 采集卡 停止采集
2021-10-10 10:28:27 采集卡 转换数据
2021-10-10 10:28:27 采集卡 转换AD
2021-10-10 10:28:27 采集卡 修改点
2021-10-10 10:28:27 采集卡 GAMMA
2021-10-10 10:28:27 采集卡 生成图片数组
2021-10-10 10:28:50 采集卡 开始采集图片
2021-10-10 10:28:50 采集卡 启动采集
2021-10-10 10:28:52 采集卡 停止采集
2021-10-10 10:28:52 采集卡 转换数据
2021-10-10 10:28:52 采集卡 转换AD
2021-10-10 10:28:52 采集卡 修改点
2021-10-10 10:28:52 采集卡 GAMMA
2021-10-10 10:28:52 采集卡 生成图片数组
2021-10-10 10:35:38 采集卡 开始采集图片
2021-10-10 10:35:38 采集卡 启动采集
2021-10-10 10:35:40 采集卡 停止采集
2021-10-10 10:35:40 采集卡 转换数据
2021-10-10 10:35:40 采集卡 转换AD
2021-10-10 10:35:40 采集卡 修改点
2021-10-10 10:35:40 采集卡 GAMMA
2021-10-10 10:35:40 采集卡 生成图片数组
2021-10-10 10:35:44 采集卡 开始采集图片
2021-10-10 10:35:44 采集卡 启动采集
2021-10-10 10:35:45 采集卡 采集完成
2021-10-10 10:35:45 采集卡 转换数据
2021-10-10 10:35:45 采集卡 转换AD
2021-10-10 10:35:45 采集卡 修改点
2021-10-10 10:35:45 采集卡 GAMMA
2021-10-10 10:35:45 采集卡 生成图片数组
2021-10-10 10:35:46 采集卡 开始采集图片
2021-10-10 10:35:46 采集卡 启动采集
2021-10-10 10:35:48 采集卡 停止采集
2021-10-10 10:35:48 采集卡 转换数据
2021-10-10 10:35:48 采集卡 转换AD
2021-10-10 10:35:48 采集卡 修改点
2021-10-10 10:35:48 采集卡 GAMMA
2021-10-10 10:35:48 采集卡 生成图片数组
2021-10-10 10:35:49 采集卡 开始采集图片
2021-10-10 10:35:49 采集卡 启动采集
2021-10-10 10:35:50 采集卡 停止采集
2021-10-10 10:35:50 采集卡 转换数据
2021-10-10 10:35:50 采集卡 转换AD
2021-10-10 10:35:50 采集卡 修改点
2021-10-10 10:35:50 采集卡 GAMMA
2021-10-10 10:35:50 采集卡 生成图片数组
2021-10-10 10:36:01 采集卡 开始采集图片
2021-10-10 10:36:01 采集卡 启动采集
2021-10-10 10:36:03 采集卡 采集完成
2021-10-10 10:36:03 采集卡 转换数据
2021-10-10 10:36:03 采集卡 转换AD
2021-10-10 10:36:03 采集卡 修改点
2021-10-10 10:36:03 采集卡 GAMMA
2021-10-10 10:36:03 采集卡 生成图片数组
2021-10-10 10:36:05 采集卡 开始采集图片
2021-10-10 10:36:05 采集卡 启动采集
2021-10-10 10:36:07 采集卡 停止采集
2021-10-10 10:36:07 采集卡 转换数据
2021-10-10 10:36:07 采集卡 转换AD
2021-10-10 10:36:07 采集卡 修改点
2021-10-10 10:36:07 采集卡 GAMMA
2021-10-10 10:36:07 采集卡 生成图片数组
2021-10-10 10:36:09 采集卡 开始采集图片
2021-10-10 10:36:09 采集卡 启动采集
2021-10-10 10:36:12 采集卡 采集完成
2021-10-10 10:36:12 采集卡 转换数据
2021-10-10 10:36:12 采集卡 转换AD
2021-10-10 10:36:12 采集卡 修改点
2021-10-10 10:36:12 采集卡 GAMMA
2021-10-10 10:36:12 采集卡 生成图片数组
2021-10-10 10:36:13 采集卡 开始采集图片
2021-10-10 10:36:13 采集卡 启动采集
2021-10-10 10:36:15 采集卡 采集完成
2021-10-10 10:36:15 采集卡 转换数据
2021-10-10 10:36:15 采集卡 转换AD
2021-10-10 10:36:15 采集卡 修改点
2021-10-10 10:36:15 采集卡 GAMMA
2021-10-10 10:36:15 采集卡 生成图片数组
2021-10-10 10:36:17 采集卡 开始采集图片
2021-10-10 10:36:17 采集卡 启动采集
2021-10-10 10:36:19 采集卡 采集完成
2021-10-10 10:36:19 采集卡 转换数据
2021-10-10 10:36:19 采集卡 转换AD
2021-10-10 10:36:19 采集卡 修改点
2021-10-10 10:36:19 采集卡 GAMMA
2021-10-10 10:36:19 采集卡 生成图片数组
2021-10-10 10:36:21 采集卡 开始采集图片
2021-10-10 10:36:21 采集卡 启动采集
2021-10-10 10:36:23 采集卡 停止采集
2021-10-10 10:36:23 采集卡 转换数据
2021-10-10 10:36:23 采集卡 转换AD
2021-10-10 10:36:23 采集卡 修改点
2021-10-10 10:36:23 采集卡 GAMMA
2021-10-10 10:36:23 采集卡 生成图片数组
2021-10-10 10:36:33 采集卡 开始采集图片
2021-10-10 10:36:33 采集卡 启动采集
2021-10-10 10:36:34 采集卡 停止采集
2021-10-10 10:36:34 采集卡 转换数据
2021-10-10 10:36:34 采集卡 转换AD
2021-10-10 10:36:34 采集卡 修改点
2021-10-10 10:36:34 采集卡 GAMMA
2021-10-10 10:36:34 采集卡 生成图片数组
2021-10-10 10:36:36 采集卡 开始采集图片
2021-10-10 10:36:36 采集卡 启动采集
2021-10-10 10:36:38 采集卡 停止采集
2021-10-10 10:36:38 采集卡 转换数据
2021-10-10 10:36:38 采集卡 转换AD
2021-10-10 10:36:38 采集卡 修改点
2021-10-10 10:36:38 采集卡 GAMMA
2021-10-10 10:36:38 采集卡 生成图片数组
2021-10-10 10:36:40 采集卡 开始采集图片
2021-10-10 10:36:40 采集卡 启动采集
2021-10-10 10:36:42 采集卡 采集完成
2021-10-10 10:36:42 采集卡 转换数据
2021-10-10 10:36:42 采集卡 转换AD
2021-10-10 10:36:42 采集卡 修改点
2021-10-10 10:36:42 采集卡 GAMMA
2021-10-10 10:36:42 采集卡 生成图片数组
2021-10-10 10:36:44 采集卡 开始采集图片
2021-10-10 10:36:44 采集卡 启动采集
2021-10-10 10:36:46 采集卡 采集完成
2021-10-10 10:36:46 采集卡 转换数据
2021-10-10 10:36:46 采集卡 转换AD
2021-10-10 10:36:46 采集卡 修改点
2021-10-10 10:36:46 采集卡 GAMMA
2021-10-10 10:36:46 采集卡 生成图片数组
2021-10-10 10:36:49 采集卡 开始采集图片
2021-10-10 10:36:49 采集卡 启动采集
2021-10-10 10:36:51 采集卡 采集完成
2021-10-10 10:36:51 采集卡 转换数据
2021-10-10 10:36:51 采集卡 转换AD
2021-10-10 10:36:51 采集卡 修改点
2021-10-10 10:36:51 采集卡 GAMMA
2021-10-10 10:36:51 采集卡 生成图片数组
2021-10-10 10:36:54 采集卡 开始采集图片
2021-10-10 10:36:54 采集卡 启动采集
2021-10-10 10:36:58 采集卡 停止采集
2021-10-10 10:37:04 采集卡 开始采集图片
2021-10-10 10:37:04 采集卡 启动采集
2021-10-10 10:37:07 采集卡 采集完成
2021-10-10 10:37:07 采集卡 转换数据
2021-10-10 10:37:07 采集卡 转换AD
2021-10-10 10:37:07 采集卡 修改点
2021-10-10 10:37:07 采集卡 GAMMA
2021-10-10 10:37:07 采集卡 生成图片数组
2021-10-10 10:37:16 采集卡 开始采集图片
2021-10-10 10:37:16 采集卡 启动采集
2021-10-10 10:37:18 采集卡 采集完成
2021-10-10 10:37:18 采集卡 转换数据
2021-10-10 10:37:18 采集卡 转换AD
2021-10-10 10:37:18 采集卡 修改点
2021-10-10 10:37:18 采集卡 GAMMA
2021-10-10 10:37:18 采集卡 生成图片数组
2021-10-10 10:38:47 采集卡 开始采集满度
2021-10-10 10:38:47 采集卡 启动采集
2021-10-10 10:38:48 采集卡 采集完成
2021-10-10 10:38:48 采集卡 转换数据
2021-10-10 10:39:32 采集卡 停止采集
2021-10-10 10:39:36 采集卡 开始采集图片
2021-10-10 10:39:36 采集卡 启动采集
2021-10-10 10:39:37 采集卡 采集完成
2021-10-10 10:39:37 采集卡 转换数据
2021-10-10 10:39:37 采集卡 转换AD
2021-10-10 10:39:37 采集卡 修改点
2021-10-10 10:39:37 采集卡 GAMMA
2021-10-10 10:39:37 采集卡 生成图片数组
2021-10-10 10:39:43 采集卡 开始采集满度
2021-10-10 10:39:43 采集卡 启动采集
2021-10-10 10:39:44 采集卡 采集完成
2021-10-10 10:39:44 采集卡 转换数据
2021-10-10 10:40:03 采集卡 开始采集满度
2021-10-10 10:40:03 采集卡 启动采集
2021-10-10 10:40:04 采集卡 采集完成
2021-10-10 10:40:04 采集卡 转换数据
2021-10-10 10:40:10 采集卡 开始采集满度
2021-10-10 10:40:10 采集卡 启动采集
2021-10-10 10:40:11 采集卡 采集完成
2021-10-10 10:40:11 采集卡 转换数据
2021-10-10 10:40:15 采集卡 开始采集满度
2021-10-10 10:40:15 采集卡 启动采集
2021-10-10 10:40:16 采集卡 采集完成
2021-10-10 10:40:16 采集卡 转换数据
2021-10-10 10:41:12 采集卡 开始采集满度
2021-10-10 10:41:12 采集卡 启动采集
2021-10-10 10:41:12 采集卡 采集完成
2021-10-10 10:41:12 采集卡 转换数据
2021-10-10 10:41:15 采集卡 停止采集
2021-10-10 10:41:16 采集卡 开始采集图片
2021-10-10 10:41:16 采集卡 启动采集
2021-10-10 10:41:17 采集卡 停止采集
2021-10-10 10:41:17 采集卡 转换数据
2021-10-10 10:41:17 采集卡 转换AD
2021-10-10 10:41:17 采集卡 修改点
2021-10-10 10:41:17 采集卡 GAMMA
2021-10-10 10:41:17 采集卡 生成图片数组
2021-10-10 10:41:19 采集卡 开始采集图片
2021-10-10 10:41:19 采集卡 启动采集
2021-10-10 10:41:20 采集卡 采集完成
2021-10-10 10:41:20 采集卡 转换数据
2021-10-10 10:41:20 采集卡 转换AD
2021-10-10 10:41:20 采集卡 修改点
2021-10-10 10:41:20 采集卡 GAMMA
2021-10-10 10:41:20 采集卡 生成图片数组
2021-10-10 10:41:22 采集卡 开始采集图片
2021-10-10 10:41:22 采集卡 启动采集
2021-10-10 10:41:24 采集卡 采集完成
2021-10-10 10:41:24 采集卡 转换数据
2021-10-10 10:41:24 采集卡 转换AD
2021-10-10 10:41:24 采集卡 修改点
2021-10-10 10:41:24 采集卡 GAMMA
2021-10-10 10:41:24 采集卡 生成图片数组
2021-10-10 10:41:26 采集卡 开始采集图片
2021-10-10 10:41:26 采集卡 启动采集
2021-10-10 10:41:28 采集卡 采集完成
2021-10-10 10:41:28 采集卡 转换数据
2021-10-10 10:41:28 采集卡 转换AD
2021-10-10 10:41:28 采集卡 修改点
2021-10-10 10:41:28 采集卡 GAMMA
2021-10-10 10:41:28 采集卡 生成图片数组
2021-10-10 10:41:29 采集卡 开始采集满度
2021-10-10 10:41:29 采集卡 启动采集
2021-10-10 10:41:30 采集卡 采集完成
2021-10-10 10:41:30 采集卡 转换数据
2021-10-10 10:41:31 采集卡 开始采集图片
2021-10-10 10:41:31 采集卡 启动采集
2021-10-10 10:41:32 采集卡 采集完成
2021-10-10 10:41:32 采集卡 转换数据
2021-10-10 10:41:32 采集卡 转换AD
2021-10-10 10:41:32 采集卡 修改点
2021-10-10 10:41:32 采集卡 GAMMA
2021-10-10 10:41:32 采集卡 生成图片数组
2021-10-10 10:41:40 采集卡 开始采集图片
2021-10-10 10:41:40 采集卡 启动采集
2021-10-10 10:41:42 采集卡 停止采集
2021-10-10 10:41:42 采集卡 转换数据
2021-10-10 10:41:42 采集卡 转换AD
2021-10-10 10:41:42 采集卡 修改点
2021-10-10 10:41:42 采集卡 GAMMA
2021-10-10 10:41:42 采集卡 生成图片数组
2021-10-10 10:41:44 采集卡 开始采集满度
2021-10-10 10:41:44 采集卡 启动采集
2021-10-10 10:41:53 采集卡 开始采集满度
2021-10-10 10:41:53 采集卡 启动采集
2021-10-10 10:41:54 采集卡 采集完成
2021-10-10 10:41:54 采集卡 转换数据
2021-10-10 10:42:00 采集卡 停止采集
2021-10-10 10:42:01 采集卡 开始采集图片
2021-10-10 10:42:01 采集卡 启动采集
2021-10-10 10:42:02 采集卡 采集完成
2021-10-10 10:42:02 采集卡 转换数据
2021-10-10 10:42:02 采集卡 转换AD
2021-10-10 10:42:02 采集卡 修改点
2021-10-10 10:42:02 采集卡 GAMMA
2021-10-10 10:42:02 采集卡 生成图片数组
2021-10-10 10:42:42 采集卡 开始采集本底
2021-10-10 10:42:42 采集卡 启动采集
2021-10-10 10:42:43 采集卡 采集完成
2021-10-10 10:42:43 采集卡 转换数据
2021-10-10 10:43:18 采集卡 开始采集本底
2021-10-10 10:43:18 采集卡 启动采集
2021-10-10 10:43:21 采集卡 采集完成
2021-10-10 10:43:21 采集卡 转换数据
2021-10-10 10:43:41 采集卡 开始采集图片
2021-10-10 10:43:41 采集卡 启动采集
2021-10-10 10:43:42 采集卡 采集完成
2021-10-10 10:43:42 采集卡 转换数据
2021-10-10 10:43:42 采集卡 转换AD
2021-10-10 10:43:42 采集卡 修改点
2021-10-10 10:43:42 采集卡 GAMMA
2021-10-10 10:43:42 采集卡 生成图片数组
2021-10-10 10:43:48 采集卡 开始采集图片
2021-10-10 10:43:48 采集卡 启动采集
2021-10-10 10:43:49 采集卡 采集完成
2021-10-10 10:43:49 采集卡 转换数据
2021-10-10 10:43:49 采集卡 转换AD
2021-10-10 10:43:49 采集卡 修改点
2021-10-10 10:43:49 采集卡 GAMMA
2021-10-10 10:43:49 采集卡 生成图片数组
2021-10-10 10:43:53 采集卡 开始采集图片
2021-10-10 10:43:53 采集卡 启动采集
2021-10-10 10:43:55 采集卡 采集完成
2021-10-10 10:43:55 采集卡 转换数据
2021-10-10 10:43:55 采集卡 转换AD
2021-10-10 10:43:55 采集卡 修改点
2021-10-10 10:43:55 采集卡 GAMMA
2021-10-10 10:43:55 采集卡 生成图片数组
2021-10-10 10:44:29 采集卡 开始采集图片
2021-10-10 10:44:29 采集卡 启动采集
2021-10-10 10:44:31 采集卡 采集完成
2021-10-10 10:44:31 采集卡 转换数据
2021-10-10 10:44:31 采集卡 转换AD
2021-10-10 10:44:31 采集卡 修改点
2021-10-10 10:44:31 采集卡 GAMMA
2021-10-10 10:44:31 采集卡 生成图片数组
2021-10-10 10:44:50 采集卡 开始采集图片
2021-10-10 10:44:50 采集卡 启动采集
2021-10-10 10:44:52 采集卡 采集完成
2021-10-10 10:44:52 采集卡 转换数据
2021-10-10 10:44:52 采集卡 转换AD
2021-10-10 10:44:52 采集卡 修改点
2021-10-10 10:44:52 采集卡 GAMMA
2021-10-10 10:44:52 采集卡 生成图片数组
2021-10-10 10:45:01 采集卡 开始采集满度
2021-10-10 10:45:01 采集卡 启动采集
2021-10-10 10:45:02 采集卡 采集完成
2021-10-10 10:45:02 采集卡 转换数据
2021-10-10 10:45:10 采集卡 开始采集满度
2021-10-10 10:45:10 采集卡 启动采集
2021-10-10 10:45:11 采集卡 采集完成
2021-10-10 10:45:11 采集卡 转换数据
2021-10-10 10:45:15 采集卡 开始采集满度
2021-10-10 10:45:15 采集卡 启动采集
2021-10-10 10:45:16 采集卡 采集完成
2021-10-10 10:45:16 采集卡 转换数据
2021-10-10 10:45:20 采集卡 开始采集图片
2021-10-10 10:45:20 采集卡 启动采集
2021-10-10 10:45:22 采集卡 采集完成
2021-10-10 10:45:22 采集卡 转换数据
2021-10-10 10:45:22 采集卡 转换AD
2021-10-10 10:45:22 采集卡 修改点
2021-10-10 10:45:22 采集卡 GAMMA
2021-10-10 10:45:22 采集卡 生成图片数组
2021-10-10 10:45:25 采集卡 开始采集满度
2021-10-10 10:45:25 采集卡 启动采集
2021-10-10 10:45:26 采集卡 采集完成
2021-10-10 10:45:26 采集卡 转换数据
2021-10-10 10:46:50 采集卡 开始采集满度
2021-10-10 10:46:50 采集卡 启动采集
2021-10-10 10:46:51 采集卡 采集完成
2021-10-10 10:46:51 采集卡 转换数据
2021-10-10 10:47:22 采集卡 开始采集满度
2021-10-10 10:47:22 采集卡 启动采集
2021-10-10 10:47:23 采集卡 采集完成
2021-10-10 10:47:23 采集卡 转换数据
2021-10-10 10:49:14 采集卡 开始采集图片
2021-10-10 10:49:14 采集卡 启动采集
2021-10-10 10:49:15 采集卡 停止采集
2021-10-10 10:49:15 采集卡 转换数据
2021-10-10 10:49:15 采集卡 转换AD
2021-10-10 10:49:15 采集卡 修改点
2021-10-10 10:49:15 采集卡 GAMMA
2021-10-10 10:49:15 采集卡 生成图片数组
2021-10-10 10:53:49 采集卡 开始采集图片
2021-10-10 10:53:49 采集卡 启动采集
2021-10-10 10:53:51 采集卡 采集完成
2021-10-10 10:53:51 采集卡 转换数据
2021-10-10 10:53:51 采集卡 转换AD
2021-10-10 10:53:51 采集卡 修改点
2021-10-10 10:53:51 采集卡 GAMMA
2021-10-10 10:53:51 采集卡 生成图片数组
2021-10-10 10:54:43 采集卡 开始采集图片
2021-10-10 10:54:43 采集卡 启动采集
2021-10-10 10:54:45 采集卡 采集完成
2021-10-10 10:54:45 采集卡 转换数据
2021-10-10 10:54:45 采集卡 转换AD
2021-10-10 10:54:45 采集卡 修改点
2021-10-10 10:54:45 采集卡 GAMMA
2021-10-10 10:54:45 采集卡 生成图片数组
2021-10-10 10:57:04 采集卡 开始采集图片
2021-10-10 10:57:04 采集卡 启动采集
2021-10-10 10:57:05 采集卡 停止采集
2021-10-10 10:57:05 采集卡 转换数据
2021-10-10 10:57:05 采集卡 转换AD
2021-10-10 10:57:05 采集卡 修改点
2021-10-10 10:57:05 采集卡 GAMMA
2021-10-10 10:57:05 采集卡 生成图片数组
2021-10-10 10:57:42 采集卡 开始采集图片
2021-10-10 10:57:42 采集卡 启动采集
2021-10-10 10:57:44 采集卡 停止采集
2021-10-10 10:57:44 采集卡 转换数据
2021-10-10 10:57:44 采集卡 转换AD
2021-10-10 10:57:44 采集卡 修改点
2021-10-10 10:57:44 采集卡 GAMMA
2021-10-10 10:57:44 采集卡 生成图片数组
2021-10-10 10:58:33 采集卡 开始采集图片
2021-10-10 10:58:33 采集卡 启动采集
2021-10-10 10:58:40 采集卡 采集完成
2021-10-10 10:58:40 采集卡 转换数据
2021-10-10 10:58:40 采集卡 转换AD
2021-10-10 10:58:40 采集卡 修改点
2021-10-10 10:58:40 采集卡 GAMMA
2021-10-10 10:58:40 采集卡 生成图片数组
2021-10-10 11:07:16 采集卡 开始采集图片
2021-10-10 11:07:16 采集卡 启动采集
2021-10-10 11:07:17 采集卡 停止采集
2021-10-10 11:07:17 采集卡 转换数据
2021-10-10 11:07:17 采集卡 转换AD
2021-10-10 11:07:17 采集卡 修改点
2021-10-10 11:07:17 采集卡 GAMMA
2021-10-10 11:07:17 采集卡 生成图片数组
2021-10-10 11:14:17 高压电源 192.168.127.252关闭高压
