2021-06-10 13:41:05 高压电源 192.168.127.252:高压电源初始化成功
2021-06-10 13:41:29 采集卡 开始采集本底
2021-06-10 13:41:29 采集卡 启动采集
2021-06-10 13:41:29 采集卡 开始启动2021_06_10_134129.07
2021-06-10 13:41:29 采集卡 启动1：2021_06_10_134129.07
2021-06-10 13:41:29 采集卡 启动2：2021_06_10_134129.07
2021-06-10 13:41:29 采集卡 启动3：2021_06_10_134129.08
2021-06-10 13:41:29 采集卡 启动4：2021_06_10_134129.08
2021-06-10 13:41:29 采集卡 启动5：2021_06_10_134129.08
2021-06-10 13:41:29 采集卡 启动6：2021_06_10_134129.59
2021-06-10 13:42:20 采集卡 采集完成
2021-06-10 13:42:20 采集卡 转换数据
2021-06-10 13:42:30 采集卡 开始采集本底
2021-06-10 13:42:30 采集卡 启动采集
2021-06-10 13:42:30 采集卡 开始启动2021_06_10_134230.69
2021-06-10 13:42:30 采集卡 启动1：2021_06_10_134230.69
2021-06-10 13:42:30 采集卡 启动2：2021_06_10_134230.69
2021-06-10 13:42:30 采集卡 启动3：2021_06_10_134230.69
2021-06-10 13:42:30 采集卡 启动4：2021_06_10_134230.69
2021-06-10 13:42:30 采集卡 启动5：2021_06_10_134230.69
2021-06-10 13:42:31 采集卡 启动6：2021_06_10_134231.20
2021-06-10 13:42:32 采集卡 采集完成
2021-06-10 13:42:32 采集卡 转换数据
2021-06-10 13:42:57 采集卡 开始采集本底
2021-06-10 13:42:57 采集卡 启动采集
2021-06-10 13:42:57 采集卡 开始启动2021_06_10_134257.79
2021-06-10 13:42:57 采集卡 启动1：2021_06_10_134257.79
2021-06-10 13:42:57 采集卡 启动2：2021_06_10_134257.79
2021-06-10 13:42:57 采集卡 启动3：2021_06_10_134257.79
2021-06-10 13:42:57 采集卡 启动4：2021_06_10_134257.80
2021-06-10 13:42:57 采集卡 启动5：2021_06_10_134257.80
2021-06-10 13:42:58 采集卡 启动6：2021_06_10_134258.34
2021-06-10 13:42:59 采集卡 采集完成
2021-06-10 13:43:06 采集卡 转换数据
2021-06-10 13:44:25 采集卡 开始采集本底
2021-06-10 13:44:25 采集卡 启动采集
2021-06-10 13:44:45 采集卡 采集完成
2021-06-10 13:44:47 采集卡 转换数据
2021-06-10 13:44:51 采集卡 开始采集本底
2021-06-10 13:44:51 采集卡 启动采集
2021-06-10 13:44:53 采集卡 采集完成
2021-06-10 13:44:53 采集卡 转换数据
2021-06-10 13:45:09 采集卡 开始采集本底
2021-06-10 13:45:09 采集卡 启动采集
2021-06-10 13:45:10 采集卡 采集完成
2021-06-10 13:45:10 采集卡 转换数据
2021-06-10 13:45:17 采集卡 开始采集本底
2021-06-10 13:45:17 采集卡 启动采集
2021-06-10 13:45:19 采集卡 采集完成
2021-06-10 13:45:19 采集卡 转换数据
