2021-09-08 08:46:37 采集卡 开始采集图片
2021-09-08 08:46:37 采集卡 启动采集
2021-09-08 08:46:39 采集卡 停止采集
2021-09-08 08:46:39 采集卡 转换数据
2021-09-08 08:46:39 采集卡 转换AD
2021-09-08 08:46:39 采集卡 修改点
2021-09-08 08:46:39 采集卡 GAMMA
2021-09-08 08:46:39 采集卡 生成图片数组
2021-09-08 08:46:40 采集卡 开始采集本底
2021-09-08 08:46:40 采集卡 启动采集
2021-09-08 08:46:41 采集卡 采集完成
2021-09-08 08:46:41 采集卡 转换数据
2021-09-08 08:46:42 采集卡 开始采集满度
2021-09-08 08:46:42 采集卡 启动采集
2021-09-08 08:46:42 采集卡 采集完成
2021-09-08 08:46:42 采集卡 转换数据
2021-09-08 08:46:51 采集卡 开始采集本底
2021-09-08 08:46:51 采集卡 启动采集
2021-09-08 08:46:51 采集卡 采集完成
2021-09-08 08:46:51 采集卡 转换数据
2021-09-08 08:46:57 采集卡 开始采集满度
2021-09-08 08:46:57 采集卡 启动采集
2021-09-08 08:46:57 采集卡 采集完成
2021-09-08 08:46:57 采集卡 转换数据
2021-09-08 08:46:59 采集卡 开始采集图片
2021-09-08 08:46:59 采集卡 启动采集
2021-09-08 08:47:00 采集卡 采集完成
2021-09-08 08:47:00 采集卡 转换数据
2021-09-08 08:47:00 采集卡 转换AD
2021-09-08 08:47:00 采集卡 修改点
2021-09-08 08:47:00 采集卡 GAMMA
2021-09-08 08:47:00 采集卡 生成图片数组
2021-09-08 08:47:45 采集卡 开始采集图片
2021-09-08 08:47:45 采集卡 启动采集
2021-09-08 08:48:49 采集卡 开始采集图片
2021-09-08 08:48:49 采集卡 启动采集
2021-09-08 08:49:04 采集卡 停止采集
2021-09-08 08:49:04 采集卡 转换数据
2021-09-08 08:49:05 采集卡 转换AD
2021-09-08 08:49:05 采集卡 修改点
2021-09-08 08:49:05 采集卡 GAMMA
2021-09-08 08:49:05 采集卡 生成图片数组
2021-09-08 08:49:37 采集卡 开始采集图片
2021-09-08 08:49:37 采集卡 启动采集
2021-09-08 08:49:47 采集卡 采集完成
2021-09-08 08:49:47 采集卡 转换数据
2021-09-08 08:49:47 采集卡 转换AD
2021-09-08 08:49:47 采集卡 修改点
2021-09-08 08:49:47 采集卡 GAMMA
2021-09-08 08:49:47 采集卡 生成图片数组
2021-09-08 09:33:20 采集卡 开始采集图片
2021-09-08 09:33:20 采集卡 启动采集
2021-09-08 09:33:21 采集卡 停止采集
2021-09-08 09:33:25 采集卡 开始采集图片
2021-09-08 09:33:25 采集卡 启动采集
2021-09-08 09:33:28 采集卡 停止采集
2021-09-08 09:33:28 采集卡 转换数据
2021-09-08 09:33:28 采集卡 转换AD
2021-09-08 09:33:28 采集卡 修改点
2021-09-08 09:33:28 采集卡 GAMMA
2021-09-08 09:33:28 采集卡 生成图片数组
2021-09-08 09:33:30 采集卡 开始采集图片
2021-09-08 09:33:30 采集卡 启动采集
2021-09-08 09:33:32 采集卡 采集完成
2021-09-08 09:33:32 采集卡 转换数据
2021-09-08 09:33:32 采集卡 转换AD
2021-09-08 09:33:32 采集卡 修改点
2021-09-08 09:33:32 采集卡 GAMMA
2021-09-08 09:33:32 采集卡 生成图片数组
2021-09-08 09:33:33 采集卡 开始采集图片
2021-09-08 09:33:33 采集卡 启动采集
2021-09-08 09:33:34 采集卡 采集完成
2021-09-08 09:33:34 采集卡 转换数据
2021-09-08 09:33:34 采集卡 转换AD
2021-09-08 09:33:34 采集卡 修改点
2021-09-08 09:33:34 采集卡 GAMMA
2021-09-08 09:33:34 采集卡 生成图片数组
2021-09-08 09:33:37 高压电源 192.168.127.252关闭高压
