2021-09-09 09:04:52 采集卡 开始采集本底
2021-09-09 09:04:52 采集卡 启动采集
2021-09-09 09:04:52 采集卡 采集完成
2021-09-09 09:04:52 采集卡 转换数据
2021-09-09 09:05:13 采集卡 开始采集满度
2021-09-09 09:05:13 采集卡 启动采集
2021-09-09 09:05:13 采集卡 采集完成
2021-09-09 09:05:13 采集卡 转换数据
2021-09-09 09:06:14 采集卡 开始采集图片
2021-09-09 09:06:14 采集卡 启动采集
2021-09-09 09:06:19 采集卡 停止采集
2021-09-09 09:06:19 采集卡 转换数据
2021-09-09 09:06:19 采集卡 转换AD
2021-09-09 09:06:19 采集卡 修改点
2021-09-09 09:06:19 采集卡 GAMMA
2021-09-09 09:06:19 采集卡 生成图片数组
2021-09-09 09:08:41 采集卡 开始采集图片
2021-09-09 09:08:41 采集卡 启动采集
2021-09-09 09:08:45 采集卡 停止采集
2021-09-09 09:08:45 采集卡 转换数据
2021-09-09 09:08:45 采集卡 转换AD
2021-09-09 09:08:45 采集卡 修改点
2021-09-09 09:08:45 采集卡 GAMMA
2021-09-09 09:08:45 采集卡 生成图片数组
2021-09-09 09:09:03 采集卡 开始采集图片
2021-09-09 09:09:03 采集卡 启动采集
2021-09-09 09:09:08 采集卡 停止采集
2021-09-09 09:09:08 采集卡 转换数据
2021-09-09 09:09:08 采集卡 转换AD
2021-09-09 09:09:08 采集卡 修改点
2021-09-09 09:09:08 采集卡 GAMMA
2021-09-09 09:09:08 采集卡 生成图片数组
2021-09-09 09:35:43 采集卡 开始采集图片
2021-09-09 09:35:43 采集卡 启动采集
2021-09-09 09:35:45 采集卡 采集完成
2021-09-09 09:35:45 采集卡 转换数据
2021-09-09 09:35:45 采集卡 转换AD
2021-09-09 09:35:45 采集卡 修改点
2021-09-09 09:35:45 采集卡 GAMMA
2021-09-09 09:35:45 采集卡 生成图片数组
2021-09-09 09:35:51 采集卡 开始采集图片
2021-09-09 09:35:51 采集卡 启动采集
2021-09-09 09:35:54 采集卡 采集完成
2021-09-09 09:35:54 采集卡 转换数据
2021-09-09 09:35:54 采集卡 转换AD
2021-09-09 09:35:54 采集卡 修改点
2021-09-09 09:35:54 采集卡 GAMMA
2021-09-09 09:35:54 采集卡 生成图片数组
2021-09-09 09:39:17 采集卡 开始采集图片
2021-09-09 09:39:17 采集卡 启动采集
2021-09-09 09:39:20 采集卡 停止采集
2021-09-09 09:39:20 采集卡 转换数据
2021-09-09 09:39:20 采集卡 转换AD
2021-09-09 09:39:20 采集卡 修改点
2021-09-09 09:39:20 采集卡 GAMMA
2021-09-09 09:39:20 采集卡 生成图片数组
2021-09-09 09:46:14 采集卡 开始采集图片
2021-09-09 09:46:14 采集卡 启动采集
2021-09-09 09:46:16 采集卡 停止采集
2021-09-09 09:46:16 采集卡 转换数据
2021-09-09 09:46:16 采集卡 转换AD
2021-09-09 09:46:16 采集卡 修改点
2021-09-09 09:46:16 采集卡 GAMMA
2021-09-09 09:46:16 采集卡 生成图片数组
2021-09-09 09:52:02 采集卡 开始采集图片
2021-09-09 09:52:02 采集卡 启动采集
2021-09-09 09:52:06 采集卡 采集完成
2021-09-09 09:52:06 采集卡 转换数据
2021-09-09 09:52:06 采集卡 转换AD
2021-09-09 09:52:06 采集卡 修改点
2021-09-09 09:52:06 采集卡 GAMMA
2021-09-09 09:52:06 采集卡 生成图片数组
2021-09-09 09:54:00 采集卡 开始采集图片
2021-09-09 09:54:00 采集卡 启动采集
2021-09-09 09:54:03 采集卡 采集完成
2021-09-09 09:54:03 采集卡 转换数据
2021-09-09 09:54:03 采集卡 转换AD
2021-09-09 09:54:03 采集卡 修改点
2021-09-09 09:54:03 采集卡 GAMMA
2021-09-09 09:54:03 采集卡 生成图片数组
2021-09-09 09:56:53 采集卡 开始采集图片
2021-09-09 09:56:53 采集卡 启动采集
2021-09-09 09:56:55 采集卡 停止采集
2021-09-09 09:56:55 采集卡 转换数据
2021-09-09 09:56:55 采集卡 转换AD
2021-09-09 09:56:55 采集卡 修改点
2021-09-09 09:56:55 采集卡 GAMMA
2021-09-09 09:56:55 采集卡 生成图片数组
2021-09-09 09:56:57 采集卡 开始采集图片
2021-09-09 09:56:57 采集卡 启动采集
2021-09-09 09:57:01 采集卡 停止采集
2021-09-09 09:57:01 采集卡 转换数据
2021-09-09 09:57:01 采集卡 转换AD
2021-09-09 09:57:01 采集卡 修改点
2021-09-09 09:57:01 采集卡 GAMMA
2021-09-09 09:57:01 采集卡 生成图片数组
2021-09-09 09:57:14 采集卡 开始采集图片
2021-09-09 09:57:14 采集卡 启动采集
2021-09-09 09:57:18 采集卡 停止采集
2021-09-09 09:57:18 采集卡 转换数据
2021-09-09 09:57:18 采集卡 转换AD
2021-09-09 09:57:18 采集卡 修改点
2021-09-09 09:57:18 采集卡 GAMMA
2021-09-09 09:57:18 采集卡 生成图片数组
2021-09-09 09:57:53 采集卡 开始采集图片
2021-09-09 09:57:53 采集卡 启动采集
2021-09-09 09:58:01 采集卡 停止采集
2021-09-09 09:58:01 采集卡 转换数据
2021-09-09 09:58:01 采集卡 转换AD
2021-09-09 09:58:01 采集卡 修改点
2021-09-09 09:58:01 采集卡 GAMMA
2021-09-09 09:58:01 采集卡 生成图片数组
2021-09-09 10:00:43 采集卡 开始采集图片
2021-09-09 10:00:43 采集卡 启动采集
2021-09-09 10:00:53 采集卡 停止采集
2021-09-09 10:00:53 采集卡 转换数据
2021-09-09 10:00:53 采集卡 转换AD
2021-09-09 10:00:53 采集卡 修改点
2021-09-09 10:00:53 采集卡 GAMMA
2021-09-09 10:00:53 采集卡 生成图片数组
2021-09-09 11:01:12 采集卡 开始采集图片
2021-09-09 11:01:12 采集卡 启动采集
2021-09-09 11:01:15 采集卡 停止采集
2021-09-09 11:01:15 采集卡 转换数据
2021-09-09 11:01:15 采集卡 转换AD
2021-09-09 11:01:15 采集卡 修改点
2021-09-09 11:01:15 采集卡 GAMMA
2021-09-09 11:01:15 采集卡 生成图片数组
2021-09-09 11:01:26 高压电源 192.168.127.252关闭高压
