2021-10-10 11:40:31 采集卡 开始采集图片
2021-10-10 11:40:32 采集卡 启动采集
2021-10-10 11:40:33 采集卡 采集完成
2021-10-10 11:40:33 采集卡 转换数据
2021-10-10 11:40:33 采集卡 转换AD
2021-10-10 11:40:33 采集卡 修改点
2021-10-10 11:40:33 采集卡 GAMMA
2021-10-10 11:40:33 采集卡 生成图片数组
2021-10-10 11:40:36 采集卡 开始采集本底
2021-10-10 11:40:36 采集卡 启动采集
2021-10-10 11:40:39 采集卡 采集完成
2021-10-10 11:40:39 采集卡 转换数据
2021-10-10 11:41:30 采集卡 开始采集本底
2021-10-10 11:41:30 采集卡 启动采集
2021-10-10 11:41:34 采集卡 采集完成
2021-10-10 11:41:34 采集卡 转换数据
2021-10-10 11:42:11 采集卡 开始采集本底
2021-10-10 11:42:11 采集卡 启动采集
2021-10-10 11:42:14 采集卡 采集完成
2021-10-10 11:42:15 采集卡 转换数据
2021-10-10 11:42:31 高压电源 192.168.127.252关闭高压
