2021-09-11 15:16:11 采集卡 开始采集图片
2021-09-11 15:16:11 采集卡 启动采集
2021-09-11 15:16:12 采集卡 采集完成
2021-09-11 15:16:12 采集卡 转换数据
2021-09-11 15:16:12 采集卡 转换AD
2021-09-11 15:16:12 采集卡 修改点
2021-09-11 15:16:12 采集卡 GAMMA
2021-09-11 15:16:12 采集卡 生成图片数组
2021-09-11 15:16:57 采集卡 开始采集本底
2021-09-11 15:16:57 采集卡 启动采集
2021-09-11 15:16:58 采集卡 采集完成
2021-09-11 15:16:58 采集卡 转换数据
2021-09-11 15:17:30 采集卡 开始采集满度
2021-09-11 15:17:30 采集卡 启动采集
2021-09-11 15:17:32 采集卡 采集完成
2021-09-11 15:17:32 采集卡 转换数据
2021-09-11 15:17:41 采集卡 开始采集图片
2021-09-11 15:17:41 采集卡 启动采集
2021-09-11 15:17:43 采集卡 采集完成
2021-09-11 15:17:43 采集卡 转换数据
2021-09-11 15:17:43 采集卡 转换AD
2021-09-11 15:17:43 采集卡 修改点
2021-09-11 15:17:43 采集卡 GAMMA
2021-09-11 15:17:43 采集卡 生成图片数组
2021-09-11 15:19:49 采集卡 开始采集图片
2021-09-11 15:19:49 采集卡 启动采集
2021-09-11 15:19:52 采集卡 停止采集
2021-09-11 15:19:52 采集卡 采集完成
2021-09-11 15:19:52 采集卡 转换数据
2021-09-11 15:19:52 采集卡 转换AD
2021-09-11 15:19:52 采集卡 修改点
2021-09-11 15:19:52 采集卡 GAMMA
2021-09-11 15:19:52 采集卡 生成图片数组
2021-09-11 15:27:17 采集卡 开始采集图片
2021-09-11 15:27:17 采集卡 启动采集
2021-09-11 15:27:19 采集卡 停止采集
2021-09-11 15:27:19 采集卡 转换数据
2021-09-11 15:27:19 采集卡 转换AD
2021-09-11 15:27:19 采集卡 修改点
2021-09-11 15:27:19 采集卡 GAMMA
2021-09-11 15:27:19 采集卡 生成图片数组
2021-09-11 15:30:21 采集卡 开始采集图片
2021-09-11 15:30:21 采集卡 启动采集
2021-09-11 15:30:22 采集卡 停止采集
2021-09-11 15:30:22 采集卡 转换数据
2021-09-11 15:30:22 采集卡 转换AD
2021-09-11 15:30:22 采集卡 修改点
2021-09-11 15:30:22 采集卡 GAMMA
2021-09-11 15:30:22 采集卡 生成图片数组
2021-09-11 15:30:34 采集卡 开始采集图片
2021-09-11 15:30:34 采集卡 启动采集
2021-09-11 15:30:37 采集卡 停止采集
2021-09-11 15:30:37 采集卡 转换数据
2021-09-11 15:30:37 采集卡 转换AD
2021-09-11 15:30:37 采集卡 修改点
2021-09-11 15:30:37 采集卡 GAMMA
2021-09-11 15:30:37 采集卡 生成图片数组
2021-09-11 15:30:40 采集卡 开始采集图片
2021-09-11 15:30:40 采集卡 启动采集
2021-09-11 15:30:42 采集卡 采集完成
2021-09-11 15:30:42 采集卡 转换数据
2021-09-11 15:30:42 采集卡 转换AD
2021-09-11 15:30:42 采集卡 修改点
2021-09-11 15:30:42 采集卡 GAMMA
2021-09-11 15:30:42 采集卡 生成图片数组
2021-09-11 15:31:48 采集卡 开始采集图片
2021-09-11 15:31:48 采集卡 启动采集
2021-09-11 15:31:51 采集卡 采集完成
2021-09-11 15:31:51 采集卡 转换数据
2021-09-11 15:31:51 采集卡 转换AD
2021-09-11 15:31:51 采集卡 修改点
2021-09-11 15:31:51 采集卡 GAMMA
2021-09-11 15:31:51 采集卡 生成图片数组
2021-09-11 15:31:59 采集卡 开始采集本底
2021-09-11 15:31:59 采集卡 启动采集
2021-09-11 15:32:00 采集卡 采集完成
2021-09-11 15:32:00 采集卡 转换数据
2021-09-11 15:32:44 采集卡 开始采集本底
2021-09-11 15:32:44 采集卡 启动采集
2021-09-11 15:32:45 采集卡 采集完成
2021-09-11 15:32:45 采集卡 转换数据
2021-09-11 15:33:28 采集卡 开始采集图片
2021-09-11 15:33:28 采集卡 启动采集
2021-09-11 15:33:29 采集卡 停止采集
2021-09-11 15:33:40 采集卡 开始采集图片
2021-09-11 15:33:40 采集卡 启动采集
2021-09-11 15:33:41 采集卡 停止采集
2021-09-11 15:33:41 采集卡 转换数据
2021-09-11 15:33:41 采集卡 转换AD
2021-09-11 15:33:41 采集卡 修改点
2021-09-11 15:33:41 采集卡 GAMMA
2021-09-11 15:33:41 采集卡 生成图片数组
2021-09-11 15:33:51 采集卡 开始采集图片
2021-09-11 15:33:51 采集卡 启动采集
2021-09-11 15:33:53 采集卡 停止采集
2021-09-11 15:33:53 采集卡 转换数据
2021-09-11 15:33:53 采集卡 转换AD
2021-09-11 15:33:53 采集卡 修改点
2021-09-11 15:33:53 采集卡 GAMMA
2021-09-11 15:33:53 采集卡 生成图片数组
2021-09-11 15:34:10 采集卡 开始采集图片
2021-09-11 15:34:10 采集卡 启动采集
2021-09-11 15:34:12 采集卡 采集完成
2021-09-11 15:34:12 采集卡 转换数据
2021-09-11 15:34:12 采集卡 转换AD
2021-09-11 15:34:12 采集卡 修改点
2021-09-11 15:34:12 采集卡 GAMMA
2021-09-11 15:34:12 采集卡 生成图片数组
2021-09-11 15:34:49 采集卡 开始采集图片
2021-09-11 15:34:49 采集卡 启动采集
2021-09-11 15:34:51 采集卡 采集完成
2021-09-11 15:34:51 采集卡 转换数据
2021-09-11 15:34:51 采集卡 转换AD
2021-09-11 15:34:51 采集卡 修改点
2021-09-11 15:34:51 采集卡 GAMMA
2021-09-11 15:34:51 采集卡 生成图片数组
2021-09-11 15:35:37 采集卡 开始采集图片
2021-09-11 15:35:37 采集卡 启动采集
2021-09-11 15:35:39 采集卡 采集完成
2021-09-11 15:35:39 采集卡 转换数据
2021-09-11 15:35:39 采集卡 转换AD
2021-09-11 15:35:39 采集卡 修改点
2021-09-11 15:35:39 采集卡 GAMMA
2021-09-11 15:35:39 采集卡 生成图片数组
2021-09-11 15:38:14 采集卡 开始采集图片
2021-09-11 15:38:14 采集卡 启动采集
2021-09-11 15:38:16 采集卡 采集完成
2021-09-11 15:38:16 采集卡 转换数据
2021-09-11 15:38:16 采集卡 转换AD
2021-09-11 15:38:16 采集卡 修改点
2021-09-11 15:38:16 采集卡 GAMMA
2021-09-11 15:38:16 采集卡 生成图片数组
2021-09-11 15:38:18 采集卡 开始采集图片
2021-09-11 15:38:18 采集卡 启动采集
2021-09-11 15:38:20 采集卡 停止采集
2021-09-11 15:38:20 采集卡 转换数据
2021-09-11 15:38:20 采集卡 转换AD
2021-09-11 15:38:20 采集卡 修改点
2021-09-11 15:38:20 采集卡 GAMMA
2021-09-11 15:38:20 采集卡 生成图片数组
2021-09-11 15:38:22 采集卡 开始采集图片
2021-09-11 15:38:22 采集卡 启动采集
2021-09-11 15:38:25 采集卡 采集完成
2021-09-11 15:38:25 采集卡 转换数据
2021-09-11 15:38:25 采集卡 转换AD
2021-09-11 15:38:25 采集卡 修改点
2021-09-11 15:38:25 采集卡 GAMMA
2021-09-11 15:38:25 采集卡 生成图片数组
2021-09-11 15:39:10 采集卡 开始采集图片
2021-09-11 15:39:10 采集卡 启动采集
2021-09-11 15:39:11 采集卡 停止采集
2021-09-11 15:39:11 采集卡 转换数据
2021-09-11 15:39:11 采集卡 转换AD
2021-09-11 15:39:11 采集卡 修改点
2021-09-11 15:39:11 采集卡 GAMMA
2021-09-11 15:39:11 采集卡 生成图片数组
2021-09-11 15:39:57 采集卡 开始采集图片
2021-09-11 15:39:57 采集卡 启动采集
2021-09-11 15:39:59 采集卡 采集完成
2021-09-11 15:39:59 采集卡 转换数据
2021-09-11 15:39:59 采集卡 转换AD
2021-09-11 15:39:59 采集卡 修改点
2021-09-11 15:39:59 采集卡 GAMMA
2021-09-11 15:39:59 采集卡 生成图片数组
2021-09-11 15:40:58 采集卡 开始采集图片
2021-09-11 15:40:58 采集卡 启动采集
2021-09-11 15:40:59 采集卡 采集完成
2021-09-11 15:40:59 采集卡 转换数据
2021-09-11 15:40:59 采集卡 转换AD
2021-09-11 15:40:59 采集卡 修改点
2021-09-11 15:40:59 采集卡 GAMMA
2021-09-11 15:40:59 采集卡 生成图片数组
2021-09-11 15:41:45 采集卡 开始采集图片
2021-09-11 15:41:45 采集卡 启动采集
2021-09-11 15:41:47 采集卡 停止采集
2021-09-11 15:41:47 采集卡 转换数据
2021-09-11 15:41:48 采集卡 转换AD
2021-09-11 15:41:48 采集卡 修改点
2021-09-11 15:41:48 采集卡 GAMMA
2021-09-11 15:41:48 采集卡 生成图片数组
2021-09-11 15:42:23 采集卡 开始采集图片
2021-09-11 15:42:23 采集卡 启动采集
2021-09-11 15:42:24 采集卡 停止采集
2021-09-11 15:42:24 采集卡 转换数据
2021-09-11 15:42:24 采集卡 转换AD
2021-09-11 15:42:24 采集卡 修改点
2021-09-11 15:42:24 采集卡 GAMMA
2021-09-11 15:42:24 采集卡 生成图片数组
2021-09-11 15:44:55 采集卡 开始采集图片
2021-09-11 15:44:55 采集卡 启动采集
2021-09-11 15:44:58 采集卡 停止采集
2021-09-11 15:44:58 采集卡 转换数据
2021-09-11 15:44:58 采集卡 转换AD
2021-09-11 15:44:58 采集卡 修改点
2021-09-11 15:44:58 采集卡 GAMMA
2021-09-11 15:44:58 采集卡 生成图片数组
2021-09-11 15:45:49 采集卡 开始采集图片
2021-09-11 15:45:49 采集卡 启动采集
2021-09-11 15:45:51 采集卡 停止采集
2021-09-11 15:45:51 采集卡 转换数据
2021-09-11 15:45:51 采集卡 转换AD
2021-09-11 15:45:51 采集卡 修改点
2021-09-11 15:45:51 采集卡 GAMMA
2021-09-11 15:45:51 采集卡 生成图片数组
2021-09-11 15:46:18 采集卡 停止采集
2021-09-11 15:46:46 采集卡 停止采集
2021-09-11 15:46:48 采集卡 开始采集图片
2021-09-11 15:46:48 采集卡 启动采集
2021-09-11 15:46:49 采集卡 采集完成
2021-09-11 15:46:49 采集卡 转换数据
2021-09-11 15:46:49 采集卡 转换AD
2021-09-11 15:46:49 采集卡 修改点
2021-09-11 15:46:49 采集卡 GAMMA
2021-09-11 15:46:49 采集卡 生成图片数组
2021-09-11 15:46:52 采集卡 开始采集图片
2021-09-11 15:46:52 采集卡 启动采集
2021-09-11 15:46:55 采集卡 停止采集
2021-09-11 15:46:55 采集卡 转换数据
2021-09-11 15:46:55 采集卡 转换AD
2021-09-11 15:46:55 采集卡 修改点
2021-09-11 15:46:55 采集卡 GAMMA
2021-09-11 15:46:55 采集卡 生成图片数组
2021-09-11 15:52:23 采集卡 开始采集图片
2021-09-11 15:52:23 采集卡 启动采集
2021-09-11 15:52:24 采集卡 采集完成
2021-09-11 15:52:24 采集卡 转换数据
2021-09-11 15:52:24 采集卡 转换AD
2021-09-11 15:52:24 采集卡 修改点
2021-09-11 15:52:24 采集卡 GAMMA
2021-09-11 15:52:24 采集卡 生成图片数组
2021-09-11 15:54:21 采集卡 开始采集图片
2021-09-11 15:54:21 采集卡 启动采集
2021-09-11 15:54:23 采集卡 停止采集
2021-09-11 15:54:23 采集卡 转换数据
2021-09-11 15:54:23 采集卡 转换AD
2021-09-11 15:54:23 采集卡 修改点
2021-09-11 15:54:23 采集卡 GAMMA
2021-09-11 15:54:23 采集卡 生成图片数组
2021-09-11 15:54:28 采集卡 开始采集图片
2021-09-11 15:54:28 采集卡 启动采集
2021-09-11 15:54:29 采集卡 采集完成
2021-09-11 15:54:29 采集卡 转换数据
2021-09-11 15:54:29 采集卡 转换AD
2021-09-11 15:54:29 采集卡 修改点
2021-09-11 15:54:29 采集卡 GAMMA
2021-09-11 15:54:29 采集卡 生成图片数组
2021-09-11 15:54:31 采集卡 开始采集图片
2021-09-11 15:54:31 采集卡 启动采集
2021-09-11 15:54:33 采集卡 停止采集
2021-09-11 15:54:33 采集卡 转换数据
2021-09-11 15:54:33 采集卡 转换AD
2021-09-11 15:54:33 采集卡 修改点
2021-09-11 15:54:33 采集卡 GAMMA
2021-09-11 15:54:33 采集卡 生成图片数组
2021-09-11 15:54:51 采集卡 停止采集
2021-09-11 15:55:33 采集卡 开始采集图片
2021-09-11 15:55:33 采集卡 启动采集
2021-09-11 15:55:35 采集卡 采集完成
2021-09-11 15:55:35 采集卡 转换数据
2021-09-11 15:55:36 采集卡 转换AD
2021-09-11 15:55:36 采集卡 修改点
2021-09-11 15:55:36 采集卡 GAMMA
2021-09-11 15:55:36 采集卡 生成图片数组
2021-09-11 15:55:38 采集卡 停止采集
2021-09-11 15:55:41 采集卡 开始采集图片
2021-09-11 15:55:41 采集卡 启动采集
2021-09-11 15:55:45 采集卡 停止采集
2021-09-11 15:55:45 采集卡 转换数据
2021-09-11 15:55:45 采集卡 转换AD
2021-09-11 15:55:45 采集卡 修改点
2021-09-11 15:55:45 采集卡 GAMMA
2021-09-11 15:55:45 采集卡 生成图片数组
2021-09-11 15:56:14 采集卡 开始采集图片
2021-09-11 15:56:14 采集卡 启动采集
2021-09-11 15:56:16 采集卡 采集完成
2021-09-11 15:56:17 采集卡 转换数据
2021-09-11 15:56:17 采集卡 转换AD
2021-09-11 15:56:17 采集卡 修改点
2021-09-11 15:56:17 采集卡 GAMMA
2021-09-11 15:56:17 采集卡 生成图片数组
2021-09-11 15:57:13 采集卡 开始采集图片
2021-09-11 15:57:13 采集卡 启动采集
2021-09-11 15:57:16 采集卡 采集完成
2021-09-11 15:57:16 采集卡 转换数据
2021-09-11 15:57:16 采集卡 转换AD
2021-09-11 15:57:16 采集卡 修改点
2021-09-11 15:57:16 采集卡 GAMMA
2021-09-11 15:57:16 采集卡 生成图片数组
2021-09-11 16:01:41 采集卡 开始采集图片
2021-09-11 16:01:41 采集卡 启动采集
2021-09-11 16:01:43 采集卡 采集完成
2021-09-11 16:01:43 采集卡 转换数据
2021-09-11 16:01:43 采集卡 转换AD
2021-09-11 16:01:43 采集卡 修改点
2021-09-11 16:01:43 采集卡 GAMMA
2021-09-11 16:01:43 采集卡 生成图片数组
2021-09-11 16:02:04 采集卡 停止采集
2021-09-11 16:02:55 采集卡 开始采集图片
2021-09-11 16:02:55 采集卡 启动采集
2021-09-11 16:02:58 采集卡 采集完成
2021-09-11 16:02:58 采集卡 转换数据
2021-09-11 16:02:58 采集卡 转换AD
2021-09-11 16:02:58 采集卡 修改点
2021-09-11 16:02:58 采集卡 GAMMA
2021-09-11 16:02:58 采集卡 生成图片数组
2021-09-11 16:03:56 采集卡 开始采集图片
2021-09-11 16:03:56 采集卡 启动采集
2021-09-11 16:03:58 采集卡 采集完成
2021-09-11 16:03:58 采集卡 转换数据
2021-09-11 16:03:58 采集卡 转换AD
2021-09-11 16:03:58 采集卡 修改点
2021-09-11 16:03:58 采集卡 GAMMA
2021-09-11 16:03:58 采集卡 生成图片数组
2021-09-11 16:05:10 采集卡 开始采集图片
2021-09-11 16:05:10 采集卡 启动采集
2021-09-11 16:05:16 采集卡 停止采集
2021-09-11 16:05:16 采集卡 转换数据
2021-09-11 16:05:16 采集卡 转换AD
2021-09-11 16:05:16 采集卡 修改点
2021-09-11 16:05:16 采集卡 GAMMA
2021-09-11 16:05:16 采集卡 生成图片数组
2021-09-11 16:07:37 采集卡 开始采集图片
2021-09-11 16:07:37 采集卡 启动采集
2021-09-11 16:07:49 采集卡 采集完成
2021-09-11 16:07:49 采集卡 转换数据
2021-09-11 16:07:49 采集卡 转换AD
2021-09-11 16:07:49 采集卡 修改点
2021-09-11 16:07:49 采集卡 GAMMA
2021-09-11 16:07:49 采集卡 生成图片数组
2021-09-11 16:10:59 高压电源 192.168.127.252关闭高压
