2021-09-11 15:06:46 采集卡 开始采集满度
2021-09-11 15:06:46 采集卡 启动采集
2021-09-11 15:06:46 采集卡 采集完成
2021-09-11 15:06:46 采集卡 转换数据
2021-09-11 15:06:48 采集卡 开始采集图片
2021-09-11 15:06:48 采集卡 启动采集
2021-09-11 15:06:50 采集卡 采集完成
2021-09-11 15:06:50 采集卡 转换数据
2021-09-11 15:06:50 采集卡 转换AD
2021-09-11 15:06:50 采集卡 修改点
2021-09-11 15:06:50 采集卡 GAMMA
2021-09-11 15:06:50 采集卡 生成图片数组
2021-09-11 15:07:53 采集卡 开始采集本底
2021-09-11 15:07:53 采集卡 启动采集
2021-09-11 15:07:55 采集卡 采集完成
2021-09-11 15:07:55 采集卡 转换数据
2021-09-11 15:07:59 采集卡 开始采集满度
2021-09-11 15:07:59 采集卡 启动采集
2021-09-11 15:08:01 采集卡 采集完成
2021-09-11 15:08:01 采集卡 转换数据
2021-09-11 15:08:36 采集卡 开始采集本底
2021-09-11 15:08:36 采集卡 启动采集
2021-09-11 15:08:38 采集卡 采集完成
2021-09-11 15:08:38 采集卡 转换数据
2021-09-11 15:10:02 采集卡 开始采集图片
2021-09-11 15:10:02 采集卡 启动采集
2021-09-11 15:10:04 采集卡 停止采集
2021-09-11 15:10:07 采集卡 开始采集图片
2021-09-11 15:10:07 采集卡 启动采集
2021-09-11 15:10:08 采集卡 停止采集
2021-09-11 15:10:30 采集卡 开始采集图片
2021-09-11 15:10:30 采集卡 启动采集
2021-09-11 15:10:31 采集卡 停止采集
2021-09-11 15:10:32 采集卡 转换数据
2021-09-11 15:10:32 采集卡 转换AD
2021-09-11 15:10:32 采集卡 修改点
2021-09-11 15:10:32 采集卡 GAMMA
2021-09-11 15:10:32 采集卡 生成图片数组
2021-09-11 15:10:39 采集卡 开始采集图片
2021-09-11 15:10:39 采集卡 启动采集
2021-09-11 15:10:41 采集卡 停止采集
2021-09-11 15:10:41 采集卡 转换数据
2021-09-11 15:10:41 采集卡 转换AD
2021-09-11 15:10:41 采集卡 修改点
2021-09-11 15:10:41 采集卡 GAMMA
2021-09-11 15:10:41 采集卡 生成图片数组
2021-09-11 15:11:07 采集卡 开始采集图片
2021-09-11 15:11:07 采集卡 启动采集
2021-09-11 15:11:11 采集卡 采集完成
2021-09-11 15:11:11 采集卡 转换数据
2021-09-11 15:11:11 采集卡 转换AD
2021-09-11 15:11:11 采集卡 修改点
2021-09-11 15:11:11 采集卡 GAMMA
2021-09-11 15:11:11 采集卡 生成图片数组
2021-09-11 15:11:45 采集卡 开始采集图片
2021-09-11 15:11:45 采集卡 启动采集
2021-09-11 15:11:48 采集卡 停止采集
2021-09-11 15:11:48 采集卡 转换数据
2021-09-11 15:11:48 采集卡 转换AD
2021-09-11 15:11:48 采集卡 修改点
2021-09-11 15:11:48 采集卡 GAMMA
2021-09-11 15:11:48 采集卡 生成图片数组
2021-09-11 15:11:59 采集卡 开始采集图片
2021-09-11 15:11:59 采集卡 启动采集
2021-09-11 15:12:01 采集卡 停止采集
2021-09-11 15:12:01 采集卡 转换数据
2021-09-11 15:12:01 采集卡 转换AD
2021-09-11 15:12:01 采集卡 修改点
2021-09-11 15:12:01 采集卡 GAMMA
2021-09-11 15:12:01 采集卡 生成图片数组
2021-09-11 15:14:46 采集卡 开始采集图片
2021-09-11 15:14:46 采集卡 启动采集
2021-09-11 15:14:49 采集卡 停止采集
2021-09-11 15:14:49 采集卡 转换数据
2021-09-11 15:14:49 采集卡 转换AD
2021-09-11 15:14:49 采集卡 修改点
2021-09-11 15:14:49 采集卡 GAMMA
2021-09-11 15:14:49 采集卡 生成图片数组
2021-09-11 15:14:54 采集卡 开始采集图片
2021-09-11 15:14:54 采集卡 启动采集
2021-09-11 15:14:57 采集卡 停止采集
2021-09-11 15:14:57 采集卡 转换数据
2021-09-11 15:14:57 采集卡 转换AD
2021-09-11 15:14:57 采集卡 修改点
2021-09-11 15:14:57 采集卡 GAMMA
2021-09-11 15:14:57 采集卡 生成图片数组
2021-09-11 15:15:58 高压电源 192.168.127.252关闭高压
