2021-09-09 11:08:38 采集卡 开始采集本底
2021-09-09 11:08:38 采集卡 启动采集
2021-09-09 11:08:39 采集卡 采集完成
2021-09-09 11:08:39 采集卡 转换数据
2021-09-09 11:08:40 采集卡 开始采集满度
2021-09-09 11:08:40 采集卡 启动采集
2021-09-09 11:08:41 采集卡 采集完成
2021-09-09 11:08:41 采集卡 转换数据
2021-09-09 11:08:46 采集卡 开始采集图片
2021-09-09 11:08:46 采集卡 启动采集
2021-09-09 11:08:46 采集卡 停止采集
2021-09-09 11:08:46 采集卡 转换数据
2021-09-09 11:08:46 采集卡 转换AD
2021-09-09 11:08:46 采集卡 修改点
2021-09-09 11:08:46 采集卡 GAMMA
2021-09-09 11:08:46 采集卡 生成图片数组
2021-09-09 11:09:03 采集卡 开始采集图片
2021-09-09 11:09:03 采集卡 启动采集
2021-09-09 11:09:04 采集卡 采集完成
2021-09-09 11:09:04 采集卡 转换数据
2021-09-09 11:09:04 采集卡 转换AD
2021-09-09 11:09:04 采集卡 修改点
2021-09-09 11:09:04 采集卡 GAMMA
2021-09-09 11:09:04 采集卡 生成图片数组
2021-09-09 11:09:05 采集卡 开始采集图片
2021-09-09 11:09:05 采集卡 启动采集
2021-09-09 11:09:05 采集卡 采集完成
2021-09-09 11:09:05 采集卡 转换数据
2021-09-09 11:09:05 采集卡 转换AD
2021-09-09 11:09:05 采集卡 修改点
2021-09-09 11:09:05 采集卡 GAMMA
2021-09-09 11:09:05 采集卡 生成图片数组
2021-09-09 11:09:05 采集卡 开始采集图片
2021-09-09 11:09:05 采集卡 启动采集
2021-09-09 11:09:06 采集卡 停止采集
2021-09-09 11:09:06 采集卡 转换数据
2021-09-09 11:09:06 采集卡 转换AD
2021-09-09 11:09:06 采集卡 修改点
2021-09-09 11:09:06 采集卡 GAMMA
2021-09-09 11:09:06 采集卡 生成图片数组
2021-09-09 11:09:06 采集卡 开始采集图片
2021-09-09 11:09:06 采集卡 启动采集
2021-09-09 11:09:06 采集卡 停止采集
2021-09-09 11:09:06 采集卡 转换数据
2021-09-09 11:09:06 采集卡 转换AD
2021-09-09 11:09:06 采集卡 修改点
2021-09-09 11:09:06 采集卡 GAMMA
2021-09-09 11:09:06 采集卡 生成图片数组
2021-09-09 11:09:06 采集卡 开始采集图片
2021-09-09 11:09:06 采集卡 启动采集
2021-09-09 11:09:07 采集卡 停止采集
2021-09-09 11:09:07 采集卡 转换数据
2021-09-09 11:09:07 采集卡 转换AD
2021-09-09 11:09:07 采集卡 修改点
2021-09-09 11:09:07 采集卡 GAMMA
2021-09-09 11:09:07 采集卡 生成图片数组
2021-09-09 11:09:07 采集卡 开始采集图片
2021-09-09 11:09:07 采集卡 启动采集
2021-09-09 11:09:07 采集卡 采集完成
2021-09-09 11:09:07 采集卡 转换数据
2021-09-09 11:09:07 采集卡 转换AD
2021-09-09 11:09:07 采集卡 修改点
2021-09-09 11:09:07 采集卡 GAMMA
2021-09-09 11:09:07 采集卡 生成图片数组
2021-09-09 11:09:07 采集卡 开始采集图片
2021-09-09 11:09:07 采集卡 启动采集
2021-09-09 11:09:08 采集卡 停止采集
2021-09-09 11:09:08 采集卡 转换数据
2021-09-09 11:09:08 采集卡 转换AD
2021-09-09 11:09:08 采集卡 修改点
2021-09-09 11:09:08 采集卡 GAMMA
2021-09-09 11:09:08 采集卡 生成图片数组
2021-09-09 11:09:08 采集卡 开始采集图片
2021-09-09 11:09:08 采集卡 启动采集
2021-09-09 11:09:08 采集卡 停止采集
2021-09-09 11:09:08 采集卡 转换数据
2021-09-09 11:09:08 采集卡 转换AD
2021-09-09 11:09:08 采集卡 修改点
2021-09-09 11:09:08 采集卡 GAMMA
2021-09-09 11:09:08 采集卡 生成图片数组
2021-09-09 11:09:09 采集卡 开始采集图片
2021-09-09 11:09:09 采集卡 启动采集
2021-09-09 11:09:09 采集卡 采集完成
2021-09-09 11:09:09 采集卡 转换数据
2021-09-09 11:09:09 采集卡 转换AD
2021-09-09 11:09:09 采集卡 修改点
2021-09-09 11:09:09 采集卡 GAMMA
2021-09-09 11:09:09 采集卡 生成图片数组
2021-09-09 11:09:25 采集卡 开始采集图片
2021-09-09 11:09:25 采集卡 启动采集
2021-09-09 11:09:26 采集卡 采集完成
2021-09-09 11:09:26 采集卡 转换数据
2021-09-09 11:09:26 采集卡 转换AD
2021-09-09 11:09:26 采集卡 修改点
2021-09-09 11:09:26 采集卡 GAMMA
2021-09-09 11:09:26 采集卡 生成图片数组
2021-09-09 11:09:50 高压电源 192.168.127.252关闭高压
