2021-09-11 15:03:16 采集卡 开始采集本底
2021-09-11 15:03:16 采集卡 启动采集
2021-09-11 15:03:17 采集卡 采集完成
2021-09-11 15:03:17 采集卡 转换数据
2021-09-11 15:03:33 采集卡 开始采集图片
2021-09-11 15:03:33 采集卡 启动采集
2021-09-11 15:03:35 采集卡 停止采集
2021-09-11 15:03:35 采集卡 转换数据
2021-09-11 15:03:35 采集卡 转换AD
2021-09-11 15:03:35 采集卡 修改点
2021-09-11 15:03:35 采集卡 GAMMA
2021-09-11 15:03:35 采集卡 生成图片数组
2021-09-11 15:03:48 采集卡 开始采集满度
2021-09-11 15:03:48 采集卡 启动采集
2021-09-11 15:03:48 采集卡 采集完成
2021-09-11 15:03:48 采集卡 转换数据
2021-09-11 15:04:19 采集卡 停止采集
2021-09-11 15:04:21 采集卡 停止采集
2021-09-11 15:04:21 采集卡 停止采集
2021-09-11 15:04:21 采集卡 停止采集
2021-09-11 15:04:22 采集卡 停止采集
2021-09-11 15:04:23 采集卡 开始采集图片
2021-09-11 15:04:23 采集卡 启动采集
2021-09-11 15:04:24 采集卡 采集完成
2021-09-11 15:04:24 采集卡 转换数据
2021-09-11 15:04:24 采集卡 转换AD
2021-09-11 15:04:24 采集卡 修改点
2021-09-11 15:04:24 采集卡 GAMMA
2021-09-11 15:04:24 采集卡 生成图片数组
2021-09-11 15:04:25 采集卡 停止采集
2021-09-11 15:04:26 采集卡 停止采集
2021-09-11 15:04:26 采集卡 停止采集
2021-09-11 15:04:28 采集卡 停止采集
2021-09-11 15:04:29 采集卡 停止采集
2021-09-11 15:04:32 采集卡 停止采集
2021-09-11 15:05:51 采集卡 开始采集本底
2021-09-11 15:05:51 采集卡 启动采集
2021-09-11 15:05:52 采集卡 采集完成
2021-09-11 15:05:52 采集卡 转换数据
2021-09-11 15:05:54 采集卡 开始采集满度
2021-09-11 15:05:54 采集卡 启动采集
2021-09-11 15:05:55 采集卡 采集完成
2021-09-11 15:05:55 采集卡 转换数据
2021-09-11 15:06:05 采集卡 开始采集图片
2021-09-11 15:06:05 采集卡 启动采集
2021-09-11 15:06:06 采集卡 停止采集
2021-09-11 15:06:06 采集卡 转换数据
2021-09-11 15:06:06 采集卡 转换AD
2021-09-11 15:06:06 采集卡 修改点
2021-09-11 15:06:06 采集卡 GAMMA
2021-09-11 15:06:06 采集卡 生成图片数组
2021-09-11 15:06:32 高压电源 192.168.127.252关闭高压
