2021-09-08 09:35:39 采集卡 开始采集图片
2021-09-08 09:35:39 采集卡 启动采集
2021-09-08 09:35:40 采集卡 停止采集
2021-09-08 09:35:40 采集卡 转换数据
2021-09-08 09:35:40 采集卡 转换AD
2021-09-08 09:35:40 采集卡 修改点
2021-09-08 09:35:40 采集卡 GAMMA
2021-09-08 09:35:40 采集卡 生成图片数组
2021-09-08 09:35:40 采集卡 开始采集本底
2021-09-08 09:35:40 采集卡 启动采集
2021-09-08 09:35:40 采集卡 采集完成
2021-09-08 09:35:40 采集卡 转换数据
2021-09-08 09:35:42 采集卡 开始采集满度
2021-09-08 09:35:42 采集卡 启动采集
2021-09-08 09:35:42 采集卡 采集完成
2021-09-08 09:35:42 采集卡 转换数据
2021-09-08 09:37:02 采集卡 开始采集本底
2021-09-08 09:37:02 采集卡 启动采集
2021-09-08 09:37:02 采集卡 采集完成
2021-09-08 09:37:02 采集卡 转换数据
2021-09-08 09:37:28 采集卡 开始采集满度
2021-09-08 09:37:28 采集卡 启动采集
2021-09-08 09:37:29 采集卡 采集完成
2021-09-08 09:37:29 采集卡 转换数据
2021-09-08 09:37:51 采集卡 开始采集图片
2021-09-08 09:37:51 采集卡 启动采集
2021-09-08 09:37:52 采集卡 采集完成
2021-09-08 09:37:52 采集卡 转换数据
2021-09-08 09:37:52 采集卡 转换AD
2021-09-08 09:37:52 采集卡 修改点
2021-09-08 09:37:52 采集卡 GAMMA
2021-09-08 09:37:52 采集卡 生成图片数组
2021-09-08 09:37:57 采集卡 开始采集图片
2021-09-08 09:37:57 采集卡 启动采集
2021-09-08 09:37:58 采集卡 采集完成
2021-09-08 09:37:58 采集卡 转换数据
2021-09-08 09:37:58 采集卡 转换AD
2021-09-08 09:37:58 采集卡 修改点
2021-09-08 09:37:58 采集卡 GAMMA
2021-09-08 09:37:58 采集卡 生成图片数组
2021-09-08 09:38:06 采集卡 开始采集图片
2021-09-08 09:38:06 采集卡 启动采集
2021-09-08 09:38:07 采集卡 采集完成
2021-09-08 09:38:07 采集卡 转换数据
2021-09-08 09:38:07 采集卡 转换AD
2021-09-08 09:38:07 采集卡 修改点
2021-09-08 09:38:07 采集卡 GAMMA
2021-09-08 09:38:07 采集卡 生成图片数组
2021-09-08 09:38:08 采集卡 开始采集图片
2021-09-08 09:38:08 采集卡 启动采集
2021-09-08 09:38:10 采集卡 采集完成
2021-09-08 09:38:10 采集卡 转换数据
2021-09-08 09:38:10 采集卡 转换AD
2021-09-08 09:38:10 采集卡 修改点
2021-09-08 09:38:10 采集卡 GAMMA
2021-09-08 09:38:10 采集卡 生成图片数组
2021-09-08 09:38:13 采集卡 开始采集图片
2021-09-08 09:38:13 采集卡 启动采集
2021-09-08 09:38:14 采集卡 采集完成
2021-09-08 09:38:14 采集卡 转换数据
2021-09-08 09:38:14 采集卡 转换AD
2021-09-08 09:38:14 采集卡 修改点
2021-09-08 09:38:14 采集卡 GAMMA
2021-09-08 09:38:14 采集卡 生成图片数组
2021-09-08 09:38:16 采集卡 开始采集图片
2021-09-08 09:38:16 采集卡 启动采集
2021-09-08 09:38:17 采集卡 采集完成
2021-09-08 09:38:17 采集卡 转换数据
2021-09-08 09:38:17 采集卡 转换AD
2021-09-08 09:38:17 采集卡 修改点
2021-09-08 09:38:17 采集卡 GAMMA
2021-09-08 09:38:17 采集卡 生成图片数组
2021-09-08 10:25:25 采集卡 开始采集图片
2021-09-08 10:25:25 采集卡 启动采集
2021-09-08 10:25:29 采集卡 停止采集
2021-09-08 10:36:59 采集卡 开始采集图片
2021-09-08 10:36:59 采集卡 启动采集
2021-09-08 10:37:00 采集卡 停止采集
2021-09-08 10:37:26 采集卡 开始采集图片
2021-09-08 10:37:26 采集卡 启动采集
2021-09-08 10:37:27 采集卡 停止采集
2021-09-08 10:37:39 采集卡 开始采集图片
2021-09-08 10:37:39 采集卡 启动采集
2021-09-08 10:37:41 采集卡 停止采集
2021-09-08 10:37:43 高压电源 192.168.127.252关闭高压
