2021-09-09 11:02:09 采集卡 开始采集本底
2021-09-09 11:02:09 采集卡 启动采集
2021-09-09 11:02:10 采集卡 采集完成
2021-09-09 11:02:10 采集卡 转换数据
2021-09-09 11:02:28 采集卡 开始采集满度
2021-09-09 11:02:28 采集卡 启动采集
2021-09-09 11:02:29 采集卡 采集完成
2021-09-09 11:02:29 采集卡 转换数据
2021-09-09 11:02:45 采集卡 开始采集图片
2021-09-09 11:02:45 采集卡 启动采集
2021-09-09 11:02:47 采集卡 停止采集
2021-09-09 11:02:54 采集卡 开始采集图片
2021-09-09 11:02:54 采集卡 启动采集
2021-09-09 11:02:57 采集卡 停止采集
2021-09-09 11:02:57 采集卡 转换数据
2021-09-09 11:02:57 采集卡 转换AD
2021-09-09 11:02:57 采集卡 修改点
2021-09-09 11:02:57 采集卡 GAMMA
2021-09-09 11:02:57 采集卡 生成图片数组
2021-09-09 11:03:17 采集卡 开始采集图片
2021-09-09 11:03:17 采集卡 启动采集
2021-09-09 11:03:20 采集卡 停止采集
2021-09-09 11:03:20 采集卡 转换数据
2021-09-09 11:03:20 采集卡 转换AD
2021-09-09 11:03:20 采集卡 修改点
2021-09-09 11:03:20 采集卡 GAMMA
2021-09-09 11:03:20 采集卡 生成图片数组
2021-09-09 11:03:22 采集卡 开始采集图片
2021-09-09 11:03:22 采集卡 启动采集
2021-09-09 11:03:26 采集卡 停止采集
2021-09-09 11:03:26 采集卡 转换数据
2021-09-09 11:03:26 采集卡 转换AD
2021-09-09 11:03:26 采集卡 修改点
2021-09-09 11:03:26 采集卡 GAMMA
2021-09-09 11:03:26 采集卡 生成图片数组
2021-09-09 11:04:13 采集卡 开始采集图片
2021-09-09 11:04:13 采集卡 启动采集
2021-09-09 11:04:16 采集卡 采集完成
2021-09-09 11:04:16 采集卡 转换数据
2021-09-09 11:04:16 采集卡 转换AD
2021-09-09 11:04:16 采集卡 修改点
2021-09-09 11:04:16 采集卡 GAMMA
2021-09-09 11:04:16 采集卡 生成图片数组
2021-09-09 11:06:20 采集卡 开始采集图片
2021-09-09 11:06:20 采集卡 启动采集
2021-09-09 11:06:22 采集卡 停止采集
2021-09-09 11:06:22 采集卡 转换数据
2021-09-09 11:06:22 采集卡 转换AD
2021-09-09 11:06:22 采集卡 修改点
2021-09-09 11:06:22 采集卡 GAMMA
2021-09-09 11:06:22 采集卡 生成图片数组
2021-09-09 11:06:43 采集卡 开始采集图片
2021-09-09 11:06:43 采集卡 启动采集
2021-09-09 11:06:45 采集卡 采集完成
2021-09-09 11:06:45 采集卡 转换数据
2021-09-09 11:06:45 采集卡 转换AD
2021-09-09 11:06:45 采集卡 修改点
2021-09-09 11:06:45 采集卡 GAMMA
2021-09-09 11:06:45 采集卡 生成图片数组
2021-09-09 11:06:46 采集卡 开始采集图片
2021-09-09 11:06:46 采集卡 启动采集
2021-09-09 11:06:46 采集卡 采集完成
2021-09-09 11:06:46 采集卡 转换数据
2021-09-09 11:06:46 采集卡 转换AD
2021-09-09 11:06:46 采集卡 修改点
2021-09-09 11:06:46 采集卡 GAMMA
2021-09-09 11:06:46 采集卡 生成图片数组
2021-09-09 11:07:10 高压电源 192.168.127.252关闭高压
