2021-09-07 16:52:53 采集卡 开始采集图片
2021-09-07 16:52:53 采集卡 启动采集
2021-09-07 16:52:55 采集卡 采集完成
2021-09-07 16:52:55 采集卡 转换数据
2021-09-07 16:52:56 采集卡 转换AD
2021-09-07 16:52:56 采集卡 修改点
2021-09-07 16:52:56 采集卡 GAMMA
2021-09-07 16:52:56 采集卡 生成图片数组
2021-09-07 16:53:01 采集卡 开始采集本底
2021-09-07 16:53:01 采集卡 启动采集
2021-09-07 16:53:01 采集卡 采集完成
2021-09-07 16:53:01 采集卡 转换数据
2021-09-07 16:53:09 采集卡 开始采集满度
2021-09-07 16:53:09 采集卡 启动采集
2021-09-07 16:53:09 采集卡 采集完成
2021-09-07 16:53:09 采集卡 转换数据
2021-09-07 16:53:11 采集卡 开始采集图片
2021-09-07 16:53:11 采集卡 启动采集
2021-09-07 16:53:12 采集卡 停止采集
2021-09-07 16:53:12 采集卡 转换数据
2021-09-07 16:53:13 采集卡 转换AD
2021-09-07 16:53:13 采集卡 修改点
2021-09-07 16:53:13 采集卡 GAMMA
2021-09-07 16:53:13 采集卡 生成图片数组
2021-09-07 16:53:18 采集卡 开始采集图片
2021-09-07 16:53:18 采集卡 启动采集
2021-09-07 16:53:19 采集卡 停止采集
2021-09-07 16:53:19 采集卡 转换数据
2021-09-07 16:53:19 采集卡 转换AD
2021-09-07 16:53:19 采集卡 修改点
2021-09-07 16:53:19 采集卡 GAMMA
2021-09-07 16:53:19 采集卡 生成图片数组
2021-09-07 16:53:22 采集卡 开始采集图片
2021-09-07 16:53:22 采集卡 启动采集
2021-09-07 16:53:23 采集卡 采集完成
2021-09-07 16:53:23 采集卡 转换数据
2021-09-07 16:53:23 采集卡 转换AD
2021-09-07 16:53:23 采集卡 修改点
2021-09-07 16:53:23 采集卡 GAMMA
2021-09-07 16:53:23 采集卡 生成图片数组
2021-09-07 16:53:32 采集卡 开始采集图片
2021-09-07 16:53:32 采集卡 启动采集
2021-09-07 16:53:33 采集卡 停止采集
2021-09-07 16:53:33 采集卡 转换数据
2021-09-07 16:53:33 采集卡 转换AD
2021-09-07 16:53:33 采集卡 修改点
2021-09-07 16:53:33 采集卡 GAMMA
2021-09-07 16:53:33 采集卡 生成图片数组
2021-09-07 16:53:57 采集卡 开始采集图片
2021-09-07 16:53:57 采集卡 启动采集
2021-09-07 16:53:58 采集卡 采集完成
2021-09-07 16:53:58 采集卡 转换数据
2021-09-07 16:53:58 采集卡 转换AD
2021-09-07 16:53:58 采集卡 修改点
2021-09-07 16:53:58 采集卡 GAMMA
2021-09-07 16:53:58 采集卡 生成图片数组
2021-09-07 16:54:06 采集卡 开始采集图片
2021-09-07 16:54:06 采集卡 启动采集
2021-09-07 16:54:07 采集卡 停止采集
2021-09-07 16:54:07 采集卡 转换数据
2021-09-07 16:54:07 采集卡 转换AD
2021-09-07 16:54:07 采集卡 修改点
2021-09-07 16:54:07 采集卡 GAMMA
2021-09-07 16:54:07 采集卡 生成图片数组
2021-09-07 16:54:09 采集卡 开始采集图片
2021-09-07 16:54:09 采集卡 启动采集
2021-09-07 16:54:10 采集卡 采集完成
2021-09-07 16:54:10 采集卡 转换数据
2021-09-07 16:54:10 采集卡 转换AD
2021-09-07 16:54:10 采集卡 修改点
2021-09-07 16:54:10 采集卡 GAMMA
2021-09-07 16:54:10 采集卡 生成图片数组
2021-09-07 16:54:11 采集卡 开始采集图片
2021-09-07 16:54:11 采集卡 启动采集
2021-09-07 16:54:16 采集卡 采集完成
2021-09-07 16:54:16 采集卡 转换数据
2021-09-07 16:54:16 采集卡 转换AD
2021-09-07 16:54:16 采集卡 修改点
2021-09-07 16:54:16 采集卡 GAMMA
2021-09-07 16:54:16 采集卡 生成图片数组
2021-09-07 16:54:19 采集卡 开始采集图片
2021-09-07 16:54:19 采集卡 启动采集
2021-09-07 16:54:19 采集卡 采集完成
2021-09-07 16:54:19 采集卡 转换数据
2021-09-07 16:54:19 采集卡 转换AD
2021-09-07 16:54:19 采集卡 修改点
2021-09-07 16:54:19 采集卡 GAMMA
2021-09-07 16:54:19 采集卡 生成图片数组
2021-09-07 16:54:20 采集卡 开始采集图片
2021-09-07 16:54:20 采集卡 启动采集
2021-09-07 16:54:20 采集卡 采集完成
2021-09-07 16:54:20 采集卡 转换数据
2021-09-07 16:54:20 采集卡 转换AD
2021-09-07 16:54:20 采集卡 修改点
2021-09-07 16:54:20 采集卡 GAMMA
2021-09-07 16:54:20 采集卡 生成图片数组
2021-09-07 16:54:21 采集卡 开始采集图片
2021-09-07 16:54:21 采集卡 启动采集
2021-09-07 16:54:21 采集卡 采集完成
2021-09-07 16:54:21 采集卡 转换数据
2021-09-07 16:54:21 采集卡 转换AD
2021-09-07 16:54:21 采集卡 修改点
2021-09-07 16:54:21 采集卡 GAMMA
2021-09-07 16:54:21 采集卡 生成图片数组
2021-09-07 16:54:22 采集卡 开始采集图片
2021-09-07 16:54:22 采集卡 启动采集
2021-09-07 16:54:22 采集卡 停止采集
2021-09-07 16:54:22 采集卡 转换数据
2021-09-07 16:54:22 采集卡 转换AD
2021-09-07 16:54:22 采集卡 修改点
2021-09-07 16:54:22 采集卡 GAMMA
2021-09-07 16:54:22 采集卡 生成图片数组
2021-09-07 16:54:22 采集卡 开始采集图片
2021-09-07 16:54:22 采集卡 启动采集
2021-09-07 16:54:22 采集卡 停止采集
2021-09-07 16:54:22 采集卡 转换数据
2021-09-07 16:54:22 采集卡 转换AD
2021-09-07 16:54:22 采集卡 修改点
2021-09-07 16:54:22 采集卡 GAMMA
2021-09-07 16:54:22 采集卡 生成图片数组
2021-09-07 16:54:23 采集卡 开始采集图片
2021-09-07 16:54:23 采集卡 启动采集
2021-09-07 16:54:23 采集卡 停止采集
2021-09-07 16:54:23 采集卡 转换数据
2021-09-07 16:54:23 采集卡 转换AD
2021-09-07 16:54:23 采集卡 修改点
2021-09-07 16:54:23 采集卡 GAMMA
2021-09-07 16:54:23 采集卡 生成图片数组
2021-09-07 16:54:24 采集卡 开始采集图片
2021-09-07 16:54:24 采集卡 启动采集
2021-09-07 16:54:24 采集卡 停止采集
2021-09-07 16:54:24 采集卡 转换数据
2021-09-07 16:54:24 采集卡 转换AD
2021-09-07 16:54:24 采集卡 修改点
2021-09-07 16:54:24 采集卡 GAMMA
2021-09-07 16:54:24 采集卡 生成图片数组
2021-09-07 16:54:24 采集卡 开始采集图片
2021-09-07 16:54:24 采集卡 启动采集
2021-09-07 16:54:24 采集卡 停止采集
2021-09-07 16:54:24 采集卡 转换数据
2021-09-07 16:54:25 采集卡 转换AD
2021-09-07 16:54:25 采集卡 修改点
2021-09-07 16:54:25 采集卡 GAMMA
2021-09-07 16:54:25 采集卡 生成图片数组
2021-09-07 16:54:25 采集卡 开始采集图片
2021-09-07 16:54:25 采集卡 启动采集
2021-09-07 16:54:25 采集卡 采集完成
2021-09-07 16:54:25 采集卡 转换数据
2021-09-07 16:54:25 采集卡 转换AD
2021-09-07 16:54:25 采集卡 修改点
2021-09-07 16:54:25 采集卡 GAMMA
2021-09-07 16:54:25 采集卡 生成图片数组
2021-09-07 16:54:36 采集卡 开始采集本底
2021-09-07 16:54:36 采集卡 启动采集
2021-09-07 16:54:36 采集卡 采集完成
2021-09-07 16:54:36 采集卡 转换数据
2021-09-07 16:54:43 采集卡 开始采集满度
2021-09-07 16:54:43 采集卡 启动采集
2021-09-07 16:54:43 采集卡 采集完成
2021-09-07 16:54:43 采集卡 转换数据
2021-09-07 16:54:46 采集卡 开始采集图片
2021-09-07 16:54:46 采集卡 启动采集
2021-09-07 16:54:47 采集卡 采集完成
2021-09-07 16:54:47 采集卡 转换数据
2021-09-07 16:54:47 采集卡 转换AD
2021-09-07 16:54:47 采集卡 修改点
2021-09-07 16:54:47 采集卡 GAMMA
2021-09-07 16:54:47 采集卡 生成图片数组
2021-09-07 16:54:48 采集卡 开始采集图片
2021-09-07 16:54:48 采集卡 启动采集
2021-09-07 16:54:48 采集卡 采集完成
2021-09-07 16:54:48 采集卡 转换数据
2021-09-07 16:54:48 采集卡 转换AD
2021-09-07 16:54:48 采集卡 修改点
2021-09-07 16:54:48 采集卡 GAMMA
2021-09-07 16:54:48 采集卡 生成图片数组
2021-09-07 16:57:51 采集卡 开始采集图片
2021-09-07 16:57:51 采集卡 启动采集
2021-09-07 16:57:58 采集卡 停止采集
2021-09-07 16:57:58 采集卡 转换数据
2021-09-07 16:57:58 采集卡 转换AD
2021-09-07 16:57:58 采集卡 修改点
2021-09-07 16:57:58 采集卡 GAMMA
2021-09-07 16:57:58 采集卡 生成图片数组
2021-09-07 16:58:19 高压电源 192.168.127.252关闭高压
