2021-09-04 19:42:15 采集卡 停止采集
2021-09-04 19:42:22 采集卡 开始采集图片
2021-09-04 19:42:22 采集卡 启动采集
2021-09-04 19:42:25 采集卡 停止采集
2021-09-04 19:43:02 采集卡 采集完成
2021-09-04 19:43:02 采集卡 转换数据
2021-09-04 19:43:03 采集卡 转换AD
2021-09-04 19:43:03 采集卡 修改点
2021-09-04 19:43:03 采集卡 GAMMA
2021-09-04 19:43:03 采集卡 生成图片数组
2021-09-04 19:43:05 采集卡 开始采集图片
2021-09-04 19:43:05 采集卡 启动采集
2021-09-04 19:43:13 采集卡 停止采集
2021-09-04 19:43:17 采集卡 转换数据
2021-09-04 19:43:17 采集卡 转换AD
2021-09-04 19:43:17 采集卡 修改点
2021-09-04 19:43:17 采集卡 GAMMA
2021-09-04 19:43:17 采集卡 生成图片数组
2021-09-04 19:43:20 采集卡 开始采集图片
2021-09-04 19:43:20 采集卡 启动采集
2021-09-04 19:43:22 采集卡 采集完成
2021-09-04 19:43:22 采集卡 转换数据
2021-09-04 19:43:22 采集卡 转换AD
2021-09-04 19:43:22 采集卡 修改点
2021-09-04 19:43:22 采集卡 GAMMA
2021-09-04 19:43:22 采集卡 生成图片数组
2021-09-04 19:43:25 采集卡 开始采集图片
2021-09-04 19:43:25 采集卡 启动采集
2021-09-04 19:43:30 采集卡 采集完成
2021-09-04 19:43:30 采集卡 转换数据
2021-09-04 19:43:30 采集卡 转换AD
2021-09-04 19:43:30 采集卡 修改点
2021-09-04 19:43:30 采集卡 GAMMA
2021-09-04 19:43:30 采集卡 生成图片数组
2021-09-04 19:43:42 采集卡 开始采集图片
2021-09-04 19:43:42 采集卡 启动采集
2021-09-04 19:43:44 采集卡 停止采集
2021-09-04 19:43:53 采集卡 转换数据
2021-09-04 19:43:53 采集卡 转换AD
2021-09-04 19:43:53 采集卡 修改点
2021-09-04 19:43:53 采集卡 GAMMA
2021-09-04 19:43:53 采集卡 生成图片数组
2021-09-04 19:43:57 采集卡 停止采集
2021-09-04 19:43:59 高压电源 192.168.127.252关闭高压
