2021-10-17 13:52:01 采集卡 开始采集本底
2021-10-17 13:52:01 采集卡 启动采集
2021-10-17 13:52:11 采集卡 开始采集本底
2021-10-17 13:52:11 采集卡 启动采集
2021-10-17 13:52:15 采集卡 开始采集图片
2021-10-17 13:52:15 采集卡 启动采集
2021-10-17 13:52:18 采集卡 停止采集
2021-10-17 13:52:21 采集卡 开始采集本底
2021-10-17 13:52:27 采集卡 停止采集
2021-10-17 13:52:28 采集卡 停止采集
2021-10-17 13:52:29 采集卡 停止采集
2021-10-17 13:52:33 采集卡 停止采集
2021-10-17 13:52:34 采集卡 开始采集图片
2021-10-17 13:52:34 采集卡 停止采集
2021-10-17 13:52:35 采集卡 开始采集图片
2021-10-17 13:52:35 采集卡 停止采集
2021-10-17 13:52:37 采集卡 开始采集本底
2021-10-17 13:52:37 采集卡 启动采集
2021-10-17 13:52:47 采集卡 开始采集本底
2021-10-17 13:52:47 采集卡 启动采集
2021-10-17 13:52:54 采集卡 开始采集本底
2021-10-17 13:52:54 采集卡 启动采集
2021-10-17 13:53:20 高压电源 192.168.127.252关闭高压
