2021-09-25 16:18:20 采集卡 开始采集满度
2021-09-25 16:18:20 采集卡 启动采集
2021-09-25 16:18:21 采集卡 采集完成
2021-09-25 16:18:21 采集卡 转换数据
2021-09-25 16:18:43 采集卡 开始采集图片
2021-09-25 16:18:43 采集卡 启动采集
2021-09-25 16:18:45 采集卡 采集完成
2021-09-25 16:18:45 采集卡 转换数据
2021-09-25 16:18:45 采集卡 转换AD
2021-09-25 16:18:45 采集卡 修改点
2021-09-25 16:18:45 采集卡 GAMMA
2021-09-25 16:18:45 采集卡 生成图片数组
2021-09-25 16:19:08 采集卡 开始采集图片
2021-09-25 16:19:08 采集卡 启动采集
2021-09-25 16:19:10 采集卡 采集完成
2021-09-25 16:19:10 采集卡 转换数据
2021-09-25 16:19:10 采集卡 转换AD
2021-09-25 16:19:10 采集卡 修改点
2021-09-25 16:19:10 采集卡 GAMMA
2021-09-25 16:19:10 采集卡 生成图片数组
2021-09-25 16:20:07 采集卡 开始采集本底
2021-09-25 16:20:07 采集卡 启动采集
2021-09-25 16:20:09 采集卡 采集完成
2021-09-25 16:20:09 采集卡 转换数据
2021-09-25 16:20:23 采集卡 开始采集图片
2021-09-25 16:20:23 采集卡 启动采集
2021-09-25 16:20:24 采集卡 采集完成
2021-09-25 16:20:24 采集卡 转换数据
2021-09-25 16:20:24 采集卡 转换AD
2021-09-25 16:20:24 采集卡 修改点
2021-09-25 16:20:24 采集卡 GAMMA
2021-09-25 16:20:24 采集卡 生成图片数组
2021-09-25 16:20:26 采集卡 开始采集图片
2021-09-25 16:20:26 采集卡 启动采集
2021-09-25 16:20:27 采集卡 采集完成
2021-09-25 16:20:27 采集卡 转换数据
2021-09-25 16:20:27 采集卡 转换AD
2021-09-25 16:20:27 采集卡 修改点
2021-09-25 16:20:27 采集卡 GAMMA
2021-09-25 16:20:27 采集卡 生成图片数组
2021-09-25 16:20:29 采集卡 开始采集图片
2021-09-25 16:20:29 采集卡 启动采集
2021-09-25 16:20:31 采集卡 停止采集
2021-09-25 16:20:31 采集卡 转换数据
2021-09-25 16:20:31 采集卡 转换AD
2021-09-25 16:20:31 采集卡 修改点
2021-09-25 16:20:31 采集卡 GAMMA
2021-09-25 16:20:31 采集卡 生成图片数组
2021-09-25 16:20:34 采集卡 开始采集图片
2021-09-25 16:20:34 采集卡 启动采集
2021-09-25 16:20:35 采集卡 采集完成
2021-09-25 16:20:35 采集卡 转换数据
2021-09-25 16:20:35 采集卡 转换AD
2021-09-25 16:20:35 采集卡 修改点
2021-09-25 16:20:35 采集卡 GAMMA
2021-09-25 16:20:35 采集卡 生成图片数组
2021-09-25 16:21:31 采集卡 开始采集图片
2021-09-25 16:21:31 采集卡 启动采集
2021-09-25 16:21:32 采集卡 采集完成
2021-09-25 16:21:32 采集卡 转换数据
2021-09-25 16:21:32 采集卡 转换AD
2021-09-25 16:21:32 采集卡 修改点
2021-09-25 16:21:32 采集卡 GAMMA
2021-09-25 16:21:32 采集卡 生成图片数组
2021-09-25 16:21:35 采集卡 开始采集图片
2021-09-25 16:21:35 采集卡 启动采集
2021-09-25 16:21:36 采集卡 采集完成
2021-09-25 16:21:36 采集卡 转换数据
2021-09-25 16:21:36 采集卡 转换AD
2021-09-25 16:21:36 采集卡 修改点
2021-09-25 16:21:36 采集卡 GAMMA
2021-09-25 16:21:36 采集卡 生成图片数组
2021-09-25 16:22:10 采集卡 开始采集图片
2021-09-25 16:22:10 采集卡 启动采集
2021-09-25 16:22:12 采集卡 停止采集
2021-09-25 16:22:12 采集卡 转换数据
2021-09-25 16:22:12 采集卡 转换AD
2021-09-25 16:22:12 采集卡 修改点
2021-09-25 16:22:12 采集卡 GAMMA
2021-09-25 16:22:12 采集卡 生成图片数组
2021-09-25 16:25:06 采集卡 开始采集图片
2021-09-25 16:25:06 采集卡 启动采集
2021-09-25 16:25:06 采集卡 开始采集图片
2021-09-25 16:25:10 采集卡 采集完成
2021-09-25 16:25:10 采集卡 转换数据
2021-09-25 16:25:10 采集卡 转换AD
2021-09-25 16:25:10 采集卡 修改点
2021-09-25 16:25:10 采集卡 GAMMA
2021-09-25 16:25:10 采集卡 生成图片数组
2021-09-25 16:26:00 采集卡 开始采集图片
2021-09-25 16:26:00 采集卡 启动采集
2021-09-25 16:26:01 采集卡 采集完成
2021-09-25 16:26:01 采集卡 转换数据
2021-09-25 16:26:01 采集卡 转换AD
2021-09-25 16:26:01 采集卡 修改点
2021-09-25 16:26:01 采集卡 GAMMA
2021-09-25 16:26:01 采集卡 生成图片数组
2021-09-25 16:26:37 采集卡 开始采集图片
2021-09-25 16:26:37 采集卡 启动采集
2021-09-25 16:26:38 采集卡 停止采集
2021-09-25 16:26:38 采集卡 采集完成
2021-09-25 16:26:38 采集卡 转换数据
2021-09-25 16:26:39 采集卡 转换AD
2021-09-25 16:26:39 采集卡 修改点
2021-09-25 16:26:39 采集卡 GAMMA
2021-09-25 16:26:39 采集卡 生成图片数组
2021-09-25 16:26:51 采集卡 开始采集图片
2021-09-25 16:26:51 采集卡 启动采集
2021-09-25 16:26:53 采集卡 停止采集
2021-09-25 16:26:56 采集卡 开始采集图片
2021-09-25 16:26:56 采集卡 启动采集
2021-09-25 16:26:57 采集卡 采集完成
2021-09-25 16:26:57 采集卡 转换数据
2021-09-25 16:26:57 采集卡 转换AD
2021-09-25 16:26:57 采集卡 修改点
2021-09-25 16:26:57 采集卡 GAMMA
2021-09-25 16:26:57 采集卡 生成图片数组
2021-09-25 16:27:46 采集卡 开始采集图片
2021-09-25 16:27:46 采集卡 启动采集
2021-09-25 16:27:47 采集卡 采集完成
2021-09-25 16:27:47 采集卡 转换数据
2021-09-25 16:27:47 采集卡 转换AD
2021-09-25 16:27:47 采集卡 修改点
2021-09-25 16:27:47 采集卡 GAMMA
2021-09-25 16:27:47 采集卡 生成图片数组
2021-09-25 16:27:49 采集卡 开始采集图片
2021-09-25 16:27:49 采集卡 启动采集
2021-09-25 16:27:50 采集卡 采集完成
2021-09-25 16:27:50 采集卡 转换数据
2021-09-25 16:27:50 采集卡 转换AD
2021-09-25 16:27:50 采集卡 修改点
2021-09-25 16:27:50 采集卡 GAMMA
2021-09-25 16:27:50 采集卡 生成图片数组
2021-09-25 16:27:51 采集卡 开始采集图片
2021-09-25 16:27:51 采集卡 启动采集
2021-09-25 16:27:53 采集卡 停止采集
2021-09-25 16:27:53 采集卡 转换数据
2021-09-25 16:27:53 采集卡 转换AD
2021-09-25 16:27:53 采集卡 修改点
2021-09-25 16:27:53 采集卡 GAMMA
2021-09-25 16:27:53 采集卡 生成图片数组
2021-09-25 16:27:54 采集卡 开始采集图片
2021-09-25 16:27:54 采集卡 启动采集
2021-09-25 16:27:56 采集卡 停止采集
2021-09-25 16:27:56 采集卡 转换数据
2021-09-25 16:27:56 采集卡 转换AD
2021-09-25 16:27:56 采集卡 修改点
2021-09-25 16:27:56 采集卡 GAMMA
2021-09-25 16:27:56 采集卡 生成图片数组
2021-09-25 16:27:57 采集卡 开始采集图片
2021-09-25 16:27:57 采集卡 启动采集
2021-09-25 16:28:00 采集卡 采集完成
2021-09-25 16:28:00 采集卡 转换数据
2021-09-25 16:28:00 采集卡 转换AD
2021-09-25 16:28:00 采集卡 修改点
2021-09-25 16:28:00 采集卡 GAMMA
2021-09-25 16:28:00 采集卡 生成图片数组
2021-09-25 16:28:01 采集卡 开始采集图片
2021-09-25 16:28:01 采集卡 启动采集
2021-09-25 16:28:04 采集卡 停止采集
2021-09-25 16:28:04 采集卡 转换AD
2021-09-25 16:28:04 采集卡 修改点
2021-09-25 16:28:04 采集卡 GAMMA
2021-09-25 16:28:04 采集卡 生成图片数组
2021-09-25 16:28:07 采集卡 开始采集图片
2021-09-25 16:28:07 采集卡 启动采集
2021-09-25 16:28:08 采集卡 采集完成
2021-09-25 16:28:08 采集卡 转换数据
2021-09-25 16:28:08 采集卡 转换AD
2021-09-25 16:28:08 采集卡 修改点
2021-09-25 16:28:08 采集卡 GAMMA
2021-09-25 16:28:08 采集卡 生成图片数组
2021-09-25 16:28:20 采集卡 开始采集图片
2021-09-25 16:28:20 采集卡 启动采集
2021-09-25 16:28:21 采集卡 停止采集
2021-09-25 16:28:21 采集卡 转换数据
2021-09-25 16:28:21 采集卡 转换AD
2021-09-25 16:28:21 采集卡 修改点
2021-09-25 16:28:21 采集卡 GAMMA
2021-09-25 16:28:21 采集卡 生成图片数组
2021-09-25 16:28:22 采集卡 开始采集图片
2021-09-25 16:28:22 采集卡 启动采集
2021-09-25 16:28:24 采集卡 停止采集
2021-09-25 16:28:24 采集卡 转换数据
2021-09-25 16:28:24 采集卡 转换AD
2021-09-25 16:28:24 采集卡 修改点
2021-09-25 16:28:24 采集卡 GAMMA
2021-09-25 16:28:24 采集卡 生成图片数组
2021-09-25 16:28:25 采集卡 开始采集图片
2021-09-25 16:28:25 采集卡 启动采集
2021-09-25 16:28:26 采集卡 采集完成
2021-09-25 16:28:26 采集卡 转换数据
2021-09-25 16:28:26 采集卡 转换AD
2021-09-25 16:28:26 采集卡 修改点
2021-09-25 16:28:26 采集卡 GAMMA
2021-09-25 16:28:26 采集卡 生成图片数组
2021-09-25 16:28:28 采集卡 开始采集图片
2021-09-25 16:28:28 采集卡 启动采集
2021-09-25 16:28:29 采集卡 采集完成
2021-09-25 16:28:29 采集卡 转换数据
2021-09-25 16:28:29 采集卡 转换AD
2021-09-25 16:28:29 采集卡 修改点
2021-09-25 16:28:29 采集卡 GAMMA
2021-09-25 16:28:29 采集卡 生成图片数组
2021-09-25 16:29:26 采集卡 开始采集图片
2021-09-25 16:29:26 采集卡 启动采集
2021-09-25 16:29:28 采集卡 采集完成
2021-09-25 16:29:28 采集卡 转换数据
2021-09-25 16:29:28 采集卡 转换AD
2021-09-25 16:29:28 采集卡 修改点
2021-09-25 16:29:28 采集卡 GAMMA
2021-09-25 16:29:28 采集卡 生成图片数组
2021-09-25 16:29:38 采集卡 开始采集图片
2021-09-25 16:29:38 采集卡 启动采集
2021-09-25 16:29:39 采集卡 采集完成
2021-09-25 16:29:39 采集卡 转换数据
2021-09-25 16:29:39 采集卡 转换AD
2021-09-25 16:29:39 采集卡 修改点
2021-09-25 16:29:39 采集卡 GAMMA
2021-09-25 16:29:39 采集卡 生成图片数组
2021-09-25 16:29:47 采集卡 开始采集图片
2021-09-25 16:29:47 采集卡 启动采集
2021-09-25 16:29:48 采集卡 停止采集
2021-09-25 16:29:48 采集卡 转换数据
2021-09-25 16:29:48 采集卡 转换AD
2021-09-25 16:29:48 采集卡 修改点
2021-09-25 16:29:48 采集卡 GAMMA
2021-09-25 16:29:48 采集卡 生成图片数组
2021-09-25 16:29:49 采集卡 开始采集图片
2021-09-25 16:29:49 采集卡 启动采集
2021-09-25 16:29:50 采集卡 采集完成
2021-09-25 16:29:50 采集卡 转换数据
2021-09-25 16:29:50 采集卡 转换AD
2021-09-25 16:29:50 采集卡 修改点
2021-09-25 16:29:50 采集卡 GAMMA
2021-09-25 16:29:50 采集卡 生成图片数组
2021-09-25 16:29:51 采集卡 开始采集图片
2021-09-25 16:29:51 采集卡 启动采集
2021-09-25 16:29:52 采集卡 采集完成
2021-09-25 16:29:52 采集卡 转换数据
2021-09-25 16:29:52 采集卡 转换AD
2021-09-25 16:29:52 采集卡 修改点
2021-09-25 16:29:52 采集卡 GAMMA
2021-09-25 16:29:52 采集卡 生成图片数组
2021-09-25 16:29:54 采集卡 开始采集图片
2021-09-25 16:29:54 采集卡 启动采集
2021-09-25 16:30:04 采集卡 开始采集图片
2021-09-25 16:30:06 采集卡 采集完成
2021-09-25 16:30:06 采集卡 转换数据
2021-09-25 16:30:06 采集卡 转换AD
2021-09-25 16:30:06 采集卡 修改点
2021-09-25 16:30:06 采集卡 GAMMA
2021-09-25 16:30:06 采集卡 生成图片数组
2021-09-25 16:30:08 采集卡 开始采集图片
2021-09-25 16:30:08 采集卡 启动采集
2021-09-25 16:30:10 采集卡 采集完成
2021-09-25 16:30:10 采集卡 转换数据
2021-09-25 16:30:10 采集卡 转换AD
2021-09-25 16:30:10 采集卡 修改点
2021-09-25 16:30:10 采集卡 GAMMA
2021-09-25 16:30:10 采集卡 生成图片数组
2021-09-25 16:30:11 采集卡 开始采集图片
2021-09-25 16:30:11 采集卡 启动采集
2021-09-25 16:30:14 采集卡 采集完成
2021-09-25 16:30:14 采集卡 转换数据
2021-09-25 16:30:14 采集卡 转换AD
2021-09-25 16:30:14 采集卡 修改点
2021-09-25 16:30:14 采集卡 GAMMA
2021-09-25 16:30:14 采集卡 生成图片数组
2021-09-25 16:31:54 采集卡 开始采集图片
2021-09-25 16:31:54 采集卡 启动采集
2021-09-25 16:31:55 采集卡 停止采集
2021-09-25 16:31:55 采集卡 转换数据
2021-09-25 16:31:55 采集卡 转换AD
2021-09-25 16:31:55 采集卡 修改点
2021-09-25 16:31:55 采集卡 GAMMA
2021-09-25 16:31:55 采集卡 生成图片数组
2021-09-25 16:33:19 采集卡 开始采集图片
2021-09-25 16:33:19 采集卡 启动采集
2021-09-25 16:33:20 采集卡 停止采集
2021-09-25 16:33:20 采集卡 转换数据
2021-09-25 16:33:20 采集卡 转换AD
2021-09-25 16:33:20 采集卡 修改点
2021-09-25 16:33:20 采集卡 GAMMA
2021-09-25 16:33:20 采集卡 生成图片数组
2021-09-25 16:33:28 采集卡 开始采集图片
2021-09-25 16:33:28 采集卡 启动采集
2021-09-25 16:33:31 采集卡 停止采集
2021-09-25 16:33:31 采集卡 转换数据
2021-09-25 16:33:31 采集卡 转换AD
2021-09-25 16:33:31 采集卡 修改点
2021-09-25 16:33:31 采集卡 GAMMA
2021-09-25 16:33:31 采集卡 生成图片数组
2021-09-25 16:33:32 采集卡 开始采集图片
2021-09-25 16:33:32 采集卡 启动采集
2021-09-25 16:33:34 采集卡 采集完成
2021-09-25 16:33:35 采集卡 转换数据
2021-09-25 16:33:35 采集卡 转换AD
2021-09-25 16:33:35 采集卡 修改点
2021-09-25 16:33:35 采集卡 GAMMA
2021-09-25 16:33:35 采集卡 生成图片数组
2021-09-25 16:33:36 采集卡 开始采集图片
2021-09-25 16:33:36 采集卡 启动采集
2021-09-25 16:33:37 采集卡 采集完成
2021-09-25 16:33:37 采集卡 转换数据
2021-09-25 16:33:37 采集卡 转换AD
2021-09-25 16:33:37 采集卡 修改点
2021-09-25 16:33:37 采集卡 GAMMA
2021-09-25 16:33:37 采集卡 生成图片数组
2021-09-25 16:33:39 采集卡 开始采集图片
2021-09-25 16:33:39 采集卡 启动采集
2021-09-25 16:33:40 采集卡 采集完成
2021-09-25 16:33:40 采集卡 转换数据
2021-09-25 16:33:40 采集卡 转换AD
2021-09-25 16:33:40 采集卡 修改点
2021-09-25 16:33:40 采集卡 GAMMA
2021-09-25 16:33:40 采集卡 生成图片数组
2021-09-25 16:33:41 采集卡 开始采集图片
2021-09-25 16:33:41 采集卡 启动采集
2021-09-25 16:33:42 采集卡 采集完成
2021-09-25 16:33:42 采集卡 转换数据
2021-09-25 16:33:42 采集卡 转换AD
2021-09-25 16:33:42 采集卡 修改点
2021-09-25 16:33:42 采集卡 GAMMA
2021-09-25 16:33:42 采集卡 生成图片数组
2021-09-25 16:33:43 采集卡 开始采集图片
2021-09-25 16:33:43 采集卡 启动采集
2021-09-25 16:33:44 采集卡 停止采集
2021-09-25 16:33:44 采集卡 转换数据
2021-09-25 16:33:44 采集卡 转换AD
2021-09-25 16:33:44 采集卡 修改点
2021-09-25 16:33:44 采集卡 GAMMA
2021-09-25 16:33:44 采集卡 生成图片数组
2021-09-25 16:33:45 采集卡 开始采集图片
2021-09-25 16:33:45 采集卡 启动采集
2021-09-25 16:33:47 采集卡 停止采集
2021-09-25 16:33:47 采集卡 转换数据
2021-09-25 16:33:48 采集卡 转换AD
2021-09-25 16:33:48 采集卡 修改点
2021-09-25 16:33:48 采集卡 GAMMA
2021-09-25 16:33:48 采集卡 生成图片数组
2021-09-25 16:33:49 采集卡 开始采集图片
2021-09-25 16:33:49 采集卡 启动采集
2021-09-25 16:33:50 采集卡 停止采集
2021-09-25 16:33:50 采集卡 转换数据
2021-09-25 16:33:50 采集卡 转换AD
2021-09-25 16:33:50 采集卡 修改点
2021-09-25 16:33:50 采集卡 GAMMA
2021-09-25 16:33:50 采集卡 生成图片数组
2021-09-25 16:33:55 采集卡 开始采集图片
2021-09-25 16:33:55 采集卡 启动采集
2021-09-25 16:34:01 采集卡 采集完成
2021-09-25 16:34:01 采集卡 转换数据
2021-09-25 16:34:01 采集卡 转换AD
2021-09-25 16:34:01 采集卡 修改点
2021-09-25 16:34:01 采集卡 GAMMA
2021-09-25 16:34:01 采集卡 生成图片数组
2021-09-25 16:34:28 采集卡 开始采集图片
2021-09-25 16:34:28 采集卡 启动采集
2021-09-25 16:34:35 采集卡 停止采集
2021-09-25 16:34:35 采集卡 转换数据
2021-09-25 16:34:35 采集卡 转换AD
2021-09-25 16:34:35 采集卡 修改点
2021-09-25 16:34:35 采集卡 GAMMA
2021-09-25 16:34:35 采集卡 生成图片数组
2021-09-25 16:59:12 高压电源 192.168.127.252关闭高压
