2021-09-09 15:16:32 采集卡 开始采集本底
2021-09-09 15:16:32 采集卡 启动采集
2021-09-09 15:16:37 采集卡 开始采集本底
2021-09-09 15:16:37 采集卡 启动采集
2021-09-09 15:17:02 采集卡 开始采集本底
2021-09-09 15:17:02 采集卡 启动采集
2021-09-09 15:18:01 采集卡 开始采集本底
2021-09-09 15:18:01 采集卡 启动采集
2021-09-09 15:18:01 采集卡 采集完成
2021-09-09 15:18:01 采集卡 转换数据
2021-09-09 15:18:23 采集卡 开始采集满度
2021-09-09 15:18:23 采集卡 启动采集
2021-09-09 15:18:24 采集卡 采集完成
2021-09-09 15:18:24 采集卡 转换数据
2021-09-09 15:19:04 采集卡 开始采集本底
2021-09-09 15:19:04 采集卡 启动采集
2021-09-09 15:19:05 采集卡 采集完成
2021-09-09 15:19:05 采集卡 转换数据
2021-09-09 15:19:36 采集卡 开始采集本底
2021-09-09 15:19:36 采集卡 启动采集
2021-09-09 15:19:37 采集卡 采集完成
2021-09-09 15:19:37 采集卡 转换数据
2021-09-09 15:20:00 采集卡 开始采集图片
2021-09-09 15:20:00 采集卡 启动采集
2021-09-09 15:20:01 采集卡 停止采集
2021-09-09 15:20:01 采集卡 转换数据
2021-09-09 15:20:01 采集卡 转换AD
2021-09-09 15:20:01 采集卡 修改点
2021-09-09 15:20:01 采集卡 GAMMA
2021-09-09 15:20:01 采集卡 生成图片数组
2021-09-09 15:20:17 采集卡 开始采集图片
2021-09-09 15:20:17 采集卡 启动采集
2021-09-09 15:20:19 采集卡 采集完成
2021-09-09 15:20:19 采集卡 转换数据
2021-09-09 15:20:19 采集卡 转换AD
2021-09-09 15:20:19 采集卡 修改点
2021-09-09 15:20:19 采集卡 GAMMA
2021-09-09 15:20:19 采集卡 生成图片数组
2021-09-09 15:20:29 采集卡 开始采集图片
2021-09-09 15:20:29 采集卡 启动采集
2021-09-09 15:20:35 采集卡 采集完成
2021-09-09 15:20:35 采集卡 转换数据
2021-09-09 15:20:35 采集卡 转换AD
2021-09-09 15:20:35 采集卡 修改点
2021-09-09 15:20:35 采集卡 GAMMA
2021-09-09 15:20:35 采集卡 生成图片数组
2021-09-09 15:50:11 高压电源 192.168.127.252关闭高压
