2021-09-21 17:28:45 采集卡 开始采集本底
2021-09-21 17:28:45 采集卡 启动采集
2021-09-21 17:28:50 采集卡 开始采集本底
2021-09-21 17:28:50 采集卡 启动采集
2021-09-21 17:30:41 采集卡 开始采集本底
2021-09-21 17:30:41 采集卡 启动采集
2021-09-21 17:30:47 采集卡 开始采集本底
2021-09-21 17:30:47 采集卡 启动采集
2021-09-21 17:31:07 采集卡 开始采集本底
2021-09-21 17:31:07 采集卡 启动采集
2021-09-21 17:31:13 采集卡 开始采集本底
2021-09-21 17:31:13 采集卡 启动采集
2021-09-21 17:31:14 采集卡 采集完成
2021-09-21 17:31:14 采集卡 转换数据
2021-09-21 17:31:53 采集卡 开始采集本底
2021-09-21 17:31:53 采集卡 启动采集
2021-09-21 17:32:27 采集卡 开始采集本底
2021-09-21 17:32:27 采集卡 启动采集
2021-09-21 17:33:13 采集卡 开始采集本底
2021-09-21 17:33:13 采集卡 启动采集
2021-09-21 17:33:37 采集卡 开始采集本底
2021-09-21 17:33:37 采集卡 启动采集
2021-09-21 17:34:31 采集卡 开始采集本底
2021-09-21 17:34:31 采集卡 启动采集
2021-09-21 17:34:32 采集卡 采集完成
2021-09-21 17:34:32 采集卡 转换数据
2021-09-21 17:35:30 采集卡 开始采集满度
2021-09-21 17:35:30 采集卡 启动采集
2021-09-21 17:35:32 采集卡 采集完成
2021-09-21 17:35:32 采集卡 转换数据
2021-09-21 17:36:25 采集卡 开始采集图片
2021-09-21 17:36:25 采集卡 启动采集
2021-09-21 17:36:27 采集卡 采集完成
2021-09-21 17:36:28 采集卡 转换数据
2021-09-21 17:36:28 采集卡 转换AD
2021-09-21 17:36:28 采集卡 修改点
2021-09-21 17:36:28 采集卡 GAMMA
2021-09-21 17:36:28 采集卡 生成图片数组
2021-09-21 17:36:31 采集卡 开始采集图片
2021-09-21 17:36:31 采集卡 启动采集
2021-09-21 17:36:33 采集卡 停止采集
2021-09-21 17:36:33 采集卡 转换数据
2021-09-21 17:36:33 采集卡 转换AD
2021-09-21 17:36:33 采集卡 修改点
2021-09-21 17:36:33 采集卡 GAMMA
2021-09-21 17:36:33 采集卡 生成图片数组
2021-09-21 17:36:49 采集卡 开始采集图片
2021-09-21 17:36:49 采集卡 启动采集
2021-09-21 17:36:52 采集卡 停止采集
2021-09-21 17:36:52 采集卡 转换数据
2021-09-21 17:36:52 采集卡 转换AD
2021-09-21 17:36:52 采集卡 修改点
2021-09-21 17:36:52 采集卡 GAMMA
2021-09-21 17:36:52 采集卡 生成图片数组
2021-09-21 17:37:20 采集卡 开始采集图片
2021-09-21 17:37:20 采集卡 启动采集
2021-09-21 17:37:22 采集卡 停止采集
2021-09-21 17:37:22 采集卡 转换数据
2021-09-21 17:37:22 采集卡 转换AD
2021-09-21 17:37:22 采集卡 修改点
2021-09-21 17:37:22 采集卡 GAMMA
2021-09-21 17:37:22 采集卡 生成图片数组
2021-09-21 17:37:27 采集卡 开始采集图片
2021-09-21 17:37:27 采集卡 启动采集
2021-09-21 17:37:30 采集卡 停止采集
2021-09-21 17:37:30 采集卡 转换数据
2021-09-21 17:37:30 采集卡 转换AD
2021-09-21 17:37:30 采集卡 修改点
2021-09-21 17:37:30 采集卡 GAMMA
2021-09-21 17:37:30 采集卡 生成图片数组
2021-09-21 17:38:16 采集卡 开始采集图片
2021-09-21 17:38:16 采集卡 启动采集
2021-09-21 17:38:18 采集卡 停止采集
2021-09-21 17:38:18 采集卡 采集完成
2021-09-21 17:38:18 采集卡 转换数据
2021-09-21 17:38:18 采集卡 转换AD
2021-09-21 17:38:18 采集卡 修改点
2021-09-21 17:38:18 采集卡 GAMMA
2021-09-21 17:38:18 采集卡 生成图片数组
2021-09-21 17:38:28 采集卡 开始采集图片
2021-09-21 17:38:28 采集卡 启动采集
2021-09-21 17:38:30 采集卡 采集完成
2021-09-21 17:38:30 采集卡 转换数据
2021-09-21 17:38:30 采集卡 转换AD
2021-09-21 17:38:30 采集卡 修改点
2021-09-21 17:38:30 采集卡 GAMMA
2021-09-21 17:38:30 采集卡 生成图片数组
2021-09-21 17:41:53 采集卡 开始采集图片
2021-09-21 17:41:53 采集卡 启动采集
2021-09-21 17:41:54 采集卡 采集完成
2021-09-21 17:41:54 采集卡 转换数据
2021-09-21 17:41:54 采集卡 转换AD
2021-09-21 17:41:54 采集卡 修改点
2021-09-21 17:41:54 采集卡 GAMMA
2021-09-21 17:41:54 采集卡 生成图片数组
2021-09-21 17:41:56 采集卡 开始采集图片
2021-09-21 17:41:56 采集卡 启动采集
2021-09-21 17:41:58 采集卡 采集完成
2021-09-21 17:41:58 采集卡 停止采集
2021-09-21 17:41:58 采集卡 转换数据
2021-09-21 17:41:58 采集卡 转换AD
2021-09-21 17:41:58 采集卡 修改点
2021-09-21 17:41:58 采集卡 GAMMA
2021-09-21 17:41:58 采集卡 生成图片数组
2021-09-21 17:42:00 采集卡 开始采集图片
2021-09-21 17:42:00 采集卡 启动采集
2021-09-21 17:42:01 采集卡 停止采集
2021-09-21 17:42:01 采集卡 转换数据
2021-09-21 17:42:01 采集卡 转换AD
2021-09-21 17:42:01 采集卡 修改点
2021-09-21 17:42:01 采集卡 GAMMA
2021-09-21 17:42:01 采集卡 生成图片数组
2021-09-21 17:42:03 采集卡 开始采集图片
2021-09-21 17:42:03 采集卡 启动采集
2021-09-21 17:42:05 采集卡 停止采集
2021-09-21 17:42:05 采集卡 转换数据
2021-09-21 17:42:05 采集卡 转换AD
2021-09-21 17:42:05 采集卡 修改点
2021-09-21 17:42:05 采集卡 GAMMA
2021-09-21 17:42:05 采集卡 生成图片数组
2021-09-21 17:44:04 采集卡 开始采集图片
2021-09-21 17:44:04 采集卡 启动采集
2021-09-21 17:44:06 采集卡 停止采集
2021-09-21 17:44:06 采集卡 采集完成
2021-09-21 17:44:06 采集卡 转换数据
2021-09-21 17:44:06 采集卡 转换AD
2021-09-21 17:44:06 采集卡 修改点
2021-09-21 17:44:06 采集卡 GAMMA
2021-09-21 17:44:06 采集卡 生成图片数组
2021-09-21 17:44:09 采集卡 开始采集图片
2021-09-21 17:44:09 采集卡 启动采集
2021-09-21 17:44:11 采集卡 采集完成
2021-09-21 17:44:11 采集卡 转换数据
2021-09-21 17:44:11 采集卡 转换AD
2021-09-21 17:44:11 采集卡 修改点
2021-09-21 17:44:11 采集卡 GAMMA
2021-09-21 17:44:11 采集卡 生成图片数组
2021-09-21 17:44:12 采集卡 开始采集图片
2021-09-21 17:44:12 采集卡 启动采集
2021-09-21 17:44:14 采集卡 停止采集
2021-09-21 17:44:14 采集卡 转换数据
2021-09-21 17:44:14 采集卡 转换AD
2021-09-21 17:44:14 采集卡 修改点
2021-09-21 17:44:14 采集卡 GAMMA
2021-09-21 17:44:14 采集卡 生成图片数组
2021-09-21 17:44:21 采集卡 开始采集图片
2021-09-21 17:44:21 采集卡 启动采集
2021-09-21 17:44:22 采集卡 停止采集
2021-09-21 17:44:22 采集卡 转换数据
2021-09-21 17:44:22 采集卡 转换AD
2021-09-21 17:44:22 采集卡 修改点
2021-09-21 17:44:22 采集卡 GAMMA
2021-09-21 17:44:22 采集卡 生成图片数组
2021-09-21 17:44:23 采集卡 开始采集图片
2021-09-21 17:44:23 采集卡 启动采集
2021-09-21 17:44:24 采集卡 停止采集
2021-09-21 17:44:24 采集卡 转换数据
2021-09-21 17:44:24 采集卡 转换AD
2021-09-21 17:44:24 采集卡 修改点
2021-09-21 17:44:24 采集卡 GAMMA
2021-09-21 17:44:24 采集卡 生成图片数组
2021-09-21 17:44:27 采集卡 开始采集图片
2021-09-21 17:44:27 采集卡 启动采集
2021-09-21 17:44:29 采集卡 停止采集
2021-09-21 17:44:29 采集卡 转换数据
2021-09-21 17:44:29 采集卡 转换AD
2021-09-21 17:44:29 采集卡 修改点
2021-09-21 17:44:29 采集卡 GAMMA
2021-09-21 17:44:29 采集卡 生成图片数组
2021-09-21 17:44:32 采集卡 开始采集图片
2021-09-21 17:44:32 采集卡 启动采集
2021-09-21 17:44:34 采集卡 采集完成
2021-09-21 17:44:34 采集卡 转换数据
2021-09-21 17:44:34 采集卡 转换AD
2021-09-21 17:44:34 采集卡 修改点
2021-09-21 17:44:34 采集卡 GAMMA
2021-09-21 17:44:34 采集卡 生成图片数组
2021-09-21 17:44:45 采集卡 开始采集图片
2021-09-21 17:44:45 采集卡 启动采集
2021-09-21 17:44:47 采集卡 采集完成
2021-09-21 17:44:47 采集卡 转换数据
2021-09-21 17:44:47 采集卡 转换AD
2021-09-21 17:44:47 采集卡 修改点
2021-09-21 17:44:47 采集卡 GAMMA
2021-09-21 17:44:47 采集卡 生成图片数组
2021-09-21 17:45:42 采集卡 开始采集图片
2021-09-21 17:45:42 采集卡 启动采集
2021-09-21 17:45:43 采集卡 停止采集
2021-09-21 17:45:43 采集卡 转换数据
2021-09-21 17:45:43 采集卡 转换AD
2021-09-21 17:45:43 采集卡 修改点
2021-09-21 17:45:43 采集卡 GAMMA
2021-09-21 17:45:43 采集卡 生成图片数组
2021-09-21 17:46:49 采集卡 开始采集图片
2021-09-21 17:46:49 采集卡 启动采集
2021-09-21 17:46:50 采集卡 采集完成
2021-09-21 17:46:50 采集卡 转换数据
2021-09-21 17:46:50 采集卡 转换AD
2021-09-21 17:46:50 采集卡 修改点
2021-09-21 17:46:50 采集卡 GAMMA
2021-09-21 17:46:50 采集卡 生成图片数组
2021-09-21 17:49:16 采集卡 开始采集图片
2021-09-21 17:49:16 采集卡 启动采集
2021-09-21 17:49:18 采集卡 采集完成
2021-09-21 17:49:18 采集卡 转换数据
2021-09-21 17:49:18 采集卡 转换AD
2021-09-21 17:49:18 采集卡 修改点
2021-09-21 17:49:18 采集卡 GAMMA
2021-09-21 17:49:18 采集卡 生成图片数组
2021-09-21 17:49:42 采集卡 开始采集图片
2021-09-21 17:49:42 采集卡 启动采集
2021-09-21 17:49:43 采集卡 采集完成
2021-09-21 17:49:43 采集卡 转换数据
2021-09-21 17:49:43 采集卡 转换AD
2021-09-21 17:49:43 采集卡 修改点
2021-09-21 17:49:43 采集卡 GAMMA
2021-09-21 17:49:43 采集卡 生成图片数组
2021-09-21 17:50:27 采集卡 开始采集图片
2021-09-21 17:50:27 采集卡 启动采集
2021-09-21 17:50:29 采集卡 停止采集
2021-09-21 17:50:29 采集卡 转换数据
2021-09-21 17:50:29 采集卡 转换AD
2021-09-21 17:50:29 采集卡 修改点
2021-09-21 17:50:29 采集卡 GAMMA
2021-09-21 17:50:29 采集卡 生成图片数组
2021-09-21 17:50:36 采集卡 开始采集图片
2021-09-21 17:50:36 采集卡 启动采集
2021-09-21 17:50:37 采集卡 采集完成
2021-09-21 17:50:37 采集卡 转换数据
2021-09-21 17:50:37 采集卡 转换AD
2021-09-21 17:50:37 采集卡 修改点
2021-09-21 17:50:37 采集卡 GAMMA
2021-09-21 17:50:37 采集卡 生成图片数组
2021-09-21 17:50:39 采集卡 开始采集图片
2021-09-21 17:50:39 采集卡 启动采集
2021-09-21 17:50:41 采集卡 采集完成
2021-09-21 17:50:41 采集卡 转换数据
2021-09-21 17:50:41 采集卡 转换AD
2021-09-21 17:50:41 采集卡 修改点
2021-09-21 17:50:41 采集卡 GAMMA
2021-09-21 17:50:41 采集卡 生成图片数组
2021-09-21 17:50:44 采集卡 开始采集图片
2021-09-21 17:50:44 采集卡 启动采集
2021-09-21 17:50:45 采集卡 停止采集
2021-09-21 17:50:45 采集卡 采集完成
2021-09-21 17:50:45 采集卡 转换数据
2021-09-21 17:50:45 采集卡 转换AD
2021-09-21 17:50:45 采集卡 修改点
2021-09-21 17:50:45 采集卡 GAMMA
2021-09-21 17:50:45 采集卡 生成图片数组
2021-09-21 17:50:51 采集卡 开始采集图片
2021-09-21 17:50:51 采集卡 启动采集
2021-09-21 17:50:53 采集卡 采集完成
2021-09-21 17:50:53 采集卡 转换数据
2021-09-21 17:50:53 采集卡 转换AD
2021-09-21 17:50:53 采集卡 修改点
2021-09-21 17:50:53 采集卡 GAMMA
2021-09-21 17:50:53 采集卡 生成图片数组
2021-09-21 17:50:56 采集卡 开始采集图片
2021-09-21 17:50:56 采集卡 启动采集
2021-09-21 17:50:58 采集卡 采集完成
2021-09-21 17:50:58 采集卡 停止采集
2021-09-21 17:51:18 采集卡 开始采集图片
2021-09-21 17:51:18 采集卡 启动采集
2021-09-21 17:51:19 采集卡 停止采集
2021-09-21 17:51:19 采集卡 转换数据
2021-09-21 17:51:19 采集卡 转换AD
2021-09-21 17:51:19 采集卡 修改点
2021-09-21 17:51:19 采集卡 GAMMA
2021-09-21 17:51:19 采集卡 生成图片数组
2021-09-21 17:51:20 采集卡 开始采集图片
2021-09-21 17:51:20 采集卡 启动采集
2021-09-21 17:51:22 采集卡 采集完成
2021-09-21 17:51:22 采集卡 转换数据
2021-09-21 17:51:22 采集卡 转换AD
2021-09-21 17:51:22 采集卡 修改点
2021-09-21 17:51:22 采集卡 GAMMA
2021-09-21 17:51:22 采集卡 生成图片数组
2021-09-21 17:51:29 采集卡 开始采集图片
2021-09-21 17:51:29 采集卡 启动采集
2021-09-21 17:51:30 采集卡 采集完成
2021-09-21 17:51:30 采集卡 转换数据
2021-09-21 17:51:30 采集卡 转换AD
2021-09-21 17:51:30 采集卡 修改点
2021-09-21 17:51:30 采集卡 GAMMA
2021-09-21 17:51:30 采集卡 生成图片数组
2021-09-21 17:51:38 采集卡 开始采集图片
2021-09-21 17:51:38 采集卡 启动采集
2021-09-21 17:51:40 采集卡 停止采集
2021-09-21 17:51:40 采集卡 转换数据
2021-09-21 17:51:40 采集卡 转换AD
2021-09-21 17:51:40 采集卡 修改点
2021-09-21 17:51:40 采集卡 GAMMA
2021-09-21 17:51:40 采集卡 生成图片数组
2021-09-21 17:51:54 采集卡 开始采集图片
2021-09-21 17:51:54 采集卡 启动采集
2021-09-21 17:51:55 采集卡 采集完成
2021-09-21 17:51:55 采集卡 转换数据
2021-09-21 17:51:55 采集卡 转换AD
2021-09-21 17:51:55 采集卡 修改点
2021-09-21 17:51:55 采集卡 GAMMA
2021-09-21 17:51:55 采集卡 生成图片数组
2021-09-21 17:51:57 采集卡 开始采集图片
2021-09-21 17:51:57 采集卡 启动采集
2021-09-21 17:51:59 采集卡 停止采集
2021-09-21 17:51:59 采集卡 转换数据
2021-09-21 17:51:59 采集卡 转换AD
2021-09-21 17:51:59 采集卡 修改点
2021-09-21 17:51:59 采集卡 GAMMA
2021-09-21 17:51:59 采集卡 生成图片数组
2021-09-21 17:52:58 采集卡 开始采集图片
2021-09-21 17:52:58 采集卡 启动采集
2021-09-21 17:52:59 采集卡 停止采集
2021-09-21 17:52:59 采集卡 转换数据
2021-09-21 17:52:59 采集卡 转换AD
2021-09-21 17:52:59 采集卡 修改点
2021-09-21 17:52:59 采集卡 GAMMA
2021-09-21 17:52:59 采集卡 生成图片数组
2021-09-21 17:53:01 采集卡 开始采集图片
2021-09-21 17:53:01 采集卡 启动采集
2021-09-21 17:53:03 采集卡 停止采集
2021-09-21 17:53:03 采集卡 转换数据
2021-09-21 17:53:03 采集卡 转换AD
2021-09-21 17:53:03 采集卡 修改点
2021-09-21 17:53:03 采集卡 GAMMA
2021-09-21 17:53:03 采集卡 生成图片数组
2021-09-21 17:53:52 采集卡 开始采集图片
2021-09-21 17:53:52 采集卡 启动采集
2021-09-21 17:53:54 采集卡 采集完成
2021-09-21 17:53:54 采集卡 转换数据
2021-09-21 17:53:54 采集卡 转换AD
2021-09-21 17:53:54 采集卡 修改点
2021-09-21 17:53:54 采集卡 GAMMA
2021-09-21 17:53:54 采集卡 生成图片数组
2021-09-21 17:53:54 采集卡 停止采集
2021-09-21 18:18:39 采集卡 停止采集
2021-09-21 18:18:41 采集卡 开始采集图片
2021-09-21 18:18:41 采集卡 启动采集
2021-09-21 18:18:43 采集卡 采集完成
2021-09-21 18:18:43 采集卡 转换数据
2021-09-21 18:18:43 采集卡 转换AD
2021-09-21 18:18:43 采集卡 修改点
2021-09-21 18:18:43 采集卡 GAMMA
2021-09-21 18:18:43 采集卡 生成图片数组
2021-09-21 18:19:31 采集卡 开始采集图片
2021-09-21 18:19:31 采集卡 启动采集
2021-09-21 18:19:32 采集卡 停止采集
2021-09-21 18:19:32 采集卡 转换数据
2021-09-21 18:19:32 采集卡 转换AD
2021-09-21 18:19:32 采集卡 修改点
2021-09-21 18:19:32 采集卡 GAMMA
2021-09-21 18:19:32 采集卡 生成图片数组
2021-09-21 18:20:26 采集卡 开始采集图片
2021-09-21 18:20:26 采集卡 启动采集
2021-09-21 18:20:27 采集卡 采集完成
2021-09-21 18:20:27 采集卡 转换数据
2021-09-21 18:20:27 采集卡 转换AD
2021-09-21 18:20:27 采集卡 修改点
2021-09-21 18:20:27 采集卡 GAMMA
2021-09-21 18:20:27 采集卡 生成图片数组
2021-09-21 18:20:27 采集卡 停止采集
2021-09-21 18:21:00 采集卡 开始采集图片
2021-09-21 18:21:00 采集卡 启动采集
2021-09-21 18:21:02 采集卡 停止采集
2021-09-21 18:21:02 采集卡 转换数据
2021-09-21 18:21:02 采集卡 转换AD
2021-09-21 18:21:02 采集卡 修改点
2021-09-21 18:21:02 采集卡 GAMMA
2021-09-21 18:21:02 采集卡 生成图片数组
2021-09-21 18:21:14 采集卡 开始采集图片
2021-09-21 18:21:14 采集卡 启动采集
2021-09-21 18:21:15 采集卡 采集完成
2021-09-21 18:21:15 采集卡 转换数据
2021-09-21 18:21:15 采集卡 转换AD
2021-09-21 18:21:15 采集卡 修改点
2021-09-21 18:21:15 采集卡 GAMMA
2021-09-21 18:21:15 采集卡 生成图片数组
2021-09-21 18:21:36 采集卡 开始采集图片
2021-09-21 18:21:36 采集卡 启动采集
2021-09-21 18:21:37 采集卡 停止采集
2021-09-21 18:21:37 采集卡 采集完成
2021-09-21 18:21:38 采集卡 转换数据
2021-09-21 18:21:38 采集卡 转换AD
2021-09-21 18:21:38 采集卡 修改点
2021-09-21 18:21:38 采集卡 GAMMA
2021-09-21 18:21:38 采集卡 生成图片数组
2021-09-21 18:21:48 采集卡 开始采集图片
2021-09-21 18:21:48 采集卡 启动采集
2021-09-21 18:21:49 采集卡 采集完成
2021-09-21 18:21:49 采集卡 转换数据
2021-09-21 18:21:49 采集卡 转换AD
2021-09-21 18:21:49 采集卡 修改点
2021-09-21 18:21:49 采集卡 GAMMA
2021-09-21 18:21:49 采集卡 生成图片数组
2021-09-21 18:22:01 采集卡 开始采集图片
2021-09-21 18:22:01 采集卡 启动采集
2021-09-21 18:22:02 采集卡 采集完成
2021-09-21 18:22:02 采集卡 转换数据
2021-09-21 18:22:02 采集卡 转换AD
2021-09-21 18:22:02 采集卡 修改点
2021-09-21 18:22:02 采集卡 GAMMA
2021-09-21 18:22:02 采集卡 生成图片数组
2021-09-21 18:22:21 采集卡 开始采集图片
2021-09-21 18:22:21 采集卡 启动采集
2021-09-21 18:22:23 采集卡 采集完成
2021-09-21 18:22:26 采集卡 转换数据
2021-09-21 18:22:26 采集卡 转换AD
2021-09-21 18:22:26 采集卡 修改点
2021-09-21 18:22:26 采集卡 GAMMA
2021-09-21 18:22:26 采集卡 生成图片数组
2021-09-21 18:23:20 采集卡 开始采集图片
2021-09-21 18:23:20 采集卡 启动采集
2021-09-21 18:23:22 采集卡 采集完成
2021-09-21 18:23:22 采集卡 转换数据
2021-09-21 18:23:22 采集卡 转换AD
2021-09-21 18:23:22 采集卡 修改点
2021-09-21 18:23:22 采集卡 GAMMA
2021-09-21 18:23:22 采集卡 生成图片数组
2021-09-21 18:27:30 采集卡 开始采集图片
2021-09-21 18:27:30 采集卡 启动采集
2021-09-21 18:27:31 采集卡 停止采集
2021-09-21 18:27:31 采集卡 转换数据
2021-09-21 18:27:31 采集卡 转换AD
2021-09-21 18:27:31 采集卡 修改点
2021-09-21 18:27:31 采集卡 GAMMA
2021-09-21 18:27:31 采集卡 生成图片数组
2021-09-21 18:28:06 采集卡 开始采集图片
2021-09-21 18:28:06 采集卡 启动采集
2021-09-21 18:28:07 采集卡 采集完成
2021-09-21 18:28:07 采集卡 转换数据
2021-09-21 18:28:07 采集卡 转换AD
2021-09-21 18:28:07 采集卡 修改点
2021-09-21 18:28:07 采集卡 GAMMA
2021-09-21 18:28:07 采集卡 生成图片数组
2021-09-21 18:34:16 采集卡 开始采集图片
2021-09-21 18:34:16 采集卡 启动采集
2021-09-21 18:34:17 采集卡 采集完成
2021-09-21 18:34:17 采集卡 转换数据
2021-09-21 18:34:17 采集卡 转换AD
2021-09-21 18:34:17 采集卡 修改点
2021-09-21 18:34:17 采集卡 GAMMA
2021-09-21 18:34:17 采集卡 生成图片数组
2021-09-21 18:35:27 采集卡 开始采集图片
2021-09-21 18:35:27 采集卡 启动采集
2021-09-21 18:35:28 采集卡 采集完成
2021-09-21 18:35:28 采集卡 转换数据
2021-09-21 18:35:28 采集卡 转换AD
2021-09-21 18:35:28 采集卡 修改点
2021-09-21 18:35:28 采集卡 GAMMA
2021-09-21 18:35:28 采集卡 生成图片数组
2021-09-21 18:35:54 采集卡 开始采集图片
2021-09-21 18:35:54 采集卡 启动采集
2021-09-21 18:35:55 采集卡 采集完成
2021-09-21 18:35:55 采集卡 转换数据
2021-09-21 18:35:55 采集卡 转换AD
2021-09-21 18:35:55 采集卡 修改点
2021-09-21 18:35:55 采集卡 GAMMA
2021-09-21 18:35:55 采集卡 生成图片数组
2021-09-21 18:36:01 采集卡 开始采集图片
2021-09-21 18:36:01 采集卡 启动采集
2021-09-21 18:36:03 采集卡 采集完成
2021-09-21 18:36:03 采集卡 转换数据
2021-09-21 18:36:03 采集卡 转换AD
2021-09-21 18:36:03 采集卡 修改点
2021-09-21 18:36:03 采集卡 GAMMA
2021-09-21 18:36:03 采集卡 生成图片数组
2021-09-21 18:36:23 采集卡 开始采集图片
2021-09-21 18:36:23 采集卡 启动采集
2021-09-21 18:36:24 采集卡 采集完成
2021-09-21 18:36:24 采集卡 转换数据
2021-09-21 18:36:24 采集卡 转换AD
2021-09-21 18:36:24 采集卡 修改点
2021-09-21 18:36:24 采集卡 GAMMA
2021-09-21 18:36:24 采集卡 生成图片数组
2021-09-21 18:36:53 采集卡 开始采集图片
2021-09-21 18:36:53 采集卡 启动采集
2021-09-21 18:36:55 采集卡 采集完成
2021-09-21 18:36:55 采集卡 转换数据
2021-09-21 18:36:55 采集卡 转换AD
2021-09-21 18:36:55 采集卡 修改点
2021-09-21 18:36:55 采集卡 GAMMA
2021-09-21 18:36:55 采集卡 生成图片数组
2021-09-21 18:37:23 采集卡 开始采集图片
2021-09-21 18:37:23 采集卡 启动采集
2021-09-21 18:37:43 采集卡 采集完成
2021-09-21 18:37:43 采集卡 转换数据
2021-09-21 18:37:43 采集卡 转换AD
2021-09-21 18:37:43 采集卡 修改点
2021-09-21 18:37:43 采集卡 GAMMA
2021-09-21 18:37:43 采集卡 生成图片数组
2021-09-21 18:37:51 采集卡 停止采集
2021-09-21 18:41:48 采集卡 开始采集图片
2021-09-21 18:41:48 采集卡 启动采集
2021-09-21 18:41:53 采集卡 开始采集图片
2021-09-21 18:41:59 采集卡 开始采集图片
2021-09-21 18:42:01 采集卡 开始采集图片
2021-09-21 18:42:03 采集卡 采集完成
2021-09-21 18:42:03 采集卡 转换数据
2021-09-21 18:42:03 采集卡 转换AD
2021-09-21 18:42:03 采集卡 修改点
2021-09-21 18:42:03 采集卡 GAMMA
2021-09-21 18:42:03 采集卡 生成图片数组
2021-09-21 18:42:21 采集卡 开始采集图片
2021-09-21 18:42:21 采集卡 启动采集
2021-09-21 18:42:41 采集卡 采集完成
2021-09-21 18:42:41 采集卡 转换数据
2021-09-21 18:42:41 采集卡 转换AD
2021-09-21 18:42:41 采集卡 修改点
2021-09-21 18:42:41 采集卡 GAMMA
2021-09-21 18:42:41 采集卡 生成图片数组
2021-09-21 18:42:54 采集卡 开始采集图片
2021-09-21 18:42:54 采集卡 启动采集
2021-09-21 18:42:56 采集卡 开始采集图片
2021-09-21 18:43:06 采集卡 采集完成
2021-09-21 18:43:06 采集卡 转换数据
2021-09-21 18:43:06 采集卡 转换AD
2021-09-21 18:43:06 采集卡 修改点
2021-09-21 18:43:06 采集卡 GAMMA
2021-09-21 18:43:06 采集卡 生成图片数组
2021-09-21 18:43:09 采集卡 开始采集图片
2021-09-21 18:43:09 采集卡 启动采集
2021-09-21 18:43:15 采集卡 停止采集
2021-09-21 18:43:15 采集卡 转换数据
2021-09-21 18:43:15 采集卡 转换AD
2021-09-21 18:43:15 采集卡 修改点
2021-09-21 18:43:15 采集卡 GAMMA
2021-09-21 18:43:15 采集卡 生成图片数组
2021-09-21 18:43:30 采集卡 开始采集图片
2021-09-21 18:43:30 采集卡 启动采集
2021-09-21 18:43:35 采集卡 停止采集
2021-09-21 18:43:35 采集卡 转换数据
2021-09-21 18:43:35 采集卡 转换AD
2021-09-21 18:43:35 采集卡 修改点
2021-09-21 18:43:35 采集卡 GAMMA
2021-09-21 18:43:35 采集卡 生成图片数组
2021-09-21 18:43:53 采集卡 开始采集图片
2021-09-21 18:43:53 采集卡 启动采集
2021-09-21 18:43:56 采集卡 停止采集
2021-09-21 18:43:56 采集卡 转换数据
2021-09-21 18:43:56 采集卡 转换AD
2021-09-21 18:43:56 采集卡 修改点
2021-09-21 18:43:56 采集卡 GAMMA
2021-09-21 18:43:56 采集卡 生成图片数组
2021-09-21 18:44:55 采集卡 开始采集图片
2021-09-21 18:44:55 采集卡 启动采集
2021-09-21 18:45:15 采集卡 采集完成
2021-09-21 18:45:15 采集卡 转换数据
2021-09-21 18:45:15 采集卡 转换AD
2021-09-21 18:45:15 采集卡 修改点
2021-09-21 18:45:15 采集卡 GAMMA
2021-09-21 18:45:15 采集卡 生成图片数组
2021-09-21 18:45:31 采集卡 停止采集
2021-09-21 18:45:34 采集卡 开始采集图片
2021-09-21 18:45:34 采集卡 启动采集
2021-09-21 18:45:54 采集卡 采集完成
2021-09-21 18:45:54 采集卡 转换数据
2021-09-21 18:45:54 采集卡 转换AD
2021-09-21 18:45:54 采集卡 修改点
2021-09-21 18:45:54 采集卡 GAMMA
2021-09-21 18:45:54 采集卡 生成图片数组
2021-09-21 18:45:56 采集卡 开始采集图片
2021-09-21 18:45:56 采集卡 启动采集
2021-09-21 18:45:59 采集卡 停止采集
2021-09-21 18:45:59 采集卡 转换数据
2021-09-21 18:45:59 采集卡 转换AD
2021-09-21 18:45:59 采集卡 修改点
2021-09-21 18:45:59 采集卡 GAMMA
2021-09-21 18:45:59 采集卡 生成图片数组
2021-09-21 18:46:03 采集卡 开始采集图片
2021-09-21 18:46:03 采集卡 启动采集
2021-09-21 18:46:11 采集卡 采集完成
2021-09-21 18:46:11 采集卡 转换数据
2021-09-21 18:46:11 采集卡 转换AD
2021-09-21 18:46:11 采集卡 修改点
2021-09-21 18:46:11 采集卡 GAMMA
2021-09-21 18:46:11 采集卡 生成图片数组
2021-09-21 18:46:30 采集卡 开始采集图片
2021-09-21 18:46:30 采集卡 启动采集
2021-09-21 18:46:50 采集卡 采集完成
2021-09-21 18:46:50 采集卡 转换数据
2021-09-21 18:46:50 采集卡 转换AD
2021-09-21 18:46:50 采集卡 修改点
2021-09-21 18:46:50 采集卡 GAMMA
2021-09-21 18:46:50 采集卡 生成图片数组
2021-09-21 18:50:57 采集卡 开始采集图片
2021-09-21 18:50:57 采集卡 启动采集
2021-09-21 18:51:17 采集卡 采集完成
2021-09-21 18:51:17 采集卡 转换数据
2021-09-21 18:51:17 采集卡 转换AD
2021-09-21 18:51:17 采集卡 修改点
2021-09-21 18:51:17 采集卡 GAMMA
2021-09-21 18:51:17 采集卡 生成图片数组
2021-09-21 18:53:50 采集卡 开始采集图片
2021-09-21 18:53:50 采集卡 启动采集
2021-09-21 18:54:10 采集卡 采集完成
2021-09-21 18:54:10 采集卡 转换数据
2021-09-21 18:54:10 采集卡 转换AD
2021-09-21 18:54:10 采集卡 修改点
2021-09-21 18:54:10 采集卡 GAMMA
2021-09-21 18:54:10 采集卡 生成图片数组
2021-09-21 18:56:36 采集卡 开始采集图片
2021-09-21 18:56:36 采集卡 启动采集
2021-09-21 18:56:56 采集卡 采集完成
2021-09-21 18:56:56 采集卡 转换数据
2021-09-21 18:56:56 采集卡 转换AD
2021-09-21 18:56:56 采集卡 修改点
2021-09-21 18:56:56 采集卡 GAMMA
2021-09-21 18:56:56 采集卡 生成图片数组
2021-09-21 18:57:19 采集卡 开始采集图片
2021-09-21 18:57:19 采集卡 启动采集
2021-09-21 18:57:39 采集卡 采集完成
2021-09-21 18:57:39 采集卡 转换数据
2021-09-21 18:57:39 采集卡 转换AD
2021-09-21 18:57:39 采集卡 修改点
2021-09-21 18:57:39 采集卡 GAMMA
2021-09-21 18:57:39 采集卡 生成图片数组
2021-09-21 18:58:44 采集卡 开始采集图片
2021-09-21 18:58:44 采集卡 启动采集
2021-09-21 18:59:04 采集卡 采集完成
2021-09-21 18:59:04 采集卡 转换数据
2021-09-21 18:59:04 采集卡 转换AD
2021-09-21 18:59:04 采集卡 修改点
2021-09-21 18:59:04 采集卡 GAMMA
2021-09-21 18:59:04 采集卡 生成图片数组
2021-09-21 19:01:20 采集卡 开始采集图片
2021-09-21 19:01:20 采集卡 启动采集
2021-09-21 19:01:40 采集卡 采集完成
2021-09-21 19:01:40 采集卡 转换数据
2021-09-21 19:01:40 采集卡 转换AD
2021-09-21 19:01:40 采集卡 修改点
2021-09-21 19:01:40 采集卡 GAMMA
2021-09-21 19:01:40 采集卡 生成图片数组
2021-09-21 19:05:13 采集卡 开始采集图片
2021-09-21 19:05:13 采集卡 启动采集
2021-09-21 19:05:21 采集卡 停止采集
2021-09-21 19:05:21 采集卡 转换数据
2021-09-21 19:05:21 采集卡 转换AD
2021-09-21 19:05:21 采集卡 修改点
2021-09-21 19:05:21 采集卡 GAMMA
2021-09-21 19:05:21 采集卡 生成图片数组
2021-09-21 19:05:24 采集卡 开始采集图片
2021-09-21 19:05:24 采集卡 启动采集
2021-09-21 19:05:26 采集卡 开始采集图片
2021-09-21 19:05:28 采集卡 停止采集
2021-09-21 19:05:31 采集卡 开始采集图片
2021-09-21 19:05:31 采集卡 启动采集
2021-09-21 19:05:33 采集卡 停止采集
2021-09-21 19:06:47 采集卡 开始采集图片
2021-09-21 19:06:47 采集卡 启动采集
2021-09-21 19:06:49 采集卡 停止采集
2021-09-21 19:06:58 采集卡 开始采集图片
2021-09-21 19:06:58 采集卡 启动采集
2021-09-21 19:07:14 采集卡 开始采集图片
2021-09-21 19:14:58 高压电源 192.168.127.252关闭高压
