2021-09-07 13:47:03 高压电源 192.168.127.252关闭高压
2021-09-07 13:47:05 高压电源 192.168.127.252关闭高压
2021-09-07 13:47:07 采集卡 开始采集图片
2021-09-07 13:47:07 采集卡 启动采集
2021-09-07 13:47:12 采集卡 采集完成
2021-09-07 13:47:12 采集卡 转换数据
2021-09-07 13:47:12 采集卡 转换AD
2021-09-07 13:47:12 采集卡 修改点
2021-09-07 13:47:12 采集卡 GAMMA
2021-09-07 13:47:12 采集卡 生成图片数组
2021-09-07 13:47:21 采集卡 开始采集图片
2021-09-07 13:47:21 采集卡 启动采集
2021-09-07 13:47:25 采集卡 采集完成
2021-09-07 13:47:25 采集卡 转换数据
2021-09-07 13:47:25 采集卡 转换AD
2021-09-07 13:47:25 采集卡 修改点
2021-09-07 13:47:25 采集卡 GAMMA
2021-09-07 13:47:25 采集卡 生成图片数组
2021-09-07 13:47:54 采集卡 开始采集图片
2021-09-07 13:47:54 采集卡 启动采集
2021-09-07 13:47:57 采集卡 停止采集
2021-09-07 13:47:57 采集卡 转换数据
2021-09-07 13:47:57 采集卡 转换AD
2021-09-07 13:47:57 采集卡 修改点
2021-09-07 13:47:57 采集卡 GAMMA
2021-09-07 13:47:57 采集卡 生成图片数组
2021-09-07 13:48:05 采集卡 开始采集图片
2021-09-07 13:48:05 采集卡 启动采集
2021-09-07 13:48:07 采集卡 停止采集
2021-09-07 13:48:07 采集卡 转换数据
2021-09-07 13:48:07 采集卡 转换AD
2021-09-07 13:48:07 采集卡 修改点
2021-09-07 13:48:07 采集卡 GAMMA
2021-09-07 13:48:07 采集卡 生成图片数组
2021-09-07 13:48:47 采集卡 开始采集图片
2021-09-07 13:48:47 采集卡 启动采集
2021-09-07 13:48:48 采集卡 停止采集
2021-09-07 13:48:48 采集卡 转换数据
2021-09-07 13:48:48 采集卡 转换AD
2021-09-07 13:48:48 采集卡 修改点
2021-09-07 13:48:48 采集卡 GAMMA
2021-09-07 13:48:48 采集卡 生成图片数组
2021-09-07 13:49:12 高压电源 训机结束
2021-09-07 13:49:12 高压电源 192.168.127.252打开高压
2021-09-07 13:49:12 高压电源 192.168.127.252关闭高压
2021-09-07 13:49:13 采集卡 开始采集本底
2021-09-07 13:49:13 采集卡 启动采集
2021-09-07 13:49:13 采集卡 采集完成
2021-09-07 13:49:13 采集卡 转换数据
2021-09-07 13:49:13 高压电源 192.168.127.252打开高压
2021-09-07 13:49:17 高压电源 192.168.127.252关闭高压
2021-09-07 13:49:22 采集卡 停止采集
2021-09-07 13:49:24 采集卡 开始采集图片
2021-09-07 13:49:24 采集卡 启动采集
2021-09-07 13:49:28 采集卡 采集完成
2021-09-07 13:49:28 采集卡 转换数据
2021-09-07 13:49:28 采集卡 转换AD
2021-09-07 13:49:28 采集卡 修改点
2021-09-07 13:49:28 采集卡 GAMMA
2021-09-07 13:49:28 采集卡 生成图片数组
2021-09-07 13:50:28 采集卡 开始采集图片
2021-09-07 13:50:28 采集卡 启动采集
2021-09-07 13:50:31 采集卡 采集完成
2021-09-07 13:50:31 采集卡 转换数据
2021-09-07 13:50:31 采集卡 转换AD
2021-09-07 13:50:31 采集卡 修改点
2021-09-07 13:50:31 采集卡 GAMMA
2021-09-07 13:50:31 采集卡 生成图片数组
2021-09-07 13:50:35 采集卡 开始采集本底
2021-09-07 13:50:35 采集卡 启动采集
2021-09-07 13:50:35 采集卡 采集完成
2021-09-07 13:50:35 采集卡 转换数据
2021-09-07 13:50:39 采集卡 开始采集满度
2021-09-07 13:50:39 采集卡 启动采集
2021-09-07 13:50:39 采集卡 采集完成
2021-09-07 13:50:39 采集卡 转换数据
2021-09-07 13:50:48 采集卡 停止采集
2021-09-07 13:50:49 采集卡 开始采集图片
2021-09-07 13:50:49 采集卡 启动采集
2021-09-07 13:50:51 采集卡 采集完成
2021-09-07 13:50:51 采集卡 转换数据
2021-09-07 13:50:51 采集卡 转换AD
2021-09-07 13:50:51 采集卡 修改点
2021-09-07 13:50:51 采集卡 GAMMA
2021-09-07 13:50:51 采集卡 生成图片数组
2021-09-07 13:51:00 采集卡 开始采集图片
2021-09-07 13:51:00 采集卡 启动采集
2021-09-07 13:51:03 采集卡 采集完成
2021-09-07 13:51:03 采集卡 转换数据
2021-09-07 13:51:03 采集卡 转换AD
2021-09-07 13:51:03 采集卡 修改点
2021-09-07 13:51:03 采集卡 GAMMA
2021-09-07 13:51:03 采集卡 生成图片数组
2021-09-07 13:51:07 采集卡 开始采集图片
2021-09-07 13:51:07 采集卡 启动采集
2021-09-07 13:51:10 采集卡 停止采集
2021-09-07 13:51:10 采集卡 转换数据
2021-09-07 13:51:10 采集卡 转换AD
2021-09-07 13:51:10 采集卡 修改点
2021-09-07 13:51:10 采集卡 GAMMA
2021-09-07 13:51:10 采集卡 生成图片数组
2021-09-07 13:51:27 采集卡 开始采集图片
2021-09-07 13:51:27 采集卡 启动采集
2021-09-07 13:51:29 采集卡 停止采集
2021-09-07 13:51:29 采集卡 转换数据
2021-09-07 13:51:29 采集卡 转换AD
2021-09-07 13:51:29 采集卡 修改点
2021-09-07 13:51:29 采集卡 GAMMA
2021-09-07 13:51:29 采集卡 生成图片数组
2021-09-07 13:51:31 采集卡 开始采集图片
2021-09-07 13:51:31 采集卡 启动采集
2021-09-07 13:51:34 采集卡 停止采集
2021-09-07 13:51:34 采集卡 转换数据
2021-09-07 13:51:34 采集卡 转换AD
2021-09-07 13:51:34 采集卡 修改点
2021-09-07 13:51:34 采集卡 GAMMA
2021-09-07 13:51:34 采集卡 生成图片数组
2021-09-07 13:51:36 采集卡 开始采集图片
2021-09-07 13:51:36 采集卡 启动采集
2021-09-07 13:51:39 采集卡 停止采集
2021-09-07 13:51:39 采集卡 转换数据
2021-09-07 13:51:39 采集卡 转换AD
2021-09-07 13:51:39 采集卡 修改点
2021-09-07 13:51:39 采集卡 GAMMA
2021-09-07 13:51:39 采集卡 生成图片数组
2021-09-07 13:51:48 采集卡 开始采集本底
2021-09-07 13:51:48 采集卡 启动采集
2021-09-07 13:51:48 采集卡 采集完成
2021-09-07 13:51:48 采集卡 转换数据
2021-09-07 13:51:51 采集卡 停止采集
2021-09-07 13:51:53 采集卡 开始采集本底
2021-09-07 13:51:53 采集卡 启动采集
2021-09-07 13:51:53 采集卡 采集完成
2021-09-07 13:51:53 采集卡 转换数据
2021-09-07 13:52:00 采集卡 开始采集满度
2021-09-07 13:52:00 采集卡 启动采集
2021-09-07 13:52:00 采集卡 采集完成
2021-09-07 13:52:00 采集卡 转换数据
2021-09-07 13:52:06 采集卡 开始采集图片
2021-09-07 13:52:06 采集卡 启动采集
2021-09-07 13:52:08 采集卡 停止采集
2021-09-07 13:52:08 采集卡 转换数据
2021-09-07 13:52:08 采集卡 转换AD
2021-09-07 13:52:08 采集卡 修改点
2021-09-07 13:52:08 采集卡 GAMMA
2021-09-07 13:52:08 采集卡 生成图片数组
2021-09-07 13:53:09 采集卡 开始采集图片
2021-09-07 13:53:09 采集卡 启动采集
2021-09-07 13:53:12 采集卡 采集完成
2021-09-07 13:53:12 采集卡 转换数据
2021-09-07 13:53:12 采集卡 转换AD
2021-09-07 13:53:12 采集卡 修改点
2021-09-07 13:53:12 采集卡 GAMMA
2021-09-07 13:53:12 采集卡 生成图片数组
2021-09-07 13:53:19 采集卡 开始采集图片
2021-09-07 13:53:19 采集卡 启动采集
2021-09-07 13:53:22 采集卡 停止采集
2021-09-07 13:53:22 采集卡 转换数据
2021-09-07 13:53:22 采集卡 转换AD
2021-09-07 13:53:22 采集卡 修改点
2021-09-07 13:53:22 采集卡 GAMMA
2021-09-07 13:53:22 采集卡 生成图片数组
2021-09-07 13:53:32 采集卡 开始采集图片
2021-09-07 13:53:32 采集卡 启动采集
2021-09-07 13:53:38 采集卡 停止采集
2021-09-07 13:53:38 采集卡 转换数据
2021-09-07 13:53:38 采集卡 转换AD
2021-09-07 13:53:38 采集卡 修改点
2021-09-07 13:53:38 采集卡 GAMMA
2021-09-07 13:53:38 采集卡 生成图片数组
2021-09-07 13:55:51 采集卡 开始采集图片
2021-09-07 13:55:51 采集卡 启动采集
2021-09-07 13:55:54 采集卡 停止采集
2021-09-07 13:55:54 采集卡 转换数据
2021-09-07 13:55:54 采集卡 转换AD
2021-09-07 13:55:54 采集卡 修改点
2021-09-07 13:55:54 采集卡 GAMMA
2021-09-07 13:55:54 采集卡 生成图片数组
2021-09-07 13:55:55 采集卡 开始采集图片
2021-09-07 13:55:55 采集卡 启动采集
2021-09-07 13:56:07 采集卡 采集完成
2021-09-07 13:56:07 采集卡 转换数据
2021-09-07 13:56:07 采集卡 转换AD
2021-09-07 13:56:07 采集卡 修改点
2021-09-07 13:56:07 采集卡 GAMMA
2021-09-07 13:56:07 采集卡 生成图片数组
2021-09-07 13:58:38 采集卡 开始采集本底
2021-09-07 13:58:38 采集卡 启动采集
2021-09-07 13:58:38 采集卡 采集完成
2021-09-07 13:58:38 采集卡 转换数据
2021-09-07 13:58:41 采集卡 开始采集满度
2021-09-07 13:58:41 采集卡 启动采集
2021-09-07 13:58:41 采集卡 采集完成
2021-09-07 13:58:41 采集卡 转换数据
2021-09-07 13:58:43 采集卡 停止采集
2021-09-07 13:58:57 采集卡 开始采集图片
2021-09-07 13:58:57 采集卡 启动采集
2021-09-07 13:58:57 采集卡 采集完成
2021-09-07 13:58:57 采集卡 转换数据
2021-09-07 13:58:57 采集卡 转换AD
2021-09-07 13:58:57 采集卡 修改点
2021-09-07 13:58:57 采集卡 GAMMA
2021-09-07 13:58:57 采集卡 生成图片数组
2021-09-07 13:58:59 采集卡 开始采集图片
2021-09-07 13:58:59 采集卡 启动采集
2021-09-07 13:59:00 采集卡 采集完成
2021-09-07 13:59:00 采集卡 转换数据
2021-09-07 13:59:00 采集卡 转换AD
2021-09-07 13:59:00 采集卡 修改点
2021-09-07 13:59:00 采集卡 GAMMA
2021-09-07 13:59:00 采集卡 生成图片数组
2021-09-07 13:59:02 采集卡 开始采集图片
2021-09-07 13:59:02 采集卡 启动采集
2021-09-07 13:59:02 采集卡 停止采集
2021-09-07 13:59:02 采集卡 转换数据
2021-09-07 13:59:02 采集卡 转换AD
2021-09-07 13:59:02 采集卡 修改点
2021-09-07 13:59:02 采集卡 GAMMA
2021-09-07 13:59:02 采集卡 生成图片数组
2021-09-07 13:59:10 采集卡 开始采集图片
2021-09-07 13:59:10 采集卡 启动采集
2021-09-07 13:59:11 采集卡 采集完成
2021-09-07 13:59:11 采集卡 转换数据
2021-09-07 13:59:11 采集卡 转换AD
2021-09-07 13:59:11 采集卡 修改点
2021-09-07 13:59:11 采集卡 GAMMA
2021-09-07 13:59:11 采集卡 生成图片数组
2021-09-07 13:59:12 采集卡 开始采集图片
2021-09-07 13:59:12 采集卡 启动采集
2021-09-07 13:59:14 采集卡 采集完成
2021-09-07 13:59:14 采集卡 转换数据
2021-09-07 13:59:14 采集卡 转换AD
2021-09-07 13:59:14 采集卡 修改点
2021-09-07 13:59:14 采集卡 GAMMA
2021-09-07 13:59:14 采集卡 生成图片数组
2021-09-07 13:59:26 采集卡 开始采集本底
2021-09-07 13:59:26 采集卡 启动采集
2021-09-07 13:59:26 采集卡 采集完成
2021-09-07 13:59:26 采集卡 转换数据
2021-09-07 13:59:35 采集卡 开始采集满度
2021-09-07 13:59:35 采集卡 启动采集
2021-09-07 13:59:35 采集卡 采集完成
2021-09-07 13:59:35 采集卡 转换数据
2021-09-07 13:59:37 采集卡 开始采集图片
2021-09-07 13:59:37 采集卡 启动采集
2021-09-07 13:59:38 采集卡 停止采集
2021-09-07 13:59:38 采集卡 转换数据
2021-09-07 13:59:38 采集卡 转换AD
2021-09-07 13:59:38 采集卡 修改点
2021-09-07 13:59:38 采集卡 GAMMA
2021-09-07 13:59:38 采集卡 生成图片数组
2021-09-07 13:59:46 采集卡 开始采集图片
2021-09-07 13:59:46 采集卡 启动采集
2021-09-07 13:59:47 采集卡 采集完成
2021-09-07 13:59:47 采集卡 转换数据
2021-09-07 13:59:47 采集卡 转换AD
2021-09-07 13:59:47 采集卡 修改点
2021-09-07 13:59:47 采集卡 GAMMA
2021-09-07 13:59:47 采集卡 生成图片数组
2021-09-07 13:59:48 采集卡 开始采集图片
2021-09-07 13:59:48 采集卡 启动采集
2021-09-07 13:59:50 采集卡 采集完成
2021-09-07 13:59:50 采集卡 转换数据
2021-09-07 13:59:50 采集卡 转换AD
2021-09-07 13:59:50 采集卡 修改点
2021-09-07 13:59:50 采集卡 GAMMA
2021-09-07 13:59:50 采集卡 生成图片数组
2021-09-07 13:59:52 采集卡 开始采集图片
2021-09-07 13:59:52 采集卡 启动采集
2021-09-07 13:59:53 采集卡 采集完成
2021-09-07 13:59:53 采集卡 转换数据
2021-09-07 13:59:53 采集卡 转换AD
2021-09-07 13:59:53 采集卡 修改点
2021-09-07 13:59:53 采集卡 GAMMA
2021-09-07 13:59:53 采集卡 生成图片数组
2021-09-07 14:00:03 采集卡 开始采集图片
2021-09-07 14:00:03 采集卡 启动采集
2021-09-07 14:00:08 采集卡 停止采集
2021-09-07 14:00:08 采集卡 转换数据
2021-09-07 14:00:08 采集卡 转换AD
2021-09-07 14:00:08 采集卡 修改点
2021-09-07 14:00:08 采集卡 GAMMA
2021-09-07 14:00:08 采集卡 生成图片数组
2021-09-07 14:08:57 高压电源 训机结束
2021-09-07 14:08:57 高压电源 192.168.127.252打开高压
2021-09-07 14:08:57 高压电源 192.168.127.252关闭高压
2021-09-07 14:08:58 采集卡 开始采集本底
2021-09-07 14:08:58 采集卡 启动采集
2021-09-07 14:08:58 采集卡 采集完成
2021-09-07 14:08:58 采集卡 转换数据
2021-09-07 14:08:58 高压电源 192.168.127.252打开高压
2021-09-07 14:09:03 高压电源 192.168.127.252关闭高压
2021-09-07 14:09:08 采集卡 开始采集图片
2021-09-07 14:09:08 采集卡 启动采集
2021-09-07 14:09:09 采集卡 停止采集
2021-09-07 14:09:09 采集卡 转换数据
2021-09-07 14:09:09 采集卡 转换AD
2021-09-07 14:09:09 采集卡 修改点
2021-09-07 14:09:09 采集卡 GAMMA
2021-09-07 14:09:09 采集卡 生成图片数组
2021-09-07 14:09:11 采集卡 开始采集图片
2021-09-07 14:09:11 采集卡 启动采集
2021-09-07 14:09:11 采集卡 采集完成
2021-09-07 14:09:11 采集卡 转换数据
2021-09-07 14:09:11 采集卡 转换AD
2021-09-07 14:09:11 采集卡 修改点
2021-09-07 14:09:11 采集卡 GAMMA
2021-09-07 14:09:11 采集卡 生成图片数组
2021-09-07 14:09:17 采集卡 开始采集图片
2021-09-07 14:09:17 采集卡 启动采集
2021-09-07 14:09:19 采集卡 停止采集
2021-09-07 14:09:19 采集卡 转换数据
2021-09-07 14:09:19 采集卡 转换AD
2021-09-07 14:09:19 采集卡 修改点
2021-09-07 14:09:19 采集卡 GAMMA
2021-09-07 14:09:19 采集卡 生成图片数组
2021-09-07 14:09:20 采集卡 开始采集图片
2021-09-07 14:09:20 采集卡 启动采集
2021-09-07 14:09:21 采集卡 采集完成
2021-09-07 14:09:21 采集卡 转换数据
2021-09-07 14:09:21 采集卡 转换AD
2021-09-07 14:09:21 采集卡 修改点
2021-09-07 14:09:21 采集卡 GAMMA
2021-09-07 14:09:21 采集卡 生成图片数组
2021-09-07 14:09:21 采集卡 开始采集图片
2021-09-07 14:09:21 采集卡 启动采集
2021-09-07 14:09:22 采集卡 采集完成
2021-09-07 14:09:22 采集卡 转换数据
2021-09-07 14:09:22 采集卡 转换AD
2021-09-07 14:09:22 采集卡 修改点
2021-09-07 14:09:22 采集卡 GAMMA
2021-09-07 14:09:22 采集卡 生成图片数组
2021-09-07 14:09:22 采集卡 开始采集图片
2021-09-07 14:09:22 采集卡 启动采集
2021-09-07 14:09:23 采集卡 开始采集图片
2021-09-07 14:09:23 采集卡 采集完成
2021-09-07 14:09:23 采集卡 转换数据
2021-09-07 14:09:23 采集卡 转换AD
2021-09-07 14:09:23 采集卡 修改点
2021-09-07 14:09:23 采集卡 GAMMA
2021-09-07 14:09:23 采集卡 生成图片数组
2021-09-07 14:09:24 采集卡 开始采集图片
2021-09-07 14:09:24 采集卡 启动采集
2021-09-07 14:09:24 采集卡 采集完成
2021-09-07 14:09:24 采集卡 转换数据
2021-09-07 14:09:24 采集卡 转换AD
2021-09-07 14:09:24 采集卡 修改点
2021-09-07 14:09:24 采集卡 GAMMA
2021-09-07 14:09:24 采集卡 生成图片数组
2021-09-07 14:09:24 采集卡 开始采集图片
2021-09-07 14:09:24 采集卡 启动采集
2021-09-07 14:09:24 采集卡 采集完成
2021-09-07 14:09:24 采集卡 转换数据
2021-09-07 14:09:24 采集卡 转换AD
2021-09-07 14:09:24 采集卡 修改点
2021-09-07 14:09:24 采集卡 GAMMA
2021-09-07 14:09:24 采集卡 生成图片数组
2021-09-07 14:09:25 采集卡 开始采集图片
2021-09-07 14:09:25 采集卡 启动采集
2021-09-07 14:09:25 采集卡 采集完成
2021-09-07 14:09:25 采集卡 转换数据
2021-09-07 14:09:25 采集卡 转换AD
2021-09-07 14:09:25 采集卡 修改点
2021-09-07 14:09:25 采集卡 GAMMA
2021-09-07 14:09:25 采集卡 生成图片数组
2021-09-07 14:09:26 采集卡 开始采集图片
2021-09-07 14:09:26 采集卡 启动采集
2021-09-07 14:09:26 采集卡 停止采集
2021-09-07 14:09:26 采集卡 转换数据
2021-09-07 14:09:26 采集卡 转换AD
2021-09-07 14:09:26 采集卡 修改点
2021-09-07 14:09:26 采集卡 GAMMA
2021-09-07 14:09:26 采集卡 生成图片数组
2021-09-07 14:09:27 采集卡 开始采集图片
2021-09-07 14:09:27 采集卡 启动采集
2021-09-07 14:09:27 采集卡 采集完成
2021-09-07 14:09:27 采集卡 转换数据
2021-09-07 14:09:27 采集卡 转换AD
2021-09-07 14:09:27 采集卡 修改点
2021-09-07 14:09:27 采集卡 GAMMA
2021-09-07 14:09:27 采集卡 生成图片数组
2021-09-07 14:09:28 采集卡 开始采集图片
2021-09-07 14:09:28 采集卡 启动采集
2021-09-07 14:09:28 采集卡 停止采集
2021-09-07 14:09:28 采集卡 转换数据
2021-09-07 14:09:28 采集卡 转换AD
2021-09-07 14:09:28 采集卡 修改点
2021-09-07 14:09:28 采集卡 GAMMA
2021-09-07 14:09:28 采集卡 生成图片数组
2021-09-07 14:09:29 采集卡 开始采集图片
2021-09-07 14:09:29 采集卡 启动采集
2021-09-07 14:09:29 采集卡 采集完成
2021-09-07 14:09:29 采集卡 转换数据
2021-09-07 14:09:29 采集卡 转换AD
2021-09-07 14:09:29 采集卡 修改点
2021-09-07 14:09:29 采集卡 GAMMA
2021-09-07 14:09:29 采集卡 生成图片数组
2021-09-07 14:09:30 采集卡 开始采集图片
2021-09-07 14:09:30 采集卡 启动采集
2021-09-07 14:09:30 采集卡 采集完成
2021-09-07 14:09:30 采集卡 转换数据
2021-09-07 14:09:30 采集卡 转换AD
2021-09-07 14:09:30 采集卡 修改点
2021-09-07 14:09:30 采集卡 GAMMA
2021-09-07 14:09:30 采集卡 生成图片数组
2021-09-07 14:11:36 采集卡 开始采集图片
2021-09-07 14:11:36 采集卡 启动采集
2021-09-07 14:11:37 采集卡 停止采集
2021-09-07 14:11:37 采集卡 转换数据
2021-09-07 14:11:37 采集卡 转换AD
2021-09-07 14:11:37 采集卡 修改点
2021-09-07 14:11:37 采集卡 GAMMA
2021-09-07 14:11:37 采集卡 生成图片数组
2021-09-07 14:11:38 采集卡 开始采集图片
2021-09-07 14:11:38 采集卡 启动采集
2021-09-07 14:11:39 采集卡 采集完成
2021-09-07 14:11:39 采集卡 转换数据
2021-09-07 14:11:39 采集卡 转换AD
2021-09-07 14:11:39 采集卡 修改点
2021-09-07 14:11:39 采集卡 GAMMA
2021-09-07 14:11:39 采集卡 生成图片数组
2021-09-07 14:11:40 采集卡 开始采集图片
2021-09-07 14:11:40 采集卡 启动采集
2021-09-07 14:11:40 采集卡 采集完成
2021-09-07 14:11:40 采集卡 转换数据
2021-09-07 14:11:40 采集卡 转换AD
2021-09-07 14:11:40 采集卡 修改点
2021-09-07 14:11:40 采集卡 GAMMA
2021-09-07 14:11:40 采集卡 生成图片数组
2021-09-07 14:11:41 采集卡 开始采集图片
2021-09-07 14:11:41 采集卡 启动采集
2021-09-07 14:11:43 采集卡 采集完成
2021-09-07 14:11:43 采集卡 转换数据
2021-09-07 14:11:43 采集卡 转换AD
2021-09-07 14:11:43 采集卡 修改点
2021-09-07 14:11:43 采集卡 GAMMA
2021-09-07 14:11:43 采集卡 生成图片数组
2021-09-07 14:11:44 采集卡 开始采集图片
2021-09-07 14:11:44 采集卡 启动采集
2021-09-07 14:11:46 采集卡 停止采集
2021-09-07 14:11:46 采集卡 采集完成
2021-09-07 14:11:46 采集卡 转换数据
2021-09-07 14:11:46 采集卡 转换AD
2021-09-07 14:11:46 采集卡 修改点
2021-09-07 14:11:46 采集卡 GAMMA
2021-09-07 14:11:46 采集卡 生成图片数组
2021-09-07 14:11:47 采集卡 开始采集图片
2021-09-07 14:11:47 采集卡 启动采集
2021-09-07 14:11:48 采集卡 停止采集
2021-09-07 14:11:48 采集卡 转换数据
2021-09-07 14:11:48 采集卡 转换AD
2021-09-07 14:11:48 采集卡 修改点
2021-09-07 14:11:48 采集卡 GAMMA
2021-09-07 14:11:48 采集卡 生成图片数组
2021-09-07 14:11:48 采集卡 开始采集图片
2021-09-07 14:11:48 采集卡 启动采集
2021-09-07 14:11:48 采集卡 采集完成
2021-09-07 14:11:48 采集卡 转换数据
2021-09-07 14:11:48 采集卡 转换AD
2021-09-07 14:11:48 采集卡 修改点
2021-09-07 14:11:48 采集卡 GAMMA
2021-09-07 14:11:48 采集卡 生成图片数组
2021-09-07 14:11:49 采集卡 开始采集图片
2021-09-07 14:11:49 采集卡 启动采集
2021-09-07 14:11:49 采集卡 停止采集
2021-09-07 14:11:49 采集卡 转换数据
2021-09-07 14:11:49 采集卡 转换AD
2021-09-07 14:11:49 采集卡 修改点
2021-09-07 14:11:49 采集卡 GAMMA
2021-09-07 14:11:49 采集卡 生成图片数组
2021-09-07 14:11:50 采集卡 开始采集图片
2021-09-07 14:11:50 采集卡 启动采集
2021-09-07 14:11:50 采集卡 停止采集
2021-09-07 14:11:50 采集卡 转换数据
2021-09-07 14:11:50 采集卡 转换AD
2021-09-07 14:11:50 采集卡 修改点
2021-09-07 14:11:50 采集卡 GAMMA
2021-09-07 14:11:50 采集卡 生成图片数组
2021-09-07 14:11:51 采集卡 开始采集图片
2021-09-07 14:11:51 采集卡 启动采集
2021-09-07 14:11:51 采集卡 采集完成
2021-09-07 14:11:51 采集卡 转换数据
2021-09-07 14:11:51 采集卡 转换AD
2021-09-07 14:11:51 采集卡 修改点
2021-09-07 14:11:51 采集卡 GAMMA
2021-09-07 14:11:51 采集卡 生成图片数组
2021-09-07 14:11:51 采集卡 开始采集图片
2021-09-07 14:11:51 采集卡 启动采集
2021-09-07 14:11:52 采集卡 停止采集
2021-09-07 14:11:52 采集卡 转换数据
2021-09-07 14:11:52 采集卡 转换AD
2021-09-07 14:11:52 采集卡 修改点
2021-09-07 14:11:52 采集卡 GAMMA
2021-09-07 14:11:52 采集卡 生成图片数组
2021-09-07 14:11:52 采集卡 开始采集图片
2021-09-07 14:11:52 采集卡 启动采集
2021-09-07 14:11:52 采集卡 采集完成
2021-09-07 14:11:52 采集卡 转换数据
2021-09-07 14:11:52 采集卡 转换AD
2021-09-07 14:11:52 采集卡 修改点
2021-09-07 14:11:52 采集卡 GAMMA
2021-09-07 14:11:52 采集卡 生成图片数组
2021-09-07 14:11:53 采集卡 停止采集
2021-09-07 14:11:53 采集卡 停止采集
2021-09-07 14:11:54 采集卡 开始采集图片
2021-09-07 14:11:54 采集卡 启动采集
2021-09-07 14:11:54 采集卡 采集完成
2021-09-07 14:11:54 采集卡 转换数据
2021-09-07 14:11:54 采集卡 转换AD
2021-09-07 14:11:54 采集卡 修改点
2021-09-07 14:11:54 采集卡 GAMMA
2021-09-07 14:11:54 采集卡 生成图片数组
2021-09-07 14:11:54 采集卡 开始采集图片
2021-09-07 14:11:54 采集卡 启动采集
2021-09-07 14:11:55 采集卡 停止采集
2021-09-07 14:11:55 采集卡 转换数据
2021-09-07 14:11:55 采集卡 转换AD
2021-09-07 14:11:55 采集卡 修改点
2021-09-07 14:11:55 采集卡 GAMMA
2021-09-07 14:11:55 采集卡 生成图片数组
2021-09-07 14:11:55 采集卡 开始采集图片
2021-09-07 14:11:55 采集卡 启动采集
2021-09-07 14:11:55 采集卡 采集完成
2021-09-07 14:11:55 采集卡 转换数据
2021-09-07 14:11:55 采集卡 转换AD
2021-09-07 14:11:55 采集卡 修改点
2021-09-07 14:11:55 采集卡 GAMMA
2021-09-07 14:11:55 采集卡 生成图片数组
2021-09-07 14:11:59 采集卡 开始采集图片
2021-09-07 14:11:59 采集卡 启动采集
2021-09-07 14:12:04 采集卡 采集完成
2021-09-07 14:12:04 采集卡 转换数据
2021-09-07 14:12:04 采集卡 转换AD
2021-09-07 14:12:04 采集卡 修改点
2021-09-07 14:12:04 采集卡 GAMMA
2021-09-07 14:12:04 采集卡 生成图片数组
2021-09-07 14:13:36 采集卡 开始采集图片
2021-09-07 14:13:36 采集卡 启动采集
2021-09-07 14:13:39 采集卡 停止采集
2021-09-07 14:13:39 采集卡 转换数据
2021-09-07 14:13:39 采集卡 转换AD
2021-09-07 14:13:39 采集卡 修改点
2021-09-07 14:13:39 采集卡 GAMMA
2021-09-07 14:13:39 采集卡 生成图片数组
2021-09-07 14:13:53 采集卡 开始采集满度
2021-09-07 14:13:53 采集卡 启动采集
2021-09-07 14:13:53 采集卡 采集完成
2021-09-07 14:13:53 采集卡 转换数据
2021-09-07 14:13:54 采集卡 开始采集图片
2021-09-07 14:13:54 采集卡 启动采集
2021-09-07 14:14:02 采集卡 采集完成
2021-09-07 14:14:02 采集卡 转换数据
2021-09-07 14:14:02 采集卡 转换AD
2021-09-07 14:14:02 采集卡 修改点
2021-09-07 14:14:02 采集卡 GAMMA
2021-09-07 14:14:02 采集卡 生成图片数组
2021-09-07 14:15:16 采集卡 开始采集图片
2021-09-07 14:15:16 采集卡 启动采集
2021-09-07 14:15:19 采集卡 停止采集
2021-09-07 14:15:19 采集卡 转换数据
2021-09-07 14:15:19 采集卡 转换AD
2021-09-07 14:15:19 采集卡 修改点
2021-09-07 14:15:19 采集卡 GAMMA
2021-09-07 14:15:19 采集卡 生成图片数组
2021-09-07 14:15:23 采集卡 开始采集图片
2021-09-07 14:15:23 采集卡 启动采集
2021-09-07 14:15:25 采集卡 停止采集
2021-09-07 14:15:25 采集卡 转换数据
2021-09-07 14:15:25 采集卡 转换AD
2021-09-07 14:15:25 采集卡 修改点
2021-09-07 14:15:25 采集卡 GAMMA
2021-09-07 14:15:25 采集卡 生成图片数组
2021-09-07 14:15:27 采集卡 开始采集图片
2021-09-07 14:15:27 采集卡 启动采集
2021-09-07 14:15:29 采集卡 采集完成
2021-09-07 14:15:29 采集卡 转换数据
2021-09-07 14:15:29 采集卡 转换AD
2021-09-07 14:15:29 采集卡 修改点
2021-09-07 14:15:29 采集卡 GAMMA
2021-09-07 14:15:29 采集卡 生成图片数组
2021-09-07 14:16:10 采集卡 开始采集图片
2021-09-07 14:16:10 采集卡 启动采集
2021-09-07 14:16:11 采集卡 停止采集
2021-09-07 14:16:11 采集卡 转换数据
2021-09-07 14:16:11 采集卡 转换AD
2021-09-07 14:16:11 采集卡 修改点
2021-09-07 14:16:11 采集卡 GAMMA
2021-09-07 14:16:11 采集卡 生成图片数组
2021-09-07 14:16:17 采集卡 开始采集图片
2021-09-07 14:16:17 采集卡 启动采集
2021-09-07 14:16:17 采集卡 停止采集
2021-09-07 14:16:17 采集卡 转换数据
2021-09-07 14:16:17 采集卡 转换AD
2021-09-07 14:16:17 采集卡 修改点
2021-09-07 14:16:17 采集卡 GAMMA
2021-09-07 14:16:17 采集卡 生成图片数组
2021-09-07 14:16:18 采集卡 开始采集图片
2021-09-07 14:16:18 采集卡 启动采集
2021-09-07 14:16:18 采集卡 采集完成
2021-09-07 14:16:18 采集卡 转换数据
2021-09-07 14:16:18 采集卡 转换AD
2021-09-07 14:16:18 采集卡 修改点
2021-09-07 14:16:18 采集卡 GAMMA
2021-09-07 14:16:18 采集卡 生成图片数组
2021-09-07 14:16:18 采集卡 开始采集图片
2021-09-07 14:16:18 采集卡 启动采集
2021-09-07 14:16:19 采集卡 采集完成
2021-09-07 14:16:19 采集卡 转换数据
2021-09-07 14:16:19 采集卡 转换AD
2021-09-07 14:16:19 采集卡 修改点
2021-09-07 14:16:19 采集卡 GAMMA
2021-09-07 14:16:19 采集卡 生成图片数组
2021-09-07 14:16:19 采集卡 开始采集图片
2021-09-07 14:16:19 采集卡 启动采集
2021-09-07 14:16:19 采集卡 采集完成
2021-09-07 14:16:19 采集卡 转换数据
2021-09-07 14:16:19 采集卡 转换AD
2021-09-07 14:16:19 采集卡 修改点
2021-09-07 14:16:19 采集卡 GAMMA
2021-09-07 14:16:19 采集卡 生成图片数组
2021-09-07 14:16:20 采集卡 开始采集图片
2021-09-07 14:16:20 采集卡 启动采集
2021-09-07 14:16:20 采集卡 采集完成
2021-09-07 14:16:20 采集卡 转换数据
2021-09-07 14:16:20 采集卡 转换AD
2021-09-07 14:16:20 采集卡 修改点
2021-09-07 14:16:20 采集卡 GAMMA
2021-09-07 14:16:20 采集卡 生成图片数组
2021-09-07 14:16:21 采集卡 开始采集图片
2021-09-07 14:16:21 采集卡 启动采集
2021-09-07 14:16:21 采集卡 采集完成
2021-09-07 14:16:21 采集卡 转换数据
2021-09-07 14:16:21 采集卡 转换AD
2021-09-07 14:16:21 采集卡 修改点
2021-09-07 14:16:21 采集卡 GAMMA
2021-09-07 14:16:21 采集卡 生成图片数组
2021-09-07 14:16:21 采集卡 开始采集图片
2021-09-07 14:16:21 采集卡 启动采集
2021-09-07 14:16:21 采集卡 停止采集
2021-09-07 14:16:21 采集卡 转换数据
2021-09-07 14:16:21 采集卡 转换AD
2021-09-07 14:16:21 采集卡 修改点
2021-09-07 14:16:21 采集卡 GAMMA
2021-09-07 14:16:21 采集卡 生成图片数组
2021-09-07 14:17:25 采集卡 开始采集图片
2021-09-07 14:17:25 采集卡 启动采集
2021-09-07 14:17:26 采集卡 采集完成
2021-09-07 14:17:26 采集卡 转换数据
2021-09-07 14:17:26 采集卡 转换AD
2021-09-07 14:17:26 采集卡 修改点
2021-09-07 14:17:26 采集卡 GAMMA
2021-09-07 14:17:26 采集卡 生成图片数组
2021-09-07 15:12:54 高压电源 192.168.127.252关闭高压
