2021-06-10 13:48:03 高压电源 192.168.127.252:高压电源初始化成功
2021-06-10 13:48:09 采集卡 开始采集本底
2021-06-10 13:48:09 采集卡 启动采集
2021-06-10 13:48:11 采集卡 采集完成
2021-06-10 13:48:11 采集卡 转换数据
2021-06-10 13:50:02 高压电源 设置电压150V
2021-06-10 13:50:03 高压电源 设置电流1mA
2021-06-10 13:50:04 高压电源 192.168.127.252打开高压
2021-06-10 13:50:16 采集卡 开始采集满度
2021-06-10 13:50:16 采集卡 启动采集
2021-06-10 13:50:18 采集卡 采集完成
2021-06-10 13:50:18 采集卡 转换数据
2021-06-10 13:50:25 采集卡 开始采集图片
2021-06-10 13:50:25 采集卡 启动采集
2021-06-10 13:50:27 采集卡 停止采集
2021-06-10 13:50:27 采集卡 采集完成
2021-06-10 13:50:31 高压电源 192.168.127.252关闭高压
2021-06-10 13:50:39 采集卡 开始采集图片
2021-06-10 13:50:39 采集卡 启动采集
2021-06-10 13:50:40 采集卡 停止采集
2021-06-10 13:50:40 采集卡 采集完成
2021-06-10 13:50:48 采集卡 开始采集图片
2021-06-10 13:50:48 采集卡 启动采集
2021-06-10 13:50:48 采集卡 停止采集
2021-06-10 13:50:49 采集卡 采集完成
2021-06-10 13:52:00 采集卡 转换数据
2021-06-10 13:52:02 采集卡 转换AD
2021-06-10 13:52:02 采集卡 修改点
2021-06-10 13:52:02 采集卡 GAMMA
2021-06-10 13:52:02 采集卡 反转图像
2021-06-10 13:52:02 采集卡 生成图片数组
2021-06-10 13:52:09 采集卡 开始采集图片
2021-06-10 13:52:09 采集卡 启动采集
2021-06-10 13:52:10 采集卡 停止采集
2021-06-10 13:52:10 采集卡 采集完成
2021-06-10 13:52:10 采集卡 转换数据
2021-06-10 13:52:10 采集卡 转换AD
2021-06-10 13:52:10 采集卡 修改点
2021-06-10 13:52:10 采集卡 GAMMA
2021-06-10 13:52:10 采集卡 反转图像
2021-06-10 13:52:10 采集卡 生成图片数组
2021-06-10 13:52:19 采集卡 开始采集图片
2021-06-10 13:52:19 采集卡 启动采集
2021-06-10 13:52:19 采集卡 停止采集
2021-06-10 13:52:20 采集卡 采集完成
2021-06-10 13:52:20 采集卡 转换数据
2021-06-10 13:52:20 采集卡 转换AD
2021-06-10 13:52:20 采集卡 修改点
2021-06-10 13:52:20 采集卡 GAMMA
2021-06-10 13:52:20 采集卡 反转图像
2021-06-10 13:52:20 采集卡 生成图片数组
2021-06-10 13:54:00 高压电源 192.168.127.252打开高压
2021-06-10 13:54:03 采集卡 开始采集图片
2021-06-10 13:54:03 采集卡 启动采集
2021-06-10 13:54:05 采集卡 停止采集
2021-06-10 13:54:05 采集卡 采集完成
2021-06-10 13:54:05 采集卡 转换数据
2021-06-10 13:54:05 采集卡 转换AD
2021-06-10 13:54:05 采集卡 修改点
2021-06-10 13:54:05 采集卡 GAMMA
2021-06-10 13:54:05 采集卡 反转图像
2021-06-10 13:54:05 采集卡 生成图片数组
2021-06-10 13:54:11 高压电源 192.168.127.252关闭高压
2021-06-10 13:54:37 上位机 绿通保存成功
2021-06-10 13:55:00 高压电源 192.168.127.252关闭高压
