2021-09-25 16:04:23 采集卡 开始采集本底
2021-09-25 16:04:24 采集卡 启动采集
2021-09-25 16:04:24 采集卡 采集完成
2021-09-25 16:04:24 采集卡 转换数据
2021-09-25 16:04:27 采集卡 开始采集满度
2021-09-25 16:04:27 采集卡 启动采集
2021-09-25 16:04:28 采集卡 采集完成
2021-09-25 16:04:28 采集卡 转换数据
2021-09-25 16:05:56 采集卡 开始采集满度
2021-09-25 16:05:56 采集卡 启动采集
2021-09-25 16:06:35 采集卡 开始采集满度
2021-09-25 16:06:35 采集卡 启动采集
2021-09-25 16:06:40 采集卡 开始采集满度
2021-09-25 16:06:40 采集卡 启动采集
2021-09-25 16:06:55 采集卡 开始采集满度
2021-09-25 16:06:55 采集卡 启动采集
2021-09-25 16:06:55 采集卡 采集完成
2021-09-25 16:06:55 采集卡 转换数据
2021-09-25 16:07:21 采集卡 开始采集满度
2021-09-25 16:07:21 采集卡 启动采集
2021-09-25 16:08:16 采集卡 开始采集满度
2021-09-25 16:08:16 采集卡 启动采集
2021-09-25 16:08:45 采集卡 开始采集满度
2021-09-25 16:08:45 采集卡 启动采集
2021-09-25 16:08:48 采集卡 采集完成
2021-09-25 16:08:48 采集卡 转换数据
2021-09-25 16:09:12 采集卡 开始采集图片
2021-09-25 16:09:12 采集卡 启动采集
2021-09-25 16:09:14 采集卡 采集完成
2021-09-25 16:09:14 采集卡 转换数据
2021-09-25 16:09:15 采集卡 转换AD
2021-09-25 16:09:15 采集卡 修改点
2021-09-25 16:09:15 采集卡 GAMMA
2021-09-25 16:09:15 采集卡 生成图片数组
2021-09-25 16:09:45 采集卡 开始采集图片
2021-09-25 16:09:45 采集卡 启动采集
2021-09-25 16:09:47 采集卡 采集完成
2021-09-25 16:09:47 采集卡 转换数据
2021-09-25 16:09:47 采集卡 转换AD
2021-09-25 16:09:47 采集卡 修改点
2021-09-25 16:09:47 采集卡 GAMMA
2021-09-25 16:09:47 采集卡 生成图片数组
2021-09-25 16:11:36 采集卡 开始采集图片
2021-09-25 16:11:36 采集卡 启动采集
2021-09-25 16:11:38 采集卡 停止采集
2021-09-25 16:11:39 采集卡 转换数据
2021-09-25 16:11:39 采集卡 转换AD
2021-09-25 16:11:39 采集卡 修改点
2021-09-25 16:11:39 采集卡 GAMMA
2021-09-25 16:11:39 采集卡 生成图片数组
2021-09-25 16:12:41 采集卡 开始采集图片
2021-09-25 16:12:41 采集卡 启动采集
2021-09-25 16:12:42 采集卡 采集完成
2021-09-25 16:12:42 采集卡 转换数据
2021-09-25 16:12:42 采集卡 转换AD
2021-09-25 16:12:42 采集卡 修改点
2021-09-25 16:12:42 采集卡 GAMMA
2021-09-25 16:12:42 采集卡 生成图片数组
2021-09-25 16:12:48 采集卡 开始采集图片
2021-09-25 16:12:48 采集卡 启动采集
2021-09-25 16:12:50 采集卡 停止采集
2021-09-25 16:12:50 采集卡 转换数据
2021-09-25 16:12:50 采集卡 转换AD
2021-09-25 16:12:50 采集卡 修改点
2021-09-25 16:12:50 采集卡 GAMMA
2021-09-25 16:12:50 采集卡 生成图片数组
2021-09-25 16:13:32 采集卡 开始采集图片
2021-09-25 16:13:32 采集卡 启动采集
2021-09-25 16:13:35 采集卡 采集完成
2021-09-25 16:13:35 采集卡 转换数据
2021-09-25 16:13:35 采集卡 转换AD
2021-09-25 16:13:35 采集卡 修改点
2021-09-25 16:13:35 采集卡 GAMMA
2021-09-25 16:13:35 采集卡 生成图片数组
2021-09-25 16:13:37 采集卡 开始采集图片
2021-09-25 16:13:37 采集卡 启动采集
2021-09-25 16:13:41 采集卡 采集完成
2021-09-25 16:13:41 采集卡 转换数据
2021-09-25 16:13:42 采集卡 转换AD
2021-09-25 16:13:42 采集卡 修改点
2021-09-25 16:13:42 采集卡 GAMMA
2021-09-25 16:13:42 采集卡 生成图片数组
2021-09-25 16:13:43 采集卡 开始采集图片
2021-09-25 16:13:43 采集卡 启动采集
2021-09-25 16:13:48 采集卡 停止采集
2021-09-25 16:13:48 采集卡 转换数据
2021-09-25 16:13:48 采集卡 转换AD
2021-09-25 16:13:48 采集卡 修改点
2021-09-25 16:13:48 采集卡 GAMMA
2021-09-25 16:13:48 采集卡 生成图片数组
2021-09-25 16:15:11 采集卡 开始采集本底
2021-09-25 16:15:11 采集卡 启动采集
2021-09-25 16:15:13 采集卡 采集完成
2021-09-25 16:15:13 采集卡 转换数据
2021-09-25 16:15:18 采集卡 开始采集图片
2021-09-25 16:15:18 采集卡 启动采集
2021-09-25 16:15:20 采集卡 采集完成
2021-09-25 16:15:20 采集卡 转换数据
2021-09-25 16:15:20 采集卡 转换AD
2021-09-25 16:15:20 采集卡 修改点
2021-09-25 16:15:20 采集卡 GAMMA
2021-09-25 16:15:20 采集卡 生成图片数组
2021-09-25 16:15:58 采集卡 开始采集图片
2021-09-25 16:15:58 采集卡 启动采集
2021-09-25 16:15:59 采集卡 采集完成
2021-09-25 16:15:59 采集卡 转换数据
2021-09-25 16:15:59 采集卡 转换AD
2021-09-25 16:15:59 采集卡 修改点
2021-09-25 16:15:59 采集卡 GAMMA
2021-09-25 16:15:59 采集卡 生成图片数组
2021-09-25 16:16:15 采集卡 开始采集图片
2021-09-25 16:16:15 采集卡 启动采集
2021-09-25 16:16:17 采集卡 停止采集
2021-09-25 16:16:17 采集卡 转换数据
2021-09-25 16:16:17 采集卡 转换AD
2021-09-25 16:16:17 采集卡 修改点
2021-09-25 16:16:17 采集卡 GAMMA
2021-09-25 16:16:17 采集卡 生成图片数组
2021-09-25 16:16:26 采集卡 开始采集图片
2021-09-25 16:16:26 采集卡 启动采集
2021-09-25 16:16:27 采集卡 采集完成
2021-09-25 16:16:27 采集卡 转换数据
2021-09-25 16:16:27 采集卡 转换AD
2021-09-25 16:16:27 采集卡 修改点
2021-09-25 16:16:27 采集卡 GAMMA
2021-09-25 16:16:27 采集卡 生成图片数组
2021-09-25 16:16:29 采集卡 开始采集图片
2021-09-25 16:16:29 采集卡 启动采集
2021-09-25 16:16:31 采集卡 采集完成
2021-09-25 16:16:31 采集卡 转换数据
2021-09-25 16:16:31 采集卡 转换AD
2021-09-25 16:16:31 采集卡 修改点
2021-09-25 16:16:31 采集卡 GAMMA
2021-09-25 16:16:31 采集卡 生成图片数组
2021-09-25 16:16:32 采集卡 开始采集图片
2021-09-25 16:16:32 采集卡 启动采集
2021-09-25 16:16:33 采集卡 采集完成
2021-09-25 16:16:33 采集卡 转换数据
2021-09-25 16:16:33 采集卡 转换AD
2021-09-25 16:16:33 采集卡 修改点
2021-09-25 16:16:33 采集卡 GAMMA
2021-09-25 16:16:33 采集卡 生成图片数组
2021-09-25 16:16:34 采集卡 开始采集图片
2021-09-25 16:16:34 采集卡 启动采集
2021-09-25 16:16:34 采集卡 采集完成
2021-09-25 16:16:34 采集卡 转换数据
2021-09-25 16:16:34 采集卡 转换AD
2021-09-25 16:16:34 采集卡 修改点
2021-09-25 16:16:34 采集卡 GAMMA
2021-09-25 16:16:34 采集卡 生成图片数组
2021-09-25 16:16:35 采集卡 开始采集图片
2021-09-25 16:16:35 采集卡 启动采集
2021-09-25 16:16:36 采集卡 采集完成
2021-09-25 16:16:36 采集卡 转换数据
2021-09-25 16:16:36 采集卡 转换AD
2021-09-25 16:16:36 采集卡 修改点
2021-09-25 16:16:36 采集卡 GAMMA
2021-09-25 16:16:36 采集卡 生成图片数组
2021-09-25 16:16:37 采集卡 开始采集图片
2021-09-25 16:16:37 采集卡 启动采集
2021-09-25 16:16:38 采集卡 采集完成
2021-09-25 16:16:38 采集卡 转换数据
2021-09-25 16:16:38 采集卡 转换AD
2021-09-25 16:16:38 采集卡 修改点
2021-09-25 16:16:38 采集卡 GAMMA
2021-09-25 16:16:38 采集卡 生成图片数组
2021-09-25 16:16:54 采集卡 开始采集图片
2021-09-25 16:16:54 采集卡 启动采集
2021-09-25 16:16:56 采集卡 停止采集
2021-09-25 16:16:56 采集卡 转换数据
2021-09-25 16:16:56 采集卡 转换AD
2021-09-25 16:16:56 采集卡 修改点
2021-09-25 16:16:56 采集卡 GAMMA
2021-09-25 16:16:56 采集卡 生成图片数组
2021-09-25 16:16:57 采集卡 开始采集图片
2021-09-25 16:16:57 采集卡 启动采集
2021-09-25 16:16:58 采集卡 停止采集
2021-09-25 16:16:58 采集卡 转换数据
2021-09-25 16:16:58 采集卡 转换AD
2021-09-25 16:16:58 采集卡 修改点
2021-09-25 16:16:58 采集卡 GAMMA
2021-09-25 16:16:58 采集卡 生成图片数组
2021-09-25 16:16:59 采集卡 开始采集图片
2021-09-25 16:16:59 采集卡 启动采集
2021-09-25 16:17:00 采集卡 停止采集
2021-09-25 16:17:01 采集卡 转换数据
2021-09-25 16:17:01 采集卡 转换AD
2021-09-25 16:17:01 采集卡 修改点
2021-09-25 16:17:01 采集卡 GAMMA
2021-09-25 16:17:01 采集卡 生成图片数组
2021-09-25 16:17:44 高压电源 192.168.127.252关闭高压
