2021-06-10 14:16:25 高压电源 192.168.127.252:高压电源初始化成功
2021-06-10 14:16:38 采集卡 开始采集本底
2021-06-10 14:16:38 采集卡 启动采集
2021-06-10 14:16:39 采集卡 采集完成
2021-06-10 14:16:39 采集卡 转换数据
2021-06-10 14:16:47 高压电源 设置电压180V
2021-06-10 14:16:48 高压电源 设置电流1mA
2021-06-10 14:16:49 高压电源 192.168.127.252打开高压
2021-06-10 14:16:52 采集卡 开始采集满度
2021-06-10 14:16:52 采集卡 启动采集
2021-06-10 14:16:53 采集卡 采集完成
2021-06-10 14:16:53 采集卡 转换数据
2021-06-10 14:16:56 采集卡 开始采集图片
2021-06-10 14:16:56 采集卡 启动采集
2021-06-10 14:17:05 采集卡 停止采集
2021-06-10 14:17:06 采集卡 采集完成
2021-06-10 14:17:06 采集卡 转换数据
2021-06-10 14:17:06 采集卡 转换AD
2021-06-10 14:17:06 采集卡 修改点
2021-06-10 14:17:06 采集卡 GAMMA
2021-06-10 14:17:06 采集卡 生成图片数组
2021-06-10 14:17:09 高压电源 192.168.127.252关闭高压
2021-06-10 14:26:11 采集卡 开始采集图片
2021-06-10 14:26:11 采集卡 启动采集
2021-06-10 14:27:17 采集卡 采集完成
2021-06-10 14:27:17 采集卡 转换数据
2021-06-10 14:27:17 采集卡 转换AD
2021-06-10 14:27:17 采集卡 修改点
2021-06-10 14:27:17 采集卡 GAMMA
2021-06-10 14:27:17 采集卡 生成图片数组
2021-06-10 14:27:38 采集卡 停止采集
2021-06-10 14:27:41 采集卡 开始采集图片
2021-06-10 14:27:41 采集卡 启动采集
2021-06-10 14:28:02 采集卡 采集完成
2021-06-10 14:28:02 采集卡 转换数据
2021-06-10 14:28:02 采集卡 转换AD
2021-06-10 14:28:02 采集卡 修改点
2021-06-10 14:28:02 采集卡 GAMMA
2021-06-10 14:28:02 采集卡 生成图片数组
