2021-10-07 09:51:18 采集卡 开始采集本底
2021-10-07 09:51:18 采集卡 启动采集
2021-10-07 09:51:21 采集卡 采集完成
2021-10-07 09:51:21 采集卡 转换数据
2021-10-07 09:51:52 采集卡 开始采集满度
2021-10-07 09:51:52 采集卡 启动采集
2021-10-07 09:51:55 采集卡 采集完成
2021-10-07 09:51:55 采集卡 转换数据
2021-10-07 09:59:27 采集卡 开始采集图片
2021-10-07 09:59:27 采集卡 启动采集
2021-10-07 09:59:29 采集卡 采集完成
2021-10-07 09:59:29 采集卡 转换数据
2021-10-07 09:59:31 采集卡 转换AD
2021-10-07 09:59:31 采集卡 修改点
2021-10-07 09:59:31 采集卡 GAMMA
2021-10-07 09:59:31 采集卡 生成图片数组
2021-10-07 10:02:08 采集卡 开始采集图片
2021-10-07 10:02:08 采集卡 启动采集
2021-10-07 10:02:09 采集卡 采集完成
2021-10-07 10:02:09 采集卡 转换数据
2021-10-07 10:02:09 采集卡 转换AD
2021-10-07 10:02:09 采集卡 修改点
2021-10-07 10:02:09 采集卡 GAMMA
2021-10-07 10:02:09 采集卡 生成图片数组
2021-10-07 10:02:16 采集卡 开始采集图片
2021-10-07 10:02:16 采集卡 启动采集
2021-10-07 10:02:17 采集卡 采集完成
2021-10-07 10:02:17 采集卡 转换数据
2021-10-07 10:02:17 采集卡 转换AD
2021-10-07 10:02:17 采集卡 修改点
2021-10-07 10:02:17 采集卡 GAMMA
2021-10-07 10:02:17 采集卡 生成图片数组
2021-10-07 10:02:21 采集卡 开始采集图片
2021-10-07 10:02:21 采集卡 启动采集
2021-10-07 10:02:24 采集卡 采集完成
2021-10-07 10:02:24 采集卡 转换数据
2021-10-07 10:02:24 采集卡 转换AD
2021-10-07 10:02:24 采集卡 修改点
2021-10-07 10:02:24 采集卡 GAMMA
2021-10-07 10:02:24 采集卡 生成图片数组
2021-10-07 10:02:30 采集卡 开始采集图片
2021-10-07 10:02:30 采集卡 启动采集
2021-10-07 10:02:31 采集卡 停止采集
2021-10-07 10:02:31 采集卡 转换数据
2021-10-07 10:02:31 采集卡 转换AD
2021-10-07 10:02:31 采集卡 修改点
2021-10-07 10:02:31 采集卡 GAMMA
2021-10-07 10:02:31 采集卡 生成图片数组
2021-10-07 10:02:34 采集卡 开始采集图片
2021-10-07 10:02:34 采集卡 启动采集
2021-10-07 10:02:36 采集卡 采集完成
2021-10-07 10:02:36 采集卡 转换数据
2021-10-07 10:02:36 采集卡 转换AD
2021-10-07 10:02:36 采集卡 修改点
2021-10-07 10:02:36 采集卡 GAMMA
2021-10-07 10:02:36 采集卡 生成图片数组
2021-10-07 10:02:38 采集卡 开始采集图片
2021-10-07 10:02:38 采集卡 启动采集
2021-10-07 10:02:39 采集卡 采集完成
2021-10-07 10:02:39 采集卡 转换数据
2021-10-07 10:02:39 采集卡 转换AD
2021-10-07 10:02:39 采集卡 修改点
2021-10-07 10:02:39 采集卡 GAMMA
2021-10-07 10:02:39 采集卡 生成图片数组
2021-10-07 10:09:01 采集卡 开始采集图片
2021-10-07 10:09:01 采集卡 启动采集
2021-10-07 10:09:02 采集卡 采集完成
2021-10-07 10:09:02 采集卡 转换数据
2021-10-07 10:09:02 采集卡 转换AD
2021-10-07 10:09:02 采集卡 修改点
2021-10-07 10:09:02 采集卡 GAMMA
2021-10-07 10:09:02 采集卡 生成图片数组
2021-10-07 10:10:01 采集卡 开始采集图片
2021-10-07 10:10:01 采集卡 启动采集
2021-10-07 10:10:02 采集卡 采集完成
2021-10-07 10:10:02 采集卡 转换数据
2021-10-07 10:10:02 采集卡 转换AD
2021-10-07 10:10:02 采集卡 修改点
2021-10-07 10:10:02 采集卡 GAMMA
2021-10-07 10:10:02 采集卡 生成图片数组
2021-10-07 10:11:13 采集卡 开始采集图片
2021-10-07 10:11:13 采集卡 启动采集
2021-10-07 10:11:14 采集卡 停止采集
2021-10-07 10:11:14 采集卡 转换数据
2021-10-07 10:11:14 采集卡 转换AD
2021-10-07 10:11:14 采集卡 修改点
2021-10-07 10:11:14 采集卡 GAMMA
2021-10-07 10:11:14 采集卡 生成图片数组
2021-10-07 10:11:52 采集卡 开始采集图片
2021-10-07 10:11:52 采集卡 启动采集
2021-10-07 10:11:53 采集卡 采集完成
2021-10-07 10:11:53 采集卡 转换数据
2021-10-07 10:11:53 采集卡 转换AD
2021-10-07 10:11:53 采集卡 修改点
2021-10-07 10:11:53 采集卡 GAMMA
2021-10-07 10:11:53 采集卡 生成图片数组
2021-10-07 10:12:48 采集卡 开始采集图片
2021-10-07 10:12:48 采集卡 启动采集
2021-10-07 10:12:49 采集卡 采集完成
2021-10-07 10:12:49 采集卡 转换数据
2021-10-07 10:12:49 采集卡 转换AD
2021-10-07 10:12:49 采集卡 修改点
2021-10-07 10:12:49 采集卡 GAMMA
2021-10-07 10:12:49 采集卡 生成图片数组
2021-10-07 10:15:21 采集卡 开始采集图片
2021-10-07 10:15:21 采集卡 启动采集
2021-10-07 10:15:22 采集卡 停止采集
2021-10-07 10:15:22 采集卡 转换数据
2021-10-07 10:15:22 采集卡 转换AD
2021-10-07 10:15:22 采集卡 修改点
2021-10-07 10:15:22 采集卡 GAMMA
2021-10-07 10:15:22 采集卡 生成图片数组
2021-10-07 10:17:26 采集卡 开始采集图片
2021-10-07 10:17:26 采集卡 启动采集
2021-10-07 10:17:28 采集卡 采集完成
2021-10-07 10:17:28 采集卡 转换数据
2021-10-07 10:17:28 采集卡 转换AD
2021-10-07 10:17:28 采集卡 修改点
2021-10-07 10:17:28 采集卡 GAMMA
2021-10-07 10:17:28 采集卡 生成图片数组
2021-10-07 10:17:28 采集卡 停止采集
2021-10-07 10:50:32 采集卡 开始采集图片
2021-10-07 10:50:33 采集卡 启动采集
2021-10-07 10:50:34 采集卡 停止采集
2021-10-07 10:50:34 采集卡 转换数据
2021-10-07 10:50:34 采集卡 转换AD
2021-10-07 10:50:34 采集卡 修改点
2021-10-07 10:50:34 采集卡 GAMMA
2021-10-07 10:50:34 采集卡 生成图片数组
2021-10-07 10:50:36 采集卡 开始采集图片
2021-10-07 10:50:36 采集卡 启动采集
2021-10-07 10:50:38 采集卡 停止采集
2021-10-07 10:50:38 采集卡 转换数据
2021-10-07 10:50:38 采集卡 转换AD
2021-10-07 10:50:38 采集卡 修改点
2021-10-07 10:50:38 采集卡 GAMMA
2021-10-07 10:50:38 采集卡 生成图片数组
2021-10-07 11:46:13 采集卡 开始采集图片
2021-10-07 11:46:13 采集卡 启动采集
2021-10-07 11:46:14 采集卡 停止采集
2021-10-07 11:46:15 采集卡 转换数据
2021-10-07 11:46:15 采集卡 转换AD
2021-10-07 11:46:15 采集卡 修改点
2021-10-07 11:46:15 采集卡 GAMMA
2021-10-07 11:46:15 采集卡 生成图片数组
2021-10-07 11:46:26 采集卡 开始采集图片
2021-10-07 11:46:26 采集卡 启动采集
2021-10-07 11:46:27 采集卡 采集完成
2021-10-07 11:46:27 采集卡 转换数据
2021-10-07 11:46:27 采集卡 转换AD
2021-10-07 11:46:27 采集卡 修改点
2021-10-07 11:46:27 采集卡 GAMMA
2021-10-07 11:46:27 采集卡 生成图片数组
2021-10-07 11:47:01 采集卡 开始采集图片
2021-10-07 11:47:01 采集卡 启动采集
2021-10-07 11:47:03 采集卡 采集完成
2021-10-07 11:47:03 采集卡 转换数据
2021-10-07 11:47:03 采集卡 转换AD
2021-10-07 11:47:03 采集卡 修改点
2021-10-07 11:47:03 采集卡 GAMMA
2021-10-07 11:47:03 采集卡 生成图片数组
2021-10-07 11:47:39 采集卡 开始采集图片
2021-10-07 11:47:39 采集卡 启动采集
2021-10-07 11:47:40 采集卡 采集完成
2021-10-07 11:47:40 采集卡 转换数据
2021-10-07 11:47:40 采集卡 转换AD
2021-10-07 11:47:40 采集卡 修改点
2021-10-07 11:47:40 采集卡 GAMMA
2021-10-07 11:47:40 采集卡 生成图片数组
2021-10-07 11:47:42 采集卡 开始采集图片
2021-10-07 11:47:42 采集卡 启动采集
2021-10-07 11:47:43 采集卡 停止采集
2021-10-07 11:47:43 采集卡 转换数据
2021-10-07 11:47:44 采集卡 转换AD
2021-10-07 11:47:44 采集卡 修改点
2021-10-07 11:47:44 采集卡 GAMMA
2021-10-07 11:47:44 采集卡 生成图片数组
2021-10-07 11:47:46 采集卡 开始采集图片
2021-10-07 11:47:46 采集卡 启动采集
2021-10-07 11:47:47 采集卡 停止采集
2021-10-07 11:47:47 采集卡 转换数据
2021-10-07 11:47:47 采集卡 转换AD
2021-10-07 11:47:47 采集卡 修改点
2021-10-07 11:47:47 采集卡 GAMMA
2021-10-07 11:47:47 采集卡 生成图片数组
2021-10-07 11:48:25 采集卡 开始采集图片
2021-10-07 11:48:25 采集卡 启动采集
2021-10-07 11:48:26 采集卡 停止采集
2021-10-07 11:48:26 采集卡 转换数据
2021-10-07 11:48:26 采集卡 转换AD
2021-10-07 11:48:26 采集卡 修改点
2021-10-07 11:48:26 采集卡 GAMMA
2021-10-07 11:48:26 采集卡 生成图片数组
2021-10-07 11:49:38 采集卡 开始采集图片
2021-10-07 11:49:38 采集卡 启动采集
2021-10-07 11:49:39 采集卡 停止采集
2021-10-07 11:49:39 采集卡 转换数据
2021-10-07 11:49:39 采集卡 转换AD
2021-10-07 11:49:39 采集卡 修改点
2021-10-07 11:49:39 采集卡 GAMMA
2021-10-07 11:49:39 采集卡 生成图片数组
2021-10-07 11:49:41 采集卡 开始采集图片
2021-10-07 11:49:41 采集卡 启动采集
2021-10-07 11:49:43 采集卡 采集完成
2021-10-07 11:49:43 采集卡 转换数据
2021-10-07 11:49:43 采集卡 转换AD
2021-10-07 11:49:43 采集卡 修改点
2021-10-07 11:49:43 采集卡 GAMMA
2021-10-07 11:49:43 采集卡 生成图片数组
2021-10-07 11:49:45 采集卡 开始采集图片
2021-10-07 11:49:45 采集卡 启动采集
2021-10-07 11:49:46 采集卡 停止采集
2021-10-07 11:49:46 采集卡 转换数据
2021-10-07 11:49:46 采集卡 转换AD
2021-10-07 11:49:46 采集卡 修改点
2021-10-07 11:49:46 采集卡 GAMMA
2021-10-07 11:49:46 采集卡 生成图片数组
2021-10-07 12:09:18 采集卡 开始采集图片
2021-10-07 12:09:19 采集卡 启动采集
2021-10-07 12:09:20 采集卡 采集完成
2021-10-07 12:09:20 采集卡 转换数据
2021-10-07 12:09:20 采集卡 转换AD
2021-10-07 12:09:20 采集卡 修改点
2021-10-07 12:09:20 采集卡 GAMMA
2021-10-07 12:09:20 采集卡 生成图片数组
2021-10-07 12:37:29 采集卡 开始采集图片
2021-10-07 12:37:29 采集卡 启动采集
2021-10-07 12:37:31 采集卡 采集完成
2021-10-07 12:37:31 采集卡 转换数据
2021-10-07 12:37:31 采集卡 转换AD
2021-10-07 12:37:31 采集卡 修改点
2021-10-07 12:37:31 采集卡 GAMMA
2021-10-07 12:37:31 采集卡 生成图片数组
2021-10-07 12:37:42 采集卡 开始采集图片
2021-10-07 12:37:42 采集卡 启动采集
2021-10-07 12:37:44 采集卡 停止采集
2021-10-07 12:37:44 采集卡 转换数据
2021-10-07 12:37:44 采集卡 转换AD
2021-10-07 12:37:44 采集卡 修改点
2021-10-07 12:37:44 采集卡 GAMMA
2021-10-07 12:37:44 采集卡 生成图片数组
2021-10-07 12:40:30 采集卡 开始采集图片
2021-10-07 12:40:30 采集卡 启动采集
2021-10-07 12:40:32 采集卡 停止采集
2021-10-07 12:40:32 采集卡 转换数据
2021-10-07 12:40:32 采集卡 转换AD
2021-10-07 12:40:32 采集卡 修改点
2021-10-07 12:40:32 采集卡 GAMMA
2021-10-07 12:40:32 采集卡 生成图片数组
2021-10-07 17:53:55 采集卡 开始采集图片
2021-10-07 17:53:55 采集卡 启动采集
2021-10-07 17:53:57 采集卡 停止采集
2021-10-07 17:53:57 采集卡 转换数据
2021-10-07 17:53:57 采集卡 转换AD
2021-10-07 17:53:57 采集卡 修改点
2021-10-07 17:53:57 采集卡 GAMMA
2021-10-07 17:53:57 采集卡 生成图片数组
2021-10-07 17:54:01 采集卡 开始采集图片
2021-10-07 17:54:01 采集卡 启动采集
2021-10-07 17:54:03 采集卡 采集完成
2021-10-07 17:54:03 采集卡 转换数据
2021-10-07 17:54:03 采集卡 转换AD
2021-10-07 17:54:03 采集卡 修改点
2021-10-07 17:54:03 采集卡 GAMMA
2021-10-07 17:54:03 采集卡 生成图片数组
2021-10-07 17:54:20 采集卡 开始采集图片
2021-10-07 17:54:20 采集卡 启动采集
2021-10-07 17:54:22 采集卡 停止采集
2021-10-07 17:54:22 采集卡 采集完成
2021-10-07 17:54:22 采集卡 转换数据
2021-10-07 17:54:22 采集卡 转换AD
2021-10-07 17:54:22 采集卡 修改点
2021-10-07 17:54:22 采集卡 GAMMA
2021-10-07 17:54:22 采集卡 生成图片数组
2021-10-07 17:54:34 高压电源 192.168.127.252关闭高压
