2021-09-09 16:52:27 采集卡 开始采集本底
2021-09-09 16:52:27 采集卡 启动采集
2021-09-09 16:52:33 采集卡 开始采集本底
2021-09-09 16:52:33 采集卡 启动采集
2021-09-09 16:52:34 采集卡 采集完成
2021-09-09 16:52:34 采集卡 转换数据
2021-09-09 16:52:51 采集卡 开始采集满度
2021-09-09 16:52:51 采集卡 启动采集
2021-09-09 16:52:52 采集卡 采集完成
2021-09-09 16:52:52 采集卡 转换数据
2021-09-09 16:52:53 采集卡 开始采集图片
2021-09-09 16:52:53 采集卡 启动采集
2021-09-09 16:52:54 采集卡 停止采集
2021-09-09 16:52:54 采集卡 转换数据
2021-09-09 16:52:54 采集卡 转换AD
2021-09-09 16:52:54 采集卡 修改点
2021-09-09 16:52:54 采集卡 GAMMA
2021-09-09 16:52:54 采集卡 生成图片数组
2021-09-09 16:53:13 采集卡 开始采集图片
2021-09-09 16:53:13 采集卡 启动采集
2021-09-09 16:53:14 采集卡 停止采集
2021-09-09 16:53:14 采集卡 转换数据
2021-09-09 16:53:14 采集卡 转换AD
2021-09-09 16:53:14 采集卡 修改点
2021-09-09 16:53:14 采集卡 GAMMA
2021-09-09 16:53:14 采集卡 生成图片数组
2021-09-09 16:54:00 采集卡 开始采集图片
2021-09-09 16:54:00 采集卡 启动采集
2021-09-09 16:54:01 采集卡 停止采集
2021-09-09 16:54:01 采集卡 转换数据
2021-09-09 16:54:01 采集卡 转换AD
2021-09-09 16:54:01 采集卡 修改点
2021-09-09 16:54:01 采集卡 GAMMA
2021-09-09 16:54:01 采集卡 生成图片数组
2021-09-09 16:54:38 采集卡 开始采集图片
2021-09-09 16:54:38 采集卡 启动采集
2021-09-09 16:54:39 采集卡 采集完成
2021-09-09 16:54:39 采集卡 转换数据
2021-09-09 16:54:39 采集卡 转换AD
2021-09-09 16:54:39 采集卡 修改点
2021-09-09 16:54:39 采集卡 GAMMA
2021-09-09 16:54:39 采集卡 生成图片数组
2021-09-09 16:55:24 采集卡 开始采集图片
2021-09-09 16:55:24 采集卡 启动采集
2021-09-09 16:55:25 采集卡 停止采集
2021-09-09 16:55:25 采集卡 转换数据
2021-09-09 16:55:25 采集卡 转换AD
2021-09-09 16:55:25 采集卡 修改点
2021-09-09 16:55:25 采集卡 GAMMA
2021-09-09 16:55:25 采集卡 生成图片数组
2021-09-09 16:55:27 采集卡 开始采集图片
2021-09-09 16:55:27 采集卡 启动采集
2021-09-09 16:55:28 采集卡 采集完成
2021-09-09 16:55:28 采集卡 转换数据
2021-09-09 16:55:28 采集卡 转换AD
2021-09-09 16:55:28 采集卡 修改点
2021-09-09 16:55:28 采集卡 GAMMA
2021-09-09 16:55:28 采集卡 生成图片数组
2021-09-09 16:55:38 高压电源 192.168.127.252关闭高压
