2021-10-05 15:08:33 采集卡 开始采集本底
2021-10-05 15:08:33 采集卡 启动采集
2021-10-05 15:08:36 采集卡 采集完成
2021-10-05 15:08:36 采集卡 转换数据
2021-10-05 15:09:17 采集卡 开始采集满度
2021-10-05 15:09:17 采集卡 启动采集
2021-10-05 15:09:20 采集卡 采集完成
2021-10-05 15:09:20 采集卡 转换数据
2021-10-05 15:36:09 采集卡 开始采集图片
2021-10-05 15:36:10 采集卡 启动采集
2021-10-05 15:36:17 采集卡 停止采集
2021-10-05 15:36:17 采集卡 转换数据
2021-10-05 15:36:18 采集卡 转换AD
2021-10-05 15:36:18 采集卡 修改点
2021-10-05 15:36:18 采集卡 GAMMA
2021-10-05 15:36:18 采集卡 生成图片数组
2021-10-05 15:37:19 采集卡 开始采集图片
2021-10-05 15:37:21 采集卡 启动采集
2021-10-05 15:37:41 采集卡 采集完成
2021-10-05 15:37:43 采集卡 转换数据
2021-10-05 15:37:44 采集卡 转换AD
2021-10-05 15:37:44 采集卡 修改点
2021-10-05 15:37:44 采集卡 GAMMA
2021-10-05 15:37:44 采集卡 生成图片数组
2021-10-05 15:41:24 采集卡 开始采集图片
2021-10-05 15:41:24 采集卡 启动采集
2021-10-05 15:41:25 采集卡 采集完成
2021-10-05 15:41:25 采集卡 转换数据
2021-10-05 15:41:25 采集卡 转换AD
2021-10-05 15:41:25 采集卡 修改点
2021-10-05 15:41:25 采集卡 GAMMA
2021-10-05 15:41:25 采集卡 生成图片数组
2021-10-05 15:41:48 采集卡 开始采集图片
2021-10-05 15:41:48 采集卡 启动采集
2021-10-05 15:41:49 采集卡 停止采集
2021-10-05 15:41:49 采集卡 转换数据
2021-10-05 15:41:49 采集卡 转换AD
2021-10-05 15:41:49 采集卡 修改点
2021-10-05 15:41:49 采集卡 GAMMA
2021-10-05 15:41:49 采集卡 生成图片数组
2021-10-05 15:41:50 采集卡 开始采集图片
2021-10-05 15:41:50 采集卡 启动采集
2021-10-05 15:41:51 采集卡 采集完成
2021-10-05 15:41:51 采集卡 转换数据
2021-10-05 15:41:51 采集卡 转换AD
2021-10-05 15:41:51 采集卡 修改点
2021-10-05 15:41:51 采集卡 GAMMA
2021-10-05 15:41:51 采集卡 生成图片数组
2021-10-05 15:41:53 采集卡 开始采集图片
2021-10-05 15:41:53 采集卡 启动采集
2021-10-05 15:41:55 采集卡 采集完成
2021-10-05 15:41:55 采集卡 转换数据
2021-10-05 15:41:55 采集卡 转换AD
2021-10-05 15:41:55 采集卡 修改点
2021-10-05 15:41:55 采集卡 GAMMA
2021-10-05 15:41:55 采集卡 生成图片数组
2021-10-05 15:41:55 采集卡 停止采集
2021-10-05 15:45:29 采集卡 开始采集图片
2021-10-05 15:45:29 采集卡 启动采集
2021-10-05 15:45:31 采集卡 采集完成
2021-10-05 15:45:31 采集卡 转换数据
2021-10-05 15:45:31 采集卡 转换AD
2021-10-05 15:45:31 采集卡 修改点
2021-10-05 15:45:31 采集卡 GAMMA
2021-10-05 15:45:31 采集卡 生成图片数组
2021-10-05 15:45:34 采集卡 开始采集图片
2021-10-05 15:45:34 采集卡 启动采集
2021-10-05 15:45:36 采集卡 采集完成
2021-10-05 15:45:36 采集卡 转换数据
2021-10-05 15:45:36 采集卡 转换AD
2021-10-05 15:45:36 采集卡 修改点
2021-10-05 15:45:36 采集卡 GAMMA
2021-10-05 15:45:36 采集卡 生成图片数组
2021-10-05 15:45:40 采集卡 开始采集图片
2021-10-05 15:45:40 采集卡 启动采集
2021-10-05 15:45:43 采集卡 采集完成
2021-10-05 15:45:43 采集卡 转换数据
2021-10-05 15:45:43 采集卡 转换AD
2021-10-05 15:45:43 采集卡 修改点
2021-10-05 15:45:43 采集卡 GAMMA
2021-10-05 15:45:43 采集卡 生成图片数组
2021-10-05 15:50:59 采集卡 开始采集图片
2021-10-05 15:50:59 采集卡 启动采集
2021-10-05 15:51:02 采集卡 采集完成
2021-10-05 15:51:02 采集卡 转换数据
2021-10-05 15:51:02 采集卡 转换AD
2021-10-05 15:51:02 采集卡 修改点
2021-10-05 15:51:02 采集卡 GAMMA
2021-10-05 15:51:02 采集卡 生成图片数组
2021-10-05 15:51:10 采集卡 开始采集图片
2021-10-05 15:51:10 采集卡 启动采集
2021-10-05 15:51:11 采集卡 采集完成
2021-10-05 15:51:11 采集卡 转换数据
2021-10-05 15:51:11 采集卡 转换AD
2021-10-05 15:51:11 采集卡 修改点
2021-10-05 15:51:11 采集卡 GAMMA
2021-10-05 15:51:11 采集卡 生成图片数组
2021-10-05 15:51:17 采集卡 开始采集图片
2021-10-05 15:51:17 采集卡 启动采集
2021-10-05 15:51:18 采集卡 停止采集
2021-10-05 15:51:18 采集卡 转换数据
2021-10-05 15:51:18 采集卡 转换AD
2021-10-05 15:51:18 采集卡 修改点
2021-10-05 15:51:18 采集卡 GAMMA
2021-10-05 15:51:18 采集卡 生成图片数组
2021-10-05 15:51:19 采集卡 开始采集图片
2021-10-05 15:51:19 采集卡 启动采集
2021-10-05 15:51:20 采集卡 停止采集
2021-10-05 15:51:20 采集卡 采集完成
2021-10-05 15:51:20 采集卡 转换数据
2021-10-05 15:51:20 采集卡 转换AD
2021-10-05 15:51:20 采集卡 修改点
2021-10-05 15:51:20 采集卡 GAMMA
2021-10-05 15:51:20 采集卡 生成图片数组
2021-10-05 15:51:21 采集卡 开始采集图片
2021-10-05 15:51:21 采集卡 启动采集
2021-10-05 15:51:21 采集卡 停止采集
2021-10-05 15:51:21 采集卡 转换数据
2021-10-05 15:51:21 采集卡 转换AD
2021-10-05 15:51:21 采集卡 修改点
2021-10-05 15:51:21 采集卡 GAMMA
2021-10-05 15:51:21 采集卡 生成图片数组
2021-10-05 15:51:22 采集卡 开始采集图片
2021-10-05 15:51:22 采集卡 启动采集
2021-10-05 15:51:23 采集卡 停止采集
2021-10-05 15:51:23 采集卡 转换数据
2021-10-05 15:51:23 采集卡 转换AD
2021-10-05 15:51:23 采集卡 修改点
2021-10-05 15:51:23 采集卡 GAMMA
2021-10-05 15:51:23 采集卡 生成图片数组
2021-10-05 15:51:34 采集卡 开始采集图片
2021-10-05 15:51:34 采集卡 启动采集
2021-10-05 15:51:35 采集卡 采集完成
2021-10-05 15:51:35 采集卡 转换数据
2021-10-05 15:51:35 采集卡 转换AD
2021-10-05 15:51:35 采集卡 修改点
2021-10-05 15:51:35 采集卡 GAMMA
2021-10-05 15:51:35 采集卡 生成图片数组
2021-10-05 15:51:37 采集卡 开始采集图片
2021-10-05 15:51:37 采集卡 启动采集
2021-10-05 15:51:37 采集卡 采集完成
2021-10-05 15:51:37 采集卡 转换数据
2021-10-05 15:51:37 采集卡 转换AD
2021-10-05 15:51:37 采集卡 修改点
2021-10-05 15:51:37 采集卡 GAMMA
2021-10-05 15:51:37 采集卡 生成图片数组
2021-10-05 15:51:39 采集卡 开始采集图片
2021-10-05 15:51:39 采集卡 启动采集
2021-10-05 15:51:39 采集卡 采集完成
2021-10-05 15:51:39 采集卡 转换数据
2021-10-05 15:51:39 采集卡 转换AD
2021-10-05 15:51:39 采集卡 修改点
2021-10-05 15:51:39 采集卡 GAMMA
2021-10-05 15:51:39 采集卡 生成图片数组
2021-10-05 15:51:41 采集卡 开始采集图片
2021-10-05 15:51:41 采集卡 启动采集
2021-10-05 15:51:41 采集卡 停止采集
2021-10-05 15:51:41 采集卡 转换数据
2021-10-05 15:51:41 采集卡 转换AD
2021-10-05 15:51:41 采集卡 修改点
2021-10-05 15:51:41 采集卡 GAMMA
2021-10-05 15:51:41 采集卡 生成图片数组
2021-10-05 15:51:42 采集卡 开始采集图片
2021-10-05 15:51:42 采集卡 启动采集
2021-10-05 15:51:44 采集卡 停止采集
2021-10-05 15:51:44 采集卡 转换数据
2021-10-05 15:51:44 采集卡 转换AD
2021-10-05 15:51:44 采集卡 修改点
2021-10-05 15:51:44 采集卡 GAMMA
2021-10-05 15:51:44 采集卡 生成图片数组
2021-10-05 15:51:53 采集卡 开始采集图片
2021-10-05 15:51:53 采集卡 启动采集
2021-10-05 15:51:54 采集卡 停止采集
2021-10-05 15:51:54 采集卡 采集完成
2021-10-05 15:51:54 采集卡 转换数据
2021-10-05 15:51:54 采集卡 转换AD
2021-10-05 15:51:54 采集卡 修改点
2021-10-05 15:51:54 采集卡 GAMMA
2021-10-05 15:51:54 采集卡 生成图片数组
2021-10-05 15:51:56 采集卡 开始采集图片
2021-10-05 15:51:56 采集卡 启动采集
2021-10-05 15:51:57 采集卡 停止采集
2021-10-05 15:51:57 采集卡 转换数据
2021-10-05 15:51:57 采集卡 转换AD
2021-10-05 15:51:57 采集卡 修改点
2021-10-05 15:51:57 采集卡 GAMMA
2021-10-05 15:51:57 采集卡 生成图片数组
2021-10-05 15:51:58 采集卡 开始采集图片
2021-10-05 15:51:58 采集卡 启动采集
2021-10-05 15:52:00 采集卡 停止采集
2021-10-05 15:52:00 采集卡 采集完成
2021-10-05 15:52:00 采集卡 转换数据
2021-10-05 15:52:00 采集卡 转换AD
2021-10-05 15:52:00 采集卡 修改点
2021-10-05 15:52:00 采集卡 GAMMA
2021-10-05 15:52:00 采集卡 生成图片数组
2021-10-05 15:52:02 采集卡 开始采集图片
2021-10-05 15:52:02 采集卡 启动采集
2021-10-05 15:52:02 采集卡 采集完成
2021-10-05 15:52:02 采集卡 转换数据
2021-10-05 15:52:02 采集卡 转换AD
2021-10-05 15:52:02 采集卡 修改点
2021-10-05 15:52:02 采集卡 GAMMA
2021-10-05 15:52:02 采集卡 生成图片数组
2021-10-05 15:53:22 采集卡 开始采集图片
2021-10-05 15:53:22 采集卡 启动采集
2021-10-05 15:53:23 采集卡 采集完成
2021-10-05 15:53:23 采集卡 转换数据
2021-10-05 15:53:23 采集卡 转换AD
2021-10-05 15:53:23 采集卡 修改点
2021-10-05 15:53:23 采集卡 GAMMA
2021-10-05 15:53:23 采集卡 生成图片数组
2021-10-05 15:53:34 采集卡 开始采集图片
2021-10-05 15:53:34 采集卡 启动采集
2021-10-05 15:53:34 采集卡 采集完成
2021-10-05 15:53:34 采集卡 转换数据
2021-10-05 15:53:34 采集卡 转换AD
2021-10-05 15:53:34 采集卡 修改点
2021-10-05 15:53:34 采集卡 GAMMA
2021-10-05 15:53:34 采集卡 生成图片数组
2021-10-05 15:53:43 采集卡 开始采集图片
2021-10-05 15:53:43 采集卡 启动采集
2021-10-05 15:53:44 采集卡 停止采集
2021-10-05 15:53:44 采集卡 转换数据
2021-10-05 15:53:44 采集卡 转换AD
2021-10-05 15:53:44 采集卡 修改点
2021-10-05 15:53:44 采集卡 GAMMA
2021-10-05 15:53:44 采集卡 生成图片数组
2021-10-05 15:53:45 采集卡 开始采集图片
2021-10-05 15:53:45 采集卡 启动采集
2021-10-05 15:53:46 采集卡 采集完成
2021-10-05 15:53:46 采集卡 转换数据
2021-10-05 15:53:46 采集卡 转换AD
2021-10-05 15:53:46 采集卡 修改点
2021-10-05 15:53:46 采集卡 GAMMA
2021-10-05 15:53:46 采集卡 生成图片数组
2021-10-05 15:53:47 采集卡 开始采集图片
2021-10-05 15:53:47 采集卡 启动采集
2021-10-05 15:53:49 采集卡 采集完成
2021-10-05 15:53:49 采集卡 转换数据
2021-10-05 15:53:49 采集卡 转换AD
2021-10-05 15:53:49 采集卡 修改点
2021-10-05 15:53:49 采集卡 GAMMA
2021-10-05 15:53:49 采集卡 生成图片数组
2021-10-05 15:53:52 采集卡 开始采集图片
2021-10-05 15:53:52 采集卡 启动采集
2021-10-05 15:53:55 采集卡 停止采集
2021-10-05 15:53:55 采集卡 转换数据
2021-10-05 15:53:55 采集卡 转换AD
2021-10-05 15:53:55 采集卡 修改点
2021-10-05 15:53:55 采集卡 GAMMA
2021-10-05 15:53:55 采集卡 生成图片数组
2021-10-05 15:54:02 采集卡 开始采集图片
2021-10-05 15:54:02 采集卡 启动采集
2021-10-05 15:54:04 采集卡 采集完成
2021-10-05 15:54:04 采集卡 转换数据
2021-10-05 15:54:04 采集卡 转换AD
2021-10-05 15:54:04 采集卡 修改点
2021-10-05 15:54:04 采集卡 GAMMA
2021-10-05 15:54:04 采集卡 生成图片数组
2021-10-05 15:54:06 采集卡 开始采集图片
2021-10-05 15:54:06 采集卡 启动采集
2021-10-05 15:54:07 采集卡 采集完成
2021-10-05 15:54:07 采集卡 转换数据
2021-10-05 15:54:07 采集卡 转换AD
2021-10-05 15:54:07 采集卡 修改点
2021-10-05 15:54:07 采集卡 GAMMA
2021-10-05 15:54:07 采集卡 生成图片数组
2021-10-05 15:54:09 采集卡 开始采集图片
2021-10-05 15:54:09 采集卡 启动采集
2021-10-05 15:54:10 采集卡 采集完成
2021-10-05 15:54:10 采集卡 转换数据
2021-10-05 15:54:10 采集卡 转换AD
2021-10-05 15:54:10 采集卡 修改点
2021-10-05 15:54:10 采集卡 GAMMA
2021-10-05 15:54:10 采集卡 生成图片数组
2021-10-05 15:54:11 采集卡 开始采集图片
2021-10-05 15:54:11 采集卡 启动采集
2021-10-05 15:54:13 采集卡 采集完成
2021-10-05 15:54:13 采集卡 转换数据
2021-10-05 15:54:13 采集卡 转换AD
2021-10-05 15:54:13 采集卡 修改点
2021-10-05 15:54:13 采集卡 GAMMA
2021-10-05 15:54:13 采集卡 生成图片数组
2021-10-05 15:54:14 采集卡 开始采集图片
2021-10-05 15:54:14 采集卡 启动采集
2021-10-05 15:54:15 采集卡 停止采集
2021-10-05 15:54:15 采集卡 转换数据
2021-10-05 15:54:15 采集卡 转换AD
2021-10-05 15:54:15 采集卡 修改点
2021-10-05 15:54:15 采集卡 GAMMA
2021-10-05 15:54:15 采集卡 生成图片数组
2021-10-05 15:54:17 采集卡 开始采集图片
2021-10-05 15:54:17 采集卡 启动采集
2021-10-05 15:54:18 采集卡 采集完成
2021-10-05 15:54:18 采集卡 转换数据
2021-10-05 15:54:18 采集卡 转换AD
2021-10-05 15:54:18 采集卡 修改点
2021-10-05 15:54:18 采集卡 GAMMA
2021-10-05 15:54:18 采集卡 生成图片数组
2021-10-05 15:54:19 采集卡 开始采集图片
2021-10-05 15:54:19 采集卡 启动采集
2021-10-05 15:54:22 采集卡 采集完成
2021-10-05 15:54:22 采集卡 转换数据
2021-10-05 15:54:22 采集卡 转换AD
2021-10-05 15:54:22 采集卡 修改点
2021-10-05 15:54:22 采集卡 GAMMA
2021-10-05 15:54:22 采集卡 生成图片数组
2021-10-05 15:54:23 采集卡 开始采集图片
2021-10-05 15:54:23 采集卡 启动采集
2021-10-05 15:54:25 采集卡 采集完成
2021-10-05 15:54:25 采集卡 转换数据
2021-10-05 15:54:25 采集卡 转换AD
2021-10-05 15:54:25 采集卡 修改点
2021-10-05 15:54:25 采集卡 GAMMA
2021-10-05 15:54:25 采集卡 生成图片数组
2021-10-05 15:54:27 采集卡 开始采集图片
2021-10-05 15:54:27 采集卡 启动采集
2021-10-05 15:54:29 采集卡 停止采集
2021-10-05 15:54:29 采集卡 转换数据
2021-10-05 15:54:29 采集卡 转换AD
2021-10-05 15:54:29 采集卡 修改点
2021-10-05 15:54:29 采集卡 GAMMA
2021-10-05 15:54:29 采集卡 生成图片数组
2021-10-05 15:54:30 采集卡 开始采集图片
2021-10-05 15:54:30 采集卡 启动采集
2021-10-05 15:54:32 采集卡 采集完成
2021-10-05 15:54:32 采集卡 转换数据
2021-10-05 15:54:32 采集卡 转换AD
2021-10-05 15:54:32 采集卡 修改点
2021-10-05 15:54:32 采集卡 GAMMA
2021-10-05 15:54:32 采集卡 生成图片数组
2021-10-05 15:54:33 采集卡 开始采集图片
2021-10-05 15:54:33 采集卡 启动采集
2021-10-05 15:54:35 采集卡 采集完成
2021-10-05 15:54:35 采集卡 转换数据
2021-10-05 15:54:35 采集卡 转换AD
2021-10-05 15:54:35 采集卡 修改点
2021-10-05 15:54:35 采集卡 GAMMA
2021-10-05 15:54:35 采集卡 生成图片数组
2021-10-05 15:55:14 采集卡 开始采集图片
2021-10-05 15:55:14 采集卡 启动采集
2021-10-05 15:55:18 采集卡 采集完成
2021-10-05 15:55:18 采集卡 转换数据
2021-10-05 15:55:18 采集卡 转换AD
2021-10-05 15:55:18 采集卡 修改点
2021-10-05 15:55:18 采集卡 GAMMA
2021-10-05 15:55:18 采集卡 生成图片数组
2021-10-05 15:55:24 采集卡 开始采集图片
2021-10-05 15:55:24 采集卡 启动采集
2021-10-05 15:55:25 采集卡 采集完成
2021-10-05 15:55:25 采集卡 转换数据
2021-10-05 15:55:25 采集卡 转换AD
2021-10-05 15:55:25 采集卡 修改点
2021-10-05 15:55:25 采集卡 GAMMA
2021-10-05 15:55:25 采集卡 生成图片数组
2021-10-05 15:56:17 采集卡 开始采集图片
2021-10-05 15:56:17 采集卡 启动采集
2021-10-05 15:56:18 采集卡 采集完成
2021-10-05 15:56:18 采集卡 转换数据
2021-10-05 15:56:18 采集卡 转换AD
2021-10-05 15:56:18 采集卡 修改点
2021-10-05 15:56:18 采集卡 GAMMA
2021-10-05 15:56:18 采集卡 生成图片数组
2021-10-05 15:58:43 采集卡 开始采集图片
2021-10-05 15:58:43 采集卡 启动采集
2021-10-05 15:58:43 采集卡 停止采集
2021-10-05 15:58:43 采集卡 转换数据
2021-10-05 15:58:43 采集卡 转换AD
2021-10-05 15:58:43 采集卡 修改点
2021-10-05 15:58:43 采集卡 GAMMA
2021-10-05 15:58:43 采集卡 生成图片数组
2021-10-05 16:00:31 采集卡 开始采集图片
2021-10-05 16:00:31 采集卡 启动采集
2021-10-05 16:00:32 采集卡 停止采集
2021-10-05 16:00:32 采集卡 转换数据
2021-10-05 16:00:32 采集卡 转换AD
2021-10-05 16:00:32 采集卡 修改点
2021-10-05 16:00:32 采集卡 GAMMA
2021-10-05 16:00:32 采集卡 生成图片数组
2021-10-05 16:01:21 采集卡 开始采集图片
2021-10-05 16:01:21 采集卡 启动采集
2021-10-05 16:01:22 采集卡 采集完成
2021-10-05 16:01:22 采集卡 转换数据
2021-10-05 16:01:22 采集卡 转换AD
2021-10-05 16:01:22 采集卡 修改点
2021-10-05 16:01:22 采集卡 GAMMA
2021-10-05 16:01:23 采集卡 生成图片数组
2021-10-05 16:03:06 采集卡 开始采集图片
2021-10-05 16:03:06 采集卡 启动采集
2021-10-05 16:03:07 采集卡 停止采集
2021-10-05 16:03:07 采集卡 转换数据
2021-10-05 16:03:07 采集卡 转换AD
2021-10-05 16:03:07 采集卡 修改点
2021-10-05 16:03:07 采集卡 GAMMA
2021-10-05 16:03:07 采集卡 生成图片数组
2021-10-05 16:04:01 采集卡 开始采集图片
2021-10-05 16:04:01 采集卡 启动采集
2021-10-05 16:04:02 采集卡 停止采集
2021-10-05 16:04:02 采集卡 转换数据
2021-10-05 16:04:02 采集卡 转换AD
2021-10-05 16:04:02 采集卡 修改点
2021-10-05 16:04:02 采集卡 GAMMA
2021-10-05 16:04:02 采集卡 生成图片数组
2021-10-05 16:05:06 采集卡 开始采集图片
2021-10-05 16:05:06 采集卡 启动采集
2021-10-05 16:05:07 采集卡 采集完成
2021-10-05 16:05:07 采集卡 转换数据
2021-10-05 16:05:07 采集卡 转换AD
2021-10-05 16:05:07 采集卡 修改点
2021-10-05 16:05:07 采集卡 GAMMA
2021-10-05 16:05:07 采集卡 生成图片数组
2021-10-05 16:05:18 采集卡 开始采集图片
2021-10-05 16:05:18 采集卡 启动采集
2021-10-05 16:05:19 采集卡 停止采集
2021-10-05 16:05:19 采集卡 转换数据
2021-10-05 16:05:19 采集卡 转换AD
2021-10-05 16:05:19 采集卡 修改点
2021-10-05 16:05:19 采集卡 GAMMA
2021-10-05 16:05:19 采集卡 生成图片数组
2021-10-05 16:05:20 采集卡 开始采集图片
2021-10-05 16:05:20 采集卡 启动采集
2021-10-05 16:05:22 采集卡 停止采集
2021-10-05 16:05:22 采集卡 转换数据
2021-10-05 16:05:22 采集卡 转换AD
2021-10-05 16:05:22 采集卡 修改点
2021-10-05 16:05:22 采集卡 GAMMA
2021-10-05 16:05:22 采集卡 生成图片数组
2021-10-05 16:05:23 采集卡 开始采集图片
2021-10-05 16:05:23 采集卡 启动采集
2021-10-05 16:05:24 采集卡 停止采集
2021-10-05 16:05:24 采集卡 转换数据
2021-10-05 16:05:24 采集卡 转换AD
2021-10-05 16:05:24 采集卡 修改点
2021-10-05 16:05:24 采集卡 GAMMA
2021-10-05 16:05:24 采集卡 生成图片数组
2021-10-05 16:05:25 采集卡 开始采集图片
2021-10-05 16:05:25 采集卡 启动采集
2021-10-05 16:05:27 采集卡 停止采集
2021-10-05 16:05:27 采集卡 转换数据
2021-10-05 16:05:27 采集卡 转换AD
2021-10-05 16:05:27 采集卡 修改点
2021-10-05 16:05:27 采集卡 GAMMA
2021-10-05 16:05:27 采集卡 生成图片数组
2021-10-05 16:05:43 采集卡 开始采集图片
2021-10-05 16:05:43 采集卡 启动采集
2021-10-05 16:05:44 采集卡 停止采集
2021-10-05 16:05:44 采集卡 转换数据
2021-10-05 16:05:44 采集卡 转换AD
2021-10-05 16:05:44 采集卡 修改点
2021-10-05 16:05:44 采集卡 GAMMA
2021-10-05 16:05:44 采集卡 生成图片数组
2021-10-05 16:05:46 采集卡 开始采集图片
2021-10-05 16:05:46 采集卡 启动采集
2021-10-05 16:05:47 采集卡 采集完成
2021-10-05 16:05:47 采集卡 转换数据
2021-10-05 16:05:47 采集卡 转换AD
2021-10-05 16:05:47 采集卡 修改点
2021-10-05 16:05:47 采集卡 GAMMA
2021-10-05 16:05:47 采集卡 生成图片数组
2021-10-05 16:05:48 采集卡 开始采集图片
2021-10-05 16:05:48 采集卡 启动采集
2021-10-05 16:05:49 采集卡 停止采集
2021-10-05 16:05:49 采集卡 转换数据
2021-10-05 16:05:49 采集卡 转换AD
2021-10-05 16:05:49 采集卡 修改点
2021-10-05 16:05:49 采集卡 GAMMA
2021-10-05 16:05:49 采集卡 生成图片数组
2021-10-05 16:05:52 采集卡 开始采集图片
2021-10-05 16:05:52 采集卡 启动采集
2021-10-05 16:05:54 采集卡 停止采集
2021-10-05 16:05:54 采集卡 转换数据
2021-10-05 16:05:54 采集卡 转换AD
2021-10-05 16:05:54 采集卡 修改点
2021-10-05 16:05:54 采集卡 GAMMA
2021-10-05 16:05:54 采集卡 生成图片数组
2021-10-05 16:06:19 采集卡 开始采集图片
2021-10-05 16:06:19 采集卡 启动采集
2021-10-05 16:06:21 采集卡 采集完成
2021-10-05 16:06:21 采集卡 转换数据
2021-10-05 16:06:21 采集卡 转换AD
2021-10-05 16:06:21 采集卡 修改点
2021-10-05 16:06:21 采集卡 GAMMA
2021-10-05 16:06:21 采集卡 生成图片数组
2021-10-05 16:06:24 采集卡 开始采集图片
2021-10-05 16:06:24 采集卡 启动采集
2021-10-05 16:06:29 采集卡 停止采集
2021-10-05 16:06:29 采集卡 转换数据
2021-10-05 16:06:29 采集卡 转换AD
2021-10-05 16:06:29 采集卡 修改点
2021-10-05 16:06:29 采集卡 GAMMA
2021-10-05 16:06:29 采集卡 生成图片数组
2021-10-05 16:08:10 采集卡 开始采集图片
2021-10-05 16:08:10 采集卡 启动采集
2021-10-05 16:08:11 采集卡 停止采集
2021-10-05 16:08:11 采集卡 转换数据
2021-10-05 16:08:11 采集卡 转换AD
2021-10-05 16:08:11 采集卡 修改点
2021-10-05 16:08:11 采集卡 GAMMA
2021-10-05 16:08:11 采集卡 生成图片数组
2021-10-05 16:08:57 采集卡 开始采集图片
2021-10-05 16:08:57 采集卡 启动采集
2021-10-05 16:08:58 采集卡 采集完成
2021-10-05 16:08:58 采集卡 转换数据
2021-10-05 16:08:58 采集卡 转换AD
2021-10-05 16:08:58 采集卡 修改点
2021-10-05 16:08:58 采集卡 GAMMA
2021-10-05 16:08:58 采集卡 生成图片数组
2021-10-05 16:10:44 采集卡 开始采集图片
2021-10-05 16:10:44 采集卡 启动采集
2021-10-05 16:10:45 采集卡 停止采集
2021-10-05 16:10:45 采集卡 转换数据
2021-10-05 16:10:45 采集卡 转换AD
2021-10-05 16:10:45 采集卡 修改点
2021-10-05 16:10:45 采集卡 GAMMA
2021-10-05 16:10:45 采集卡 生成图片数组
2021-10-05 16:10:51 采集卡 开始采集图片
2021-10-05 16:10:51 采集卡 启动采集
2021-10-05 16:10:52 采集卡 采集完成
2021-10-05 16:10:52 采集卡 转换数据
2021-10-05 16:10:52 采集卡 转换AD
2021-10-05 16:10:52 采集卡 修改点
2021-10-05 16:10:52 采集卡 GAMMA
2021-10-05 16:10:52 采集卡 生成图片数组
2021-10-05 16:13:08 采集卡 开始采集图片
2021-10-05 16:13:08 采集卡 启动采集
2021-10-05 16:13:09 采集卡 停止采集
2021-10-05 16:13:09 采集卡 转换数据
2021-10-05 16:13:09 采集卡 转换AD
2021-10-05 16:13:09 采集卡 修改点
2021-10-05 16:13:09 采集卡 GAMMA
2021-10-05 16:13:09 采集卡 生成图片数组
2021-10-05 16:14:30 采集卡 开始采集图片
2021-10-05 16:14:30 采集卡 启动采集
2021-10-05 16:14:31 采集卡 停止采集
2021-10-05 16:14:31 采集卡 转换数据
2021-10-05 16:14:31 采集卡 转换AD
2021-10-05 16:14:31 采集卡 修改点
2021-10-05 16:14:31 采集卡 GAMMA
2021-10-05 16:14:31 采集卡 生成图片数组
2021-10-05 16:15:16 采集卡 开始采集图片
2021-10-05 16:15:16 采集卡 启动采集
2021-10-05 16:15:17 采集卡 停止采集
2021-10-05 16:15:17 采集卡 转换数据
2021-10-05 16:15:17 采集卡 转换AD
2021-10-05 16:15:17 采集卡 修改点
2021-10-05 16:15:17 采集卡 GAMMA
2021-10-05 16:15:17 采集卡 生成图片数组
2021-10-05 16:15:58 采集卡 开始采集图片
2021-10-05 16:15:58 采集卡 启动采集
2021-10-05 16:15:59 采集卡 停止采集
2021-10-05 16:15:59 采集卡 转换数据
2021-10-05 16:15:59 采集卡 转换AD
2021-10-05 16:15:59 采集卡 修改点
2021-10-05 16:15:59 采集卡 GAMMA
2021-10-05 16:15:59 采集卡 生成图片数组
2021-10-05 16:16:44 采集卡 开始采集图片
2021-10-05 16:16:44 采集卡 启动采集
2021-10-05 16:16:44 采集卡 停止采集
2021-10-05 16:16:44 采集卡 转换数据
2021-10-05 16:16:44 采集卡 转换AD
2021-10-05 16:16:44 采集卡 修改点
2021-10-05 16:16:44 采集卡 GAMMA
2021-10-05 16:16:44 采集卡 生成图片数组
2021-10-05 16:18:23 采集卡 开始采集图片
2021-10-05 16:18:23 采集卡 启动采集
2021-10-05 16:18:23 采集卡 采集完成
2021-10-05 16:18:23 采集卡 转换数据
2021-10-05 16:18:23 采集卡 转换AD
2021-10-05 16:18:23 采集卡 修改点
2021-10-05 16:18:23 采集卡 GAMMA
2021-10-05 16:18:23 采集卡 生成图片数组
2021-10-05 17:14:47 采集卡 开始采集图片
2021-10-05 17:14:47 采集卡 启动采集
2021-10-05 17:14:49 采集卡 采集完成
2021-10-05 17:14:49 采集卡 转换数据
2021-10-05 17:14:49 采集卡 转换AD
2021-10-05 17:14:49 采集卡 修改点
2021-10-05 17:14:49 采集卡 GAMMA
2021-10-05 17:14:49 采集卡 生成图片数组
2021-10-05 17:16:00 采集卡 开始采集图片
2021-10-05 17:16:00 采集卡 启动采集
2021-10-05 17:16:01 采集卡 停止采集
2021-10-05 17:16:01 采集卡 转换数据
2021-10-05 17:16:01 采集卡 转换AD
2021-10-05 17:16:01 采集卡 修改点
2021-10-05 17:16:01 采集卡 GAMMA
2021-10-05 17:16:01 采集卡 生成图片数组
2021-10-05 17:17:19 采集卡 开始采集图片
2021-10-05 17:17:19 采集卡 启动采集
2021-10-05 17:17:20 采集卡 停止采集
2021-10-05 17:17:20 采集卡 转换数据
2021-10-05 17:17:20 采集卡 转换AD
2021-10-05 17:17:20 采集卡 修改点
2021-10-05 17:17:20 采集卡 GAMMA
2021-10-05 17:17:20 采集卡 生成图片数组
2021-10-05 17:17:31 采集卡 开始采集图片
2021-10-05 17:17:31 采集卡 启动采集
2021-10-05 17:17:33 采集卡 采集完成
2021-10-05 17:17:33 采集卡 转换数据
2021-10-05 17:17:34 采集卡 转换AD
2021-10-05 17:17:34 采集卡 修改点
2021-10-05 17:17:34 采集卡 GAMMA
2021-10-05 17:17:34 采集卡 生成图片数组
2021-10-05 17:17:47 采集卡 开始采集图片
2021-10-05 17:17:47 采集卡 启动采集
2021-10-05 17:17:48 采集卡 采集完成
2021-10-05 17:17:48 采集卡 转换数据
2021-10-05 17:17:48 采集卡 转换AD
2021-10-05 17:17:48 采集卡 修改点
2021-10-05 17:17:48 采集卡 GAMMA
2021-10-05 17:17:48 采集卡 生成图片数组
2021-10-05 17:18:11 采集卡 开始采集图片
2021-10-05 17:18:11 采集卡 启动采集
2021-10-05 17:18:13 采集卡 停止采集
2021-10-05 17:18:13 采集卡 转换数据
2021-10-05 17:18:13 采集卡 转换AD
2021-10-05 17:18:13 采集卡 修改点
2021-10-05 17:18:13 采集卡 GAMMA
2021-10-05 17:18:13 采集卡 生成图片数组
2021-10-05 17:18:31 采集卡 开始采集图片
2021-10-05 17:18:31 采集卡 启动采集
2021-10-05 17:18:33 采集卡 采集完成
2021-10-05 17:18:33 采集卡 转换数据
2021-10-05 17:18:33 采集卡 转换AD
2021-10-05 17:18:33 采集卡 修改点
2021-10-05 17:18:33 采集卡 GAMMA
2021-10-05 17:18:33 采集卡 生成图片数组
2021-10-05 17:18:33 采集卡 开始采集图片
2021-10-05 17:18:33 采集卡 启动采集
2021-10-05 17:18:34 采集卡 停止采集
2021-10-05 17:18:34 采集卡 转换数据
2021-10-05 17:18:34 采集卡 转换AD
2021-10-05 17:18:34 采集卡 修改点
2021-10-05 17:18:34 采集卡 GAMMA
2021-10-05 17:18:34 采集卡 生成图片数组
2021-10-05 17:18:35 采集卡 开始采集图片
2021-10-05 17:18:35 采集卡 启动采集
2021-10-05 17:18:55 采集卡 采集完成
2021-10-05 17:18:55 采集卡 转换数据
2021-10-05 17:18:55 采集卡 转换AD
2021-10-05 17:18:55 采集卡 修改点
2021-10-05 17:18:55 采集卡 GAMMA
2021-10-05 17:18:55 采集卡 生成图片数组
2021-10-05 17:24:19 采集卡 开始采集图片
2021-10-05 17:24:19 采集卡 启动采集
2021-10-05 17:24:21 采集卡 停止采集
2021-10-05 17:24:21 采集卡 转换数据
2021-10-05 17:24:21 采集卡 转换AD
2021-10-05 17:24:21 采集卡 修改点
2021-10-05 17:24:21 采集卡 GAMMA
2021-10-05 17:24:21 采集卡 生成图片数组
2021-10-05 17:36:48 采集卡 开始采集图片
2021-10-05 17:36:48 采集卡 启动采集
2021-10-05 17:36:49 采集卡 停止采集
2021-10-05 17:36:49 采集卡 采集完成
2021-10-05 17:36:49 采集卡 转换数据
2021-10-05 17:36:49 采集卡 转换AD
2021-10-05 17:36:49 采集卡 修改点
2021-10-05 17:36:49 采集卡 GAMMA
2021-10-05 17:36:49 采集卡 生成图片数组
2021-10-05 17:36:50 采集卡 开始采集图片
2021-10-05 17:36:50 采集卡 启动采集
2021-10-05 17:36:52 采集卡 采集完成
2021-10-05 17:36:52 采集卡 转换数据
2021-10-05 17:36:52 采集卡 转换AD
2021-10-05 17:36:52 采集卡 修改点
2021-10-05 17:36:52 采集卡 GAMMA
2021-10-05 17:36:52 采集卡 生成图片数组
2021-10-05 17:36:53 采集卡 开始采集图片
2021-10-05 17:36:53 采集卡 启动采集
2021-10-05 17:36:54 采集卡 停止采集
2021-10-05 17:36:54 采集卡 转换数据
2021-10-05 17:36:54 采集卡 转换AD
2021-10-05 17:36:54 采集卡 修改点
2021-10-05 17:36:54 采集卡 GAMMA
2021-10-05 17:36:54 采集卡 生成图片数组
2021-10-05 17:37:01 采集卡 开始采集图片
2021-10-05 17:37:01 采集卡 启动采集
2021-10-05 17:37:04 采集卡 停止采集
2021-10-05 17:37:04 采集卡 转换数据
2021-10-05 17:37:04 采集卡 转换AD
2021-10-05 17:37:04 采集卡 修改点
2021-10-05 17:37:04 采集卡 GAMMA
2021-10-05 17:37:04 采集卡 生成图片数组
2021-10-05 17:56:05 采集卡 开始采集图片
2021-10-05 17:56:05 采集卡 启动采集
2021-10-05 17:56:07 采集卡 采集完成
2021-10-05 17:56:07 采集卡 转换数据
2021-10-05 17:56:07 采集卡 转换AD
2021-10-05 17:56:07 采集卡 修改点
2021-10-05 17:56:07 采集卡 GAMMA
2021-10-05 17:56:07 采集卡 生成图片数组
2021-10-05 17:56:09 采集卡 开始采集图片
2021-10-05 17:56:09 采集卡 启动采集
2021-10-05 17:56:10 采集卡 停止采集
2021-10-05 17:56:10 采集卡 转换数据
2021-10-05 17:56:10 采集卡 转换AD
2021-10-05 17:56:10 采集卡 修改点
2021-10-05 17:56:10 采集卡 GAMMA
2021-10-05 17:56:10 采集卡 生成图片数组
2021-10-05 17:56:12 采集卡 开始采集图片
2021-10-05 17:56:12 采集卡 启动采集
2021-10-05 17:56:15 采集卡 采集完成
2021-10-05 17:56:15 采集卡 转换数据
2021-10-05 17:56:15 采集卡 转换AD
2021-10-05 17:56:15 采集卡 修改点
2021-10-05 17:56:15 采集卡 GAMMA
2021-10-05 17:56:15 采集卡 生成图片数组
2021-10-05 17:56:27 采集卡 开始采集图片
2021-10-05 17:56:27 采集卡 启动采集
2021-10-05 17:56:29 采集卡 停止采集
2021-10-05 17:56:29 采集卡 转换数据
2021-10-05 17:56:29 采集卡 转换AD
2021-10-05 17:56:29 采集卡 修改点
2021-10-05 17:56:29 采集卡 GAMMA
2021-10-05 17:56:29 采集卡 生成图片数组
2021-10-05 17:56:35 采集卡 开始采集图片
2021-10-05 17:56:35 采集卡 启动采集
2021-10-05 17:56:38 采集卡 采集完成
2021-10-05 17:56:38 采集卡 转换数据
2021-10-05 17:56:38 采集卡 转换AD
2021-10-05 17:56:38 采集卡 修改点
2021-10-05 17:56:38 采集卡 GAMMA
2021-10-05 17:56:38 采集卡 生成图片数组
2021-10-05 17:56:39 采集卡 开始采集图片
2021-10-05 17:56:39 采集卡 启动采集
2021-10-05 17:56:41 采集卡 停止采集
2021-10-05 17:56:41 采集卡 转换数据
2021-10-05 17:56:41 采集卡 转换AD
2021-10-05 17:56:41 采集卡 修改点
2021-10-05 17:56:41 采集卡 GAMMA
2021-10-05 17:56:41 采集卡 生成图片数组
2021-10-05 17:56:42 采集卡 开始采集图片
2021-10-05 17:56:42 采集卡 启动采集
2021-10-05 17:56:45 采集卡 停止采集
2021-10-05 17:56:45 采集卡 转换数据
2021-10-05 17:56:45 采集卡 转换AD
2021-10-05 17:56:45 采集卡 修改点
2021-10-05 17:56:45 采集卡 GAMMA
2021-10-05 17:56:45 采集卡 生成图片数组
2021-10-05 17:56:46 采集卡 开始采集图片
2021-10-05 17:56:46 采集卡 启动采集
2021-10-05 17:56:48 采集卡 停止采集
2021-10-05 17:56:48 采集卡 转换数据
2021-10-05 17:56:48 采集卡 转换AD
2021-10-05 17:56:48 采集卡 修改点
2021-10-05 17:56:48 采集卡 GAMMA
2021-10-05 17:56:48 采集卡 生成图片数组
2021-10-05 17:56:49 采集卡 开始采集图片
2021-10-05 17:56:49 采集卡 启动采集
2021-10-05 17:56:51 采集卡 停止采集
2021-10-05 17:56:51 采集卡 转换数据
2021-10-05 17:56:51 采集卡 转换AD
2021-10-05 17:56:52 采集卡 修改点
2021-10-05 17:56:52 采集卡 GAMMA
2021-10-05 17:56:52 采集卡 生成图片数组
2021-10-05 17:56:53 采集卡 开始采集图片
2021-10-05 17:56:53 采集卡 启动采集
2021-10-05 17:56:55 采集卡 停止采集
2021-10-05 17:56:55 采集卡 转换数据
2021-10-05 17:56:55 采集卡 转换AD
2021-10-05 17:56:55 采集卡 修改点
2021-10-05 17:56:55 采集卡 GAMMA
2021-10-05 17:56:55 采集卡 生成图片数组
2021-10-05 17:58:51 采集卡 开始采集图片
2021-10-05 17:58:51 采集卡 启动采集
2021-10-05 17:58:52 采集卡 采集完成
2021-10-05 17:58:52 采集卡 转换数据
2021-10-05 17:58:52 采集卡 转换AD
2021-10-05 17:58:52 采集卡 修改点
2021-10-05 17:58:52 采集卡 GAMMA
2021-10-05 17:58:52 采集卡 生成图片数组
2021-10-05 17:58:54 采集卡 开始采集图片
2021-10-05 17:58:54 采集卡 启动采集
2021-10-05 17:58:55 采集卡 采集完成
2021-10-05 17:58:55 采集卡 转换数据
2021-10-05 17:58:55 采集卡 转换AD
2021-10-05 17:58:55 采集卡 修改点
2021-10-05 17:58:55 采集卡 GAMMA
2021-10-05 17:58:55 采集卡 生成图片数组
2021-10-05 17:58:57 采集卡 开始采集图片
2021-10-05 17:58:57 采集卡 启动采集
2021-10-05 17:58:58 采集卡 停止采集
2021-10-05 17:58:58 采集卡 转换数据
2021-10-05 17:58:58 采集卡 转换AD
2021-10-05 17:58:58 采集卡 修改点
2021-10-05 17:58:58 采集卡 GAMMA
2021-10-05 17:58:58 采集卡 生成图片数组
2021-10-05 17:59:01 采集卡 开始采集图片
2021-10-05 17:59:01 采集卡 启动采集
2021-10-05 17:59:03 采集卡 停止采集
2021-10-05 17:59:03 采集卡 转换数据
2021-10-05 17:59:03 采集卡 转换AD
2021-10-05 17:59:03 采集卡 修改点
2021-10-05 17:59:03 采集卡 GAMMA
2021-10-05 17:59:03 采集卡 生成图片数组
2021-10-05 17:59:04 采集卡 开始采集图片
2021-10-05 17:59:04 采集卡 启动采集
2021-10-05 17:59:06 采集卡 采集完成
2021-10-05 17:59:06 采集卡 转换数据
2021-10-05 17:59:06 采集卡 转换AD
2021-10-05 17:59:06 采集卡 修改点
2021-10-05 17:59:06 采集卡 GAMMA
2021-10-05 17:59:06 采集卡 生成图片数组
2021-10-05 18:00:03 采集卡 开始采集图片
2021-10-05 18:00:03 采集卡 启动采集
2021-10-05 18:00:04 采集卡 采集完成
2021-10-05 18:00:04 采集卡 转换数据
2021-10-05 18:00:04 采集卡 转换AD
2021-10-05 18:00:04 采集卡 修改点
2021-10-05 18:00:04 采集卡 GAMMA
2021-10-05 18:00:05 采集卡 生成图片数组
2021-10-05 18:00:08 采集卡 开始采集图片
2021-10-05 18:00:08 采集卡 启动采集
2021-10-05 18:00:10 采集卡 停止采集
2021-10-05 18:00:10 采集卡 转换数据
2021-10-05 18:00:10 采集卡 转换AD
2021-10-05 18:00:10 采集卡 修改点
2021-10-05 18:00:10 采集卡 GAMMA
2021-10-05 18:00:10 采集卡 生成图片数组
2021-10-05 18:00:11 采集卡 开始采集图片
2021-10-05 18:00:11 采集卡 启动采集
2021-10-05 18:00:12 采集卡 停止采集
2021-10-05 18:00:12 采集卡 转换数据
2021-10-05 18:00:12 采集卡 转换AD
2021-10-05 18:00:12 采集卡 修改点
2021-10-05 18:00:12 采集卡 GAMMA
2021-10-05 18:00:12 采集卡 生成图片数组
2021-10-05 18:00:14 采集卡 开始采集图片
2021-10-05 18:00:14 采集卡 启动采集
2021-10-05 18:00:17 采集卡 采集完成
2021-10-05 18:00:17 采集卡 转换数据
2021-10-05 18:00:17 采集卡 转换AD
2021-10-05 18:00:17 采集卡 修改点
2021-10-05 18:00:17 采集卡 GAMMA
2021-10-05 18:00:17 采集卡 生成图片数组
2021-10-05 18:00:23 采集卡 开始采集图片
2021-10-05 18:00:23 采集卡 启动采集
2021-10-05 18:00:25 采集卡 采集完成
2021-10-05 18:00:25 采集卡 转换数据
2021-10-05 18:00:25 采集卡 转换AD
2021-10-05 18:00:25 采集卡 修改点
2021-10-05 18:00:25 采集卡 GAMMA
2021-10-05 18:00:25 采集卡 生成图片数组
2021-10-05 18:02:19 采集卡 开始采集图片
2021-10-05 18:02:19 采集卡 启动采集
2021-10-05 18:02:20 采集卡 停止采集
2021-10-05 18:02:21 采集卡 开始采集图片
2021-10-05 18:02:21 采集卡 启动采集
2021-10-05 18:02:23 采集卡 采集完成
2021-10-05 18:02:23 采集卡 转换数据
2021-10-05 18:02:23 采集卡 转换AD
2021-10-05 18:02:23 采集卡 修改点
2021-10-05 18:02:23 采集卡 GAMMA
2021-10-05 18:02:23 采集卡 生成图片数组
2021-10-05 18:02:25 采集卡 开始采集图片
2021-10-05 18:02:25 采集卡 启动采集
2021-10-05 18:02:26 采集卡 停止采集
2021-10-05 18:02:26 采集卡 转换数据
2021-10-05 18:02:26 采集卡 转换AD
2021-10-05 18:02:26 采集卡 修改点
2021-10-05 18:02:26 采集卡 GAMMA
2021-10-05 18:02:26 采集卡 生成图片数组
2021-10-05 18:02:27 采集卡 开始采集图片
2021-10-05 18:02:27 采集卡 启动采集
2021-10-05 18:02:28 采集卡 停止采集
2021-10-05 18:02:28 采集卡 转换数据
2021-10-05 18:02:28 采集卡 转换AD
2021-10-05 18:02:28 采集卡 修改点
2021-10-05 18:02:28 采集卡 GAMMA
2021-10-05 18:02:28 采集卡 生成图片数组
2021-10-05 18:02:29 采集卡 开始采集图片
2021-10-05 18:02:29 采集卡 启动采集
2021-10-05 18:02:31 采集卡 采集完成
2021-10-05 18:02:31 采集卡 转换数据
2021-10-05 18:02:31 采集卡 转换AD
2021-10-05 18:02:31 采集卡 修改点
2021-10-05 18:02:31 采集卡 GAMMA
2021-10-05 18:02:31 采集卡 生成图片数组
2021-10-05 18:02:32 采集卡 开始采集图片
2021-10-05 18:02:32 采集卡 启动采集
2021-10-05 18:02:34 采集卡 停止采集
2021-10-05 18:02:34 采集卡 转换数据
2021-10-05 18:02:34 采集卡 转换AD
2021-10-05 18:02:34 采集卡 修改点
2021-10-05 18:02:34 采集卡 GAMMA
2021-10-05 18:02:34 采集卡 生成图片数组
2021-10-05 18:02:37 采集卡 开始采集图片
2021-10-05 18:02:37 采集卡 启动采集
2021-10-05 18:02:38 采集卡 停止采集
2021-10-05 18:02:38 采集卡 转换数据
2021-10-05 18:02:38 采集卡 转换AD
2021-10-05 18:02:38 采集卡 修改点
2021-10-05 18:02:38 采集卡 GAMMA
2021-10-05 18:02:38 采集卡 生成图片数组
2021-10-05 18:02:39 采集卡 开始采集图片
2021-10-05 18:02:39 采集卡 启动采集
2021-10-05 18:02:41 采集卡 采集完成
2021-10-05 18:02:41 采集卡 转换数据
2021-10-05 18:02:41 采集卡 转换AD
2021-10-05 18:02:41 采集卡 修改点
2021-10-05 18:02:41 采集卡 GAMMA
2021-10-05 18:02:41 采集卡 生成图片数组
2021-10-05 18:02:43 采集卡 开始采集图片
2021-10-05 18:02:43 采集卡 启动采集
2021-10-05 18:02:44 采集卡 采集完成
2021-10-05 18:02:44 采集卡 转换数据
2021-10-05 18:02:44 采集卡 转换AD
2021-10-05 18:02:44 采集卡 修改点
2021-10-05 18:02:44 采集卡 GAMMA
2021-10-05 18:02:44 采集卡 生成图片数组
2021-10-05 18:02:48 采集卡 开始采集图片
2021-10-05 18:02:48 采集卡 启动采集
2021-10-05 18:02:49 采集卡 停止采集
2021-10-05 18:02:49 采集卡 转换数据
2021-10-05 18:02:49 采集卡 转换AD
2021-10-05 18:02:49 采集卡 修改点
2021-10-05 18:02:49 采集卡 GAMMA
2021-10-05 18:02:49 采集卡 生成图片数组
2021-10-05 18:02:50 采集卡 开始采集图片
2021-10-05 18:02:50 采集卡 启动采集
2021-10-05 18:02:52 采集卡 停止采集
2021-10-05 18:02:52 采集卡 转换数据
2021-10-05 18:02:52 采集卡 转换AD
2021-10-05 18:02:52 采集卡 修改点
2021-10-05 18:02:52 采集卡 GAMMA
2021-10-05 18:02:52 采集卡 生成图片数组
2021-10-05 18:05:15 采集卡 开始采集图片
2021-10-05 18:05:15 采集卡 启动采集
2021-10-05 18:05:17 采集卡 采集完成
2021-10-05 18:05:17 采集卡 转换数据
2021-10-05 18:05:17 采集卡 转换AD
2021-10-05 18:05:17 采集卡 修改点
2021-10-05 18:05:17 采集卡 GAMMA
2021-10-05 18:05:17 采集卡 生成图片数组
2021-10-05 18:10:45 采集卡 开始采集图片
2021-10-05 18:10:45 采集卡 启动采集
2021-10-05 18:10:46 采集卡 停止采集
2021-10-05 18:10:47 采集卡 开始采集图片
2021-10-05 18:10:47 采集卡 启动采集
2021-10-05 18:10:48 采集卡 停止采集
2021-10-05 18:10:48 采集卡 转换数据
2021-10-05 18:10:48 采集卡 转换AD
2021-10-05 18:10:48 采集卡 修改点
2021-10-05 18:10:48 采集卡 GAMMA
2021-10-05 18:10:48 采集卡 生成图片数组
2021-10-05 18:10:49 采集卡 开始采集图片
2021-10-05 18:10:49 采集卡 启动采集
2021-10-05 18:10:50 采集卡 停止采集
2021-10-05 18:10:50 采集卡 转换数据
2021-10-05 18:10:50 采集卡 转换AD
2021-10-05 18:10:50 采集卡 修改点
2021-10-05 18:10:50 采集卡 GAMMA
2021-10-05 18:10:50 采集卡 生成图片数组
2021-10-05 18:10:57 采集卡 开始采集图片
2021-10-05 18:10:57 采集卡 启动采集
2021-10-05 18:10:57 采集卡 采集完成
2021-10-05 18:10:57 采集卡 转换数据
2021-10-05 18:10:57 采集卡 转换AD
2021-10-05 18:10:57 采集卡 修改点
2021-10-05 18:10:57 采集卡 GAMMA
2021-10-05 18:10:57 采集卡 生成图片数组
2021-10-05 18:10:59 采集卡 开始采集图片
2021-10-05 18:10:59 采集卡 启动采集
2021-10-05 18:11:00 采集卡 采集完成
2021-10-05 18:11:00 采集卡 转换数据
2021-10-05 18:11:00 采集卡 转换AD
2021-10-05 18:11:00 采集卡 修改点
2021-10-05 18:11:00 采集卡 GAMMA
2021-10-05 18:11:00 采集卡 生成图片数组
2021-10-05 18:11:10 采集卡 开始采集图片
2021-10-05 18:11:10 采集卡 启动采集
2021-10-05 18:11:12 采集卡 采集完成
2021-10-05 18:11:12 采集卡 转换数据
2021-10-05 18:11:12 采集卡 转换AD
2021-10-05 18:11:12 采集卡 修改点
2021-10-05 18:11:12 采集卡 GAMMA
2021-10-05 18:11:12 采集卡 生成图片数组
2021-10-05 18:11:13 采集卡 开始采集图片
2021-10-05 18:11:13 采集卡 启动采集
2021-10-05 18:11:14 采集卡 采集完成
2021-10-05 18:11:14 采集卡 转换数据
2021-10-05 18:11:14 采集卡 转换AD
2021-10-05 18:11:14 采集卡 修改点
2021-10-05 18:11:14 采集卡 GAMMA
2021-10-05 18:11:14 采集卡 生成图片数组
2021-10-05 18:11:23 采集卡 开始采集图片
2021-10-05 18:11:23 采集卡 启动采集
2021-10-05 18:11:24 采集卡 停止采集
2021-10-05 18:11:24 采集卡 转换数据
2021-10-05 18:11:24 采集卡 转换AD
2021-10-05 18:11:24 采集卡 修改点
2021-10-05 18:11:24 采集卡 GAMMA
2021-10-05 18:11:24 采集卡 生成图片数组
2021-10-05 18:11:26 采集卡 开始采集图片
2021-10-05 18:11:26 采集卡 启动采集
2021-10-05 18:11:27 采集卡 停止采集
2021-10-05 18:11:27 采集卡 转换数据
2021-10-05 18:11:27 采集卡 转换AD
2021-10-05 18:11:27 采集卡 修改点
2021-10-05 18:11:27 采集卡 GAMMA
2021-10-05 18:11:27 采集卡 生成图片数组
2021-10-05 18:11:40 采集卡 开始采集图片
2021-10-05 18:11:40 采集卡 启动采集
2021-10-05 18:11:41 采集卡 停止采集
2021-10-05 18:11:41 采集卡 转换数据
2021-10-05 18:11:41 采集卡 转换AD
2021-10-05 18:11:41 采集卡 修改点
2021-10-05 18:11:41 采集卡 GAMMA
2021-10-05 18:11:41 采集卡 生成图片数组
2021-10-05 18:11:42 采集卡 开始采集图片
2021-10-05 18:11:42 采集卡 启动采集
2021-10-05 18:11:44 采集卡 采集完成
2021-10-05 18:11:44 采集卡 转换数据
2021-10-05 18:11:44 采集卡 转换AD
2021-10-05 18:11:44 采集卡 修改点
2021-10-05 18:11:44 采集卡 GAMMA
2021-10-05 18:11:44 采集卡 生成图片数组
2021-10-05 18:11:46 采集卡 开始采集图片
2021-10-05 18:11:46 采集卡 启动采集
2021-10-05 18:11:49 采集卡 采集完成
2021-10-05 18:11:49 采集卡 转换数据
2021-10-05 18:11:49 采集卡 转换AD
2021-10-05 18:11:49 采集卡 修改点
2021-10-05 18:11:49 采集卡 GAMMA
2021-10-05 18:11:49 采集卡 生成图片数组
2021-10-05 18:15:24 采集卡 开始采集图片
2021-10-05 18:15:24 采集卡 启动采集
2021-10-05 18:15:26 采集卡 停止采集
2021-10-05 18:15:26 采集卡 转换数据
2021-10-05 18:15:26 采集卡 转换AD
2021-10-05 18:15:26 采集卡 修改点
2021-10-05 18:15:26 采集卡 GAMMA
2021-10-05 18:15:26 采集卡 生成图片数组
2021-10-05 18:15:43 采集卡 开始采集图片
2021-10-05 18:15:43 采集卡 启动采集
2021-10-05 18:15:45 采集卡 停止采集
2021-10-05 18:15:45 采集卡 转换数据
2021-10-05 18:15:45 采集卡 转换AD
2021-10-05 18:15:45 采集卡 修改点
2021-10-05 18:15:45 采集卡 GAMMA
2021-10-05 18:15:45 采集卡 生成图片数组
2021-10-05 18:15:51 采集卡 开始采集图片
2021-10-05 18:15:51 采集卡 启动采集
2021-10-05 18:15:53 采集卡 采集完成
2021-10-05 18:15:53 采集卡 转换数据
2021-10-05 18:15:53 采集卡 转换AD
2021-10-05 18:15:53 采集卡 修改点
2021-10-05 18:15:53 采集卡 GAMMA
2021-10-05 18:15:53 采集卡 生成图片数组
2021-10-05 18:16:47 采集卡 开始采集图片
2021-10-05 18:16:47 采集卡 启动采集
2021-10-05 18:16:48 采集卡 停止采集
2021-10-05 18:16:48 采集卡 转换数据
2021-10-05 18:16:48 采集卡 转换AD
2021-10-05 18:16:48 采集卡 修改点
2021-10-05 18:16:48 采集卡 GAMMA
2021-10-05 18:16:48 采集卡 生成图片数组
2021-10-05 18:16:51 采集卡 开始采集图片
2021-10-05 18:16:51 采集卡 启动采集
2021-10-05 18:16:53 采集卡 停止采集
2021-10-05 18:16:53 采集卡 转换数据
2021-10-05 18:16:53 采集卡 转换AD
2021-10-05 18:16:53 采集卡 修改点
2021-10-05 18:16:53 采集卡 GAMMA
2021-10-05 18:16:53 采集卡 生成图片数组
2021-10-05 18:19:02 采集卡 开始采集图片
2021-10-05 18:19:02 采集卡 启动采集
2021-10-05 18:19:03 采集卡 停止采集
2021-10-05 18:19:03 采集卡 转换数据
2021-10-05 18:19:03 采集卡 转换AD
2021-10-05 18:19:03 采集卡 修改点
2021-10-05 18:19:03 采集卡 GAMMA
2021-10-05 18:19:03 采集卡 生成图片数组
2021-10-05 18:19:06 采集卡 开始采集图片
2021-10-05 18:19:06 采集卡 启动采集
2021-10-05 18:19:08 采集卡 采集完成
2021-10-05 18:19:08 采集卡 转换数据
2021-10-05 18:19:08 采集卡 转换AD
2021-10-05 18:19:08 采集卡 修改点
2021-10-05 18:19:08 采集卡 GAMMA
2021-10-05 18:19:08 采集卡 生成图片数组
2021-10-05 18:19:10 采集卡 开始采集图片
2021-10-05 18:19:10 采集卡 启动采集
2021-10-05 18:19:12 采集卡 停止采集
2021-10-05 18:19:12 采集卡 转换数据
2021-10-05 18:19:12 采集卡 转换AD
2021-10-05 18:19:12 采集卡 修改点
2021-10-05 18:19:12 采集卡 GAMMA
2021-10-05 18:19:12 采集卡 生成图片数组
2021-10-05 18:19:14 采集卡 开始采集图片
2021-10-05 18:19:14 采集卡 启动采集
2021-10-05 18:19:16 采集卡 停止采集
2021-10-05 18:19:16 采集卡 转换数据
2021-10-05 18:19:16 采集卡 转换AD
2021-10-05 18:19:16 采集卡 修改点
2021-10-05 18:19:16 采集卡 GAMMA
2021-10-05 18:19:16 采集卡 生成图片数组
2021-10-05 18:20:37 采集卡 开始采集图片
2021-10-05 18:20:37 采集卡 启动采集
2021-10-05 18:20:39 采集卡 停止采集
2021-10-05 18:20:39 采集卡 转换数据
2021-10-05 18:20:39 采集卡 转换AD
2021-10-05 18:20:39 采集卡 修改点
2021-10-05 18:20:39 采集卡 GAMMA
2021-10-05 18:20:39 采集卡 生成图片数组
2021-10-05 18:20:40 采集卡 开始采集图片
2021-10-05 18:20:40 采集卡 启动采集
2021-10-05 18:20:42 采集卡 停止采集
2021-10-05 18:20:42 采集卡 转换数据
2021-10-05 18:20:43 采集卡 转换AD
2021-10-05 18:20:43 采集卡 修改点
2021-10-05 18:20:43 采集卡 GAMMA
2021-10-05 18:20:43 采集卡 生成图片数组
2021-10-05 18:20:44 采集卡 开始采集图片
2021-10-05 18:20:44 采集卡 启动采集
2021-10-05 18:20:45 采集卡 采集完成
2021-10-05 18:20:45 采集卡 转换数据
2021-10-05 18:20:45 采集卡 转换AD
2021-10-05 18:20:45 采集卡 修改点
2021-10-05 18:20:45 采集卡 GAMMA
2021-10-05 18:20:45 采集卡 生成图片数组
2021-10-05 18:20:47 采集卡 开始采集图片
2021-10-05 18:20:47 采集卡 启动采集
2021-10-05 18:20:48 采集卡 采集完成
2021-10-05 18:20:48 采集卡 转换数据
2021-10-05 18:20:48 采集卡 转换AD
2021-10-05 18:20:48 采集卡 修改点
2021-10-05 18:20:48 采集卡 GAMMA
2021-10-05 18:20:48 采集卡 生成图片数组
2021-10-05 18:21:09 采集卡 开始采集图片
2021-10-05 18:21:09 采集卡 启动采集
2021-10-05 18:21:29 采集卡 采集完成
2021-10-05 18:21:29 采集卡 转换数据
2021-10-05 18:21:29 采集卡 转换AD
2021-10-05 18:21:29 采集卡 修改点
2021-10-05 18:21:29 采集卡 GAMMA
2021-10-05 18:21:29 采集卡 生成图片数组
2021-10-05 18:21:33 采集卡 开始采集图片
2021-10-05 18:21:33 采集卡 启动采集
2021-10-05 18:21:47 采集卡 停止采集
2021-10-05 18:21:47 采集卡 转换数据
2021-10-05 18:21:47 采集卡 转换AD
2021-10-05 18:21:47 采集卡 修改点
2021-10-05 18:21:47 采集卡 GAMMA
2021-10-05 18:21:47 采集卡 生成图片数组
2021-10-05 18:25:05 采集卡 开始采集图片
2021-10-05 18:25:05 采集卡 启动采集
2021-10-05 18:25:30 采集卡 开始采集图片
2021-10-05 18:25:30 采集卡 启动采集
2021-10-05 18:25:37 采集卡 停止采集
2021-10-05 18:25:37 采集卡 转换数据
2021-10-05 18:25:37 采集卡 转换AD
2021-10-05 18:25:37 采集卡 修改点
2021-10-05 18:25:37 采集卡 GAMMA
2021-10-05 18:25:37 采集卡 生成图片数组
2021-10-05 18:28:13 采集卡 开始采集图片
2021-10-05 18:28:13 采集卡 启动采集
2021-10-05 18:28:23 采集卡 停止采集
2021-10-05 18:28:29 采集卡 开始采集图片
2021-10-05 18:28:29 采集卡 启动采集
2021-10-05 18:28:37 采集卡 停止采集
2021-10-05 18:28:37 采集卡 转换数据
2021-10-05 18:28:38 采集卡 转换AD
2021-10-05 18:28:38 采集卡 修改点
2021-10-05 18:28:38 采集卡 GAMMA
2021-10-05 18:28:38 采集卡 生成图片数组
2021-10-05 18:30:32 采集卡 开始采集图片
2021-10-05 18:30:32 采集卡 启动采集
2021-10-05 18:30:33 采集卡 停止采集
2021-10-05 18:30:33 采集卡 转换数据
2021-10-05 18:30:33 采集卡 转换AD
2021-10-05 18:30:33 采集卡 修改点
2021-10-05 18:30:33 采集卡 GAMMA
2021-10-05 18:30:33 采集卡 生成图片数组
2021-10-05 18:30:34 采集卡 开始采集图片
2021-10-05 18:30:34 采集卡 启动采集
2021-10-05 18:30:42 采集卡 停止采集
2021-10-05 18:30:42 采集卡 转换数据
2021-10-05 18:30:42 采集卡 转换AD
2021-10-05 18:30:42 采集卡 修改点
2021-10-05 18:30:42 采集卡 GAMMA
2021-10-05 18:30:42 采集卡 生成图片数组
2021-10-05 18:33:41 采集卡 开始采集本底
2021-10-05 18:33:41 采集卡 启动采集
2021-10-05 18:33:42 采集卡 采集完成
2021-10-05 18:33:42 采集卡 转换数据
2021-10-05 18:35:12 采集卡 开始采集本底
2021-10-05 18:35:12 采集卡 启动采集
2021-10-05 18:35:13 采集卡 采集完成
2021-10-05 18:35:13 采集卡 转换数据
2021-10-05 18:36:53 采集卡 开始采集本底
2021-10-05 18:36:53 采集卡 启动采集
2021-10-05 18:36:54 采集卡 采集完成
2021-10-05 18:36:54 采集卡 转换数据
2021-10-05 18:40:45 采集卡 开始采集本底
2021-10-05 18:40:45 采集卡 启动采集
2021-10-05 18:40:48 采集卡 采集完成
2021-10-05 18:40:48 采集卡 转换数据
2021-10-05 18:40:50 采集卡 开始采集本底
2021-10-05 18:40:50 采集卡 启动采集
2021-10-05 18:40:53 采集卡 采集完成
2021-10-05 18:40:53 采集卡 转换数据
2021-10-05 18:41:11 采集卡 开始采集本底
2021-10-05 18:41:11 采集卡 启动采集
2021-10-05 18:41:14 采集卡 采集完成
2021-10-05 18:41:14 采集卡 转换数据
2021-10-05 18:43:47 采集卡 开始采集本底
2021-10-05 18:43:47 采集卡 启动采集
2021-10-05 18:43:50 采集卡 采集完成
2021-10-05 18:43:50 采集卡 转换数据
2021-10-05 18:44:25 采集卡 开始采集图片
2021-10-05 18:44:25 采集卡 启动采集
2021-10-05 18:44:27 采集卡 采集完成
2021-10-05 18:44:27 采集卡 转换数据
2021-10-05 18:44:27 采集卡 转换AD
2021-10-05 18:44:27 采集卡 修改点
2021-10-05 18:44:27 采集卡 GAMMA
2021-10-05 18:44:27 采集卡 生成图片数组
2021-10-05 18:46:14 采集卡 开始采集本底
2021-10-05 18:46:14 采集卡 启动采集
2021-10-05 18:46:17 采集卡 采集完成
2021-10-05 18:46:17 采集卡 转换数据
2021-10-05 18:46:53 采集卡 开始采集图片
2021-10-05 18:46:53 采集卡 启动采集
2021-10-05 18:46:55 采集卡 停止采集
2021-10-05 18:46:55 采集卡 转换数据
2021-10-05 18:46:55 采集卡 转换AD
2021-10-05 18:46:55 采集卡 修改点
2021-10-05 18:46:55 采集卡 GAMMA
2021-10-05 18:46:55 采集卡 生成图片数组
2021-10-05 21:46:27 采集卡 开始采集图片
2021-10-05 21:46:27 采集卡 启动采集
2021-10-05 21:46:28 采集卡 停止采集
2021-10-05 21:46:28 采集卡 采集完成
2021-10-05 21:46:28 采集卡 转换数据
2021-10-05 21:46:28 采集卡 转换AD
2021-10-05 21:46:28 采集卡 修改点
2021-10-05 21:46:28 采集卡 GAMMA
2021-10-05 21:46:28 采集卡 生成图片数组
2021-10-05 21:49:31 采集卡 开始采集图片
2021-10-05 21:49:31 采集卡 启动采集
2021-10-05 21:49:33 采集卡 停止采集
2021-10-05 21:49:33 采集卡 转换数据
2021-10-05 21:49:33 采集卡 转换AD
2021-10-05 21:49:33 采集卡 修改点
2021-10-05 21:49:33 采集卡 GAMMA
2021-10-05 21:49:33 采集卡 生成图片数组
2021-10-05 21:49:36 采集卡 开始采集图片
2021-10-05 21:49:36 采集卡 启动采集
2021-10-05 21:49:38 采集卡 采集完成
2021-10-05 21:49:38 采集卡 转换数据
2021-10-05 21:49:38 采集卡 转换AD
2021-10-05 21:49:38 采集卡 修改点
2021-10-05 21:49:38 采集卡 GAMMA
2021-10-05 21:49:38 采集卡 生成图片数组
2021-10-05 21:49:39 采集卡 开始采集图片
2021-10-05 21:49:39 采集卡 启动采集
2021-10-05 21:49:41 采集卡 采集完成
2021-10-05 21:49:41 采集卡 转换数据
2021-10-05 21:49:41 采集卡 转换AD
2021-10-05 21:49:41 采集卡 修改点
2021-10-05 21:49:41 采集卡 GAMMA
2021-10-05 21:49:41 采集卡 生成图片数组
2021-10-05 21:49:42 采集卡 开始采集图片
2021-10-05 21:49:42 采集卡 启动采集
2021-10-05 21:49:44 采集卡 停止采集
2021-10-05 21:49:44 采集卡 转换数据
2021-10-05 21:49:44 采集卡 转换AD
2021-10-05 21:49:44 采集卡 修改点
2021-10-05 21:49:44 采集卡 GAMMA
2021-10-05 21:49:44 采集卡 生成图片数组
2021-10-05 21:49:45 采集卡 开始采集图片
2021-10-05 21:49:45 采集卡 启动采集
2021-10-05 21:49:47 采集卡 采集完成
2021-10-05 21:49:47 采集卡 转换数据
2021-10-05 21:49:47 采集卡 转换AD
2021-10-05 21:49:47 采集卡 修改点
2021-10-05 21:49:47 采集卡 GAMMA
2021-10-05 21:49:47 采集卡 生成图片数组
2021-10-05 21:49:50 采集卡 开始采集图片
2021-10-05 21:49:50 采集卡 启动采集
2021-10-05 21:49:52 采集卡 停止采集
2021-10-05 21:49:52 采集卡 转换数据
2021-10-05 21:49:52 采集卡 转换AD
2021-10-05 21:49:52 采集卡 修改点
2021-10-05 21:49:52 采集卡 GAMMA
2021-10-05 21:49:52 采集卡 生成图片数组
2021-10-05 21:49:53 采集卡 开始采集图片
2021-10-05 21:49:53 采集卡 启动采集
2021-10-05 21:49:56 采集卡 停止采集
2021-10-05 21:49:56 采集卡 转换数据
2021-10-05 21:49:56 采集卡 转换AD
2021-10-05 21:49:56 采集卡 修改点
2021-10-05 21:49:56 采集卡 GAMMA
2021-10-05 21:49:56 采集卡 生成图片数组
2021-10-05 21:51:02 采集卡 开始采集图片
2021-10-05 21:51:02 采集卡 启动采集
2021-10-05 21:51:03 采集卡 停止采集
2021-10-05 21:51:03 采集卡 转换数据
2021-10-05 21:51:03 采集卡 转换AD
2021-10-05 21:51:03 采集卡 修改点
2021-10-05 21:51:03 采集卡 GAMMA
2021-10-05 21:51:03 采集卡 生成图片数组
2021-10-05 21:51:05 采集卡 开始采集图片
2021-10-05 21:51:05 采集卡 启动采集
2021-10-05 21:51:07 采集卡 采集完成
2021-10-05 21:51:07 采集卡 转换数据
2021-10-05 21:51:07 采集卡 转换AD
2021-10-05 21:51:07 采集卡 修改点
2021-10-05 21:51:07 采集卡 GAMMA
2021-10-05 21:51:07 采集卡 生成图片数组
2021-10-05 21:51:08 采集卡 开始采集图片
2021-10-05 21:51:08 采集卡 启动采集
2021-10-05 21:51:10 采集卡 停止采集
2021-10-05 21:51:10 采集卡 转换数据
2021-10-05 21:51:10 采集卡 转换AD
2021-10-05 21:51:10 采集卡 修改点
2021-10-05 21:51:10 采集卡 GAMMA
2021-10-05 21:51:10 采集卡 生成图片数组
2021-10-05 21:51:47 采集卡 开始采集图片
2021-10-05 21:51:47 采集卡 启动采集
2021-10-05 21:51:48 采集卡 采集完成
2021-10-05 21:51:48 采集卡 转换数据
2021-10-05 21:51:48 采集卡 转换AD
2021-10-05 21:51:48 采集卡 修改点
2021-10-05 21:51:48 采集卡 GAMMA
2021-10-05 21:51:48 采集卡 生成图片数组
2021-10-05 21:51:57 采集卡 开始采集图片
2021-10-05 21:51:57 采集卡 启动采集
2021-10-05 21:51:58 采集卡 停止采集
2021-10-05 21:51:58 采集卡 转换数据
2021-10-05 21:51:58 采集卡 转换AD
2021-10-05 21:51:58 采集卡 修改点
2021-10-05 21:51:58 采集卡 GAMMA
2021-10-05 21:51:58 采集卡 生成图片数组
2021-10-05 21:52:49 采集卡 开始采集图片
2021-10-05 21:52:49 采集卡 启动采集
2021-10-05 21:52:50 采集卡 停止采集
2021-10-05 21:52:50 采集卡 转换数据
2021-10-05 21:52:50 采集卡 转换AD
2021-10-05 21:52:50 采集卡 修改点
2021-10-05 21:52:50 采集卡 GAMMA
2021-10-05 21:52:50 采集卡 生成图片数组
2021-10-05 21:52:52 采集卡 开始采集图片
2021-10-05 21:52:52 采集卡 启动采集
2021-10-05 21:52:53 采集卡 采集完成
2021-10-05 21:52:53 采集卡 转换数据
2021-10-05 21:52:53 采集卡 转换AD
2021-10-05 21:52:53 采集卡 修改点
2021-10-05 21:52:53 采集卡 GAMMA
2021-10-05 21:52:53 采集卡 生成图片数组
2021-10-05 21:52:54 采集卡 开始采集图片
2021-10-05 21:52:54 采集卡 启动采集
2021-10-05 21:52:56 采集卡 采集完成
2021-10-05 21:52:56 采集卡 转换数据
2021-10-05 21:52:56 采集卡 转换AD
2021-10-05 21:52:56 采集卡 修改点
2021-10-05 21:52:56 采集卡 GAMMA
2021-10-05 21:52:56 采集卡 生成图片数组
2021-10-05 21:53:01 采集卡 开始采集图片
2021-10-05 21:53:01 采集卡 启动采集
2021-10-05 21:53:02 采集卡 开始采集图片
2021-10-05 21:53:04 采集卡 停止采集
2021-10-05 21:53:04 采集卡 转换数据
2021-10-05 21:53:04 采集卡 转换AD
2021-10-05 21:53:04 采集卡 修改点
2021-10-05 21:53:04 采集卡 GAMMA
2021-10-05 21:53:04 采集卡 生成图片数组
2021-10-05 21:53:43 采集卡 开始采集图片
2021-10-05 21:53:43 采集卡 启动采集
2021-10-05 21:53:53 采集卡 停止采集
2021-10-05 21:53:53 采集卡 转换数据
2021-10-05 21:53:53 采集卡 转换AD
2021-10-05 21:53:53 采集卡 修改点
2021-10-05 21:53:53 采集卡 GAMMA
2021-10-05 21:53:53 采集卡 生成图片数组
2021-10-05 21:57:05 采集卡 开始采集图片
2021-10-05 21:57:05 采集卡 启动采集
2021-10-05 21:57:06 采集卡 停止采集
2021-10-05 21:57:06 采集卡 转换数据
2021-10-05 21:57:06 采集卡 转换AD
2021-10-05 21:57:06 采集卡 修改点
2021-10-05 21:57:06 采集卡 GAMMA
2021-10-05 21:57:06 采集卡 生成图片数组
2021-10-05 21:57:08 采集卡 开始采集图片
2021-10-05 21:57:08 采集卡 启动采集
2021-10-05 21:57:09 采集卡 采集完成
2021-10-05 21:57:09 采集卡 转换数据
2021-10-05 21:57:09 采集卡 转换AD
2021-10-05 21:57:09 采集卡 修改点
2021-10-05 21:57:09 采集卡 GAMMA
2021-10-05 21:57:09 采集卡 生成图片数组
2021-10-05 21:57:11 采集卡 开始采集图片
2021-10-05 21:57:11 采集卡 启动采集
2021-10-05 21:57:12 采集卡 停止采集
2021-10-05 21:57:12 采集卡 转换数据
2021-10-05 21:57:12 采集卡 转换AD
2021-10-05 21:57:12 采集卡 修改点
2021-10-05 21:57:12 采集卡 GAMMA
2021-10-05 21:57:12 采集卡 生成图片数组
2021-10-05 21:57:51 采集卡 开始采集图片
2021-10-05 21:57:51 采集卡 启动采集
2021-10-05 21:57:53 采集卡 采集完成
2021-10-05 21:57:53 采集卡 转换数据
2021-10-05 21:57:53 采集卡 转换AD
2021-10-05 21:57:53 采集卡 修改点
2021-10-05 21:57:53 采集卡 GAMMA
2021-10-05 21:57:53 采集卡 生成图片数组
2021-10-05 21:58:05 采集卡 开始采集图片
2021-10-05 21:58:05 采集卡 启动采集
2021-10-05 21:58:10 采集卡 采集完成
2021-10-05 21:58:10 采集卡 转换数据
2021-10-05 21:58:10 采集卡 转换AD
2021-10-05 21:58:10 采集卡 修改点
2021-10-05 21:58:10 采集卡 GAMMA
2021-10-05 21:58:10 采集卡 生成图片数组
2021-10-05 21:58:21 采集卡 开始采集图片
2021-10-05 21:58:21 采集卡 启动采集
2021-10-05 21:58:22 采集卡 采集完成
2021-10-05 21:58:22 采集卡 转换数据
2021-10-05 21:58:22 采集卡 转换AD
2021-10-05 21:58:22 采集卡 修改点
2021-10-05 21:58:22 采集卡 GAMMA
2021-10-05 21:58:22 采集卡 生成图片数组
2021-10-05 21:58:24 采集卡 停止采集
2021-10-05 21:58:26 采集卡 开始采集图片
2021-10-05 21:58:26 采集卡 启动采集
2021-10-05 21:58:28 采集卡 停止采集
2021-10-05 21:58:28 采集卡 转换数据
2021-10-05 21:58:28 采集卡 转换AD
2021-10-05 21:58:28 采集卡 修改点
2021-10-05 21:58:28 采集卡 GAMMA
2021-10-05 21:58:28 采集卡 生成图片数组
2021-10-05 21:58:32 采集卡 开始采集图片
2021-10-05 21:58:32 采集卡 启动采集
2021-10-05 21:58:33 采集卡 停止采集
2021-10-05 21:58:33 采集卡 转换数据
2021-10-05 21:58:33 采集卡 转换AD
2021-10-05 21:58:33 采集卡 修改点
2021-10-05 21:58:33 采集卡 GAMMA
2021-10-05 21:58:33 采集卡 生成图片数组
2021-10-05 21:58:44 采集卡 开始采集图片
2021-10-05 21:58:44 采集卡 启动采集
2021-10-05 21:58:46 采集卡 采集完成
2021-10-05 21:58:46 采集卡 转换数据
2021-10-05 21:58:46 采集卡 转换AD
2021-10-05 21:58:46 采集卡 修改点
2021-10-05 21:58:46 采集卡 GAMMA
2021-10-05 21:58:46 采集卡 生成图片数组
2021-10-05 21:58:48 采集卡 开始采集图片
2021-10-05 21:58:48 采集卡 启动采集
2021-10-05 21:58:51 采集卡 采集完成
2021-10-05 21:58:51 采集卡 转换数据
2021-10-05 21:58:51 采集卡 转换AD
2021-10-05 21:58:51 采集卡 修改点
2021-10-05 21:58:51 采集卡 GAMMA
2021-10-05 21:58:51 采集卡 生成图片数组
2021-10-05 21:58:53 采集卡 开始采集图片
2021-10-05 21:58:53 采集卡 启动采集
2021-10-05 21:58:55 采集卡 停止采集
2021-10-05 21:58:55 采集卡 转换数据
2021-10-05 21:58:55 采集卡 转换AD
2021-10-05 21:58:55 采集卡 修改点
2021-10-05 21:58:55 采集卡 GAMMA
2021-10-05 21:58:55 采集卡 生成图片数组
2021-10-05 21:58:57 采集卡 开始采集图片
2021-10-05 21:58:57 采集卡 启动采集
2021-10-05 21:59:00 采集卡 采集完成
2021-10-05 21:59:00 采集卡 转换数据
2021-10-05 21:59:00 采集卡 转换AD
2021-10-05 21:59:00 采集卡 修改点
2021-10-05 21:59:00 采集卡 GAMMA
2021-10-05 21:59:00 采集卡 生成图片数组
2021-10-05 21:59:30 采集卡 开始采集图片
2021-10-05 21:59:30 采集卡 启动采集
2021-10-05 21:59:32 采集卡 采集完成
2021-10-05 21:59:32 采集卡 转换数据
2021-10-05 21:59:32 采集卡 转换AD
2021-10-05 21:59:32 采集卡 修改点
2021-10-05 21:59:32 采集卡 GAMMA
2021-10-05 21:59:32 采集卡 生成图片数组
2021-10-05 21:59:34 采集卡 开始采集图片
2021-10-05 21:59:34 采集卡 启动采集
2021-10-05 21:59:36 采集卡 停止采集
2021-10-05 21:59:36 采集卡 转换数据
2021-10-05 21:59:36 采集卡 转换AD
2021-10-05 21:59:36 采集卡 修改点
2021-10-05 21:59:36 采集卡 GAMMA
2021-10-05 21:59:36 采集卡 生成图片数组
2021-10-05 21:59:38 采集卡 开始采集图片
2021-10-05 21:59:38 采集卡 启动采集
2021-10-05 21:59:40 采集卡 采集完成
2021-10-05 21:59:40 采集卡 转换数据
2021-10-05 21:59:40 采集卡 转换AD
2021-10-05 21:59:40 采集卡 修改点
2021-10-05 21:59:40 采集卡 GAMMA
2021-10-05 21:59:40 采集卡 生成图片数组
2021-10-05 21:59:41 采集卡 停止采集
2021-10-05 21:59:42 采集卡 开始采集图片
2021-10-05 21:59:42 采集卡 启动采集
2021-10-05 21:59:44 采集卡 停止采集
2021-10-05 21:59:44 采集卡 转换数据
2021-10-05 21:59:44 采集卡 转换AD
2021-10-05 21:59:44 采集卡 修改点
2021-10-05 21:59:44 采集卡 GAMMA
2021-10-05 21:59:44 采集卡 生成图片数组
2021-10-05 22:01:20 采集卡 开始采集图片
2021-10-05 22:01:20 采集卡 启动采集
2021-10-05 22:01:22 采集卡 停止采集
2021-10-05 22:01:22 采集卡 转换数据
2021-10-05 22:01:22 采集卡 转换AD
2021-10-05 22:01:22 采集卡 修改点
2021-10-05 22:01:22 采集卡 GAMMA
2021-10-05 22:01:22 采集卡 生成图片数组
2021-10-05 22:01:40 采集卡 开始采集图片
2021-10-05 22:01:40 采集卡 启动采集
2021-10-05 22:01:41 采集卡 采集完成
2021-10-05 22:01:41 采集卡 转换数据
2021-10-05 22:01:41 采集卡 转换AD
2021-10-05 22:01:41 采集卡 修改点
2021-10-05 22:01:41 采集卡 GAMMA
2021-10-05 22:01:41 采集卡 生成图片数组
2021-10-05 22:01:46 采集卡 开始采集图片
2021-10-05 22:01:46 采集卡 启动采集
2021-10-05 22:01:48 采集卡 采集完成
2021-10-05 22:01:48 采集卡 转换数据
2021-10-05 22:01:48 采集卡 转换AD
2021-10-05 22:01:48 采集卡 修改点
2021-10-05 22:01:48 采集卡 GAMMA
2021-10-05 22:01:48 采集卡 生成图片数组
2021-10-05 22:01:49 采集卡 开始采集图片
2021-10-05 22:01:49 采集卡 启动采集
2021-10-05 22:01:51 采集卡 采集完成
2021-10-05 22:01:51 采集卡 转换数据
2021-10-05 22:01:51 采集卡 转换AD
2021-10-05 22:01:51 采集卡 修改点
2021-10-05 22:01:51 采集卡 GAMMA
2021-10-05 22:01:51 采集卡 生成图片数组
2021-10-05 22:01:52 采集卡 开始采集图片
2021-10-05 22:01:52 采集卡 启动采集
2021-10-05 22:01:53 采集卡 采集完成
2021-10-05 22:01:53 采集卡 转换数据
2021-10-05 22:01:53 采集卡 转换AD
2021-10-05 22:01:53 采集卡 修改点
2021-10-05 22:01:53 采集卡 GAMMA
2021-10-05 22:01:53 采集卡 生成图片数组
2021-10-05 22:02:01 采集卡 开始采集图片
2021-10-05 22:02:01 采集卡 启动采集
2021-10-05 22:02:03 采集卡 采集完成
2021-10-05 22:02:03 采集卡 转换数据
2021-10-05 22:02:03 采集卡 转换AD
2021-10-05 22:02:03 采集卡 修改点
2021-10-05 22:02:03 采集卡 GAMMA
2021-10-05 22:02:03 采集卡 生成图片数组
2021-10-05 22:02:04 采集卡 开始采集图片
2021-10-05 22:02:04 采集卡 启动采集
2021-10-05 22:02:06 采集卡 采集完成
2021-10-05 22:02:06 采集卡 转换数据
2021-10-05 22:02:06 采集卡 转换AD
2021-10-05 22:02:06 采集卡 修改点
2021-10-05 22:02:06 采集卡 GAMMA
2021-10-05 22:02:06 采集卡 生成图片数组
2021-10-05 22:02:39 采集卡 开始采集图片
2021-10-05 22:02:39 采集卡 启动采集
2021-10-05 22:02:40 采集卡 停止采集
2021-10-05 22:02:42 采集卡 开始采集图片
2021-10-05 22:02:42 采集卡 启动采集
2021-10-05 22:02:43 采集卡 停止采集
2021-10-05 22:02:43 采集卡 转换数据
2021-10-05 22:02:43 采集卡 转换AD
2021-10-05 22:02:43 采集卡 修改点
2021-10-05 22:02:43 采集卡 GAMMA
2021-10-05 22:02:43 采集卡 生成图片数组
2021-10-05 22:02:44 采集卡 开始采集图片
2021-10-05 22:02:44 采集卡 启动采集
2021-10-05 22:02:46 采集卡 采集完成
2021-10-05 22:02:46 采集卡 转换数据
2021-10-05 22:02:46 采集卡 转换AD
2021-10-05 22:02:46 采集卡 修改点
2021-10-05 22:02:46 采集卡 GAMMA
2021-10-05 22:02:46 采集卡 生成图片数组
2021-10-05 22:02:53 采集卡 开始采集图片
2021-10-05 22:02:53 采集卡 启动采集
2021-10-05 22:02:56 采集卡 采集完成
2021-10-05 22:02:57 采集卡 转换数据
2021-10-05 22:02:57 采集卡 转换AD
2021-10-05 22:02:57 采集卡 修改点
2021-10-05 22:02:57 采集卡 GAMMA
2021-10-05 22:02:57 采集卡 生成图片数组
2021-10-05 22:15:21 采集卡 开始采集图片
2021-10-05 22:15:21 采集卡 启动采集
2021-10-05 22:15:23 采集卡 采集完成
2021-10-05 22:15:23 采集卡 转换数据
2021-10-05 22:15:23 采集卡 转换AD
2021-10-05 22:15:23 采集卡 修改点
2021-10-05 22:15:23 采集卡 GAMMA
2021-10-05 22:15:23 采集卡 生成图片数组
2021-10-05 22:15:32 采集卡 开始采集图片
2021-10-05 22:15:32 采集卡 启动采集
2021-10-05 22:15:34 采集卡 停止采集
2021-10-05 22:15:34 采集卡 转换数据
2021-10-05 22:15:34 采集卡 转换AD
2021-10-05 22:15:34 采集卡 修改点
2021-10-05 22:15:34 采集卡 GAMMA
2021-10-05 22:15:34 采集卡 生成图片数组
2021-10-05 22:15:36 采集卡 开始采集图片
2021-10-05 22:15:36 采集卡 启动采集
2021-10-05 22:15:38 采集卡 采集完成
2021-10-05 22:15:38 采集卡 转换数据
2021-10-05 22:15:38 采集卡 转换AD
2021-10-05 22:15:38 采集卡 修改点
2021-10-05 22:15:38 采集卡 GAMMA
2021-10-05 22:15:38 采集卡 生成图片数组
2021-10-05 22:19:42 采集卡 开始采集图片
2021-10-05 22:19:42 采集卡 启动采集
2021-10-05 22:19:43 采集卡 停止采集
2021-10-05 22:19:43 采集卡 转换数据
2021-10-05 22:19:43 采集卡 转换AD
2021-10-05 22:19:43 采集卡 修改点
2021-10-05 22:19:43 采集卡 GAMMA
2021-10-05 22:19:43 采集卡 生成图片数组
2021-10-05 22:19:46 采集卡 开始采集图片
2021-10-05 22:19:46 采集卡 启动采集
2021-10-05 22:19:48 采集卡 停止采集
2021-10-05 22:19:48 采集卡 转换数据
2021-10-05 22:19:48 采集卡 转换AD
2021-10-05 22:19:48 采集卡 修改点
2021-10-05 22:19:48 采集卡 GAMMA
2021-10-05 22:19:48 采集卡 生成图片数组
2021-10-05 22:19:49 采集卡 开始采集图片
2021-10-05 22:19:49 采集卡 启动采集
2021-10-05 22:19:51 采集卡 停止采集
2021-10-05 22:19:51 采集卡 转换数据
2021-10-05 22:19:51 采集卡 转换AD
2021-10-05 22:19:51 采集卡 修改点
2021-10-05 22:19:51 采集卡 GAMMA
2021-10-05 22:19:51 采集卡 生成图片数组
2021-10-05 22:19:53 采集卡 开始采集图片
2021-10-05 22:19:53 采集卡 启动采集
2021-10-05 22:19:55 采集卡 采集完成
2021-10-05 22:19:55 采集卡 转换数据
2021-10-05 22:19:55 采集卡 转换AD
2021-10-05 22:19:55 采集卡 修改点
2021-10-05 22:19:55 采集卡 GAMMA
2021-10-05 22:19:55 采集卡 生成图片数组
2021-10-05 22:19:56 采集卡 开始采集图片
2021-10-05 22:19:56 采集卡 启动采集
2021-10-05 22:19:58 采集卡 停止采集
2021-10-05 22:19:58 采集卡 转换数据
2021-10-05 22:19:58 采集卡 转换AD
2021-10-05 22:19:58 采集卡 修改点
2021-10-05 22:19:58 采集卡 GAMMA
2021-10-05 22:19:58 采集卡 生成图片数组
2021-10-05 22:19:59 采集卡 开始采集图片
2021-10-05 22:19:59 采集卡 启动采集
2021-10-05 22:20:01 采集卡 停止采集
2021-10-05 22:20:01 采集卡 转换数据
2021-10-05 22:20:01 采集卡 转换AD
2021-10-05 22:20:01 采集卡 修改点
2021-10-05 22:20:01 采集卡 GAMMA
2021-10-05 22:20:01 采集卡 生成图片数组
2021-10-05 22:20:02 采集卡 开始采集图片
2021-10-05 22:20:02 采集卡 启动采集
2021-10-05 22:20:04 采集卡 采集完成
2021-10-05 22:20:04 采集卡 转换数据
2021-10-05 22:20:04 采集卡 转换AD
2021-10-05 22:20:04 采集卡 修改点
2021-10-05 22:20:04 采集卡 GAMMA
2021-10-05 22:20:04 采集卡 生成图片数组
2021-10-05 22:20:05 采集卡 开始采集图片
2021-10-05 22:20:05 采集卡 启动采集
2021-10-05 22:20:08 采集卡 停止采集
2021-10-05 22:20:08 采集卡 转换数据
2021-10-05 22:20:08 采集卡 转换AD
2021-10-05 22:20:08 采集卡 修改点
2021-10-05 22:20:08 采集卡 GAMMA
2021-10-05 22:20:08 采集卡 生成图片数组
2021-10-05 22:20:09 采集卡 开始采集图片
2021-10-05 22:20:09 采集卡 启动采集
2021-10-05 22:20:11 采集卡 停止采集
2021-10-05 22:20:11 采集卡 转换数据
2021-10-05 22:20:11 采集卡 转换AD
2021-10-05 22:20:11 采集卡 修改点
2021-10-05 22:20:11 采集卡 GAMMA
2021-10-05 22:20:11 采集卡 生成图片数组
2021-10-05 22:21:18 采集卡 开始采集图片
2021-10-05 22:21:18 采集卡 启动采集
2021-10-05 22:21:21 采集卡 采集完成
2021-10-05 22:21:21 采集卡 转换数据
2021-10-05 22:21:21 采集卡 转换AD
2021-10-05 22:21:21 采集卡 修改点
2021-10-05 22:21:21 采集卡 GAMMA
2021-10-05 22:21:21 采集卡 生成图片数组
2021-10-05 22:23:22 采集卡 开始采集图片
2021-10-05 22:23:22 采集卡 启动采集
2021-10-05 22:23:25 采集卡 停止采集
2021-10-05 22:23:25 采集卡 转换数据
2021-10-05 22:23:25 采集卡 转换AD
2021-10-05 22:23:25 采集卡 修改点
2021-10-05 22:23:25 采集卡 GAMMA
2021-10-05 22:23:25 采集卡 生成图片数组
2021-10-05 22:23:26 采集卡 开始采集图片
2021-10-05 22:23:26 采集卡 启动采集
2021-10-05 22:23:31 采集卡 停止采集
2021-10-05 22:23:31 采集卡 转换数据
2021-10-05 22:23:31 采集卡 转换AD
2021-10-05 22:23:31 采集卡 修改点
2021-10-05 22:23:31 采集卡 GAMMA
2021-10-05 22:23:31 采集卡 生成图片数组
2021-10-05 22:26:37 采集卡 开始采集图片
2021-10-05 22:26:37 采集卡 启动采集
2021-10-05 22:26:39 采集卡 停止采集
2021-10-05 22:26:39 采集卡 转换数据
2021-10-05 22:26:39 采集卡 转换AD
2021-10-05 22:26:39 采集卡 修改点
2021-10-05 22:26:39 采集卡 GAMMA
2021-10-05 22:26:39 采集卡 生成图片数组
2021-10-05 22:29:32 采集卡 开始采集图片
2021-10-05 22:29:32 采集卡 启动采集
2021-10-05 22:29:35 采集卡 采集完成
2021-10-05 22:29:35 采集卡 转换数据
2021-10-05 22:29:35 采集卡 转换AD
2021-10-05 22:29:35 采集卡 修改点
2021-10-05 22:29:35 采集卡 GAMMA
2021-10-05 22:29:35 采集卡 生成图片数组
2021-10-05 22:31:53 采集卡 开始采集图片
2021-10-05 22:31:53 采集卡 启动采集
2021-10-05 22:31:56 采集卡 采集完成
2021-10-05 22:31:56 采集卡 转换数据
2021-10-05 22:31:56 采集卡 转换AD
2021-10-05 22:31:57 采集卡 修改点
2021-10-05 22:31:57 采集卡 GAMMA
2021-10-05 22:31:57 采集卡 生成图片数组
2021-10-05 22:33:51 采集卡 开始采集图片
2021-10-05 22:33:51 采集卡 启动采集
2021-10-05 22:33:51 采集卡 停止采集
2021-10-05 22:33:51 采集卡 转换数据
2021-10-05 22:33:51 采集卡 转换AD
2021-10-05 22:33:51 采集卡 修改点
2021-10-05 22:33:51 采集卡 GAMMA
2021-10-05 22:33:51 采集卡 生成图片数组
2021-10-05 22:33:52 采集卡 开始采集图片
2021-10-05 22:33:52 采集卡 启动采集
2021-10-05 22:33:53 采集卡 采集完成
2021-10-05 22:33:53 采集卡 转换数据
2021-10-05 22:33:53 采集卡 转换AD
2021-10-05 22:33:53 采集卡 修改点
2021-10-05 22:33:53 采集卡 GAMMA
2021-10-05 22:33:53 采集卡 生成图片数组
2021-10-05 22:33:54 采集卡 开始采集图片
2021-10-05 22:33:54 采集卡 启动采集
2021-10-05 22:34:03 采集卡 采集完成
2021-10-05 22:34:04 采集卡 转换数据
2021-10-05 22:34:04 采集卡 转换AD
2021-10-05 22:34:04 采集卡 修改点
2021-10-05 22:34:04 采集卡 GAMMA
2021-10-05 22:34:04 采集卡 生成图片数组
2021-10-05 22:37:21 采集卡 开始采集图片
2021-10-05 22:37:21 采集卡 启动采集
2021-10-05 22:37:41 采集卡 采集完成
2021-10-05 22:37:41 采集卡 转换数据
2021-10-05 22:37:41 采集卡 转换AD
2021-10-05 22:37:41 采集卡 修改点
2021-10-05 22:37:41 采集卡 GAMMA
2021-10-05 22:37:41 采集卡 生成图片数组
2021-10-05 22:38:33 采集卡 开始采集图片
2021-10-05 22:38:33 采集卡 启动采集
2021-10-05 22:38:45 采集卡 停止采集
2021-10-05 22:38:45 采集卡 转换数据
2021-10-05 22:38:45 采集卡 转换AD
2021-10-05 22:38:45 采集卡 修改点
2021-10-05 22:38:45 采集卡 GAMMA
2021-10-05 22:38:45 采集卡 生成图片数组
2021-10-05 22:38:47 采集卡 开始采集图片
2021-10-05 22:38:47 采集卡 启动采集
2021-10-05 22:38:50 采集卡 采集完成
2021-10-05 22:38:50 采集卡 转换数据
2021-10-05 22:38:50 采集卡 转换AD
2021-10-05 22:38:50 采集卡 修改点
2021-10-05 22:38:50 采集卡 GAMMA
2021-10-05 22:38:50 采集卡 生成图片数组
2021-10-05 22:38:51 采集卡 开始采集图片
2021-10-05 22:38:51 采集卡 启动采集
2021-10-05 22:38:53 采集卡 停止采集
2021-10-05 22:38:53 采集卡 转换数据
2021-10-05 22:38:53 采集卡 转换AD
2021-10-05 22:38:53 采集卡 修改点
2021-10-05 22:38:53 采集卡 GAMMA
2021-10-05 22:38:53 采集卡 生成图片数组
2021-10-05 22:38:54 采集卡 开始采集图片
2021-10-05 22:38:54 采集卡 启动采集
2021-10-05 22:38:56 采集卡 停止采集
2021-10-05 22:38:56 采集卡 转换数据
2021-10-05 22:38:56 采集卡 转换AD
2021-10-05 22:38:56 采集卡 修改点
2021-10-05 22:38:56 采集卡 GAMMA
2021-10-05 22:38:56 采集卡 生成图片数组
2021-10-05 22:39:11 采集卡 开始采集图片
2021-10-05 22:39:11 采集卡 启动采集
2021-10-05 22:39:13 采集卡 采集完成
2021-10-05 22:39:13 采集卡 转换数据
2021-10-05 22:39:13 采集卡 转换AD
2021-10-05 22:39:13 采集卡 修改点
2021-10-05 22:39:13 采集卡 GAMMA
2021-10-05 22:39:13 采集卡 生成图片数组
2021-10-05 22:39:14 采集卡 开始采集图片
2021-10-05 22:39:14 采集卡 启动采集
2021-10-05 22:39:16 采集卡 采集完成
2021-10-05 22:39:16 采集卡 转换数据
2021-10-05 22:39:16 采集卡 转换AD
2021-10-05 22:39:16 采集卡 修改点
2021-10-05 22:39:16 采集卡 GAMMA
2021-10-05 22:39:16 采集卡 生成图片数组
2021-10-05 22:39:17 采集卡 开始采集图片
2021-10-05 22:39:17 采集卡 启动采集
2021-10-05 22:39:18 采集卡 采集完成
2021-10-05 22:39:18 采集卡 转换数据
2021-10-05 22:39:18 采集卡 转换AD
2021-10-05 22:39:18 采集卡 修改点
2021-10-05 22:39:18 采集卡 GAMMA
2021-10-05 22:39:18 采集卡 生成图片数组
2021-10-05 22:39:44 采集卡 开始采集图片
2021-10-05 22:39:44 采集卡 启动采集
2021-10-05 22:39:45 采集卡 停止采集
2021-10-05 22:39:46 采集卡 开始采集图片
2021-10-05 22:39:46 采集卡 启动采集
2021-10-05 22:39:47 采集卡 采集完成
2021-10-05 22:39:47 采集卡 转换数据
2021-10-05 22:39:47 采集卡 转换AD
2021-10-05 22:39:47 采集卡 修改点
2021-10-05 22:39:47 采集卡 GAMMA
2021-10-05 22:39:47 采集卡 生成图片数组
2021-10-05 22:39:48 采集卡 开始采集图片
2021-10-05 22:39:48 采集卡 启动采集
2021-10-05 22:39:49 采集卡 停止采集
2021-10-05 22:39:49 采集卡 转换数据
2021-10-05 22:39:49 采集卡 转换AD
2021-10-05 22:39:49 采集卡 修改点
2021-10-05 22:39:49 采集卡 GAMMA
2021-10-05 22:39:49 采集卡 生成图片数组
2021-10-05 22:39:51 采集卡 开始采集图片
2021-10-05 22:39:51 采集卡 启动采集
2021-10-05 22:39:52 采集卡 停止采集
2021-10-05 22:39:52 采集卡 转换数据
2021-10-05 22:39:52 采集卡 转换AD
2021-10-05 22:39:52 采集卡 修改点
2021-10-05 22:39:52 采集卡 GAMMA
2021-10-05 22:39:52 采集卡 生成图片数组
2021-10-05 22:40:02 采集卡 开始采集图片
2021-10-05 22:40:02 采集卡 启动采集
2021-10-05 22:40:03 采集卡 采集完成
2021-10-05 22:40:03 采集卡 转换数据
2021-10-05 22:40:03 采集卡 转换AD
2021-10-05 22:40:03 采集卡 修改点
2021-10-05 22:40:03 采集卡 GAMMA
2021-10-05 22:40:03 采集卡 生成图片数组
2021-10-05 22:40:04 采集卡 开始采集图片
2021-10-05 22:40:04 采集卡 启动采集
2021-10-05 22:40:05 采集卡 采集完成
2021-10-05 22:40:05 采集卡 转换数据
2021-10-05 22:40:05 采集卡 转换AD
2021-10-05 22:40:05 采集卡 修改点
2021-10-05 22:40:05 采集卡 GAMMA
2021-10-05 22:40:05 采集卡 生成图片数组
2021-10-05 22:40:10 采集卡 开始采集图片
2021-10-05 22:40:10 采集卡 启动采集
2021-10-05 22:40:11 采集卡 采集完成
2021-10-05 22:40:11 采集卡 转换数据
2021-10-05 22:40:11 采集卡 转换AD
2021-10-05 22:40:11 采集卡 修改点
2021-10-05 22:40:11 采集卡 GAMMA
2021-10-05 22:40:11 采集卡 生成图片数组
2021-10-05 22:40:12 采集卡 开始采集图片
2021-10-05 22:40:12 采集卡 启动采集
2021-10-05 22:40:18 采集卡 停止采集
2021-10-05 22:40:18 采集卡 转换数据
2021-10-05 22:40:18 采集卡 转换AD
2021-10-05 22:40:18 采集卡 修改点
2021-10-05 22:40:18 采集卡 GAMMA
2021-10-05 22:40:18 采集卡 生成图片数组
2021-10-05 22:40:21 采集卡 开始采集图片
2021-10-05 22:40:21 采集卡 启动采集
2021-10-05 22:40:29 采集卡 停止采集
2021-10-05 22:40:29 采集卡 转换数据
2021-10-05 22:40:29 采集卡 转换AD
2021-10-05 22:40:29 采集卡 修改点
2021-10-05 22:40:29 采集卡 GAMMA
2021-10-05 22:40:29 采集卡 生成图片数组
2021-10-05 22:45:11 采集卡 开始采集图片
2021-10-05 22:45:11 采集卡 启动采集
2021-10-05 22:45:12 采集卡 停止采集
2021-10-05 22:45:12 采集卡 转换数据
2021-10-05 22:45:12 采集卡 转换AD
2021-10-05 22:45:12 采集卡 修改点
2021-10-05 22:45:12 采集卡 GAMMA
2021-10-05 22:45:12 采集卡 生成图片数组
2021-10-05 22:45:13 采集卡 开始采集图片
2021-10-05 22:45:13 采集卡 启动采集
2021-10-05 22:45:15 采集卡 停止采集
2021-10-05 22:45:15 采集卡 转换数据
2021-10-05 22:45:15 采集卡 转换AD
2021-10-05 22:45:15 采集卡 修改点
2021-10-05 22:45:15 采集卡 GAMMA
2021-10-05 22:45:15 采集卡 生成图片数组
2021-10-05 22:45:17 采集卡 开始采集图片
2021-10-05 22:45:17 采集卡 启动采集
2021-10-05 22:45:19 采集卡 采集完成
2021-10-05 22:45:19 采集卡 转换数据
2021-10-05 22:45:19 采集卡 转换AD
2021-10-05 22:45:19 采集卡 修改点
2021-10-05 22:45:19 采集卡 GAMMA
2021-10-05 22:45:19 采集卡 生成图片数组
2021-10-05 22:45:27 采集卡 开始采集图片
2021-10-05 22:45:27 采集卡 启动采集
2021-10-05 22:45:28 采集卡 采集完成
2021-10-05 22:45:28 采集卡 转换数据
2021-10-05 22:45:28 采集卡 转换AD
2021-10-05 22:45:28 采集卡 修改点
2021-10-05 22:45:28 采集卡 GAMMA
2021-10-05 22:45:28 采集卡 生成图片数组
2021-10-05 22:45:29 采集卡 开始采集图片
2021-10-05 22:45:29 采集卡 启动采集
2021-10-05 22:45:34 采集卡 采集完成
2021-10-05 22:45:34 采集卡 转换数据
2021-10-05 22:45:35 采集卡 转换AD
2021-10-05 22:45:35 采集卡 修改点
2021-10-05 22:45:35 采集卡 GAMMA
2021-10-05 22:45:35 采集卡 生成图片数组
2021-10-05 22:46:01 采集卡 开始采集图片
2021-10-05 22:46:01 采集卡 启动采集
2021-10-05 22:46:02 采集卡 停止采集
2021-10-05 22:46:02 采集卡 转换数据
2021-10-05 22:46:02 采集卡 转换AD
2021-10-05 22:46:02 采集卡 修改点
2021-10-05 22:46:02 采集卡 GAMMA
2021-10-05 22:46:02 采集卡 生成图片数组
2021-10-05 22:46:03 采集卡 开始采集图片
2021-10-05 22:46:03 采集卡 启动采集
2021-10-05 22:46:13 采集卡 采集完成
2021-10-05 22:46:13 采集卡 转换数据
2021-10-05 22:46:13 采集卡 转换AD
2021-10-05 22:46:13 采集卡 修改点
2021-10-05 22:46:13 采集卡 GAMMA
2021-10-05 22:46:13 采集卡 生成图片数组
2021-10-05 22:46:15 采集卡 开始采集图片
2021-10-05 22:46:15 采集卡 启动采集
2021-10-05 22:46:34 采集卡 采集完成
2021-10-05 22:46:34 采集卡 转换数据
2021-10-05 22:46:34 采集卡 转换AD
2021-10-05 22:46:34 采集卡 修改点
2021-10-05 22:46:34 采集卡 GAMMA
2021-10-05 22:46:34 采集卡 生成图片数组
2021-10-05 22:52:26 采集卡 开始采集图片
2021-10-05 22:52:26 采集卡 启动采集
2021-10-05 22:52:27 采集卡 停止采集
2021-10-05 22:52:27 采集卡 转换数据
2021-10-05 22:52:27 采集卡 转换AD
2021-10-05 22:52:27 采集卡 修改点
2021-10-05 22:52:27 采集卡 GAMMA
2021-10-05 22:52:27 采集卡 生成图片数组
2021-10-05 22:52:58 采集卡 开始采集图片
2021-10-05 22:52:58 采集卡 启动采集
2021-10-05 22:52:59 采集卡 停止采集
2021-10-05 22:52:59 采集卡 转换数据
2021-10-05 22:52:59 采集卡 转换AD
2021-10-05 22:52:59 采集卡 修改点
2021-10-05 22:52:59 采集卡 GAMMA
2021-10-05 22:52:59 采集卡 生成图片数组
2021-10-05 22:53:18 采集卡 开始采集图片
2021-10-05 22:53:18 采集卡 启动采集
2021-10-05 22:53:19 采集卡 采集完成
2021-10-05 22:53:19 采集卡 转换数据
2021-10-05 22:53:19 采集卡 转换AD
2021-10-05 22:53:19 采集卡 修改点
2021-10-05 22:53:19 采集卡 GAMMA
2021-10-05 22:53:19 采集卡 生成图片数组
2021-10-05 22:55:12 采集卡 开始采集图片
2021-10-05 22:55:12 采集卡 启动采集
2021-10-05 22:55:13 采集卡 采集完成
2021-10-05 22:55:13 采集卡 转换数据
2021-10-05 22:55:13 采集卡 转换AD
2021-10-05 22:55:13 采集卡 修改点
2021-10-05 22:55:13 采集卡 GAMMA
2021-10-05 22:55:13 采集卡 生成图片数组
2021-10-06 10:05:58 采集卡 开始采集图片
2021-10-06 10:05:58 采集卡 启动采集
2021-10-06 10:05:59 采集卡 采集完成
2021-10-06 10:05:59 采集卡 转换数据
2021-10-06 10:05:59 采集卡 转换AD
2021-10-06 10:05:59 采集卡 修改点
2021-10-06 10:05:59 采集卡 GAMMA
2021-10-06 10:05:59 采集卡 生成图片数组
2021-10-06 10:20:52 采集卡 开始采集图片
2021-10-06 10:20:52 采集卡 启动采集
2021-10-06 10:20:53 采集卡 采集完成
2021-10-06 10:20:53 采集卡 转换数据
2021-10-06 10:20:53 采集卡 转换AD
2021-10-06 10:20:53 采集卡 修改点
2021-10-06 10:20:53 采集卡 GAMMA
2021-10-06 10:20:53 采集卡 生成图片数组
2021-10-06 10:23:51 采集卡 开始采集图片
2021-10-06 10:23:51 采集卡 启动采集
2021-10-06 10:23:52 采集卡 采集完成
2021-10-06 10:23:52 采集卡 转换数据
2021-10-06 10:23:52 采集卡 转换AD
2021-10-06 10:23:52 采集卡 修改点
2021-10-06 10:23:52 采集卡 GAMMA
2021-10-06 10:23:52 采集卡 生成图片数组
2021-10-06 11:17:24 采集卡 开始采集图片
2021-10-06 11:17:24 采集卡 启动采集
2021-10-06 11:17:26 采集卡 停止采集
2021-10-06 11:17:26 采集卡 采集完成
2021-10-06 11:17:26 采集卡 转换数据
2021-10-06 11:17:26 采集卡 转换AD
2021-10-06 11:17:26 采集卡 修改点
2021-10-06 11:17:26 采集卡 GAMMA
2021-10-06 11:17:26 采集卡 生成图片数组
2021-10-06 11:17:27 采集卡 开始采集图片
2021-10-06 11:17:27 采集卡 启动采集
2021-10-06 11:17:29 采集卡 停止采集
2021-10-06 11:17:29 采集卡 转换数据
2021-10-06 11:17:30 采集卡 转换AD
2021-10-06 11:17:30 采集卡 修改点
2021-10-06 11:17:30 采集卡 GAMMA
2021-10-06 11:17:30 采集卡 生成图片数组
2021-10-06 11:17:32 采集卡 开始采集图片
2021-10-06 11:17:32 采集卡 启动采集
2021-10-06 11:17:33 采集卡 采集完成
2021-10-06 11:17:33 采集卡 转换数据
2021-10-06 11:17:33 采集卡 转换AD
2021-10-06 11:17:33 采集卡 修改点
2021-10-06 11:17:33 采集卡 GAMMA
2021-10-06 11:17:33 采集卡 生成图片数组
2021-10-06 11:17:34 采集卡 开始采集图片
2021-10-06 11:17:34 采集卡 启动采集
2021-10-06 11:17:36 采集卡 停止采集
2021-10-06 11:17:36 采集卡 转换数据
2021-10-06 11:17:36 采集卡 转换AD
2021-10-06 11:17:36 采集卡 修改点
2021-10-06 11:17:36 采集卡 GAMMA
2021-10-06 11:17:36 采集卡 生成图片数组
2021-10-06 11:18:01 采集卡 开始采集图片
2021-10-06 11:18:01 采集卡 启动采集
2021-10-06 11:18:14 采集卡 采集完成
2021-10-06 11:18:14 采集卡 转换数据
2021-10-06 11:18:14 采集卡 转换AD
2021-10-06 11:18:14 采集卡 修改点
2021-10-06 11:18:14 采集卡 GAMMA
2021-10-06 11:18:14 采集卡 生成图片数组
2021-10-06 11:19:13 采集卡 开始采集图片
2021-10-06 11:19:13 采集卡 启动采集
2021-10-06 11:19:21 采集卡 停止采集
2021-10-06 11:19:21 采集卡 转换数据
2021-10-06 11:19:21 采集卡 转换AD
2021-10-06 11:19:21 采集卡 修改点
2021-10-06 11:19:21 采集卡 GAMMA
2021-10-06 11:19:21 采集卡 生成图片数组
2021-10-06 11:19:35 采集卡 开始采集图片
2021-10-06 11:19:35 采集卡 启动采集
2021-10-06 11:19:37 采集卡 采集完成
2021-10-06 11:19:37 采集卡 转换数据
2021-10-06 11:19:37 采集卡 转换AD
2021-10-06 11:19:37 采集卡 修改点
2021-10-06 11:19:37 采集卡 GAMMA
2021-10-06 11:19:37 采集卡 生成图片数组
2021-10-06 11:19:38 采集卡 开始采集图片
2021-10-06 11:19:38 采集卡 启动采集
2021-10-06 11:19:40 采集卡 采集完成
2021-10-06 11:19:40 采集卡 转换数据
2021-10-06 11:19:40 采集卡 转换AD
2021-10-06 11:19:40 采集卡 修改点
2021-10-06 11:19:40 采集卡 GAMMA
2021-10-06 11:19:40 采集卡 生成图片数组
2021-10-06 11:19:41 采集卡 开始采集图片
2021-10-06 11:19:41 采集卡 启动采集
2021-10-06 11:19:43 采集卡 采集完成
2021-10-06 11:19:43 采集卡 转换数据
2021-10-06 11:19:44 采集卡 转换AD
2021-10-06 11:19:44 采集卡 修改点
2021-10-06 11:19:44 采集卡 GAMMA
2021-10-06 11:19:44 采集卡 生成图片数组
2021-10-06 11:19:45 采集卡 开始采集图片
2021-10-06 11:19:45 采集卡 启动采集
2021-10-06 11:19:46 采集卡 停止采集
2021-10-06 11:19:46 采集卡 转换数据
2021-10-06 11:19:46 采集卡 转换AD
2021-10-06 11:19:46 采集卡 修改点
2021-10-06 11:19:46 采集卡 GAMMA
2021-10-06 11:19:46 采集卡 生成图片数组
2021-10-06 11:19:49 采集卡 开始采集图片
2021-10-06 11:19:49 采集卡 启动采集
2021-10-06 11:19:49 采集卡 开始采集图片
2021-10-06 11:19:50 采集卡 停止采集
2021-10-06 11:19:50 采集卡 转换数据
2021-10-06 11:19:50 采集卡 转换AD
2021-10-06 11:19:50 采集卡 修改点
2021-10-06 11:19:50 采集卡 GAMMA
2021-10-06 11:19:50 采集卡 生成图片数组
2021-10-06 11:33:47 采集卡 开始采集图片
2021-10-06 11:33:47 采集卡 启动采集
2021-10-06 11:33:48 采集卡 停止采集
2021-10-06 11:35:48 采集卡 开始采集图片
2021-10-06 11:35:48 采集卡 启动采集
2021-10-06 11:35:49 采集卡 采集完成
2021-10-06 11:35:49 采集卡 转换数据
2021-10-06 11:35:49 采集卡 转换AD
2021-10-06 11:35:49 采集卡 修改点
2021-10-06 11:35:49 采集卡 GAMMA
2021-10-06 11:35:49 采集卡 生成图片数组
2021-10-06 11:43:41 采集卡 开始采集图片
2021-10-06 11:43:41 采集卡 启动采集
2021-10-06 11:43:42 采集卡 采集完成
2021-10-06 11:43:42 采集卡 转换数据
2021-10-06 11:43:42 采集卡 转换AD
2021-10-06 11:43:42 采集卡 修改点
2021-10-06 11:43:42 采集卡 GAMMA
2021-10-06 11:43:42 采集卡 生成图片数组
2021-10-06 11:46:16 采集卡 开始采集图片
2021-10-06 11:46:16 采集卡 启动采集
2021-10-06 11:46:18 采集卡 采集完成
2021-10-06 11:46:18 采集卡 转换数据
2021-10-06 11:46:18 采集卡 转换AD
2021-10-06 11:46:18 采集卡 修改点
2021-10-06 11:46:18 采集卡 GAMMA
2021-10-06 11:46:18 采集卡 生成图片数组
2021-10-06 11:48:20 采集卡 开始采集图片
2021-10-06 11:48:20 采集卡 启动采集
2021-10-06 11:48:22 采集卡 采集完成
2021-10-06 11:48:22 采集卡 转换数据
2021-10-06 11:48:22 采集卡 转换AD
2021-10-06 11:48:22 采集卡 修改点
2021-10-06 11:48:22 采集卡 GAMMA
2021-10-06 11:48:22 采集卡 生成图片数组
2021-10-06 11:50:03 采集卡 开始采集图片
2021-10-06 11:50:03 采集卡 启动采集
2021-10-06 11:50:05 采集卡 采集完成
2021-10-06 11:50:05 采集卡 转换数据
2021-10-06 11:50:05 采集卡 转换AD
2021-10-06 11:50:05 采集卡 修改点
2021-10-06 11:50:05 采集卡 GAMMA
2021-10-06 11:50:05 采集卡 生成图片数组
2021-10-06 11:51:11 采集卡 开始采集图片
2021-10-06 11:51:11 采集卡 启动采集
2021-10-06 11:51:11 采集卡 采集完成
2021-10-06 11:51:11 采集卡 转换数据
2021-10-06 11:51:11 采集卡 转换AD
2021-10-06 11:51:11 采集卡 修改点
2021-10-06 11:51:11 采集卡 GAMMA
2021-10-06 11:51:11 采集卡 生成图片数组
2021-10-06 11:58:02 采集卡 开始采集图片
2021-10-06 11:58:02 采集卡 启动采集
2021-10-06 11:58:04 采集卡 停止采集
2021-10-06 11:58:04 采集卡 转换数据
2021-10-06 11:58:04 采集卡 转换AD
2021-10-06 11:58:04 采集卡 修改点
2021-10-06 11:58:04 采集卡 GAMMA
2021-10-06 11:58:04 采集卡 生成图片数组
2021-10-06 12:00:57 采集卡 开始采集图片
2021-10-06 12:00:57 采集卡 启动采集
2021-10-06 12:00:58 采集卡 采集完成
2021-10-06 12:00:58 采集卡 转换数据
2021-10-06 12:00:58 采集卡 停止采集
2021-10-06 12:00:58 采集卡 转换AD
2021-10-06 12:00:58 采集卡 修改点
2021-10-06 12:00:58 采集卡 GAMMA
2021-10-06 12:00:58 采集卡 生成图片数组
2021-10-06 12:14:11 采集卡 开始采集图片
2021-10-06 12:14:11 采集卡 启动采集
2021-10-06 12:14:12 采集卡 采集完成
2021-10-06 12:14:12 采集卡 转换数据
2021-10-06 12:14:12 采集卡 转换AD
2021-10-06 12:14:12 采集卡 修改点
2021-10-06 12:14:12 采集卡 GAMMA
2021-10-06 12:14:12 采集卡 生成图片数组
2021-10-06 12:15:44 采集卡 开始采集图片
2021-10-06 12:15:44 采集卡 启动采集
2021-10-06 12:15:45 采集卡 停止采集
2021-10-06 12:15:45 采集卡 转换数据
2021-10-06 12:15:45 采集卡 转换AD
2021-10-06 12:15:45 采集卡 修改点
2021-10-06 12:15:45 采集卡 GAMMA
2021-10-06 12:15:45 采集卡 生成图片数组
2021-10-06 12:17:53 采集卡 开始采集图片
2021-10-06 12:17:53 采集卡 启动采集
2021-10-06 12:17:54 采集卡 采集完成
2021-10-06 12:17:54 采集卡 转换数据
2021-10-06 12:17:54 采集卡 转换AD
2021-10-06 12:17:54 采集卡 修改点
2021-10-06 12:17:54 采集卡 GAMMA
2021-10-06 12:17:54 采集卡 生成图片数组
2021-10-06 15:35:48 采集卡 开始采集图片
2021-10-06 15:35:48 采集卡 启动采集
2021-10-06 15:35:50 采集卡 停止采集
2021-10-06 15:35:50 采集卡 转换数据
2021-10-06 15:35:50 采集卡 转换AD
2021-10-06 15:35:50 采集卡 修改点
2021-10-06 15:35:50 采集卡 GAMMA
2021-10-06 15:35:50 采集卡 生成图片数组
2021-10-06 15:36:43 采集卡 开始采集图片
2021-10-06 15:36:43 采集卡 启动采集
2021-10-06 15:36:44 采集卡 停止采集
2021-10-06 15:36:44 采集卡 转换数据
2021-10-06 15:36:45 采集卡 转换AD
2021-10-06 15:36:45 采集卡 修改点
2021-10-06 15:36:45 采集卡 GAMMA
2021-10-06 15:36:45 采集卡 生成图片数组
2021-10-06 15:36:47 采集卡 开始采集图片
2021-10-06 15:36:47 采集卡 启动采集
2021-10-06 15:36:49 采集卡 采集完成
2021-10-06 15:36:49 采集卡 转换数据
2021-10-06 15:36:49 采集卡 转换AD
2021-10-06 15:36:49 采集卡 修改点
2021-10-06 15:36:49 采集卡 GAMMA
2021-10-06 15:36:49 采集卡 生成图片数组
2021-10-06 15:36:50 采集卡 开始采集图片
2021-10-06 15:36:50 采集卡 启动采集
2021-10-06 15:36:53 采集卡 采集完成
2021-10-06 15:36:53 采集卡 转换数据
2021-10-06 15:36:53 采集卡 转换AD
2021-10-06 15:36:53 采集卡 修改点
2021-10-06 15:36:53 采集卡 GAMMA
2021-10-06 15:36:53 采集卡 生成图片数组
2021-10-06 15:36:55 采集卡 开始采集图片
2021-10-06 15:36:55 采集卡 启动采集
2021-10-06 15:36:58 采集卡 采集完成
2021-10-06 15:36:58 采集卡 转换数据
2021-10-06 15:36:58 采集卡 转换AD
2021-10-06 15:36:58 采集卡 修改点
2021-10-06 15:36:58 采集卡 GAMMA
2021-10-06 15:36:58 采集卡 生成图片数组
2021-10-06 15:37:00 采集卡 开始采集图片
2021-10-06 15:37:00 采集卡 启动采集
2021-10-06 15:37:02 采集卡 采集完成
2021-10-06 15:37:02 采集卡 转换数据
2021-10-06 15:37:02 采集卡 转换AD
2021-10-06 15:37:02 采集卡 修改点
2021-10-06 15:37:02 采集卡 GAMMA
2021-10-06 15:37:02 采集卡 生成图片数组
2021-10-06 15:37:03 采集卡 开始采集图片
2021-10-06 15:37:03 采集卡 启动采集
2021-10-06 15:37:05 采集卡 采集完成
2021-10-06 15:37:05 采集卡 转换数据
2021-10-06 15:37:05 采集卡 转换AD
2021-10-06 15:37:05 采集卡 修改点
2021-10-06 15:37:05 采集卡 GAMMA
2021-10-06 15:37:05 采集卡 生成图片数组
2021-10-06 15:37:06 采集卡 开始采集图片
2021-10-06 15:37:06 采集卡 启动采集
2021-10-06 15:37:08 采集卡 采集完成
2021-10-06 15:37:08 采集卡 转换数据
2021-10-06 15:37:08 采集卡 转换AD
2021-10-06 15:37:08 采集卡 修改点
2021-10-06 15:37:08 采集卡 GAMMA
2021-10-06 15:37:08 采集卡 生成图片数组
2021-10-06 15:38:25 采集卡 开始采集图片
2021-10-06 15:38:25 采集卡 启动采集
2021-10-06 15:38:26 采集卡 采集完成
2021-10-06 15:38:26 采集卡 转换数据
2021-10-06 15:38:26 采集卡 转换AD
2021-10-06 15:38:26 采集卡 修改点
2021-10-06 15:38:26 采集卡 GAMMA
2021-10-06 15:38:26 采集卡 生成图片数组
2021-10-06 15:38:46 采集卡 开始采集图片
2021-10-06 15:38:46 采集卡 启动采集
2021-10-06 15:38:47 采集卡 停止采集
2021-10-06 15:38:48 采集卡 开始采集图片
2021-10-06 15:38:48 采集卡 启动采集
2021-10-06 15:38:48 采集卡 采集完成
2021-10-06 15:38:48 采集卡 转换数据
2021-10-06 15:38:48 采集卡 转换AD
2021-10-06 15:38:48 采集卡 修改点
2021-10-06 15:38:48 采集卡 GAMMA
2021-10-06 15:38:48 采集卡 生成图片数组
2021-10-06 15:38:50 采集卡 开始采集图片
2021-10-06 15:38:50 采集卡 启动采集
2021-10-06 15:38:50 采集卡 停止采集
2021-10-06 15:38:50 采集卡 转换数据
2021-10-06 15:38:50 采集卡 转换AD
2021-10-06 15:38:50 采集卡 修改点
2021-10-06 15:38:50 采集卡 GAMMA
2021-10-06 15:38:50 采集卡 生成图片数组
2021-10-06 15:38:51 采集卡 开始采集图片
2021-10-06 15:38:51 采集卡 启动采集
2021-10-06 15:38:53 采集卡 采集完成
2021-10-06 15:38:53 采集卡 转换数据
2021-10-06 15:38:53 采集卡 转换AD
2021-10-06 15:38:53 采集卡 修改点
2021-10-06 15:38:53 采集卡 GAMMA
2021-10-06 15:38:53 采集卡 生成图片数组
2021-10-06 15:38:54 采集卡 开始采集图片
2021-10-06 15:38:54 采集卡 启动采集
2021-10-06 15:38:56 采集卡 采集完成
2021-10-06 15:38:56 采集卡 转换数据
2021-10-06 15:38:56 采集卡 转换AD
2021-10-06 15:38:56 采集卡 修改点
2021-10-06 15:38:56 采集卡 GAMMA
2021-10-06 15:38:56 采集卡 生成图片数组
2021-10-06 15:39:17 采集卡 开始采集图片
2021-10-06 15:39:17 采集卡 启动采集
2021-10-06 15:39:19 采集卡 停止采集
2021-10-06 15:39:19 采集卡 转换数据
2021-10-06 15:39:19 采集卡 转换AD
2021-10-06 15:39:19 采集卡 修改点
2021-10-06 15:39:19 采集卡 GAMMA
2021-10-06 15:39:19 采集卡 生成图片数组
2021-10-06 15:39:21 采集卡 开始采集图片
2021-10-06 15:39:21 采集卡 启动采集
2021-10-06 15:39:23 采集卡 采集完成
2021-10-06 15:39:23 采集卡 转换数据
2021-10-06 15:39:23 采集卡 转换AD
2021-10-06 15:39:23 采集卡 修改点
2021-10-06 15:39:23 采集卡 GAMMA
2021-10-06 15:39:23 采集卡 生成图片数组
2021-10-06 15:45:22 采集卡 开始采集图片
2021-10-06 15:45:22 采集卡 启动采集
2021-10-06 15:45:23 采集卡 采集完成
2021-10-06 15:45:23 采集卡 转换数据
2021-10-06 15:45:23 采集卡 转换AD
2021-10-06 15:45:23 采集卡 修改点
2021-10-06 15:45:23 采集卡 GAMMA
2021-10-06 15:45:23 采集卡 生成图片数组
2021-10-06 15:49:08 采集卡 开始采集图片
2021-10-06 15:49:08 采集卡 启动采集
2021-10-06 15:49:09 采集卡 停止采集
2021-10-06 15:49:09 采集卡 转换数据
2021-10-06 15:49:09 采集卡 转换AD
2021-10-06 15:49:09 采集卡 修改点
2021-10-06 15:49:09 采集卡 GAMMA
2021-10-06 15:49:09 采集卡 生成图片数组
2021-10-06 15:50:33 采集卡 开始采集图片
2021-10-06 15:50:33 采集卡 启动采集
2021-10-06 15:50:35 采集卡 停止采集
2021-10-06 15:50:35 采集卡 转换数据
2021-10-06 15:50:35 采集卡 转换AD
2021-10-06 15:50:35 采集卡 修改点
2021-10-06 15:50:35 采集卡 GAMMA
2021-10-06 15:50:35 采集卡 生成图片数组
2021-10-06 15:51:38 采集卡 开始采集图片
2021-10-06 15:51:38 采集卡 启动采集
2021-10-06 15:51:40 采集卡 停止采集
2021-10-06 15:51:40 采集卡 转换数据
2021-10-06 15:51:40 采集卡 转换AD
2021-10-06 15:51:40 采集卡 修改点
2021-10-06 15:51:40 采集卡 GAMMA
2021-10-06 15:51:40 采集卡 生成图片数组
2021-10-06 15:51:54 采集卡 开始采集图片
2021-10-06 15:51:54 采集卡 启动采集
2021-10-06 15:51:56 采集卡 采集完成
2021-10-06 15:51:56 采集卡 转换数据
2021-10-06 15:51:56 采集卡 转换AD
2021-10-06 15:51:56 采集卡 修改点
2021-10-06 15:51:56 采集卡 GAMMA
2021-10-06 15:51:56 采集卡 生成图片数组
2021-10-06 15:53:18 采集卡 开始采集图片
2021-10-06 15:53:18 采集卡 启动采集
2021-10-06 15:53:19 采集卡 停止采集
2021-10-06 15:53:19 采集卡 转换数据
2021-10-06 15:53:19 采集卡 转换AD
2021-10-06 15:53:19 采集卡 修改点
2021-10-06 15:53:19 采集卡 GAMMA
2021-10-06 15:53:19 采集卡 生成图片数组
2021-10-06 15:54:28 采集卡 开始采集图片
2021-10-06 15:54:28 采集卡 启动采集
2021-10-06 15:54:29 采集卡 采集完成
2021-10-06 15:54:29 采集卡 转换数据
2021-10-06 15:54:29 采集卡 转换AD
2021-10-06 15:54:29 采集卡 修改点
2021-10-06 15:54:29 采集卡 GAMMA
2021-10-06 15:54:29 采集卡 生成图片数组
2021-10-06 15:55:18 采集卡 开始采集图片
2021-10-06 15:55:18 采集卡 启动采集
2021-10-06 15:55:20 采集卡 采集完成
2021-10-06 15:55:20 采集卡 转换数据
2021-10-06 15:55:20 采集卡 转换AD
2021-10-06 15:55:20 采集卡 修改点
2021-10-06 15:55:20 采集卡 GAMMA
2021-10-06 15:55:20 采集卡 生成图片数组
2021-10-06 15:55:36 采集卡 开始采集图片
2021-10-06 15:55:36 采集卡 启动采集
2021-10-06 15:55:38 采集卡 采集完成
2021-10-06 15:55:38 采集卡 转换数据
2021-10-06 15:55:38 采集卡 转换AD
2021-10-06 15:55:38 采集卡 修改点
2021-10-06 15:55:38 采集卡 GAMMA
2021-10-06 15:55:38 采集卡 生成图片数组
2021-10-06 15:56:24 采集卡 开始采集图片
2021-10-06 15:56:24 采集卡 启动采集
2021-10-06 15:56:25 采集卡 停止采集
2021-10-06 15:56:25 采集卡 转换数据
2021-10-06 15:56:25 采集卡 转换AD
2021-10-06 15:56:25 采集卡 修改点
2021-10-06 15:56:25 采集卡 GAMMA
2021-10-06 15:56:25 采集卡 生成图片数组
2021-10-06 16:02:55 采集卡 开始采集图片
2021-10-06 16:02:55 采集卡 启动采集
2021-10-06 16:02:57 采集卡 采集完成
2021-10-06 16:02:57 采集卡 转换数据
2021-10-06 16:02:57 采集卡 转换AD
2021-10-06 16:02:57 采集卡 修改点
2021-10-06 16:02:57 采集卡 GAMMA
2021-10-06 16:02:57 采集卡 生成图片数组
2021-10-06 16:03:18 采集卡 开始采集图片
2021-10-06 16:03:18 采集卡 启动采集
2021-10-06 16:03:20 采集卡 停止采集
2021-10-06 16:03:20 采集卡 转换数据
2021-10-06 16:03:20 采集卡 转换AD
2021-10-06 16:03:20 采集卡 修改点
2021-10-06 16:03:20 采集卡 GAMMA
2021-10-06 16:03:20 采集卡 生成图片数组
2021-10-06 16:03:31 采集卡 开始采集图片
2021-10-06 16:03:31 采集卡 启动采集
2021-10-06 16:03:33 采集卡 采集完成
2021-10-06 16:03:33 采集卡 转换数据
2021-10-06 16:03:33 采集卡 转换AD
2021-10-06 16:03:33 采集卡 修改点
2021-10-06 16:03:33 采集卡 GAMMA
2021-10-06 16:03:33 采集卡 生成图片数组
2021-10-06 16:03:44 采集卡 开始采集图片
2021-10-06 16:03:44 采集卡 启动采集
2021-10-06 16:03:46 采集卡 停止采集
2021-10-06 16:03:46 采集卡 转换数据
2021-10-06 16:03:46 采集卡 转换AD
2021-10-06 16:03:46 采集卡 修改点
2021-10-06 16:03:46 采集卡 GAMMA
2021-10-06 16:03:46 采集卡 生成图片数组
2021-10-06 16:05:56 采集卡 开始采集图片
2021-10-06 16:05:56 采集卡 启动采集
2021-10-06 16:05:58 采集卡 采集完成
2021-10-06 16:05:58 采集卡 转换数据
2021-10-06 16:05:58 采集卡 转换AD
2021-10-06 16:05:58 采集卡 修改点
2021-10-06 16:05:58 采集卡 GAMMA
2021-10-06 16:05:58 采集卡 生成图片数组
2021-10-06 16:42:06 采集卡 开始采集图片
2021-10-06 16:42:06 采集卡 启动采集
2021-10-06 16:42:09 采集卡 采集完成
2021-10-06 16:42:09 采集卡 转换数据
2021-10-06 16:42:09 采集卡 转换AD
2021-10-06 16:42:09 采集卡 修改点
2021-10-06 16:42:09 采集卡 GAMMA
2021-10-06 16:42:09 采集卡 生成图片数组
2021-10-06 16:44:12 采集卡 开始采集图片
2021-10-06 16:44:12 采集卡 启动采集
2021-10-06 16:44:13 采集卡 采集完成
2021-10-06 16:44:13 采集卡 转换数据
2021-10-06 16:44:14 采集卡 转换AD
2021-10-06 16:44:14 采集卡 修改点
2021-10-06 16:44:14 采集卡 GAMMA
2021-10-06 16:44:14 采集卡 生成图片数组
2021-10-06 16:44:52 采集卡 开始采集图片
2021-10-06 16:44:52 采集卡 启动采集
2021-10-06 16:44:54 采集卡 采集完成
2021-10-06 16:44:54 采集卡 转换数据
2021-10-06 16:44:54 采集卡 转换AD
2021-10-06 16:44:54 采集卡 修改点
2021-10-06 16:44:54 采集卡 GAMMA
2021-10-06 16:44:54 采集卡 生成图片数组
2021-10-06 16:45:45 采集卡 开始采集图片
2021-10-06 16:45:45 采集卡 启动采集
2021-10-06 16:45:47 采集卡 采集完成
2021-10-06 16:45:47 采集卡 转换数据
2021-10-06 16:45:47 采集卡 转换AD
2021-10-06 16:45:47 采集卡 修改点
2021-10-06 16:45:47 采集卡 GAMMA
2021-10-06 16:45:47 采集卡 生成图片数组
2021-10-06 16:46:31 采集卡 开始采集图片
2021-10-06 16:46:31 采集卡 启动采集
2021-10-06 16:46:34 采集卡 停止采集
2021-10-06 16:46:34 采集卡 转换数据
2021-10-06 16:46:34 采集卡 转换AD
2021-10-06 16:46:34 采集卡 修改点
2021-10-06 16:46:34 采集卡 GAMMA
2021-10-06 16:46:34 采集卡 生成图片数组
2021-10-06 16:47:56 采集卡 开始采集图片
2021-10-06 16:47:56 采集卡 启动采集
2021-10-06 16:47:59 采集卡 采集完成
2021-10-06 16:47:59 采集卡 转换数据
2021-10-06 16:47:59 采集卡 转换AD
2021-10-06 16:47:59 采集卡 修改点
2021-10-06 16:47:59 采集卡 GAMMA
2021-10-06 16:47:59 采集卡 生成图片数组
2021-10-06 17:14:13 采集卡 开始采集图片
2021-10-06 17:14:13 采集卡 启动采集
2021-10-06 17:14:15 采集卡 停止采集
2021-10-06 17:14:15 采集卡 采集完成
2021-10-06 17:14:15 采集卡 转换数据
2021-10-06 17:14:15 采集卡 转换AD
2021-10-06 17:14:15 采集卡 修改点
2021-10-06 17:14:15 采集卡 GAMMA
2021-10-06 17:14:15 采集卡 生成图片数组
2021-10-06 17:15:06 采集卡 开始采集图片
2021-10-06 17:15:06 采集卡 启动采集
2021-10-06 17:15:07 采集卡 采集完成
2021-10-06 17:15:07 采集卡 转换数据
2021-10-06 17:15:07 采集卡 转换AD
2021-10-06 17:15:07 采集卡 修改点
2021-10-06 17:15:07 采集卡 GAMMA
2021-10-06 17:15:07 采集卡 生成图片数组
2021-10-06 17:16:11 采集卡 开始采集图片
2021-10-06 17:16:11 采集卡 启动采集
2021-10-06 17:16:12 采集卡 采集完成
2021-10-06 17:16:12 采集卡 转换数据
2021-10-06 17:16:12 采集卡 转换AD
2021-10-06 17:16:12 采集卡 修改点
2021-10-06 17:16:12 采集卡 GAMMA
2021-10-06 17:16:12 采集卡 生成图片数组
2021-10-06 17:36:15 采集卡 开始采集图片
2021-10-06 17:36:15 采集卡 启动采集
2021-10-06 17:36:16 采集卡 停止采集
2021-10-06 17:36:16 采集卡 转换数据
2021-10-06 17:36:16 采集卡 转换AD
2021-10-06 17:36:16 采集卡 修改点
2021-10-06 17:36:16 采集卡 GAMMA
2021-10-06 17:36:16 采集卡 生成图片数组
2021-10-06 17:36:18 采集卡 开始采集图片
2021-10-06 17:36:18 采集卡 启动采集
2021-10-06 17:36:20 采集卡 采集完成
2021-10-06 17:36:20 采集卡 转换数据
2021-10-06 17:36:20 采集卡 转换AD
2021-10-06 17:36:20 采集卡 修改点
2021-10-06 17:36:20 采集卡 GAMMA
2021-10-06 17:36:20 采集卡 生成图片数组
2021-10-06 17:42:53 采集卡 开始采集图片
2021-10-06 17:42:53 采集卡 启动采集
2021-10-06 17:42:55 采集卡 停止采集
2021-10-06 17:42:55 采集卡 转换数据
2021-10-06 17:42:55 采集卡 转换AD
2021-10-06 17:42:55 采集卡 修改点
2021-10-06 17:42:55 采集卡 GAMMA
2021-10-06 17:42:55 采集卡 生成图片数组
2021-10-06 17:44:24 采集卡 开始采集图片
2021-10-06 17:44:24 采集卡 启动采集
2021-10-06 17:44:25 采集卡 停止采集
2021-10-06 17:44:26 采集卡 转换数据
2021-10-06 17:44:26 采集卡 转换AD
2021-10-06 17:44:26 采集卡 修改点
2021-10-06 17:44:26 采集卡 GAMMA
2021-10-06 17:44:26 采集卡 生成图片数组
2021-10-06 18:00:05 采集卡 开始采集图片
2021-10-06 18:00:06 采集卡 启动采集
2021-10-06 18:00:07 采集卡 停止采集
2021-10-06 18:00:08 采集卡 转换数据
2021-10-06 18:00:08 采集卡 转换AD
2021-10-06 18:00:08 采集卡 修改点
2021-10-06 18:00:08 采集卡 GAMMA
2021-10-06 18:00:08 采集卡 生成图片数组
2021-10-06 18:15:02 采集卡 开始采集图片
2021-10-06 18:15:02 采集卡 启动采集
2021-10-06 18:15:04 采集卡 采集完成
2021-10-06 18:15:04 采集卡 转换数据
2021-10-06 18:15:04 采集卡 转换AD
2021-10-06 18:15:04 采集卡 修改点
2021-10-06 18:15:04 采集卡 GAMMA
2021-10-06 18:15:04 采集卡 生成图片数组
2021-10-06 18:17:15 采集卡 开始采集图片
2021-10-06 18:17:15 采集卡 启动采集
2021-10-06 18:17:17 采集卡 采集完成
2021-10-06 18:17:17 采集卡 转换数据
2021-10-06 18:17:17 采集卡 转换AD
2021-10-06 18:17:17 采集卡 修改点
2021-10-06 18:17:17 采集卡 GAMMA
2021-10-06 18:17:17 采集卡 生成图片数组
2021-10-06 18:17:18 采集卡 开始采集图片
2021-10-06 18:17:18 采集卡 启动采集
2021-10-06 18:17:20 采集卡 采集完成
2021-10-06 18:17:20 采集卡 转换数据
2021-10-06 18:17:20 采集卡 转换AD
2021-10-06 18:17:20 采集卡 修改点
2021-10-06 18:17:20 采集卡 GAMMA
2021-10-06 18:17:20 采集卡 生成图片数组
2021-10-06 18:17:37 采集卡 开始采集图片
2021-10-06 18:17:37 采集卡 启动采集
2021-10-06 18:17:39 采集卡 停止采集
2021-10-06 18:17:39 采集卡 转换数据
2021-10-06 18:17:39 采集卡 转换AD
2021-10-06 18:17:39 采集卡 修改点
2021-10-06 18:17:39 采集卡 GAMMA
2021-10-06 18:17:39 采集卡 生成图片数组
2021-10-06 18:17:41 采集卡 开始采集图片
2021-10-06 18:17:41 采集卡 启动采集
2021-10-06 18:17:43 采集卡 采集完成
2021-10-06 18:17:44 采集卡 转换数据
2021-10-06 18:17:44 采集卡 转换AD
2021-10-06 18:17:44 采集卡 修改点
2021-10-06 18:17:44 采集卡 GAMMA
2021-10-06 18:17:44 采集卡 生成图片数组
2021-10-06 18:18:06 高压电源 192.168.127.252关闭高压
