2021-09-07 19:02:02 采集卡 开始采集图片
2021-09-07 19:02:02 采集卡 启动采集
2021-09-07 19:02:13 采集卡 采集完成
2021-09-07 19:02:13 采集卡 转换数据
2021-09-07 19:02:13 采集卡 转换AD
2021-09-07 19:02:13 采集卡 修改点
2021-09-07 19:02:13 采集卡 GAMMA
2021-09-07 19:02:13 采集卡 生成图片数组
2021-09-07 19:03:11 采集卡 开始采集图片
2021-09-07 19:03:11 采集卡 启动采集
2021-09-07 19:03:16 采集卡 采集完成
2021-09-07 19:03:16 采集卡 转换数据
2021-09-07 19:03:16 采集卡 转换AD
2021-09-07 19:03:16 采集卡 修改点
2021-09-07 19:03:16 采集卡 GAMMA
2021-09-07 19:03:16 采集卡 生成图片数组
2021-09-07 19:04:03 高压电源 192.168.127.252打开高压
2021-09-07 19:04:03 高压电源 192.168.127.252关闭高压
2021-09-07 19:04:03 采集卡 开始采集本底
2021-09-07 19:04:03 采集卡 启动采集
2021-09-07 19:04:04 采集卡 采集完成
2021-09-07 19:04:04 采集卡 转换数据
2021-09-07 19:04:04 高压电源 192.168.127.252打开高压
2021-09-07 19:04:05 高压电源 192.168.127.252打开高压
2021-09-07 19:04:05 高压电源 192.168.127.252关闭高压
2021-09-07 19:04:05 采集卡 开始采集本底
2021-09-07 19:04:05 采集卡 启动采集
2021-09-07 19:04:06 采集卡 采集完成
2021-09-07 19:04:06 采集卡 转换数据
2021-09-07 19:04:06 高压电源 192.168.127.252打开高压
2021-09-07 19:04:16 采集卡 开始采集满度
2021-09-07 19:04:16 采集卡 启动采集
2021-09-07 19:04:16 采集卡 采集完成
2021-09-07 19:04:16 采集卡 转换数据
2021-09-07 19:04:17 采集卡 开始采集图片
2021-09-07 19:04:17 采集卡 启动采集
2021-09-07 19:04:19 采集卡 停止采集
2021-09-07 19:04:19 采集卡 转换数据
2021-09-07 19:04:19 采集卡 转换AD
2021-09-07 19:04:19 采集卡 修改点
2021-09-07 19:04:19 采集卡 GAMMA
2021-09-07 19:04:19 采集卡 生成图片数组
2021-09-07 19:04:21 采集卡 开始采集图片
2021-09-07 19:04:21 采集卡 启动采集
2021-09-07 19:04:22 采集卡 采集完成
2021-09-07 19:04:22 采集卡 转换数据
2021-09-07 19:04:22 采集卡 转换AD
2021-09-07 19:04:22 采集卡 修改点
2021-09-07 19:04:22 采集卡 GAMMA
2021-09-07 19:04:22 采集卡 生成图片数组
2021-09-07 19:05:41 采集卡 开始采集本底
2021-09-07 19:05:41 采集卡 启动采集
2021-09-07 19:09:03 采集卡 开始采集本底
2021-09-07 19:09:03 采集卡 启动采集
2021-09-07 19:09:04 采集卡 采集完成
2021-09-07 19:09:04 采集卡 转换数据
2021-09-07 19:10:18 采集卡 开始采集满度
2021-09-07 19:10:18 采集卡 启动采集
2021-09-07 19:10:53 采集卡 开始采集满度
2021-09-07 19:10:53 采集卡 启动采集
2021-09-07 19:12:27 采集卡 开始采集满度
2021-09-07 19:12:27 采集卡 启动采集
2021-09-07 19:12:27 采集卡 采集完成
2021-09-07 19:12:27 采集卡 转换数据
2021-09-07 19:12:45 采集卡 开始采集图片
2021-09-07 19:12:45 采集卡 启动采集
2021-09-07 19:12:47 采集卡 采集完成
2021-09-07 19:12:47 采集卡 转换数据
2021-09-07 19:12:47 采集卡 转换AD
2021-09-07 19:12:47 采集卡 修改点
2021-09-07 19:12:47 采集卡 GAMMA
2021-09-07 19:12:47 采集卡 生成图片数组
2021-09-08 08:44:55 高压电源 192.168.127.252关闭高压
