2021-09-11 14:54:56 采集卡 开始采集本底
2021-09-11 14:54:56 采集卡 启动采集
2021-09-11 14:55:34 采集卡 开始采集本底
2021-09-11 14:55:34 采集卡 启动采集
2021-09-11 14:55:56 采集卡 开始采集本底
2021-09-11 14:55:56 采集卡 启动采集
2021-09-11 14:56:51 采集卡 停止采集
2021-09-11 14:58:24 采集卡 开始采集图片
2021-09-11 14:58:24 采集卡 启动采集
2021-09-11 14:58:26 采集卡 采集完成
2021-09-11 14:58:26 采集卡 转换数据
2021-09-11 14:58:27 采集卡 转换AD
2021-09-11 14:58:27 采集卡 修改点
2021-09-11 14:58:27 采集卡 GAMMA
2021-09-11 14:58:27 采集卡 生成图片数组
2021-09-11 14:59:38 采集卡 开始采集本底
2021-09-11 14:59:38 采集卡 启动采集
2021-09-11 14:59:41 采集卡 开始采集本底
2021-09-11 14:59:41 采集卡 启动采集
2021-09-11 14:59:44 采集卡 开始采集本底
2021-09-11 14:59:44 采集卡 启动采集
2021-09-11 14:59:47 采集卡 开始采集本底
2021-09-11 14:59:47 采集卡 启动采集
2021-09-11 14:59:50 采集卡 开始采集本底
2021-09-11 14:59:50 采集卡 启动采集
2021-09-11 14:59:53 采集卡 开始采集本底
2021-09-11 14:59:53 采集卡 启动采集
2021-09-11 15:00:06 采集卡 开始采集本底
2021-09-11 15:00:06 采集卡 启动采集
2021-09-11 15:00:11 采集卡 开始采集本底
2021-09-11 15:00:11 采集卡 启动采集
2021-09-11 15:00:43 采集卡 开始采集图片
2021-09-11 15:00:43 采集卡 启动采集
2021-09-11 15:00:44 采集卡 停止采集
2021-09-11 15:00:45 采集卡 开始采集本底
2021-09-11 15:00:45 采集卡 启动采集
2021-09-11 15:01:57 采集卡 开始采集本底
2021-09-11 15:01:57 采集卡 启动采集
2021-09-11 15:02:36 高压电源 192.168.127.252关闭高压
