2021-09-08 10:38:16 采集卡 开始采集图片
2021-09-08 10:38:16 采集卡 启动采集
2021-09-08 10:38:16 采集卡 停止采集
2021-09-08 10:38:16 采集卡 转换数据
2021-09-08 10:38:16 采集卡 转换AD
2021-09-08 10:38:16 采集卡 修改点
2021-09-08 10:38:16 采集卡 GAMMA
2021-09-08 10:38:16 采集卡 生成图片数组
2021-09-08 10:39:39 采集卡 开始采集本底
2021-09-08 10:39:39 采集卡 启动采集
2021-09-08 10:39:39 采集卡 采集完成
2021-09-08 10:39:39 采集卡 转换数据
2021-09-08 10:40:00 采集卡 开始采集满度
2021-09-08 10:40:00 采集卡 启动采集
2021-09-08 10:40:00 采集卡 采集完成
2021-09-08 10:40:00 采集卡 转换数据
2021-09-08 10:40:07 采集卡 开始采集图片
2021-09-08 10:40:07 采集卡 启动采集
2021-09-08 10:40:08 采集卡 停止采集
2021-09-08 10:40:18 采集卡 开始采集图片
2021-09-08 10:40:18 采集卡 启动采集
2021-09-08 10:40:19 采集卡 停止采集
2021-09-08 10:40:19 采集卡 转换数据
2021-09-08 10:40:19 采集卡 转换AD
2021-09-08 10:40:19 采集卡 修改点
2021-09-08 10:40:19 采集卡 GAMMA
2021-09-08 10:40:19 采集卡 生成图片数组
2021-09-08 10:40:27 采集卡 开始采集图片
2021-09-08 10:40:27 采集卡 启动采集
2021-09-08 10:40:30 采集卡 停止采集
2021-09-08 10:40:33 采集卡 开始采集图片
2021-09-08 10:40:33 采集卡 启动采集
2021-09-08 10:40:35 采集卡 采集完成
2021-09-08 10:40:35 采集卡 转换数据
2021-09-08 10:40:35 采集卡 转换AD
2021-09-08 10:40:35 采集卡 修改点
2021-09-08 10:40:35 采集卡 GAMMA
2021-09-08 10:40:35 采集卡 生成图片数组
2021-09-08 10:40:36 采集卡 开始采集图片
2021-09-08 10:40:36 采集卡 启动采集
2021-09-08 10:40:38 采集卡 采集完成
2021-09-08 10:40:38 采集卡 转换数据
2021-09-08 10:40:38 采集卡 转换AD
2021-09-08 10:40:38 采集卡 修改点
2021-09-08 10:40:38 采集卡 GAMMA
2021-09-08 10:40:38 采集卡 生成图片数组
2021-09-08 10:40:58 采集卡 开始采集图片
2021-09-08 10:40:58 采集卡 启动采集
2021-09-08 10:40:59 采集卡 停止采集
2021-09-08 10:40:59 采集卡 转换数据
2021-09-08 10:40:59 采集卡 转换AD
2021-09-08 10:40:59 采集卡 修改点
2021-09-08 10:40:59 采集卡 GAMMA
2021-09-08 10:40:59 采集卡 生成图片数组
2021-09-08 10:41:17 采集卡 开始采集图片
2021-09-08 10:41:17 采集卡 启动采集
2021-09-08 10:41:18 采集卡 采集完成
2021-09-08 10:41:18 采集卡 转换数据
2021-09-08 10:41:18 采集卡 转换AD
2021-09-08 10:41:18 采集卡 修改点
2021-09-08 10:41:18 采集卡 GAMMA
2021-09-08 10:41:18 采集卡 生成图片数组
2021-09-08 10:41:45 采集卡 开始采集图片
2021-09-08 10:41:45 采集卡 启动采集
2021-09-08 10:41:46 采集卡 采集完成
2021-09-08 10:41:46 采集卡 转换数据
2021-09-08 10:41:46 采集卡 转换AD
2021-09-08 10:41:46 采集卡 修改点
2021-09-08 10:41:46 采集卡 GAMMA
2021-09-08 10:41:46 采集卡 生成图片数组
2021-09-08 10:43:32 采集卡 开始采集图片
2021-09-08 10:43:32 采集卡 启动采集
2021-09-08 10:43:33 采集卡 停止采集
2021-09-08 10:43:33 采集卡 转换数据
2021-09-08 10:43:33 采集卡 转换AD
2021-09-08 10:43:33 采集卡 修改点
2021-09-08 10:43:33 采集卡 GAMMA
2021-09-08 10:43:33 采集卡 生成图片数组
2021-09-08 10:43:34 采集卡 开始采集图片
2021-09-08 10:43:34 采集卡 启动采集
2021-09-08 10:43:35 采集卡 采集完成
2021-09-08 10:43:35 采集卡 转换数据
2021-09-08 10:43:35 采集卡 转换AD
2021-09-08 10:43:35 采集卡 修改点
2021-09-08 10:43:35 采集卡 GAMMA
2021-09-08 10:43:35 采集卡 生成图片数组
2021-09-08 10:43:51 采集卡 开始采集图片
2021-09-08 10:43:51 采集卡 启动采集
2021-09-08 10:43:52 采集卡 停止采集
2021-09-08 10:43:52 采集卡 转换数据
2021-09-08 10:43:52 采集卡 转换AD
2021-09-08 10:43:52 采集卡 修改点
2021-09-08 10:43:52 采集卡 GAMMA
2021-09-08 10:43:52 采集卡 生成图片数组
2021-09-08 10:43:56 采集卡 开始采集图片
2021-09-08 10:43:56 采集卡 启动采集
2021-09-08 10:43:58 采集卡 采集完成
2021-09-08 10:43:58 采集卡 转换数据
2021-09-08 10:43:58 采集卡 转换AD
2021-09-08 10:43:58 采集卡 修改点
2021-09-08 10:43:58 采集卡 GAMMA
2021-09-08 10:43:58 采集卡 生成图片数组
2021-09-08 10:43:59 采集卡 开始采集图片
2021-09-08 10:43:59 采集卡 启动采集
2021-09-08 10:44:01 采集卡 停止采集
2021-09-08 10:44:01 采集卡 转换数据
2021-09-08 10:44:01 采集卡 转换AD
2021-09-08 10:44:01 采集卡 修改点
2021-09-08 10:44:01 采集卡 GAMMA
2021-09-08 10:44:01 采集卡 生成图片数组
2021-09-08 10:44:24 采集卡 开始采集图片
2021-09-08 10:44:24 采集卡 启动采集
2021-09-08 10:44:25 采集卡 停止采集
2021-09-08 10:44:25 采集卡 转换数据
2021-09-08 10:44:25 采集卡 转换AD
2021-09-08 10:44:25 采集卡 修改点
2021-09-08 10:44:25 采集卡 GAMMA
2021-09-08 10:44:25 采集卡 生成图片数组
2021-09-08 10:44:26 采集卡 开始采集图片
2021-09-08 10:44:26 采集卡 启动采集
2021-09-08 10:44:28 采集卡 停止采集
2021-09-08 10:44:28 采集卡 转换数据
2021-09-08 10:44:28 采集卡 转换AD
2021-09-08 10:44:28 采集卡 修改点
2021-09-08 10:44:28 采集卡 GAMMA
2021-09-08 10:44:28 采集卡 生成图片数组
2021-09-08 10:44:29 采集卡 开始采集图片
2021-09-08 10:44:29 采集卡 启动采集
2021-09-08 10:44:30 采集卡 采集完成
2021-09-08 10:44:30 采集卡 转换数据
2021-09-08 10:44:30 采集卡 转换AD
2021-09-08 10:44:30 采集卡 修改点
2021-09-08 10:44:30 采集卡 GAMMA
2021-09-08 10:44:30 采集卡 生成图片数组
2021-09-08 10:44:31 采集卡 开始采集图片
2021-09-08 10:44:31 采集卡 启动采集
2021-09-08 10:44:33 采集卡 停止采集
2021-09-08 10:44:33 采集卡 转换数据
2021-09-08 10:44:33 采集卡 转换AD
2021-09-08 10:44:33 采集卡 修改点
2021-09-08 10:44:33 采集卡 GAMMA
2021-09-08 10:44:33 采集卡 生成图片数组
2021-09-08 10:44:39 采集卡 开始采集图片
2021-09-08 10:44:39 采集卡 启动采集
2021-09-08 10:44:41 采集卡 停止采集
2021-09-08 10:44:41 采集卡 转换数据
2021-09-08 10:44:41 采集卡 转换AD
2021-09-08 10:44:41 采集卡 修改点
2021-09-08 10:44:41 采集卡 GAMMA
2021-09-08 10:44:41 采集卡 生成图片数组
2021-09-08 10:44:43 高压电源 192.168.127.252关闭高压
