2021-09-11 14:50:10 采集卡 开始采集本底
2021-09-11 14:50:10 采集卡 启动采集
2021-09-11 14:50:15 采集卡 开始采集本底
2021-09-11 14:50:15 采集卡 启动采集
2021-09-11 14:50:52 采集卡 开始采集本底
2021-09-11 14:50:52 采集卡 启动采集
2021-09-11 14:51:44 采集卡 开始采集本底
2021-09-11 14:51:45 采集卡 启动采集
2021-09-11 14:51:50 采集卡 开始采集本底
2021-09-11 14:51:50 采集卡 启动采集
2021-09-11 14:51:54 采集卡 开始采集满度
2021-09-11 14:51:54 采集卡 启动采集
2021-09-11 14:52:07 采集卡 开始采集图片
2021-09-11 14:52:07 采集卡 启动采集
2021-09-11 14:52:13 采集卡 停止采集
2021-09-11 14:52:14 采集卡 开始采集本底
2021-09-11 14:52:14 采集卡 启动采集
2021-09-11 14:53:39 采集卡 开始采集本底
2021-09-11 14:53:39 采集卡 启动采集
2021-09-11 14:53:48 采集卡 开始采集本底
2021-09-11 14:53:48 采集卡 启动采集
2021-09-11 14:54:18 高压电源 192.168.127.252关闭高压
