2021-09-09 11:07:22 采集卡 开始采集本底
2021-09-09 11:07:22 采集卡 启动采集
2021-09-09 11:07:22 采集卡 采集完成
2021-09-09 11:07:22 采集卡 转换数据
2021-09-09 11:07:24 采集卡 开始采集满度
2021-09-09 11:07:24 采集卡 启动采集
2021-09-09 11:07:24 采集卡 采集完成
2021-09-09 11:07:24 采集卡 转换数据
2021-09-09 11:07:32 采集卡 开始采集图片
2021-09-09 11:07:32 采集卡 启动采集
2021-09-09 11:07:34 采集卡 停止采集
2021-09-09 11:07:34 采集卡 转换数据
2021-09-09 11:07:34 采集卡 转换AD
2021-09-09 11:07:34 采集卡 修改点
2021-09-09 11:07:34 采集卡 GAMMA
2021-09-09 11:07:34 采集卡 生成图片数组
2021-09-09 11:07:59 采集卡 开始采集图片
2021-09-09 11:07:59 采集卡 启动采集
2021-09-09 11:07:59 采集卡 采集完成
2021-09-09 11:07:59 采集卡 转换数据
2021-09-09 11:07:59 采集卡 转换AD
2021-09-09 11:07:59 采集卡 修改点
2021-09-09 11:07:59 采集卡 GAMMA
2021-09-09 11:07:59 采集卡 生成图片数组
2021-09-09 11:08:26 高压电源 192.168.127.252关闭高压
