2021-09-07 17:18:40 采集卡 开始采集图片
2021-09-07 17:18:40 采集卡 启动采集
2021-09-07 17:18:44 采集卡 采集完成
2021-09-07 17:18:44 采集卡 转换数据
2021-09-07 17:18:44 采集卡 转换AD
2021-09-07 17:18:44 采集卡 修改点
2021-09-07 17:18:44 采集卡 GAMMA
2021-09-07 17:18:44 采集卡 生成图片数组
2021-09-07 17:18:47 采集卡 开始采集满度
2021-09-07 17:18:47 采集卡 启动采集
2021-09-07 17:18:47 采集卡 采集完成
2021-09-07 17:18:47 采集卡 转换数据
2021-09-07 17:18:56 采集卡 开始采集本底
2021-09-07 17:18:56 采集卡 启动采集
2021-09-07 17:18:57 采集卡 采集完成
2021-09-07 17:18:57 采集卡 转换数据
2021-09-07 17:18:58 采集卡 开始采集图片
2021-09-07 17:18:58 采集卡 启动采集
2021-09-07 17:18:59 采集卡 采集完成
2021-09-07 17:18:59 采集卡 转换数据
2021-09-07 17:18:59 采集卡 转换AD
2021-09-07 17:18:59 采集卡 修改点
2021-09-07 17:18:59 采集卡 GAMMA
2021-09-07 17:18:59 采集卡 生成图片数组
2021-09-07 17:19:20 采集卡 开始采集图片
2021-09-07 17:19:20 采集卡 启动采集
2021-09-07 17:19:22 采集卡 停止采集
2021-09-07 17:19:22 采集卡 转换数据
2021-09-07 17:19:22 采集卡 转换AD
2021-09-07 17:19:22 采集卡 修改点
2021-09-07 17:19:22 采集卡 GAMMA
2021-09-07 17:19:22 采集卡 生成图片数组
2021-09-07 17:19:24 采集卡 开始采集图片
2021-09-07 17:19:24 采集卡 启动采集
2021-09-07 17:19:30 采集卡 采集完成
2021-09-07 17:19:30 采集卡 转换数据
2021-09-07 17:19:30 采集卡 转换AD
2021-09-07 17:19:30 采集卡 修改点
2021-09-07 17:19:30 采集卡 GAMMA
2021-09-07 17:19:30 采集卡 生成图片数组
2021-09-07 17:19:57 采集卡 开始采集图片
2021-09-07 17:19:57 采集卡 启动采集
2021-09-07 17:20:17 采集卡 采集完成
2021-09-07 17:20:17 采集卡 转换数据
2021-09-07 17:20:17 采集卡 转换AD
2021-09-07 17:20:17 采集卡 修改点
2021-09-07 17:20:17 采集卡 GAMMA
2021-09-07 17:20:17 采集卡 生成图片数组
2021-09-07 17:20:20 采集卡 停止采集
2021-09-07 17:21:34 采集卡 开始采集图片
2021-09-07 17:21:34 采集卡 启动采集
2021-09-07 17:21:37 采集卡 停止采集
2021-09-07 17:21:37 采集卡 转换数据
2021-09-07 17:21:37 采集卡 转换AD
2021-09-07 17:21:37 采集卡 修改点
2021-09-07 17:21:37 采集卡 GAMMA
2021-09-07 17:21:37 采集卡 生成图片数组
2021-09-07 17:24:28 采集卡 开始采集图片
2021-09-07 17:24:28 采集卡 启动采集
2021-09-07 17:24:30 采集卡 采集完成
2021-09-07 17:24:30 采集卡 转换数据
2021-09-07 17:24:30 采集卡 转换AD
2021-09-07 17:24:30 采集卡 修改点
2021-09-07 17:24:30 采集卡 GAMMA
2021-09-07 17:24:30 采集卡 生成图片数组
2021-09-07 18:46:53 高压电源 192.168.127.252关闭高压
