2021-09-08 10:45:24 采集卡 开始采集图片
2021-09-08 10:45:24 采集卡 启动采集
2021-09-08 10:45:24 采集卡 停止采集
2021-09-08 10:45:24 采集卡 转换数据
2021-09-08 10:45:24 采集卡 转换AD
2021-09-08 10:45:24 采集卡 修改点
2021-09-08 10:45:24 采集卡 GAMMA
2021-09-08 10:45:24 采集卡 生成图片数组
2021-09-08 10:45:52 采集卡 开始采集本底
2021-09-08 10:45:52 采集卡 启动采集
2021-09-08 10:45:54 采集卡 采集完成
2021-09-08 10:45:54 采集卡 转换数据
2021-09-08 10:46:23 采集卡 开始采集满度
2021-09-08 10:46:23 采集卡 启动采集
2021-09-08 10:46:24 采集卡 采集完成
2021-09-08 10:46:24 采集卡 转换数据
2021-09-08 10:46:41 采集卡 开始采集图片
2021-09-08 10:46:41 采集卡 启动采集
2021-09-08 10:46:42 采集卡 采集完成
2021-09-08 10:46:42 采集卡 转换数据
2021-09-08 10:46:42 采集卡 转换AD
2021-09-08 10:46:42 采集卡 修改点
2021-09-08 10:46:42 采集卡 GAMMA
2021-09-08 10:46:42 采集卡 生成图片数组
2021-09-08 10:46:51 采集卡 开始采集图片
2021-09-08 10:46:51 采集卡 启动采集
2021-09-08 10:46:54 采集卡 采集完成
2021-09-08 10:46:54 采集卡 转换数据
2021-09-08 10:46:54 采集卡 转换AD
2021-09-08 10:46:54 采集卡 修改点
2021-09-08 10:46:54 采集卡 GAMMA
2021-09-08 10:46:54 采集卡 生成图片数组
2021-09-08 10:47:21 采集卡 开始采集图片
2021-09-08 10:47:21 采集卡 启动采集
2021-09-08 10:47:22 采集卡 停止采集
2021-09-08 10:47:22 采集卡 转换数据
2021-09-08 10:47:22 采集卡 转换AD
2021-09-08 10:47:22 采集卡 修改点
2021-09-08 10:47:22 采集卡 GAMMA
2021-09-08 10:47:22 采集卡 生成图片数组
2021-09-08 10:47:23 采集卡 开始采集图片
2021-09-08 10:47:23 采集卡 启动采集
2021-09-08 10:47:24 采集卡 采集完成
2021-09-08 10:47:24 采集卡 转换数据
2021-09-08 10:47:24 采集卡 转换AD
2021-09-08 10:47:24 采集卡 修改点
2021-09-08 10:47:24 采集卡 GAMMA
2021-09-08 10:47:24 采集卡 生成图片数组
2021-09-08 10:47:25 采集卡 开始采集满度
2021-09-08 10:47:25 采集卡 启动采集
2021-09-08 10:47:27 采集卡 采集完成
2021-09-08 10:47:27 采集卡 转换数据
2021-09-08 10:47:43 采集卡 开始采集图片
2021-09-08 10:47:43 采集卡 启动采集
2021-09-08 10:47:44 采集卡 停止采集
2021-09-08 10:47:44 采集卡 转换数据
2021-09-08 10:47:44 采集卡 转换AD
2021-09-08 10:47:44 采集卡 修改点
2021-09-08 10:47:44 采集卡 GAMMA
2021-09-08 10:47:44 采集卡 生成图片数组
2021-09-08 10:48:03 采集卡 开始采集图片
2021-09-08 10:48:03 采集卡 启动采集
2021-09-08 10:48:04 采集卡 停止采集
2021-09-08 10:48:08 采集卡 开始采集图片
2021-09-08 10:48:08 采集卡 启动采集
2021-09-08 10:48:11 采集卡 停止采集
2021-09-08 10:48:11 采集卡 转换数据
2021-09-08 10:48:11 采集卡 转换AD
2021-09-08 10:48:11 采集卡 修改点
2021-09-08 10:48:11 采集卡 GAMMA
2021-09-08 10:48:11 采集卡 生成图片数组
2021-09-08 10:52:06 采集卡 开始采集图片
2021-09-08 10:52:06 采集卡 启动采集
2021-09-08 10:52:09 采集卡 停止采集
2021-09-08 10:52:09 采集卡 转换数据
2021-09-08 10:52:09 采集卡 转换AD
2021-09-08 10:52:09 采集卡 修改点
2021-09-08 10:52:09 采集卡 GAMMA
2021-09-08 10:52:09 采集卡 生成图片数组
2021-09-08 10:52:39 采集卡 开始采集图片
2021-09-08 10:52:39 采集卡 启动采集
2021-09-08 10:52:41 采集卡 停止采集
2021-09-08 10:52:41 采集卡 转换数据
2021-09-08 10:52:41 采集卡 转换AD
2021-09-08 10:52:41 采集卡 修改点
2021-09-08 10:52:41 采集卡 GAMMA
2021-09-08 10:52:41 采集卡 生成图片数组
2021-09-08 10:52:43 采集卡 开始采集图片
2021-09-08 10:52:43 采集卡 启动采集
2021-09-08 10:52:44 采集卡 采集完成
2021-09-08 10:52:44 采集卡 转换数据
2021-09-08 10:52:44 采集卡 转换AD
2021-09-08 10:52:44 采集卡 修改点
2021-09-08 10:52:44 采集卡 GAMMA
2021-09-08 10:52:44 采集卡 生成图片数组
2021-09-08 15:16:40 采集卡 开始采集图片
2021-09-08 15:16:40 采集卡 启动采集
2021-09-08 15:16:43 采集卡 停止采集
2021-09-08 16:43:27 采集卡 开始采集图片
2021-09-08 16:43:27 采集卡 启动采集
2021-09-08 16:43:30 采集卡 停止采集
2021-09-08 16:43:33 采集卡 开始采集图片
2021-09-08 16:43:33 采集卡 启动采集
2021-09-08 16:43:35 采集卡 停止采集
2021-09-08 16:43:38 采集卡 开始采集图片
2021-09-08 16:43:38 采集卡 启动采集
2021-09-08 16:43:40 采集卡 停止采集
2021-09-08 16:43:55 采集卡 开始采集图片
2021-09-08 16:43:55 采集卡 启动采集
2021-09-08 16:43:58 采集卡 停止采集
2021-09-08 16:43:59 采集卡 开始采集图片
2021-09-08 16:43:59 采集卡 启动采集
2021-09-08 16:44:01 采集卡 停止采集
2021-09-08 16:44:31 采集卡 开始采集图片
2021-09-08 16:44:31 采集卡 启动采集
2021-09-08 16:44:33 采集卡 停止采集
2021-09-08 16:44:35 采集卡 开始采集图片
2021-09-08 16:44:35 采集卡 启动采集
2021-09-08 16:44:36 采集卡 停止采集
2021-09-08 16:46:13 采集卡 开始采集图片
2021-09-08 16:46:13 采集卡 启动采集
2021-09-08 16:46:14 采集卡 停止采集
2021-09-08 16:46:15 采集卡 开始采集图片
2021-09-08 16:46:15 采集卡 启动采集
2021-09-08 16:46:16 采集卡 停止采集
2021-09-08 16:46:20 采集卡 开始采集图片
2021-09-08 16:46:20 采集卡 启动采集
2021-09-08 16:46:20 采集卡 停止采集
2021-09-08 16:46:38 采集卡 开始采集图片
2021-09-08 16:46:38 采集卡 启动采集
2021-09-08 16:47:11 采集卡 停止采集
2021-09-08 17:02:28 采集卡 开始采集图片
2021-09-08 17:02:28 采集卡 启动采集
2021-09-08 17:02:32 采集卡 停止采集
2021-09-08 17:02:32 采集卡 转换数据
2021-09-08 17:02:32 采集卡 转换AD
2021-09-08 17:02:32 采集卡 修改点
2021-09-08 17:02:32 采集卡 GAMMA
2021-09-08 17:02:32 采集卡 生成图片数组
2021-09-08 17:02:42 采集卡 开始采集图片
2021-09-08 17:02:42 采集卡 启动采集
2021-09-08 17:02:45 采集卡 停止采集
2021-09-08 17:02:45 采集卡 转换数据
2021-09-08 17:02:45 采集卡 转换AD
2021-09-08 17:02:45 采集卡 修改点
2021-09-08 17:02:45 采集卡 GAMMA
2021-09-08 17:02:45 采集卡 生成图片数组
2021-09-08 17:03:26 采集卡 开始采集图片
2021-09-08 17:03:26 采集卡 启动采集
2021-09-08 17:03:29 采集卡 停止采集
2021-09-08 17:03:29 采集卡 转换数据
2021-09-08 17:03:29 采集卡 转换AD
2021-09-08 17:03:29 采集卡 修改点
2021-09-08 17:03:29 采集卡 GAMMA
2021-09-08 17:03:29 采集卡 生成图片数组
2021-09-08 17:04:38 采集卡 开始采集图片
2021-09-08 17:04:38 采集卡 启动采集
2021-09-08 17:04:41 采集卡 停止采集
2021-09-08 17:04:41 采集卡 转换数据
2021-09-08 17:04:41 采集卡 转换AD
2021-09-08 17:04:41 采集卡 修改点
2021-09-08 17:04:41 采集卡 GAMMA
2021-09-08 17:04:41 采集卡 生成图片数组
2021-09-08 17:06:17 采集卡 开始采集图片
2021-09-08 17:06:17 采集卡 启动采集
2021-09-08 17:06:20 采集卡 停止采集
2021-09-08 17:06:20 采集卡 转换数据
2021-09-08 17:06:20 采集卡 转换AD
2021-09-08 17:06:20 采集卡 修改点
2021-09-08 17:06:20 采集卡 GAMMA
2021-09-08 17:06:20 采集卡 生成图片数组
2021-09-08 17:06:25 采集卡 开始采集图片
2021-09-08 17:06:25 采集卡 启动采集
2021-09-08 17:06:32 采集卡 采集完成
2021-09-08 17:06:32 采集卡 转换数据
2021-09-08 17:06:32 采集卡 转换AD
2021-09-08 17:06:32 采集卡 修改点
2021-09-08 17:06:32 采集卡 GAMMA
2021-09-08 17:06:32 采集卡 生成图片数组
2021-09-08 17:06:57 采集卡 开始采集图片
2021-09-08 17:06:57 采集卡 启动采集
2021-09-08 17:07:08 采集卡 停止采集
2021-09-08 17:07:08 采集卡 转换数据
2021-09-08 17:07:08 采集卡 转换AD
2021-09-08 17:07:08 采集卡 修改点
2021-09-08 17:07:08 采集卡 GAMMA
2021-09-08 17:07:08 采集卡 生成图片数组
2021-09-08 17:15:18 采集卡 开始采集图片
2021-09-08 17:15:18 采集卡 启动采集
2021-09-08 17:15:24 采集卡 采集完成
2021-09-08 17:15:24 采集卡 转换数据
2021-09-08 17:15:24 采集卡 转换AD
2021-09-08 17:15:24 采集卡 修改点
2021-09-08 17:15:24 采集卡 GAMMA
2021-09-08 17:15:24 采集卡 生成图片数组
2021-09-08 17:15:30 采集卡 开始采集图片
2021-09-08 17:15:30 采集卡 启动采集
2021-09-08 17:15:33 采集卡 停止采集
2021-09-08 17:15:33 采集卡 转换数据
2021-09-08 17:15:33 采集卡 转换AD
2021-09-08 17:15:33 采集卡 修改点
2021-09-08 17:15:33 采集卡 GAMMA
2021-09-08 17:15:33 采集卡 生成图片数组
2021-09-08 17:15:46 采集卡 开始采集图片
2021-09-08 17:15:46 采集卡 启动采集
2021-09-08 17:16:01 采集卡 采集完成
2021-09-08 17:16:01 采集卡 转换数据
2021-09-08 17:16:01 采集卡 转换AD
2021-09-08 17:16:01 采集卡 修改点
2021-09-08 17:16:01 采集卡 GAMMA
2021-09-08 17:16:01 采集卡 生成图片数组
2021-09-08 17:16:47 采集卡 开始采集图片
2021-09-08 17:16:47 采集卡 启动采集
2021-09-08 17:17:01 采集卡 停止采集
2021-09-08 17:17:01 采集卡 转换数据
2021-09-08 17:17:01 采集卡 转换AD
2021-09-08 17:17:01 采集卡 修改点
2021-09-08 17:17:01 采集卡 GAMMA
2021-09-08 17:17:01 采集卡 生成图片数组
2021-09-08 17:17:25 采集卡 开始采集图片
2021-09-08 17:17:25 采集卡 启动采集
2021-09-08 17:17:37 采集卡 采集完成
2021-09-08 17:17:37 采集卡 转换数据
2021-09-08 17:17:37 采集卡 转换AD
2021-09-08 17:17:37 采集卡 修改点
2021-09-08 17:17:37 采集卡 GAMMA
2021-09-08 17:17:37 采集卡 生成图片数组
2021-09-08 17:18:07 采集卡 开始采集图片
2021-09-08 17:18:07 采集卡 启动采集
2021-09-08 17:18:17 采集卡 采集完成
2021-09-08 17:18:17 采集卡 转换数据
2021-09-08 17:18:17 采集卡 转换AD
2021-09-08 17:18:17 采集卡 修改点
2021-09-08 17:18:17 采集卡 GAMMA
2021-09-08 17:18:17 采集卡 生成图片数组
2021-09-08 17:19:32 采集卡 开始采集图片
2021-09-08 17:19:32 采集卡 启动采集
2021-09-08 17:19:42 采集卡 停止采集
2021-09-08 17:19:42 采集卡 转换数据
2021-09-08 17:19:42 采集卡 转换AD
2021-09-08 17:19:42 采集卡 修改点
2021-09-08 17:19:42 采集卡 GAMMA
2021-09-08 17:19:42 采集卡 生成图片数组
2021-09-08 17:19:51 采集卡 开始采集图片
2021-09-08 17:19:51 采集卡 启动采集
2021-09-08 17:20:02 采集卡 采集完成
2021-09-08 17:20:02 采集卡 转换数据
2021-09-08 17:20:02 采集卡 转换AD
2021-09-08 17:20:02 采集卡 修改点
2021-09-08 17:20:02 采集卡 GAMMA
2021-09-08 17:20:02 采集卡 生成图片数组
2021-09-08 17:20:35 采集卡 开始采集图片
2021-09-08 17:20:35 采集卡 启动采集
2021-09-08 17:20:47 采集卡 停止采集
2021-09-08 17:20:47 采集卡 转换数据
2021-09-08 17:20:47 采集卡 转换AD
2021-09-08 17:20:47 采集卡 修改点
2021-09-08 17:20:47 采集卡 GAMMA
2021-09-08 17:20:47 采集卡 生成图片数组
2021-09-08 17:30:53 采集卡 开始采集图片
2021-09-08 17:30:53 采集卡 启动采集
2021-09-08 17:31:04 采集卡 采集完成
2021-09-08 17:31:04 采集卡 转换数据
2021-09-08 17:31:04 采集卡 转换AD
2021-09-08 17:31:04 采集卡 修改点
2021-09-08 17:31:04 采集卡 GAMMA
2021-09-08 17:31:04 采集卡 生成图片数组
2021-09-09 08:33:15 高压电源 192.168.127.252关闭高压
