2021-09-06 09:19:36 高压电源 训机结束
2021-09-06 09:19:36 高压电源 192.168.127.252打开高压
2021-09-06 09:19:36 高压电源 192.168.127.252关闭高压
2021-09-06 09:19:36 采集卡 开始采集本底
2021-09-06 09:19:36 采集卡 启动采集
2021-09-06 09:19:36 采集卡 采集完成
2021-09-06 09:19:36 采集卡 转换数据
2021-09-06 09:19:36 高压电源 192.168.127.252打开高压
2021-09-06 09:19:40 高压电源 192.168.127.252关闭高压
2021-09-06 09:19:43 高压电源 192.168.127.252关闭高压
2021-09-06 09:19:51 高压电源 192.168.127.252关闭高压
2021-09-06 09:20:10 采集卡 开始采集本底
2021-09-06 09:20:10 采集卡 启动采集
2021-09-06 09:20:10 采集卡 采集完成
2021-09-06 09:20:10 采集卡 转换数据
2021-09-06 09:20:16 采集卡 停止采集
2021-09-06 09:20:20 采集卡 开始采集图片
2021-09-06 09:20:20 采集卡 启动采集
2021-09-06 09:20:24 采集卡 停止采集
2021-09-06 09:20:24 采集卡 采集完成
2021-09-06 09:20:24 采集卡 转换数据
2021-09-06 09:20:24 采集卡 转换AD
2021-09-06 09:20:24 采集卡 修改点
2021-09-06 09:20:24 采集卡 GAMMA
2021-09-06 09:20:24 采集卡 生成图片数组
2021-09-06 09:20:32 采集卡 开始采集图片
2021-09-06 09:20:32 采集卡 启动采集
2021-09-06 09:20:40 采集卡 停止采集
2021-09-06 09:20:40 采集卡 转换数据
2021-09-06 09:20:40 采集卡 转换AD
2021-09-06 09:20:40 采集卡 修改点
2021-09-06 09:20:40 采集卡 GAMMA
2021-09-06 09:20:40 采集卡 生成图片数组
2021-09-06 09:22:38 采集卡 开始采集图片
2021-09-06 09:22:38 采集卡 启动采集
2021-09-06 09:22:41 采集卡 停止采集
2021-09-06 09:22:41 采集卡 转换数据
2021-09-06 09:22:41 采集卡 转换AD
2021-09-06 09:22:41 采集卡 修改点
2021-09-06 09:22:41 采集卡 GAMMA
2021-09-06 09:22:41 采集卡 生成图片数组
2021-09-06 09:22:46 采集卡 开始采集满度
2021-09-06 09:22:46 采集卡 启动采集
2021-09-06 09:22:46 采集卡 采集完成
2021-09-06 09:22:46 采集卡 转换数据
2021-09-06 09:22:49 采集卡 停止采集
2021-09-06 09:23:48 采集卡 开始采集图片
2021-09-06 09:23:48 采集卡 启动采集
2021-09-06 09:23:55 采集卡 采集完成
2021-09-06 09:23:55 采集卡 转换数据
2021-09-06 09:23:55 采集卡 转换AD
2021-09-06 09:23:55 采集卡 修改点
2021-09-06 09:23:55 采集卡 GAMMA
2021-09-06 09:23:55 采集卡 生成图片数组
2021-09-06 09:25:07 高压电源 训机结束
2021-09-06 09:25:07 高压电源 192.168.127.252打开高压
2021-09-06 09:25:07 高压电源 192.168.127.252关闭高压
2021-09-06 09:25:07 采集卡 开始采集本底
2021-09-06 09:25:07 采集卡 启动采集
2021-09-06 09:25:07 采集卡 采集完成
2021-09-06 09:25:07 采集卡 转换数据
2021-09-06 09:25:07 高压电源 192.168.127.252打开高压
2021-09-06 09:25:14 高压电源 192.168.127.252关闭高压
2021-09-06 09:25:21 采集卡 停止采集
2021-09-06 09:25:24 采集卡 开始采集图片
2021-09-06 09:25:24 采集卡 启动采集
2021-09-06 09:25:28 采集卡 采集完成
2021-09-06 09:25:28 采集卡 转换数据
2021-09-06 09:25:28 采集卡 转换AD
2021-09-06 09:25:28 采集卡 修改点
2021-09-06 09:25:28 采集卡 GAMMA
2021-09-06 09:25:28 采集卡 生成图片数组
2021-09-06 09:25:56 采集卡 开始采集图片
2021-09-06 09:25:56 采集卡 启动采集
2021-09-06 09:26:02 采集卡 停止采集
2021-09-06 09:26:02 采集卡 转换数据
2021-09-06 09:26:02 采集卡 转换AD
2021-09-06 09:26:02 采集卡 修改点
2021-09-06 09:26:02 采集卡 GAMMA
2021-09-06 09:26:02 采集卡 生成图片数组
2021-09-06 09:26:47 采集卡 开始采集图片
2021-09-06 09:26:47 采集卡 启动采集
2021-09-06 09:26:58 采集卡 停止采集
2021-09-06 09:26:58 采集卡 转换数据
2021-09-06 09:26:58 采集卡 转换AD
2021-09-06 09:26:58 采集卡 修改点
2021-09-06 09:26:58 采集卡 GAMMA
2021-09-06 09:26:58 采集卡 生成图片数组
2021-09-06 09:33:59 高压电源 192.168.127.252关闭高压
