2021-06-10 13:56:27 高压电源 192.168.127.252:高压电源初始化成功
2021-06-10 13:56:37 高压电源 设置电压150V
2021-06-10 13:56:37 高压电源 设置电流1mA
2021-06-10 13:56:38 高压电源 192.168.127.252打开高压
2021-06-10 13:56:43 采集卡 开始采集满度
2021-06-10 13:56:43 采集卡 启动采集
2021-06-10 13:56:44 采集卡 采集完成
2021-06-10 13:56:44 采集卡 转换数据
2021-06-10 13:56:46 高压电源 192.168.127.252关闭高压
2021-06-10 13:56:46 采集卡 开始采集本底
2021-06-10 13:56:46 采集卡 启动采集
2021-06-10 13:56:48 采集卡 采集完成
2021-06-10 13:56:48 采集卡 转换数据
2021-06-10 13:56:51 高压电源 192.168.127.252打开高压
2021-06-10 13:56:52 采集卡 开始采集图片
2021-06-10 13:56:52 采集卡 启动采集
2021-06-10 13:56:54 采集卡 停止采集
2021-06-10 13:56:54 采集卡 采集完成
2021-06-10 13:56:54 采集卡 转换数据
2021-06-10 13:56:54 采集卡 转换AD
2021-06-10 13:56:54 采集卡 修改点
2021-06-10 13:56:54 采集卡 GAMMA
2021-06-10 13:56:54 采集卡 反转图像
2021-06-10 13:56:54 采集卡 生成图片数组
2021-06-10 13:57:00 高压电源 设置电压180V
2021-06-10 13:57:01 采集卡 开始采集图片
2021-06-10 13:57:01 采集卡 启动采集
2021-06-10 13:57:04 采集卡 停止采集
2021-06-10 13:57:04 采集卡 采集完成
2021-06-10 13:57:04 采集卡 转换数据
2021-06-10 13:57:04 采集卡 转换AD
2021-06-10 13:57:04 采集卡 修改点
2021-06-10 13:57:04 采集卡 GAMMA
2021-06-10 13:57:04 采集卡 反转图像
2021-06-10 13:57:04 采集卡 生成图片数组
2021-06-10 13:57:08 采集卡 开始采集图片
2021-06-10 13:57:08 采集卡 启动采集
2021-06-10 13:57:13 采集卡 停止采集
2021-06-10 13:57:13 采集卡 采集完成
2021-06-10 13:57:13 采集卡 转换数据
2021-06-10 13:57:13 采集卡 转换AD
2021-06-10 13:57:13 采集卡 修改点
2021-06-10 13:57:13 采集卡 GAMMA
2021-06-10 13:57:13 采集卡 反转图像
2021-06-10 13:57:13 采集卡 生成图片数组
2021-06-10 13:57:17 高压电源 192.168.127.252关闭高压
2021-06-10 13:58:38 高压电源 192.168.127.252打开高压
2021-06-10 13:58:43 采集卡 开始采集图片
2021-06-10 13:58:43 采集卡 启动采集
2021-06-10 13:58:54 采集卡 停止采集
2021-06-10 13:58:54 采集卡 采集完成
2021-06-10 13:58:54 采集卡 转换数据
2021-06-10 13:58:54 采集卡 转换AD
2021-06-10 13:58:54 采集卡 修改点
2021-06-10 13:58:54 采集卡 GAMMA
2021-06-10 13:58:54 采集卡 反转图像
2021-06-10 13:58:54 采集卡 生成图片数组
2021-06-10 13:59:02 高压电源 192.168.127.252关闭高压
2021-06-10 14:01:28 采集卡 开始采集图片
2021-06-10 14:01:28 采集卡 启动采集
2021-06-10 14:01:28 采集卡 停止采集
2021-06-10 14:01:28 采集卡 采集完成
2021-06-10 14:01:28 采集卡 转换数据
2021-06-10 14:01:40 采集卡 转换AD
2021-06-10 14:01:40 采集卡 修改点
2021-06-10 14:01:40 采集卡 GAMMA
2021-06-10 14:01:40 采集卡 生成图片数组
2021-06-10 14:04:09 高压电源 设置电压180V
2021-06-10 14:04:10 高压电源 设置电流1mA
2021-06-10 14:04:12 高压电源 192.168.127.252打开高压
2021-06-10 14:04:16 采集卡 开始采集满度
2021-06-10 14:04:16 采集卡 启动采集
2021-06-10 14:04:18 采集卡 采集完成
2021-06-10 14:04:18 采集卡 转换数据
2021-06-10 14:04:21 采集卡 开始采集图片
2021-06-10 14:04:21 采集卡 启动采集
2021-06-10 14:04:33 采集卡 停止采集
2021-06-10 14:04:33 采集卡 采集完成
2021-06-10 14:04:33 采集卡 转换数据
2021-06-10 14:04:33 采集卡 转换AD
2021-06-10 14:04:33 采集卡 修改点
2021-06-10 14:04:33 采集卡 GAMMA
2021-06-10 14:04:33 采集卡 生成图片数组
2021-06-10 14:04:46 高压电源 192.168.127.252关闭高压
2021-06-10 14:04:58 采集卡 开始采集满度
2021-06-10 14:04:58 采集卡 启动采集
2021-06-10 14:05:00 采集卡 采集完成
2021-06-10 14:05:00 采集卡 转换数据
2021-06-10 14:05:03 高压电源 192.168.127.252打开高压
2021-06-10 14:05:05 采集卡 开始采集满度
2021-06-10 14:05:05 采集卡 启动采集
2021-06-10 14:05:06 采集卡 采集完成
2021-06-10 14:05:06 采集卡 转换数据
2021-06-10 14:05:10 采集卡 开始采集图片
2021-06-10 14:05:10 采集卡 启动采集
2021-06-10 14:05:11 采集卡 停止采集
2021-06-10 14:05:11 采集卡 采集完成
2021-06-10 14:05:11 采集卡 转换数据
2021-06-10 14:05:11 采集卡 转换AD
2021-06-10 14:05:11 采集卡 修改点
2021-06-10 14:05:11 采集卡 GAMMA
2021-06-10 14:05:11 采集卡 生成图片数组
2021-06-10 14:05:16 高压电源 192.168.127.252关闭高压
2021-06-10 14:05:20 采集卡 开始采集本底
2021-06-10 14:05:20 采集卡 启动采集
2021-06-10 14:05:22 采集卡 采集完成
2021-06-10 14:05:22 采集卡 转换数据
2021-06-10 14:05:26 高压电源 192.168.127.252打开高压
2021-06-10 14:05:29 采集卡 开始采集图片
2021-06-10 14:05:29 采集卡 启动采集
2021-06-10 14:05:30 采集卡 停止采集
2021-06-10 14:05:30 采集卡 采集完成
2021-06-10 14:05:30 采集卡 转换数据
2021-06-10 14:05:30 采集卡 转换AD
2021-06-10 14:05:30 采集卡 修改点
2021-06-10 14:05:30 采集卡 GAMMA
2021-06-10 14:05:30 采集卡 生成图片数组
2021-06-10 14:05:33 高压电源 192.168.127.252关闭高压
2021-06-10 14:06:35 高压电源 192.168.127.252打开高压
2021-06-10 14:06:38 采集卡 开始采集图片
2021-06-10 14:06:38 采集卡 启动采集
2021-06-10 14:06:52 采集卡 停止采集
2021-06-10 14:06:52 采集卡 采集完成
2021-06-10 14:06:52 采集卡 转换数据
2021-06-10 14:06:52 采集卡 转换AD
2021-06-10 14:06:52 采集卡 修改点
2021-06-10 14:06:52 采集卡 GAMMA
2021-06-10 14:06:52 采集卡 生成图片数组
2021-06-10 14:06:55 高压电源 192.168.127.252关闭高压
2021-06-10 14:08:35 高压电源 192.168.127.252关闭高压
